
---- Start ----

Pretrained-> Remember at end: transforms.Normalize(mean=[0.485, 0.456, 0.406], std=[0.229, 0.224, 0.225])
ResNet(
  (conv1): Conv2d(3, 64, kernel_size=(7, 7), stride=(2, 2), padding=(3, 3), bias=False)
  (bn1): BatchNorm2d(64, eps=1e-05, momentum=0.1, affine=True, track_running_stats=True)
  (relu): ReLU(inplace=True)
  (maxpool): MaxPool2d(kernel_size=3, stride=2, padding=1, dilation=1, ceil_mode=False)
  (layer1): Sequential(
    (0): BasicBlock(
      (conv1): Conv2d(64, 64, kernel_size=(3, 3), stride=(1, 1), padding=(1, 1), bias=False)
      (bn1): BatchNorm2d(64, eps=1e-05, momentum=0.1, affine=True, track_running_stats=True)
      (relu): ReLU(inplace=True)
      (conv2): Conv2d(64, 64, kernel_size=(3, 3), stride=(1, 1), padding=(1, 1), bias=False)
      (bn2): BatchNorm2d(64, eps=1e-05, momentum=0.1, affine=True, track_running_stats=True)
    )
    (1): BasicBlock(
      (conv1): Conv2d(64, 64, kernel_size=(3, 3), stride=(1, 1), padding=(1, 1), bias=False)
      (bn1): BatchNorm2d(64, eps=1e-05, momentum=0.1, affine=True, track_running_stats=True)
      (relu): ReLU(inplace=True)
      (conv2): Conv2d(64, 64, kernel_size=(3, 3), stride=(1, 1), padding=(1, 1), bias=False)
      (bn2): BatchNorm2d(64, eps=1e-05, momentum=0.1, affine=True, track_running_stats=True)
    )
  )
  (layer2): Sequential(
    (0): BasicBlock(
      (conv1): Conv2d(64, 128, kernel_size=(3, 3), stride=(2, 2), padding=(1, 1), bias=False)
      (bn1): BatchNorm2d(128, eps=1e-05, momentum=0.1, affine=True, track_running_stats=True)
      (relu): ReLU(inplace=True)
      (conv2): Conv2d(128, 128, kernel_size=(3, 3), stride=(1, 1), padding=(1, 1), bias=False)
      (bn2): BatchNorm2d(128, eps=1e-05, momentum=0.1, affine=True, track_running_stats=True)
      (downsample): Sequential(
        (0): Conv2d(64, 128, kernel_size=(1, 1), stride=(2, 2), bias=False)
        (1): BatchNorm2d(128, eps=1e-05, momentum=0.1, affine=True, track_running_stats=True)
      )
    )
    (1): BasicBlock(
      (conv1): Conv2d(128, 128, kernel_size=(3, 3), stride=(1, 1), padding=(1, 1), bias=False)
      (bn1): BatchNorm2d(128, eps=1e-05, momentum=0.1, affine=True, track_running_stats=True)
      (relu): ReLU(inplace=True)
      (conv2): Conv2d(128, 128, kernel_size=(3, 3), stride=(1, 1), padding=(1, 1), bias=False)
      (bn2): BatchNorm2d(128, eps=1e-05, momentum=0.1, affine=True, track_running_stats=True)
    )
  )
  (layer3): Sequential(
    (0): BasicBlock(
      (conv1): Conv2d(128, 256, kernel_size=(3, 3), stride=(2, 2), padding=(1, 1), bias=False)
      (bn1): BatchNorm2d(256, eps=1e-05, momentum=0.1, affine=True, track_running_stats=True)
      (relu): ReLU(inplace=True)
      (conv2): Conv2d(256, 256, kernel_size=(3, 3), stride=(1, 1), padding=(1, 1), bias=False)
      (bn2): BatchNorm2d(256, eps=1e-05, momentum=0.1, affine=True, track_running_stats=True)
      (downsample): Sequential(
        (0): Conv2d(128, 256, kernel_size=(1, 1), stride=(2, 2), bias=False)
        (1): BatchNorm2d(256, eps=1e-05, momentum=0.1, affine=True, track_running_stats=True)
      )
    )
    (1): BasicBlock(
      (conv1): Conv2d(256, 256, kernel_size=(3, 3), stride=(1, 1), padding=(1, 1), bias=False)
      (bn1): BatchNorm2d(256, eps=1e-05, momentum=0.1, affine=True, track_running_stats=True)
      (relu): ReLU(inplace=True)
      (conv2): Conv2d(256, 256, kernel_size=(3, 3), stride=(1, 1), padding=(1, 1), bias=False)
      (bn2): BatchNorm2d(256, eps=1e-05, momentum=0.1, affine=True, track_running_stats=True)
    )
  )
  (layer4): Sequential(
    (0): BasicBlock(
      (conv1): Conv2d(256, 512, kernel_size=(3, 3), stride=(2, 2), padding=(1, 1), bias=False)
      (bn1): BatchNorm2d(512, eps=1e-05, momentum=0.1, affine=True, track_running_stats=True)
      (relu): ReLU(inplace=True)
      (conv2): Conv2d(512, 512, kernel_size=(3, 3), stride=(1, 1), padding=(1, 1), bias=False)
      (bn2): BatchNorm2d(512, eps=1e-05, momentum=0.1, affine=True, track_running_stats=True)
      (downsample): Sequential(
        (0): Conv2d(256, 512, kernel_size=(1, 1), stride=(2, 2), bias=False)
        (1): BatchNorm2d(512, eps=1e-05, momentum=0.1, affine=True, track_running_stats=True)
      )
    )
    (1): BasicBlock(
      (conv1): Conv2d(512, 512, kernel_size=(3, 3), stride=(1, 1), padding=(1, 1), bias=False)
      (bn1): BatchNorm2d(512, eps=1e-05, momentum=0.1, affine=True, track_running_stats=True)
      (relu): ReLU(inplace=True)
      (conv2): Conv2d(512, 512, kernel_size=(3, 3), stride=(1, 1), padding=(1, 1), bias=False)
      (bn2): BatchNorm2d(512, eps=1e-05, momentum=0.1, affine=True, track_running_stats=True)
    )
  )
  (avgpool): AdaptiveAvgPool2d(output_size=(1, 1))
  (fc): Linear(in_features=512, out_features=9, bias=True)
)
Loaded Class weights!
Weights: [6.626878130217029, 6.4439935064935066, 3.1023837436498636, 43.14673913043478, 20.567357512953368, 16.006048387096776, 6.632414369256474, 21.284182305630026, 25.28343949044586]

--------------------------------------------
min_learning_rate: 1e-07
optimizer: adam
weighted_loss: True
model_name: resnet18
learning_rate: 0.001
pretrained: True
steps_scheduler: True
crop_size: 224
data_augmentation: True
img_size: 256
output_dir: results/resnet18_adam_256to224_lr0.001_DA_pretrained_weightedLoss/
validation_size: 0.15
steps_best: False
plateau_scheduler: False
batch_size: 128
verbose: False
epochs: 200

-------------- START TRAINING --------------
[2019-09-23 08:27:39] Epoch: 1, LR: 0.00100000, Train Accuracy: 48.2927, Val Accuracy: 7.9595
[2019-09-23 08:28:54] Epoch: 2, LR: 0.00100000, Train Accuracy: 72.0325, Val Accuracy: 33.0004
[2019-09-23 08:30:08] Epoch: 3, LR: 0.00100000, Train Accuracy: 78.2114, Val Accuracy: 29.1251
[2019-09-23 08:31:22] Epoch: 4, LR: 0.00100000, Train Accuracy: 80.5691, Val Accuracy: 72.0823
[2019-09-23 08:32:36] Epoch: 5, LR: 0.00100000, Train Accuracy: 83.7398, Val Accuracy: 57.7284
[2019-09-23 08:33:51] Epoch: 6, LR: 0.00100000, Train Accuracy: 84.6341, Val Accuracy: 72.7530
[2019-09-23 08:35:05] Epoch: 7, LR: 0.00100000, Train Accuracy: 86.8293, Val Accuracy: 74.6162
[2019-09-23 08:36:20] Epoch: 8, LR: 0.00100000, Train Accuracy: 82.9268, Val Accuracy: 55.8504
[2019-09-23 08:37:34] Epoch: 9, LR: 0.00100000, Train Accuracy: 83.9024, Val Accuracy: 62.2895
[2019-09-23 08:38:48] Epoch: 10, LR: 0.00100000, Train Accuracy: 84.0650, Val Accuracy: 70.6663
[2019-09-23 08:40:03] Epoch: 11, LR: 0.00100000, Train Accuracy: 86.6667, Val Accuracy: 71.8587
[2019-09-23 08:41:18] Epoch: 12, LR: 0.00100000, Train Accuracy: 86.8293, Val Accuracy: 83.6637
[2019-09-23 08:42:32] Epoch: 13, LR: 0.00100000, Train Accuracy: 89.2683, Val Accuracy: 82.4862
[2019-09-23 08:43:46] Epoch: 14, LR: 0.00100000, Train Accuracy: 89.8374, Val Accuracy: 78.4171
[2019-09-23 08:45:01] Epoch: 15, LR: 0.00100000, Train Accuracy: 89.8374, Val Accuracy: 80.5783
[2019-09-23 08:46:15] Epoch: 16, LR: 0.00100000, Train Accuracy: 89.4309, Val Accuracy: 65.9562
[2019-09-23 08:47:30] Epoch: 17, LR: 0.00100000, Train Accuracy: 87.5610, Val Accuracy: 79.7436
[2019-09-23 08:48:45] Epoch: 18, LR: 0.00100000, Train Accuracy: 90.5691, Val Accuracy: 85.0946
[2019-09-23 08:50:00] Epoch: 19, LR: 0.00100000, Train Accuracy: 90.6504, Val Accuracy: 85.3331
[2019-09-23 08:51:14] Epoch: 20, LR: 0.00100000, Train Accuracy: 91.4634, Val Accuracy: 85.0946
[2019-09-23 08:52:29] Epoch: 21, LR: 0.00100000, Train Accuracy: 90.6504, Val Accuracy: 81.1298
[2019-09-23 08:53:43] Epoch: 22, LR: 0.00100000, Train Accuracy: 90.8943, Val Accuracy: 76.0173
[2019-09-23 08:54:57] Epoch: 23, LR: 0.00100000, Train Accuracy: 91.9512, Val Accuracy: 79.6095
[2019-09-23 08:56:11] Epoch: 24, LR: 0.00100000, Train Accuracy: 92.0325, Val Accuracy: 88.6570
[2019-09-23 08:57:26] Epoch: 25, LR: 0.00100000, Train Accuracy: 93.0894, Val Accuracy: 77.3886
[2019-09-23 08:58:41] Epoch: 26, LR: 0.00100000, Train Accuracy: 89.4309, Val Accuracy: 70.2638
[2019-09-23 08:59:55] Epoch: 27, LR: 0.00100000, Train Accuracy: 90.0813, Val Accuracy: 79.5499
[2019-09-23 09:01:10] Epoch: 28, LR: 0.00100000, Train Accuracy: 91.7073, Val Accuracy: 81.7111
[2019-09-23 09:02:25] Epoch: 29, LR: 0.00100000, Train Accuracy: 90.8943, Val Accuracy: 85.7952
[2019-09-23 09:03:39] Epoch: 30, LR: 0.00100000, Train Accuracy: 91.9512, Val Accuracy: 77.1352
[2019-09-23 09:04:54] Epoch: 31, LR: 0.00100000, Train Accuracy: 91.8699, Val Accuracy: 79.1921
[2019-09-23 09:06:08] Epoch: 32, LR: 0.00100000, Train Accuracy: 92.4390, Val Accuracy: 86.5405
[2019-09-23 09:07:22] Epoch: 33, LR: 0.00100000, Train Accuracy: 93.6585, Val Accuracy: 80.8615
[2019-09-23 09:08:37] Epoch: 34, LR: 0.00100000, Train Accuracy: 94.7967, Val Accuracy: 89.2085
[2019-09-23 09:09:51] Epoch: 35, LR: 0.00100000, Train Accuracy: 93.9024, Val Accuracy: 88.3440
[2019-09-23 09:11:05] Epoch: 36, LR: 0.00100000, Train Accuracy: 93.5772, Val Accuracy: 87.9267
[2019-09-23 09:12:20] Epoch: 37, LR: 0.00100000, Train Accuracy: 94.3089, Val Accuracy: 83.1570
[2019-09-23 09:13:35] Epoch: 38, LR: 0.00100000, Train Accuracy: 94.9593, Val Accuracy: 84.8860
[2019-09-23 09:14:49] Epoch: 39, LR: 0.00100000, Train Accuracy: 94.2276, Val Accuracy: 75.5552
[2019-09-23 09:16:04] Epoch: 40, LR: 0.00100000, Train Accuracy: 94.7967, Val Accuracy: 82.9483
[2019-09-23 09:17:18] Epoch: 41, LR: 0.00100000, Train Accuracy: 92.6829, Val Accuracy: 87.4646
[2019-09-23 09:18:32] Epoch: 42, LR: 0.00100000, Train Accuracy: 92.8455, Val Accuracy: 87.2261
[2019-09-23 09:19:47] Epoch: 43, LR: 0.00100000, Train Accuracy: 93.9024, Val Accuracy: 87.2261
[2019-09-23 09:21:01] Epoch: 44, LR: 0.00100000, Train Accuracy: 93.9024, Val Accuracy: 84.5879
[2019-09-23 09:22:15] Epoch: 45, LR: 0.00100000, Train Accuracy: 93.6585, Val Accuracy: 89.1936
[2019-09-23 09:23:29] Epoch: 46, LR: 0.00100000, Train Accuracy: 94.6341, Val Accuracy: 89.2085
[2019-09-23 09:24:44] Epoch: 47, LR: 0.00100000, Train Accuracy: 95.2846, Val Accuracy: 88.3887
[2019-09-23 09:25:58] Epoch: 48, LR: 0.00100000, Train Accuracy: 94.5528, Val Accuracy: 89.5513
[2019-09-23 09:27:12] Epoch: 49, LR: 0.00100000, Train Accuracy: 96.0976, Val Accuracy: 86.7640
[2019-09-23 09:28:26] Epoch: 50, LR: 0.00100000, Train Accuracy: 95.8537, Val Accuracy: 90.0134
[2019-09-23 09:29:41] Epoch: 51, LR: 0.00100000, Train Accuracy: 95.2846, Val Accuracy: 84.0960
[2019-09-23 09:30:56] Epoch: 52, LR: 0.00100000, Train Accuracy: 96.3415, Val Accuracy: 84.1705
[2019-09-23 09:32:10] Epoch: 53, LR: 0.00100000, Train Accuracy: 96.6667, Val Accuracy: 89.0893
[2019-09-23 09:33:25] Epoch: 54, LR: 0.00100000, Train Accuracy: 95.3659, Val Accuracy: 88.8061
[2019-09-23 09:34:39] Epoch: 55, LR: 0.00100000, Train Accuracy: 95.4472, Val Accuracy: 90.4457
[2019-09-23 09:35:53] Epoch: 56, LR: 0.00100000, Train Accuracy: 96.2602, Val Accuracy: 89.1936
[2019-09-23 09:37:07] Epoch: 57, LR: 0.00100000, Train Accuracy: 96.1789, Val Accuracy: 91.0568
[2019-09-23 09:38:21] Epoch: 58, LR: 0.00100000, Train Accuracy: 96.7480, Val Accuracy: 89.6408
[2019-09-23 09:39:36] Epoch: 59, LR: 0.00100000, Train Accuracy: 97.5610, Val Accuracy: 90.7587
[2019-09-23 09:40:50] Epoch: 60, LR: 0.00100000, Train Accuracy: 96.4228, Val Accuracy: 90.2966
[2019-09-23 09:42:04] Epoch: 61, LR: 0.00100000, Train Accuracy: 96.6667, Val Accuracy: 89.8196
[2019-09-23 09:43:18] Epoch: 62, LR: 0.00100000, Train Accuracy: 97.5610, Val Accuracy: 88.9700
[2019-09-23 09:44:32] Epoch: 63, LR: 0.00100000, Train Accuracy: 96.9106, Val Accuracy: 87.1814
[2019-09-23 09:45:47] Epoch: 64, LR: 0.00100000, Train Accuracy: 96.5854, Val Accuracy: 84.8413
[2019-09-23 09:47:01] Epoch: 65, LR: 0.00100000, Train Accuracy: 96.9919, Val Accuracy: 87.4497
[2019-09-23 09:48:15] Epoch: 66, LR: 0.00100000, Train Accuracy: 96.5041, Val Accuracy: 87.1516
[2019-09-23 09:49:29] Epoch: 67, LR: 0.00100000, Train Accuracy: 96.2602, Val Accuracy: 87.1069
[2019-09-23 09:50:44] Epoch: 68, LR: 0.00100000, Train Accuracy: 95.0407, Val Accuracy: 90.0730
[2019-09-23 09:51:58] Epoch: 69, LR: 0.00100000, Train Accuracy: 96.0163, Val Accuracy: 87.4646
[2019-09-23 09:53:13] Epoch: 70, LR: 0.00100000, Train Accuracy: 95.6911, Val Accuracy: 88.3291
[2019-09-23 09:54:27] Epoch: 71, LR: 0.00010000, Train Accuracy: 96.1789, Val Accuracy: 91.2058
[2019-09-23 09:55:42] Epoch: 72, LR: 0.00010000, Train Accuracy: 97.2358, Val Accuracy: 92.2045
[2019-09-23 09:56:57] Epoch: 73, LR: 0.00010000, Train Accuracy: 97.0732, Val Accuracy: 92.8454
[2019-09-23 09:58:11] Epoch: 74, LR: 0.00010000, Train Accuracy: 97.7236, Val Accuracy: 93.1883
[2019-09-23 09:59:25] Epoch: 75, LR: 0.00010000, Train Accuracy: 97.3171, Val Accuracy: 93.3671
[2019-09-23 10:00:40] Epoch: 76, LR: 0.00010000, Train Accuracy: 97.8862, Val Accuracy: 93.4267
[2019-09-23 10:01:54] Epoch: 77, LR: 0.00010000, Train Accuracy: 97.9675, Val Accuracy: 93.4566
[2019-09-23 10:03:09] Epoch: 78, LR: 0.00010000, Train Accuracy: 98.4553, Val Accuracy: 93.3075
[2019-09-23 10:04:23] Epoch: 79, LR: 0.00010000, Train Accuracy: 98.6992, Val Accuracy: 93.4118
[2019-09-23 10:05:37] Epoch: 80, LR: 0.00010000, Train Accuracy: 98.2927, Val Accuracy: 93.6205
[2019-09-23 10:06:52] Epoch: 81, LR: 0.00010000, Train Accuracy: 98.6179, Val Accuracy: 93.8143
[2019-09-23 10:08:06] Epoch: 82, LR: 0.00010000, Train Accuracy: 98.7805, Val Accuracy: 93.8739
[2019-09-23 10:09:20] Epoch: 83, LR: 0.00010000, Train Accuracy: 98.7805, Val Accuracy: 93.7398
[2019-09-23 10:10:34] Epoch: 84, LR: 0.00010000, Train Accuracy: 98.6179, Val Accuracy: 93.7248
[2019-09-23 10:11:48] Epoch: 85, LR: 0.00010000, Train Accuracy: 98.4553, Val Accuracy: 93.7398
[2019-09-23 10:13:03] Epoch: 86, LR: 0.00010000, Train Accuracy: 99.2683, Val Accuracy: 93.8292
[2019-09-23 10:14:18] Epoch: 87, LR: 0.00010000, Train Accuracy: 98.8618, Val Accuracy: 93.8441
[2019-09-23 10:15:33] Epoch: 88, LR: 0.00010000, Train Accuracy: 98.6992, Val Accuracy: 93.9037
[2019-09-23 10:16:48] Epoch: 89, LR: 0.00010000, Train Accuracy: 99.3496, Val Accuracy: 94.0379
[2019-09-23 10:18:03] Epoch: 90, LR: 0.00010000, Train Accuracy: 99.2683, Val Accuracy: 93.9484
[2019-09-23 10:19:18] Epoch: 91, LR: 0.00010000, Train Accuracy: 98.9431, Val Accuracy: 93.9633
[2019-09-23 10:20:33] Epoch: 92, LR: 0.00010000, Train Accuracy: 99.3496, Val Accuracy: 94.0975
[2019-09-23 10:21:48] Epoch: 93, LR: 0.00010000, Train Accuracy: 98.8618, Val Accuracy: 94.0677
[2019-09-23 10:23:03] Epoch: 94, LR: 0.00010000, Train Accuracy: 98.8618, Val Accuracy: 93.8292
[2019-09-23 10:24:18] Epoch: 95, LR: 0.00010000, Train Accuracy: 99.5122, Val Accuracy: 94.0080
[2019-09-23 10:25:32] Epoch: 96, LR: 0.00010000, Train Accuracy: 99.1057, Val Accuracy: 93.7696
[2019-09-23 10:26:46] Epoch: 97, LR: 0.00010000, Train Accuracy: 99.1870, Val Accuracy: 93.8143
[2019-09-23 10:28:01] Epoch: 98, LR: 0.00010000, Train Accuracy: 99.1057, Val Accuracy: 93.7696
[2019-09-23 10:29:15] Epoch: 99, LR: 0.00010000, Train Accuracy: 99.3496, Val Accuracy: 93.9335
[2019-09-23 10:30:29] Epoch: 100, LR: 0.00010000, Train Accuracy: 99.4309, Val Accuracy: 94.0379
[2019-09-23 10:31:44] Epoch: 101, LR: 0.00010000, Train Accuracy: 99.5122, Val Accuracy: 94.1124
[2019-09-23 10:32:59] Epoch: 102, LR: 0.00010000, Train Accuracy: 99.1057, Val Accuracy: 94.2316
[2019-09-23 10:34:14] Epoch: 103, LR: 0.00010000, Train Accuracy: 98.8618, Val Accuracy: 94.1571
[2019-09-23 10:35:30] Epoch: 104, LR: 0.00010000, Train Accuracy: 99.5122, Val Accuracy: 94.0677
[2019-09-23 10:36:44] Epoch: 105, LR: 0.00010000, Train Accuracy: 99.0244, Val Accuracy: 94.2167
[2019-09-23 10:37:58] Epoch: 106, LR: 0.00010000, Train Accuracy: 99.1870, Val Accuracy: 94.2614
[2019-09-23 10:39:12] Epoch: 107, LR: 0.00010000, Train Accuracy: 99.0244, Val Accuracy: 94.2614
[2019-09-23 10:40:27] Epoch: 108, LR: 0.00010000, Train Accuracy: 99.4309, Val Accuracy: 94.3062
[2019-09-23 10:41:41] Epoch: 109, LR: 0.00010000, Train Accuracy: 98.9431, Val Accuracy: 94.0975
[2019-09-23 10:42:56] Epoch: 110, LR: 0.00010000, Train Accuracy: 99.3496, Val Accuracy: 93.9484
[2019-09-23 10:44:11] Epoch: 111, LR: 0.00010000, Train Accuracy: 99.5122, Val Accuracy: 94.0975
[2019-09-23 10:45:27] Epoch: 112, LR: 0.00010000, Train Accuracy: 99.0244, Val Accuracy: 94.0080
[2019-09-23 10:46:42] Epoch: 113, LR: 0.00010000, Train Accuracy: 99.2683, Val Accuracy: 94.1422
[2019-09-23 10:47:57] Epoch: 114, LR: 0.00010000, Train Accuracy: 99.5122, Val Accuracy: 94.3360
[2019-09-23 10:49:11] Epoch: 115, LR: 0.00010000, Train Accuracy: 99.2683, Val Accuracy: 94.1571
[2019-09-23 10:50:26] Epoch: 116, LR: 0.00010000, Train Accuracy: 99.5122, Val Accuracy: 94.1273
[2019-09-23 10:51:40] Epoch: 117, LR: 0.00010000, Train Accuracy: 98.6992, Val Accuracy: 94.0080
[2019-09-23 10:52:55] Epoch: 118, LR: 0.00010000, Train Accuracy: 99.5935, Val Accuracy: 94.0677
[2019-09-23 10:54:09] Epoch: 119, LR: 0.00010000, Train Accuracy: 99.5122, Val Accuracy: 94.1720
[2019-09-23 10:55:24] Epoch: 120, LR: 0.00010000, Train Accuracy: 99.5935, Val Accuracy: 94.3211
[2019-09-23 10:56:39] Epoch: 121, LR: 0.00010000, Train Accuracy: 99.3496, Val Accuracy: 94.3062
[2019-09-23 10:57:54] Epoch: 122, LR: 0.00010000, Train Accuracy: 99.5122, Val Accuracy: 94.0826
[2019-09-23 10:59:09] Epoch: 123, LR: 0.00010000, Train Accuracy: 99.1057, Val Accuracy: 94.0379
[2019-09-23 11:00:23] Epoch: 124, LR: 0.00010000, Train Accuracy: 99.6748, Val Accuracy: 94.0230
[2019-09-23 11:01:37] Epoch: 125, LR: 0.00010000, Train Accuracy: 99.5935, Val Accuracy: 94.0826
[2019-09-23 11:02:51] Epoch: 126, LR: 0.00010000, Train Accuracy: 99.6748, Val Accuracy: 93.9633
[2019-09-23 11:04:06] Epoch: 127, LR: 0.00010000, Train Accuracy: 99.5122, Val Accuracy: 94.1273
[2019-09-23 11:05:21] Epoch: 128, LR: 0.00010000, Train Accuracy: 99.4309, Val Accuracy: 94.2018
[2019-09-23 11:06:35] Epoch: 129, LR: 0.00010000, Train Accuracy: 99.4309, Val Accuracy: 94.1273
[2019-09-23 11:07:50] Epoch: 130, LR: 0.00010000, Train Accuracy: 99.3496, Val Accuracy: 94.0975
[2019-09-23 11:09:04] Epoch: 131, LR: 0.00001000, Train Accuracy: 99.7561, Val Accuracy: 94.1571
[2019-09-23 11:10:19] Epoch: 132, LR: 0.00001000, Train Accuracy: 99.2683, Val Accuracy: 94.1422
[2019-09-23 11:11:34] Epoch: 133, LR: 0.00001000, Train Accuracy: 99.8374, Val Accuracy: 94.2018
[2019-09-23 11:12:50] Epoch: 134, LR: 0.00001000, Train Accuracy: 99.5935, Val Accuracy: 94.1720
[2019-09-23 11:14:04] Epoch: 135, LR: 0.00001000, Train Accuracy: 99.5935, Val Accuracy: 94.1720
[2019-09-23 11:15:18] Epoch: 136, LR: 0.00001000, Train Accuracy: 99.7561, Val Accuracy: 94.2018
[2019-09-23 11:16:35] Epoch: 137, LR: 0.00001000, Train Accuracy: 99.1870, Val Accuracy: 94.2763
[2019-09-23 11:17:59] Epoch: 138, LR: 0.00001000, Train Accuracy: 99.4309, Val Accuracy: 94.1422
[2019-09-23 11:19:29] Epoch: 139, LR: 0.00001000, Train Accuracy: 99.6748, Val Accuracy: 94.1869
[2019-09-23 11:20:58] Epoch: 140, LR: 0.00001000, Train Accuracy: 99.5935, Val Accuracy: 94.1869
[2019-09-23 11:22:28] Epoch: 141, LR: 0.00001000, Train Accuracy: 99.8374, Val Accuracy: 94.2018
[2019-09-23 11:23:57] Epoch: 142, LR: 0.00001000, Train Accuracy: 99.4309, Val Accuracy: 94.2465
[2019-09-23 11:25:27] Epoch: 143, LR: 0.00001000, Train Accuracy: 99.7561, Val Accuracy: 94.1571
[2019-09-23 11:26:57] Epoch: 144, LR: 0.00001000, Train Accuracy: 99.5122, Val Accuracy: 94.2763
[2019-09-23 11:28:27] Epoch: 145, LR: 0.00001000, Train Accuracy: 99.1870, Val Accuracy: 94.2465
[2019-09-23 11:29:56] Epoch: 146, LR: 0.00001000, Train Accuracy: 99.6748, Val Accuracy: 94.2167
[2019-09-23 11:31:26] Epoch: 147, LR: 0.00001000, Train Accuracy: 99.7561, Val Accuracy: 94.2465
[2019-09-23 11:32:55] Epoch: 148, LR: 0.00001000, Train Accuracy: 99.5122, Val Accuracy: 94.3062
[2019-09-23 11:34:25] Epoch: 149, LR: 0.00001000, Train Accuracy: 99.5122, Val Accuracy: 94.2316
[2019-09-23 11:35:55] Epoch: 150, LR: 0.00001000, Train Accuracy: 99.6748, Val Accuracy: 94.2167
[2019-09-23 11:37:24] Epoch: 151, LR: 0.00001000, Train Accuracy: 99.3496, Val Accuracy: 94.1869
[2019-09-23 11:38:54] Epoch: 152, LR: 0.00001000, Train Accuracy: 99.4309, Val Accuracy: 94.1571
[2019-09-23 11:40:24] Epoch: 153, LR: 0.00001000, Train Accuracy: 99.2683, Val Accuracy: 94.2316
[2019-09-23 11:41:52] Epoch: 154, LR: 0.00001000, Train Accuracy: 99.2683, Val Accuracy: 94.2018
[2019-09-23 11:43:21] Epoch: 155, LR: 0.00001000, Train Accuracy: 99.8374, Val Accuracy: 94.1869
[2019-09-23 11:44:50] Epoch: 156, LR: 0.00001000, Train Accuracy: 99.5935, Val Accuracy: 94.1124
[2019-09-23 11:46:20] Epoch: 157, LR: 0.00001000, Train Accuracy: 99.5935, Val Accuracy: 94.1571
[2019-09-23 11:47:50] Epoch: 158, LR: 0.00001000, Train Accuracy: 99.3496, Val Accuracy: 94.2167
[2019-09-23 11:49:19] Epoch: 159, LR: 0.00001000, Train Accuracy: 99.3496, Val Accuracy: 94.1869
[2019-09-23 11:50:49] Epoch: 160, LR: 0.00001000, Train Accuracy: 99.5122, Val Accuracy: 94.2018
[2019-09-23 11:52:19] Epoch: 161, LR: 0.00001000, Train Accuracy: 99.3496, Val Accuracy: 94.1720
[2019-09-23 11:53:48] Epoch: 162, LR: 0.00001000, Train Accuracy: 99.6748, Val Accuracy: 94.2465
[2019-09-23 11:55:18] Epoch: 163, LR: 0.00001000, Train Accuracy: 99.8374, Val Accuracy: 94.1273
[2019-09-23 11:56:47] Epoch: 164, LR: 0.00001000, Train Accuracy: 99.6748, Val Accuracy: 94.1273
[2019-09-23 11:58:17] Epoch: 165, LR: 0.00001000, Train Accuracy: 99.7561, Val Accuracy: 94.1422
[2019-09-23 11:59:46] Epoch: 166, LR: 0.00001000, Train Accuracy: 99.5122, Val Accuracy: 94.2465
[2019-09-23 12:01:15] Epoch: 167, LR: 0.00001000, Train Accuracy: 99.3496, Val Accuracy: 94.2614
[2019-09-23 12:02:45] Epoch: 168, LR: 0.00001000, Train Accuracy: 99.6748, Val Accuracy: 94.2018
[2019-09-23 12:04:15] Epoch: 169, LR: 0.00001000, Train Accuracy: 99.3496, Val Accuracy: 94.1571
[2019-09-23 12:05:44] Epoch: 170, LR: 0.00001000, Train Accuracy: 99.5935, Val Accuracy: 94.2018
[2019-09-23 12:07:14] Epoch: 171, LR: 0.00000100, Train Accuracy: 99.5122, Val Accuracy: 94.1124
[2019-09-23 12:08:44] Epoch: 172, LR: 0.00000100, Train Accuracy: 99.6748, Val Accuracy: 94.0975
[2019-09-23 12:10:12] Epoch: 173, LR: 0.00000100, Train Accuracy: 99.5122, Val Accuracy: 94.2018
[2019-09-23 12:11:41] Epoch: 174, LR: 0.00000100, Train Accuracy: 99.4309, Val Accuracy: 94.1124
[2019-09-23 12:13:09] Epoch: 175, LR: 0.00000100, Train Accuracy: 99.7561, Val Accuracy: 94.2763
[2019-09-23 12:14:39] Epoch: 176, LR: 0.00000100, Train Accuracy: 99.6748, Val Accuracy: 94.1571
[2019-09-23 12:16:09] Epoch: 177, LR: 0.00000100, Train Accuracy: 99.7561, Val Accuracy: 94.1571
[2019-09-23 12:17:38] Epoch: 178, LR: 0.00000100, Train Accuracy: 99.1057, Val Accuracy: 94.1720
[2019-09-23 12:19:08] Epoch: 179, LR: 0.00000100, Train Accuracy: 99.4309, Val Accuracy: 94.2018
[2019-09-23 12:20:37] Epoch: 180, LR: 0.00000100, Train Accuracy: 99.5935, Val Accuracy: 94.1720
[2019-09-23 12:22:06] Epoch: 181, LR: 0.00000100, Train Accuracy: 99.7561, Val Accuracy: 94.2167
[2019-09-23 12:23:36] Epoch: 182, LR: 0.00000100, Train Accuracy: 99.5122, Val Accuracy: 94.2018
[2019-09-23 12:25:05] Epoch: 183, LR: 0.00000100, Train Accuracy: 99.2683, Val Accuracy: 94.2763
[2019-09-23 12:26:35] Epoch: 184, LR: 0.00000100, Train Accuracy: 99.7561, Val Accuracy: 94.3062
[2019-09-23 12:28:04] Epoch: 185, LR: 0.00000100, Train Accuracy: 99.5935, Val Accuracy: 94.1869
[2019-09-23 12:29:33] Epoch: 186, LR: 0.00000100, Train Accuracy: 99.5935, Val Accuracy: 94.1720
[2019-09-23 12:31:02] Epoch: 187, LR: 0.00000100, Train Accuracy: 99.5122, Val Accuracy: 94.1869
[2019-09-23 12:32:32] Epoch: 188, LR: 0.00000100, Train Accuracy: 99.6748, Val Accuracy: 94.2316
[2019-09-23 12:34:02] Epoch: 189, LR: 0.00000100, Train Accuracy: 99.5935, Val Accuracy: 94.2913
[2019-09-23 12:35:31] Epoch: 190, LR: 0.00000100, Train Accuracy: 99.5935, Val Accuracy: 94.2316
[2019-09-23 12:37:01] Epoch: 191, LR: 0.00000100, Train Accuracy: 99.4309, Val Accuracy: 94.2316
[2019-09-23 12:38:31] Epoch: 192, LR: 0.00000100, Train Accuracy: 99.4309, Val Accuracy: 94.1571
[2019-09-23 12:40:01] Epoch: 193, LR: 0.00000100, Train Accuracy: 99.5122, Val Accuracy: 94.2465
[2019-09-23 12:41:30] Epoch: 194, LR: 0.00000100, Train Accuracy: 99.5935, Val Accuracy: 94.2316
[2019-09-23 12:43:00] Epoch: 195, LR: 0.00000100, Train Accuracy: 99.4309, Val Accuracy: 94.3658
[2019-09-23 12:44:29] Epoch: 196, LR: 0.00000100, Train Accuracy: 99.2683, Val Accuracy: 94.2913
[2019-09-23 12:45:59] Epoch: 197, LR: 0.00000100, Train Accuracy: 99.3496, Val Accuracy: 94.1869
[2019-09-23 12:47:28] Epoch: 198, LR: 0.00000100, Train Accuracy: 99.5935, Val Accuracy: 94.2018
[2019-09-23 12:48:58] Epoch: 199, LR: 0.00000100, Train Accuracy: 99.5935, Val Accuracy: 94.1571
[2019-09-23 12:50:28] Epoch: 200, LR: 0.00000100, Train Accuracy: 99.5935, Val Accuracy: 94.2018

------------------------------------------------
Best Validation Accuracy 94.3658 at epoch 195
------------------------------------------------

---------------- Train Analysis ----------------
Accuracy of Grietas transversales : 95.92% 
Accuracy of Marca vial : 97.48% 
Accuracy of Sin daño : 97.43% 
Accuracy of Grietas en forma de piel de cocodrilo : 95.42% 
Accuracy of Parcheo : 89.12% 
Accuracy of Huecos : 80.29% 
Accuracy of Grietas longitudinales : 89.91% 
Accuracy of Alcantarillado : 97.14% 
Accuracy of Meteorización y desprendimiento : 88.72% 
