
---- Start ----

There are 1 classes!
[Train fold] 537 samples
[Validation fold] 135 samples

--------------------------------------------
verbose: False
optimizer: adam
epochs: 120
batch_size: 16
learning_rate: 0.01
min_learning_rate: 1e-07
get_path: False
weighted_loss: False
plateau_scheduler: False
steps_best: False
steps_scheduler: True
binary_problem: False
multilabel_problem: False
damaged_problem: False
segmentation_problem: True
masks_overlays: 40
selected_class: Parcheo
img_size: 512
crop_size: 512
model_name: unet_extra_small
checkpoint: 
data_mod: 
pretrained: False
fold: 0
output_dir: results/segmentation/fold0/Parcheo/unet_extra_small_adam_512to512_lr0.01/
data_augmentation: True
histogram_matching: False

-------------- START TRAINING --------------
[2021-02-03 07:21:46] Epoch: 1, LR: 0.01000000, Train IOU: 0.3231, Val IOU: 0.5510, Val DICE: 0.6745
[2021-02-03 07:22:46] Epoch: 2, LR: 0.01000000, Train IOU: 0.4183, Val IOU: 0.4432, Val DICE: 0.5096
[2021-02-03 07:23:47] Epoch: 3, LR: 0.01000000, Train IOU: 0.4382, Val IOU: 0.5553, Val DICE: 0.6349
[2021-02-03 07:24:47] Epoch: 4, LR: 0.01000000, Train IOU: 0.4346, Val IOU: 0.6872, Val DICE: 0.7748
[2021-02-03 07:25:46] Epoch: 5, LR: 0.01000000, Train IOU: 0.4495, Val IOU: 0.6585, Val DICE: 0.7361
[2021-02-03 07:26:44] Epoch: 6, LR: 0.01000000, Train IOU: 0.4825, Val IOU: 0.6406, Val DICE: 0.7150
[2021-02-03 07:27:43] Epoch: 7, LR: 0.01000000, Train IOU: 0.4711, Val IOU: 0.7394, Val DICE: 0.8192
[2021-02-03 07:28:43] Epoch: 8, LR: 0.01000000, Train IOU: 0.4788, Val IOU: 0.6334, Val DICE: 0.7401
[2021-02-03 07:29:43] Epoch: 9, LR: 0.01000000, Train IOU: 0.4803, Val IOU: 0.7083, Val DICE: 0.7960
[2021-02-03 07:30:43] Epoch: 10, LR: 0.01000000, Train IOU: 0.4975, Val IOU: 0.7530, Val DICE: 0.8250
[2021-02-03 07:31:43] Epoch: 11, LR: 0.01000000, Train IOU: 0.5084, Val IOU: 0.7802, Val DICE: 0.8452
[2021-02-03 07:32:42] Epoch: 12, LR: 0.01000000, Train IOU: 0.4900, Val IOU: 0.7710, Val DICE: 0.8394
[2021-02-03 07:33:42] Epoch: 13, LR: 0.01000000, Train IOU: 0.4937, Val IOU: 0.7662, Val DICE: 0.8283
[2021-02-03 07:34:42] Epoch: 14, LR: 0.01000000, Train IOU: 0.4959, Val IOU: 0.7634, Val DICE: 0.8306
[2021-02-03 07:35:43] Epoch: 15, LR: 0.01000000, Train IOU: 0.4995, Val IOU: 0.7721, Val DICE: 0.8414
[2021-02-03 07:36:44] Epoch: 16, LR: 0.01000000, Train IOU: 0.5148, Val IOU: 0.7675, Val DICE: 0.8360
[2021-02-03 07:37:43] Epoch: 17, LR: 0.01000000, Train IOU: 0.5052, Val IOU: 0.6843, Val DICE: 0.7675
[2021-02-03 07:38:44] Epoch: 18, LR: 0.01000000, Train IOU: 0.4970, Val IOU: 0.8010, Val DICE: 0.8589
[2021-02-03 07:39:42] Epoch: 19, LR: 0.01000000, Train IOU: 0.5061, Val IOU: 0.7343, Val DICE: 0.7921
[2021-02-03 07:40:43] Epoch: 20, LR: 0.01000000, Train IOU: 0.5110, Val IOU: 0.7844, Val DICE: 0.8461
[2021-02-03 07:41:41] Epoch: 21, LR: 0.01000000, Train IOU: 0.5165, Val IOU: 0.7404, Val DICE: 0.8100
[2021-02-03 07:42:41] Epoch: 22, LR: 0.01000000, Train IOU: 0.5361, Val IOU: 0.7844, Val DICE: 0.8475
[2021-02-03 07:43:41] Epoch: 23, LR: 0.01000000, Train IOU: 0.4930, Val IOU: 0.7919, Val DICE: 0.8507
[2021-02-03 07:44:42] Epoch: 24, LR: 0.01000000, Train IOU: 0.5189, Val IOU: 0.7273, Val DICE: 0.8017
[2021-02-03 07:45:42] Epoch: 25, LR: 0.01000000, Train IOU: 0.5063, Val IOU: 0.7789, Val DICE: 0.8414
[2021-02-03 07:46:42] Epoch: 26, LR: 0.01000000, Train IOU: 0.5181, Val IOU: 0.8226, Val DICE: 0.8795
[2021-02-03 07:47:42] Epoch: 27, LR: 0.01000000, Train IOU: 0.5360, Val IOU: 0.8093, Val DICE: 0.8629
[2021-02-03 07:48:42] Epoch: 28, LR: 0.01000000, Train IOU: 0.5315, Val IOU: 0.7831, Val DICE: 0.8493
[2021-02-03 07:49:42] Epoch: 29, LR: 0.01000000, Train IOU: 0.5253, Val IOU: 0.7838, Val DICE: 0.8444
[2021-02-03 07:50:42] Epoch: 30, LR: 0.01000000, Train IOU: 0.5150, Val IOU: 0.8155, Val DICE: 0.8676
[2021-02-03 07:51:43] Epoch: 31, LR: 0.01000000, Train IOU: 0.5270, Val IOU: 0.8060, Val DICE: 0.8598
[2021-02-03 07:52:42] Epoch: 32, LR: 0.01000000, Train IOU: 0.5206, Val IOU: 0.8118, Val DICE: 0.8705
[2021-02-03 07:53:42] Epoch: 33, LR: 0.01000000, Train IOU: 0.5226, Val IOU: 0.8170, Val DICE: 0.8708
[2021-02-03 07:54:42] Epoch: 34, LR: 0.01000000, Train IOU: 0.5416, Val IOU: 0.7820, Val DICE: 0.8419
[2021-02-03 07:55:41] Epoch: 35, LR: 0.01000000, Train IOU: 0.5382, Val IOU: 0.8209, Val DICE: 0.8742
[2021-02-03 07:56:41] Epoch: 36, LR: 0.01000000, Train IOU: 0.5423, Val IOU: 0.7524, Val DICE: 0.8128
[2021-02-03 07:57:40] Epoch: 37, LR: 0.01000000, Train IOU: 0.5215, Val IOU: 0.8053, Val DICE: 0.8533
[2021-02-03 07:58:41] Epoch: 38, LR: 0.01000000, Train IOU: 0.5141, Val IOU: 0.8324, Val DICE: 0.8855
[2021-02-03 07:59:40] Epoch: 39, LR: 0.01000000, Train IOU: 0.5325, Val IOU: 0.8243, Val DICE: 0.8822
[2021-02-03 08:00:41] Epoch: 40, LR: 0.01000000, Train IOU: 0.5417, Val IOU: 0.8205, Val DICE: 0.8761
[2021-02-03 08:01:41] Epoch: 41, LR: 0.01000000, Train IOU: 0.5278, Val IOU: 0.8146, Val DICE: 0.8704
[2021-02-03 08:02:42] Epoch: 42, LR: 0.01000000, Train IOU: 0.5337, Val IOU: 0.7932, Val DICE: 0.8467
[2021-02-03 08:03:41] Epoch: 43, LR: 0.01000000, Train IOU: 0.5223, Val IOU: 0.7677, Val DICE: 0.8262
[2021-02-03 08:04:38] Epoch: 44, LR: 0.01000000, Train IOU: 0.5106, Val IOU: 0.8455, Val DICE: 0.8956
[2021-02-03 08:05:39] Epoch: 45, LR: 0.01000000, Train IOU: 0.5351, Val IOU: 0.7914, Val DICE: 0.8424
[2021-02-03 08:06:38] Epoch: 46, LR: 0.01000000, Train IOU: 0.5210, Val IOU: 0.7577, Val DICE: 0.8004
[2021-02-03 08:07:38] Epoch: 47, LR: 0.01000000, Train IOU: 0.5541, Val IOU: 0.8284, Val DICE: 0.8800
[2021-02-03 08:08:37] Epoch: 48, LR: 0.01000000, Train IOU: 0.5491, Val IOU: 0.8475, Val DICE: 0.8981
[2021-02-03 08:09:37] Epoch: 49, LR: 0.01000000, Train IOU: 0.5363, Val IOU: 0.8156, Val DICE: 0.8728
[2021-02-03 08:10:36] Epoch: 50, LR: 0.01000000, Train IOU: 0.5265, Val IOU: 0.8095, Val DICE: 0.8543
[2021-02-03 08:11:36] Epoch: 51, LR: 0.01000000, Train IOU: 0.5356, Val IOU: 0.8504, Val DICE: 0.9022
[2021-02-03 08:12:38] Epoch: 52, LR: 0.01000000, Train IOU: 0.5406, Val IOU: 0.8438, Val DICE: 0.8958
[2021-02-03 08:13:39] Epoch: 53, LR: 0.01000000, Train IOU: 0.5463, Val IOU: 0.8605, Val DICE: 0.9066
[2021-02-03 08:14:38] Epoch: 54, LR: 0.01000000, Train IOU: 0.5503, Val IOU: 0.8181, Val DICE: 0.8666
[2021-02-03 08:15:40] Epoch: 55, LR: 0.01000000, Train IOU: 0.5717, Val IOU: 0.8175, Val DICE: 0.8614
[2021-02-03 08:16:38] Epoch: 56, LR: 0.01000000, Train IOU: 0.5475, Val IOU: 0.7943, Val DICE: 0.8474
[2021-02-03 08:17:39] Epoch: 57, LR: 0.01000000, Train IOU: 0.5643, Val IOU: 0.8223, Val DICE: 0.8777
[2021-02-03 08:18:37] Epoch: 58, LR: 0.01000000, Train IOU: 0.5567, Val IOU: 0.8035, Val DICE: 0.8529
[2021-02-03 08:19:36] Epoch: 59, LR: 0.01000000, Train IOU: 0.5570, Val IOU: 0.8438, Val DICE: 0.8914
[2021-02-03 08:20:35] Epoch: 60, LR: 0.01000000, Train IOU: 0.5552, Val IOU: 0.8525, Val DICE: 0.9038
[2021-02-03 08:21:35] Epoch: 61, LR: 0.00100000, Train IOU: 0.5273, Val IOU: 0.8740, Val DICE: 0.9173
[2021-02-03 08:22:34] Epoch: 62, LR: 0.00100000, Train IOU: 0.5653, Val IOU: 0.8649, Val DICE: 0.9102
[2021-02-03 08:23:34] Epoch: 63, LR: 0.00100000, Train IOU: 0.5588, Val IOU: 0.8671, Val DICE: 0.9111
[2021-02-03 08:24:34] Epoch: 64, LR: 0.00100000, Train IOU: 0.5530, Val IOU: 0.8713, Val DICE: 0.9151
[2021-02-03 08:25:35] Epoch: 65, LR: 0.00100000, Train IOU: 0.5580, Val IOU: 0.8697, Val DICE: 0.9134
[2021-02-03 08:26:36] Epoch: 66, LR: 0.00100000, Train IOU: 0.5512, Val IOU: 0.8743, Val DICE: 0.9170
[2021-02-03 08:27:35] Epoch: 67, LR: 0.00100000, Train IOU: 0.5512, Val IOU: 0.8763, Val DICE: 0.9191
[2021-02-03 08:28:36] Epoch: 68, LR: 0.00100000, Train IOU: 0.5972, Val IOU: 0.8699, Val DICE: 0.9137
[2021-02-03 08:29:35] Epoch: 69, LR: 0.00100000, Train IOU: 0.5637, Val IOU: 0.8790, Val DICE: 0.9205
[2021-02-03 08:30:35] Epoch: 70, LR: 0.00100000, Train IOU: 0.5936, Val IOU: 0.8687, Val DICE: 0.9143
[2021-02-03 08:31:34] Epoch: 71, LR: 0.00100000, Train IOU: 0.5641, Val IOU: 0.8805, Val DICE: 0.9224
[2021-02-03 08:32:34] Epoch: 72, LR: 0.00100000, Train IOU: 0.5520, Val IOU: 0.8737, Val DICE: 0.9178
[2021-02-03 08:33:36] Epoch: 73, LR: 0.00100000, Train IOU: 0.5880, Val IOU: 0.8664, Val DICE: 0.9118
[2021-02-03 08:34:35] Epoch: 74, LR: 0.00100000, Train IOU: 0.5610, Val IOU: 0.8778, Val DICE: 0.9202
[2021-02-03 08:35:34] Epoch: 75, LR: 0.00100000, Train IOU: 0.5400, Val IOU: 0.8743, Val DICE: 0.9179
[2021-02-03 08:36:33] Epoch: 76, LR: 0.00100000, Train IOU: 0.5633, Val IOU: 0.8799, Val DICE: 0.9224
[2021-02-03 08:37:34] Epoch: 77, LR: 0.00100000, Train IOU: 0.5741, Val IOU: 0.8825, Val DICE: 0.9237
[2021-02-03 08:38:33] Epoch: 78, LR: 0.00100000, Train IOU: 0.6012, Val IOU: 0.8774, Val DICE: 0.9209
[2021-02-03 08:39:33] Epoch: 79, LR: 0.00100000, Train IOU: 0.5844, Val IOU: 0.8746, Val DICE: 0.9185
[2021-02-03 08:40:33] Epoch: 80, LR: 0.00100000, Train IOU: 0.5845, Val IOU: 0.8786, Val DICE: 0.9210
[2021-02-03 08:41:34] Epoch: 81, LR: 0.00010000, Train IOU: 0.5664, Val IOU: 0.8773, Val DICE: 0.9205
[2021-02-03 08:42:34] Epoch: 82, LR: 0.00010000, Train IOU: 0.5613, Val IOU: 0.8813, Val DICE: 0.9232
[2021-02-03 08:43:34] Epoch: 83, LR: 0.00010000, Train IOU: 0.5486, Val IOU: 0.8773, Val DICE: 0.9203
[2021-02-03 08:44:32] Epoch: 84, LR: 0.00010000, Train IOU: 0.5777, Val IOU: 0.8723, Val DICE: 0.9157
[2021-02-03 08:45:31] Epoch: 85, LR: 0.00010000, Train IOU: 0.5632, Val IOU: 0.8801, Val DICE: 0.9222
[2021-02-03 08:46:31] Epoch: 86, LR: 0.00010000, Train IOU: 0.5613, Val IOU: 0.8824, Val DICE: 0.9238
[2021-02-03 08:47:31] Epoch: 87, LR: 0.00010000, Train IOU: 0.5447, Val IOU: 0.8822, Val DICE: 0.9240
[2021-02-03 08:48:30] Epoch: 88, LR: 0.00010000, Train IOU: 0.5625, Val IOU: 0.8807, Val DICE: 0.9225
[2021-02-03 08:49:31] Epoch: 89, LR: 0.00010000, Train IOU: 0.5565, Val IOU: 0.8817, Val DICE: 0.9236
[2021-02-03 08:50:30] Epoch: 90, LR: 0.00010000, Train IOU: 0.5753, Val IOU: 0.8664, Val DICE: 0.9106
[2021-02-03 08:51:31] Epoch: 91, LR: 0.00010000, Train IOU: 0.5544, Val IOU: 0.8800, Val DICE: 0.9223
[2021-02-03 08:52:29] Epoch: 92, LR: 0.00010000, Train IOU: 0.5657, Val IOU: 0.8785, Val DICE: 0.9211
[2021-02-03 08:53:30] Epoch: 93, LR: 0.00010000, Train IOU: 0.5727, Val IOU: 0.8768, Val DICE: 0.9196
[2021-02-03 08:54:31] Epoch: 94, LR: 0.00010000, Train IOU: 0.5534, Val IOU: 0.8789, Val DICE: 0.9217
[2021-02-03 08:55:30] Epoch: 95, LR: 0.00010000, Train IOU: 0.5588, Val IOU: 0.8775, Val DICE: 0.9199
[2021-02-03 08:56:31] Epoch: 96, LR: 0.00010000, Train IOU: 0.5542, Val IOU: 0.8810, Val DICE: 0.9232
[2021-02-03 08:57:29] Epoch: 97, LR: 0.00010000, Train IOU: 0.5774, Val IOU: 0.8782, Val DICE: 0.9212
[2021-02-03 08:58:30] Epoch: 98, LR: 0.00010000, Train IOU: 0.5688, Val IOU: 0.8762, Val DICE: 0.9198
[2021-02-03 08:59:30] Epoch: 99, LR: 0.00010000, Train IOU: 0.6003, Val IOU: 0.8774, Val DICE: 0.9204
[2021-02-03 09:00:30] Epoch: 100, LR: 0.00010000, Train IOU: 0.5547, Val IOU: 0.8780, Val DICE: 0.9211
[2021-02-03 09:01:30] Epoch: 101, LR: 0.00010000, Train IOU: 0.5602, Val IOU: 0.8786, Val DICE: 0.9214
[2021-02-03 09:02:30] Epoch: 102, LR: 0.00010000, Train IOU: 0.5698, Val IOU: 0.8776, Val DICE: 0.9206
[2021-02-03 09:03:31] Epoch: 103, LR: 0.00010000, Train IOU: 0.5976, Val IOU: 0.8805, Val DICE: 0.9225
[2021-02-03 09:04:30] Epoch: 104, LR: 0.00010000, Train IOU: 0.5719, Val IOU: 0.8803, Val DICE: 0.9219
[2021-02-03 09:05:29] Epoch: 105, LR: 0.00010000, Train IOU: 0.5566, Val IOU: 0.8758, Val DICE: 0.9191
[2021-02-03 09:06:27] Epoch: 106, LR: 0.00010000, Train IOU: 0.5884, Val IOU: 0.8826, Val DICE: 0.9241
[2021-02-03 09:07:28] Epoch: 107, LR: 0.00010000, Train IOU: 0.5604, Val IOU: 0.8818, Val DICE: 0.9236
[2021-02-03 09:08:26] Epoch: 108, LR: 0.00010000, Train IOU: 0.5699, Val IOU: 0.8835, Val DICE: 0.9247
[2021-02-03 09:09:26] Epoch: 109, LR: 0.00010000, Train IOU: 0.5789, Val IOU: 0.8762, Val DICE: 0.9193
[2021-02-03 09:10:25] Epoch: 110, LR: 0.00010000, Train IOU: 0.5560, Val IOU: 0.8822, Val DICE: 0.9239
[2021-02-03 09:11:26] Epoch: 111, LR: 0.00010000, Train IOU: 0.5601, Val IOU: 0.8811, Val DICE: 0.9225
[2021-02-03 09:12:26] Epoch: 112, LR: 0.00010000, Train IOU: 0.5662, Val IOU: 0.8786, Val DICE: 0.9213
[2021-02-03 09:13:27] Epoch: 113, LR: 0.00010000, Train IOU: 0.5446, Val IOU: 0.8800, Val DICE: 0.9219
[2021-02-03 09:14:27] Epoch: 114, LR: 0.00010000, Train IOU: 0.5717, Val IOU: 0.8814, Val DICE: 0.9233
[2021-02-03 09:15:26] Epoch: 115, LR: 0.00010000, Train IOU: 0.5327, Val IOU: 0.8834, Val DICE: 0.9251
[2021-02-03 09:16:26] Epoch: 116, LR: 0.00010000, Train IOU: 0.5591, Val IOU: 0.8809, Val DICE: 0.9229
[2021-02-03 09:17:26] Epoch: 117, LR: 0.00010000, Train IOU: 0.5711, Val IOU: 0.8804, Val DICE: 0.9226
[2021-02-03 09:18:25] Epoch: 118, LR: 0.00010000, Train IOU: 0.5641, Val IOU: 0.8792, Val DICE: 0.9218
[2021-02-03 09:19:25] Epoch: 119, LR: 0.00010000, Train IOU: 0.5776, Val IOU: 0.8815, Val DICE: 0.9236
[2021-02-03 09:20:25] Epoch: 120, LR: 0.00010000, Train IOU: 0.5816, Val IOU: 0.8784, Val DICE: 0.9209

------------------------------------------------
Best Validation:
	[2021-02-03 09:08:26] Epoch: 108, LR: 0.00010000, Train IOU: 0.5699, Val IOU: 0.8835, Val DICE: 0.9247
------------------------------------------------

There are 1 classes!
[Train fold] 537 samples
[Validation fold] 135 samples

--------------------------------------------
verbose: False
optimizer: adam
epochs: 120
batch_size: 16
learning_rate: 0.01
min_learning_rate: 1e-07
get_path: False
weighted_loss: False
plateau_scheduler: False
steps_best: False
steps_scheduler: True
binary_problem: False
multilabel_problem: False
damaged_problem: False
segmentation_problem: True
masks_overlays: 40
selected_class: Parcheo
img_size: 512
crop_size: 512
model_name: unet_extra_small
checkpoint: 
data_mod: 
pretrained: False
fold: 1
output_dir: results/segmentation/fold1/Parcheo/unet_extra_small_adam_512to512_lr0.01/
data_augmentation: True
histogram_matching: False

-------------- START TRAINING --------------
[2021-02-03 09:21:34] Epoch: 1, LR: 0.01000000, Train IOU: 0.3684, Val IOU: 0.4763, Val DICE: 0.5756
[2021-02-03 09:22:35] Epoch: 2, LR: 0.01000000, Train IOU: 0.4210, Val IOU: 0.2088, Val DICE: 0.2679
[2021-02-03 09:23:35] Epoch: 3, LR: 0.01000000, Train IOU: 0.4589, Val IOU: 0.6112, Val DICE: 0.7113
[2021-02-03 09:24:35] Epoch: 4, LR: 0.01000000, Train IOU: 0.4749, Val IOU: 0.6031, Val DICE: 0.7047
[2021-02-03 09:25:35] Epoch: 5, LR: 0.01000000, Train IOU: 0.4854, Val IOU: 0.6518, Val DICE: 0.7514
[2021-02-03 09:26:34] Epoch: 6, LR: 0.01000000, Train IOU: 0.4766, Val IOU: 0.3896, Val DICE: 0.4767
[2021-02-03 09:27:33] Epoch: 7, LR: 0.01000000, Train IOU: 0.4873, Val IOU: 0.6797, Val DICE: 0.7593
[2021-02-03 09:28:34] Epoch: 8, LR: 0.01000000, Train IOU: 0.4954, Val IOU: 0.7326, Val DICE: 0.8147
[2021-02-03 09:29:32] Epoch: 9, LR: 0.01000000, Train IOU: 0.5020, Val IOU: 0.7275, Val DICE: 0.8102
[2021-02-03 09:30:33] Epoch: 10, LR: 0.01000000, Train IOU: 0.5122, Val IOU: 0.7181, Val DICE: 0.7988
[2021-02-03 09:31:33] Epoch: 11, LR: 0.01000000, Train IOU: 0.5244, Val IOU: 0.7235, Val DICE: 0.8054
[2021-02-03 09:32:32] Epoch: 12, LR: 0.01000000, Train IOU: 0.5186, Val IOU: 0.6857, Val DICE: 0.7662
[2021-02-03 09:33:32] Epoch: 13, LR: 0.01000000, Train IOU: 0.4915, Val IOU: 0.7388, Val DICE: 0.8195
[2021-02-03 09:34:31] Epoch: 14, LR: 0.01000000, Train IOU: 0.5016, Val IOU: 0.6994, Val DICE: 0.7656
[2021-02-03 09:35:31] Epoch: 15, LR: 0.01000000, Train IOU: 0.5003, Val IOU: 0.6711, Val DICE: 0.7512
[2021-02-03 09:36:32] Epoch: 16, LR: 0.01000000, Train IOU: 0.5154, Val IOU: 0.7539, Val DICE: 0.8291
[2021-02-03 09:37:31] Epoch: 17, LR: 0.01000000, Train IOU: 0.5258, Val IOU: 0.7731, Val DICE: 0.8437
[2021-02-03 09:38:31] Epoch: 18, LR: 0.01000000, Train IOU: 0.5030, Val IOU: 0.6242, Val DICE: 0.7271
[2021-02-03 09:39:29] Epoch: 19, LR: 0.01000000, Train IOU: 0.5265, Val IOU: 0.7039, Val DICE: 0.7685
[2021-02-03 09:40:27] Epoch: 20, LR: 0.01000000, Train IOU: 0.5206, Val IOU: 0.7514, Val DICE: 0.8222
[2021-02-03 09:41:27] Epoch: 21, LR: 0.01000000, Train IOU: 0.5018, Val IOU: 0.7607, Val DICE: 0.8247
[2021-02-03 09:42:26] Epoch: 22, LR: 0.01000000, Train IOU: 0.5198, Val IOU: 0.6569, Val DICE: 0.7171
[2021-02-03 09:43:27] Epoch: 23, LR: 0.01000000, Train IOU: 0.5365, Val IOU: 0.7810, Val DICE: 0.8485
[2021-02-03 09:44:28] Epoch: 24, LR: 0.01000000, Train IOU: 0.5209, Val IOU: 0.6563, Val DICE: 0.7237
[2021-02-03 09:45:27] Epoch: 25, LR: 0.01000000, Train IOU: 0.5314, Val IOU: 0.7885, Val DICE: 0.8506
[2021-02-03 09:46:26] Epoch: 26, LR: 0.01000000, Train IOU: 0.5179, Val IOU: 0.7979, Val DICE: 0.8582
[2021-02-03 09:47:27] Epoch: 27, LR: 0.01000000, Train IOU: 0.5261, Val IOU: 0.7910, Val DICE: 0.8515
[2021-02-03 09:48:27] Epoch: 28, LR: 0.01000000, Train IOU: 0.5183, Val IOU: 0.8000, Val DICE: 0.8596
[2021-02-03 09:49:28] Epoch: 29, LR: 0.01000000, Train IOU: 0.5242, Val IOU: 0.7717, Val DICE: 0.8361
[2021-02-03 09:50:28] Epoch: 30, LR: 0.01000000, Train IOU: 0.5264, Val IOU: 0.7923, Val DICE: 0.8500
[2021-02-03 09:51:30] Epoch: 31, LR: 0.01000000, Train IOU: 0.5493, Val IOU: 0.7331, Val DICE: 0.8086
[2021-02-03 09:52:30] Epoch: 32, LR: 0.01000000, Train IOU: 0.5049, Val IOU: 0.7565, Val DICE: 0.8172
[2021-02-03 09:53:28] Epoch: 33, LR: 0.01000000, Train IOU: 0.5482, Val IOU: 0.7717, Val DICE: 0.8376
[2021-02-03 09:54:28] Epoch: 34, LR: 0.01000000, Train IOU: 0.5492, Val IOU: 0.8070, Val DICE: 0.8691
[2021-02-03 09:55:27] Epoch: 35, LR: 0.01000000, Train IOU: 0.5375, Val IOU: 0.7839, Val DICE: 0.8409
[2021-02-03 09:56:27] Epoch: 36, LR: 0.01000000, Train IOU: 0.5316, Val IOU: 0.8031, Val DICE: 0.8643
[2021-02-03 09:57:26] Epoch: 37, LR: 0.01000000, Train IOU: 0.5501, Val IOU: 0.8108, Val DICE: 0.8711
[2021-02-03 09:58:25] Epoch: 38, LR: 0.01000000, Train IOU: 0.5224, Val IOU: 0.8019, Val DICE: 0.8598
[2021-02-03 09:59:26] Epoch: 39, LR: 0.01000000, Train IOU: 0.5408, Val IOU: 0.8125, Val DICE: 0.8709
[2021-02-03 10:00:26] Epoch: 40, LR: 0.01000000, Train IOU: 0.5176, Val IOU: 0.8005, Val DICE: 0.8555
[2021-02-03 10:01:26] Epoch: 41, LR: 0.01000000, Train IOU: 0.5538, Val IOU: 0.7939, Val DICE: 0.8590
[2021-02-03 10:02:26] Epoch: 42, LR: 0.01000000, Train IOU: 0.5227, Val IOU: 0.8088, Val DICE: 0.8663
[2021-02-03 10:03:25] Epoch: 43, LR: 0.01000000, Train IOU: 0.5441, Val IOU: 0.7893, Val DICE: 0.8449
[2021-02-03 10:04:23] Epoch: 44, LR: 0.01000000, Train IOU: 0.5294, Val IOU: 0.7897, Val DICE: 0.8501
[2021-02-03 10:05:22] Epoch: 45, LR: 0.01000000, Train IOU: 0.5141, Val IOU: 0.8052, Val DICE: 0.8608
[2021-02-03 10:06:22] Epoch: 46, LR: 0.01000000, Train IOU: 0.5459, Val IOU: 0.7489, Val DICE: 0.7995
[2021-02-03 10:07:22] Epoch: 47, LR: 0.01000000, Train IOU: 0.5454, Val IOU: 0.8038, Val DICE: 0.8603
[2021-02-03 10:08:21] Epoch: 48, LR: 0.01000000, Train IOU: 0.5452, Val IOU: 0.8186, Val DICE: 0.8768
[2021-02-03 10:09:22] Epoch: 49, LR: 0.01000000, Train IOU: 0.5430, Val IOU: 0.7949, Val DICE: 0.8542
[2021-02-03 10:10:21] Epoch: 50, LR: 0.01000000, Train IOU: 0.5530, Val IOU: 0.8009, Val DICE: 0.8539
[2021-02-03 10:11:21] Epoch: 51, LR: 0.01000000, Train IOU: 0.5459, Val IOU: 0.8244, Val DICE: 0.8817
[2021-02-03 10:12:20] Epoch: 52, LR: 0.01000000, Train IOU: 0.5607, Val IOU: 0.8151, Val DICE: 0.8721
[2021-02-03 10:13:20] Epoch: 53, LR: 0.01000000, Train IOU: 0.5410, Val IOU: 0.8016, Val DICE: 0.8610
[2021-02-03 10:14:19] Epoch: 54, LR: 0.01000000, Train IOU: 0.5760, Val IOU: 0.7931, Val DICE: 0.8524
[2021-02-03 10:15:18] Epoch: 55, LR: 0.01000000, Train IOU: 0.5288, Val IOU: 0.7739, Val DICE: 0.8409
[2021-02-03 10:16:18] Epoch: 56, LR: 0.01000000, Train IOU: 0.5579, Val IOU: 0.7848, Val DICE: 0.8454
[2021-02-03 10:17:17] Epoch: 57, LR: 0.01000000, Train IOU: 0.5410, Val IOU: 0.7598, Val DICE: 0.8197
[2021-02-03 10:18:17] Epoch: 58, LR: 0.01000000, Train IOU: 0.5540, Val IOU: 0.7937, Val DICE: 0.8483
[2021-02-03 10:19:17] Epoch: 59, LR: 0.01000000, Train IOU: 0.5352, Val IOU: 0.7413, Val DICE: 0.7929
[2021-02-03 10:20:17] Epoch: 60, LR: 0.01000000, Train IOU: 0.5289, Val IOU: 0.7431, Val DICE: 0.8012
[2021-02-03 10:21:17] Epoch: 61, LR: 0.00100000, Train IOU: 0.5517, Val IOU: 0.8236, Val DICE: 0.8767
[2021-02-03 10:22:18] Epoch: 62, LR: 0.00100000, Train IOU: 0.5395, Val IOU: 0.8250, Val DICE: 0.8796
[2021-02-03 10:23:18] Epoch: 63, LR: 0.00100000, Train IOU: 0.5514, Val IOU: 0.8381, Val DICE: 0.8906
[2021-02-03 10:24:18] Epoch: 64, LR: 0.00100000, Train IOU: 0.5571, Val IOU: 0.8343, Val DICE: 0.8870
[2021-02-03 10:25:18] Epoch: 65, LR: 0.00100000, Train IOU: 0.5706, Val IOU: 0.8289, Val DICE: 0.8829
[2021-02-03 10:26:18] Epoch: 66, LR: 0.00100000, Train IOU: 0.5757, Val IOU: 0.8362, Val DICE: 0.8882
[2021-02-03 10:27:18] Epoch: 67, LR: 0.00100000, Train IOU: 0.5696, Val IOU: 0.8368, Val DICE: 0.8865
[2021-02-03 10:28:18] Epoch: 68, LR: 0.00100000, Train IOU: 0.5707, Val IOU: 0.8428, Val DICE: 0.8965
[2021-02-03 10:29:18] Epoch: 69, LR: 0.00100000, Train IOU: 0.5427, Val IOU: 0.8405, Val DICE: 0.8926
[2021-02-03 10:30:17] Epoch: 70, LR: 0.00100000, Train IOU: 0.5621, Val IOU: 0.8471, Val DICE: 0.8996
[2021-02-03 10:31:16] Epoch: 71, LR: 0.00100000, Train IOU: 0.5584, Val IOU: 0.8329, Val DICE: 0.8853
[2021-02-03 10:32:18] Epoch: 72, LR: 0.00100000, Train IOU: 0.5649, Val IOU: 0.8366, Val DICE: 0.8881
[2021-02-03 10:33:17] Epoch: 73, LR: 0.00100000, Train IOU: 0.5624, Val IOU: 0.8267, Val DICE: 0.8781
[2021-02-03 10:34:16] Epoch: 74, LR: 0.00100000, Train IOU: 0.5711, Val IOU: 0.8436, Val DICE: 0.8946
[2021-02-03 10:35:15] Epoch: 75, LR: 0.00100000, Train IOU: 0.5816, Val IOU: 0.8408, Val DICE: 0.8906
[2021-02-03 10:36:14] Epoch: 76, LR: 0.00100000, Train IOU: 0.5525, Val IOU: 0.8296, Val DICE: 0.8835
[2021-02-03 10:37:12] Epoch: 77, LR: 0.00100000, Train IOU: 0.5716, Val IOU: 0.8320, Val DICE: 0.8848
[2021-02-03 10:38:10] Epoch: 78, LR: 0.00100000, Train IOU: 0.5786, Val IOU: 0.8353, Val DICE: 0.8869
[2021-02-03 10:39:09] Epoch: 79, LR: 0.00100000, Train IOU: 0.5714, Val IOU: 0.8370, Val DICE: 0.8890
[2021-02-03 10:40:10] Epoch: 80, LR: 0.00100000, Train IOU: 0.5802, Val IOU: 0.8534, Val DICE: 0.9025
[2021-02-03 10:41:10] Epoch: 81, LR: 0.00010000, Train IOU: 0.5866, Val IOU: 0.8444, Val DICE: 0.8948
[2021-02-03 10:42:09] Epoch: 82, LR: 0.00010000, Train IOU: 0.5636, Val IOU: 0.8513, Val DICE: 0.8993
[2021-02-03 10:43:09] Epoch: 83, LR: 0.00010000, Train IOU: 0.5916, Val IOU: 0.8452, Val DICE: 0.8945
[2021-02-03 10:44:09] Epoch: 84, LR: 0.00010000, Train IOU: 0.5803, Val IOU: 0.8425, Val DICE: 0.8907
[2021-02-03 10:45:09] Epoch: 85, LR: 0.00010000, Train IOU: 0.5617, Val IOU: 0.8481, Val DICE: 0.8966
[2021-02-03 10:46:08] Epoch: 86, LR: 0.00010000, Train IOU: 0.5665, Val IOU: 0.8475, Val DICE: 0.8958
[2021-02-03 10:47:09] Epoch: 87, LR: 0.00010000, Train IOU: 0.5807, Val IOU: 0.8511, Val DICE: 0.9005
[2021-02-03 10:48:08] Epoch: 88, LR: 0.00010000, Train IOU: 0.5857, Val IOU: 0.8499, Val DICE: 0.8968
[2021-02-03 10:49:08] Epoch: 89, LR: 0.00010000, Train IOU: 0.5776, Val IOU: 0.8512, Val DICE: 0.8981
[2021-02-03 10:50:09] Epoch: 90, LR: 0.00010000, Train IOU: 0.5670, Val IOU: 0.8465, Val DICE: 0.8957
[2021-02-03 10:51:08] Epoch: 91, LR: 0.00010000, Train IOU: 0.5580, Val IOU: 0.8421, Val DICE: 0.8897
[2021-02-03 10:52:07] Epoch: 92, LR: 0.00010000, Train IOU: 0.5638, Val IOU: 0.8542, Val DICE: 0.8998
[2021-02-03 10:53:06] Epoch: 93, LR: 0.00010000, Train IOU: 0.5467, Val IOU: 0.8464, Val DICE: 0.8963
[2021-02-03 10:54:06] Epoch: 94, LR: 0.00010000, Train IOU: 0.5883, Val IOU: 0.8494, Val DICE: 0.8973
[2021-02-03 10:55:07] Epoch: 95, LR: 0.00010000, Train IOU: 0.5222, Val IOU: 0.8505, Val DICE: 0.8986
[2021-02-03 10:56:06] Epoch: 96, LR: 0.00010000, Train IOU: 0.5577, Val IOU: 0.8511, Val DICE: 0.8980
[2021-02-03 10:57:05] Epoch: 97, LR: 0.00010000, Train IOU: 0.5754, Val IOU: 0.8478, Val DICE: 0.8969
[2021-02-03 10:58:05] Epoch: 98, LR: 0.00010000, Train IOU: 0.5687, Val IOU: 0.8469, Val DICE: 0.8963
[2021-02-03 10:59:04] Epoch: 99, LR: 0.00010000, Train IOU: 0.5743, Val IOU: 0.8430, Val DICE: 0.8932
[2021-02-03 11:00:05] Epoch: 100, LR: 0.00010000, Train IOU: 0.5638, Val IOU: 0.8515, Val DICE: 0.8981
[2021-02-03 11:01:04] Epoch: 101, LR: 0.00010000, Train IOU: 0.5593, Val IOU: 0.8509, Val DICE: 0.8979
[2021-02-03 11:02:04] Epoch: 102, LR: 0.00010000, Train IOU: 0.5828, Val IOU: 0.8516, Val DICE: 0.8992
[2021-02-03 11:03:05] Epoch: 103, LR: 0.00010000, Train IOU: 0.5772, Val IOU: 0.8401, Val DICE: 0.8903
[2021-02-03 11:04:05] Epoch: 104, LR: 0.00010000, Train IOU: 0.5785, Val IOU: 0.8462, Val DICE: 0.8956
[2021-02-03 11:05:03] Epoch: 105, LR: 0.00010000, Train IOU: 0.5759, Val IOU: 0.8411, Val DICE: 0.8899
[2021-02-03 11:06:02] Epoch: 106, LR: 0.00010000, Train IOU: 0.5722, Val IOU: 0.8464, Val DICE: 0.8948
[2021-02-03 11:07:02] Epoch: 107, LR: 0.00010000, Train IOU: 0.5891, Val IOU: 0.8447, Val DICE: 0.8923
[2021-02-03 11:08:00] Epoch: 108, LR: 0.00010000, Train IOU: 0.5630, Val IOU: 0.8461, Val DICE: 0.8952
[2021-02-03 11:08:58] Epoch: 109, LR: 0.00010000, Train IOU: 0.5390, Val IOU: 0.8464, Val DICE: 0.8959
[2021-02-03 11:09:59] Epoch: 110, LR: 0.00010000, Train IOU: 0.5903, Val IOU: 0.8432, Val DICE: 0.8917
[2021-02-03 11:10:57] Epoch: 111, LR: 0.00010000, Train IOU: 0.5619, Val IOU: 0.8533, Val DICE: 0.8999
[2021-02-03 11:11:56] Epoch: 112, LR: 0.00010000, Train IOU: 0.5477, Val IOU: 0.8502, Val DICE: 0.8968
[2021-02-03 11:12:57] Epoch: 113, LR: 0.00010000, Train IOU: 0.5656, Val IOU: 0.8454, Val DICE: 0.8943
[2021-02-03 11:13:55] Epoch: 114, LR: 0.00010000, Train IOU: 0.5712, Val IOU: 0.8478, Val DICE: 0.8956
[2021-02-03 11:14:56] Epoch: 115, LR: 0.00010000, Train IOU: 0.5857, Val IOU: 0.8517, Val DICE: 0.8982
[2021-02-03 11:15:57] Epoch: 116, LR: 0.00010000, Train IOU: 0.5641, Val IOU: 0.8485, Val DICE: 0.8948
[2021-02-03 11:16:55] Epoch: 117, LR: 0.00010000, Train IOU: 0.5633, Val IOU: 0.8455, Val DICE: 0.8950
[2021-02-03 11:17:53] Epoch: 118, LR: 0.00010000, Train IOU: 0.5613, Val IOU: 0.8479, Val DICE: 0.8963
[2021-02-03 11:18:53] Epoch: 119, LR: 0.00010000, Train IOU: 0.5748, Val IOU: 0.8458, Val DICE: 0.8937
[2021-02-03 11:19:53] Epoch: 120, LR: 0.00010000, Train IOU: 0.5757, Val IOU: 0.8538, Val DICE: 0.8998

------------------------------------------------
Best Validation:
	[2021-02-03 10:52:07] Epoch: 92, LR: 0.00010000, Train IOU: 0.5638, Val IOU: 0.8542, Val DICE: 0.8998
------------------------------------------------

There are 1 classes!
[Train fold] 538 samples
[Validation fold] 134 samples

--------------------------------------------
verbose: False
optimizer: adam
epochs: 120
batch_size: 16
learning_rate: 0.01
min_learning_rate: 1e-07
get_path: False
weighted_loss: False
plateau_scheduler: False
steps_best: False
steps_scheduler: True
binary_problem: False
multilabel_problem: False
damaged_problem: False
segmentation_problem: True
masks_overlays: 40
selected_class: Parcheo
img_size: 512
crop_size: 512
model_name: unet_extra_small
checkpoint: 
data_mod: 
pretrained: False
fold: 2
output_dir: results/segmentation/fold2/Parcheo/unet_extra_small_adam_512to512_lr0.01/
data_augmentation: True
histogram_matching: False

-------------- START TRAINING --------------
[2021-02-03 11:21:03] Epoch: 1, LR: 0.01000000, Train IOU: 0.3855, Val IOU: 0.5485, Val DICE: 0.6647
[2021-02-03 11:22:04] Epoch: 2, LR: 0.01000000, Train IOU: 0.4422, Val IOU: 0.5174, Val DICE: 0.6131
[2021-02-03 11:23:02] Epoch: 3, LR: 0.01000000, Train IOU: 0.4241, Val IOU: 0.4874, Val DICE: 0.5887
[2021-02-03 11:24:02] Epoch: 4, LR: 0.01000000, Train IOU: 0.4430, Val IOU: 0.4955, Val DICE: 0.6021
[2021-02-03 11:25:00] Epoch: 5, LR: 0.01000000, Train IOU: 0.4693, Val IOU: 0.6251, Val DICE: 0.7124
[2021-02-03 11:26:01] Epoch: 6, LR: 0.01000000, Train IOU: 0.4834, Val IOU: 0.6398, Val DICE: 0.7336
[2021-02-03 11:27:01] Epoch: 7, LR: 0.01000000, Train IOU: 0.4826, Val IOU: 0.2383, Val DICE: 0.2904
[2021-02-03 11:28:01] Epoch: 8, LR: 0.01000000, Train IOU: 0.5000, Val IOU: 0.5550, Val DICE: 0.6379
[2021-02-03 11:29:02] Epoch: 9, LR: 0.01000000, Train IOU: 0.5124, Val IOU: 0.6662, Val DICE: 0.7588
[2021-02-03 11:30:01] Epoch: 10, LR: 0.01000000, Train IOU: 0.5009, Val IOU: 0.5935, Val DICE: 0.6771
[2021-02-03 11:31:02] Epoch: 11, LR: 0.01000000, Train IOU: 0.4986, Val IOU: 0.6821, Val DICE: 0.7548
[2021-02-03 11:32:01] Epoch: 12, LR: 0.01000000, Train IOU: 0.4788, Val IOU: 0.6863, Val DICE: 0.7749
[2021-02-03 11:33:01] Epoch: 13, LR: 0.01000000, Train IOU: 0.5028, Val IOU: 0.6879, Val DICE: 0.7623
[2021-02-03 11:34:00] Epoch: 14, LR: 0.01000000, Train IOU: 0.5194, Val IOU: 0.6731, Val DICE: 0.7427
[2021-02-03 11:35:01] Epoch: 15, LR: 0.01000000, Train IOU: 0.5048, Val IOU: 0.6706, Val DICE: 0.7396
[2021-02-03 11:36:00] Epoch: 16, LR: 0.01000000, Train IOU: 0.5105, Val IOU: 0.6723, Val DICE: 0.7505
[2021-02-03 11:36:59] Epoch: 17, LR: 0.01000000, Train IOU: 0.4953, Val IOU: 0.6162, Val DICE: 0.6961
[2021-02-03 11:37:59] Epoch: 18, LR: 0.01000000, Train IOU: 0.5449, Val IOU: 0.6985, Val DICE: 0.7654
[2021-02-03 11:39:00] Epoch: 19, LR: 0.01000000, Train IOU: 0.5244, Val IOU: 0.7448, Val DICE: 0.8159
[2021-02-03 11:39:59] Epoch: 20, LR: 0.01000000, Train IOU: 0.5302, Val IOU: 0.7403, Val DICE: 0.8075
[2021-02-03 11:41:00] Epoch: 21, LR: 0.01000000, Train IOU: 0.5222, Val IOU: 0.6816, Val DICE: 0.7497
[2021-02-03 11:42:00] Epoch: 22, LR: 0.01000000, Train IOU: 0.5254, Val IOU: 0.7044, Val DICE: 0.7719
[2021-02-03 11:43:01] Epoch: 23, LR: 0.01000000, Train IOU: 0.5407, Val IOU: 0.7598, Val DICE: 0.8281
[2021-02-03 11:44:01] Epoch: 24, LR: 0.01000000, Train IOU: 0.5359, Val IOU: 0.5710, Val DICE: 0.6325
[2021-02-03 11:45:02] Epoch: 25, LR: 0.01000000, Train IOU: 0.5138, Val IOU: 0.7013, Val DICE: 0.7699
[2021-02-03 11:46:03] Epoch: 26, LR: 0.01000000, Train IOU: 0.5164, Val IOU: 0.7633, Val DICE: 0.8257
[2021-02-03 11:47:03] Epoch: 27, LR: 0.01000000, Train IOU: 0.5305, Val IOU: 0.7054, Val DICE: 0.7790
[2021-02-03 11:48:02] Epoch: 28, LR: 0.01000000, Train IOU: 0.5499, Val IOU: 0.7502, Val DICE: 0.8183
[2021-02-03 11:49:01] Epoch: 29, LR: 0.01000000, Train IOU: 0.5523, Val IOU: 0.7376, Val DICE: 0.8018
[2021-02-03 11:50:01] Epoch: 30, LR: 0.01000000, Train IOU: 0.5250, Val IOU: 0.6905, Val DICE: 0.7436
[2021-02-03 11:51:01] Epoch: 31, LR: 0.01000000, Train IOU: 0.5646, Val IOU: 0.7825, Val DICE: 0.8443
[2021-02-03 11:52:01] Epoch: 32, LR: 0.01000000, Train IOU: 0.5328, Val IOU: 0.7706, Val DICE: 0.8351
[2021-02-03 11:53:02] Epoch: 33, LR: 0.01000000, Train IOU: 0.5490, Val IOU: 0.7806, Val DICE: 0.8374
[2021-02-03 11:54:02] Epoch: 34, LR: 0.01000000, Train IOU: 0.5216, Val IOU: 0.7870, Val DICE: 0.8435
[2021-02-03 11:55:02] Epoch: 35, LR: 0.01000000, Train IOU: 0.5294, Val IOU: 0.7402, Val DICE: 0.7978
[2021-02-03 11:56:02] Epoch: 36, LR: 0.01000000, Train IOU: 0.5530, Val IOU: 0.6721, Val DICE: 0.7372
[2021-02-03 11:57:01] Epoch: 37, LR: 0.01000000, Train IOU: 0.5033, Val IOU: 0.7076, Val DICE: 0.7756
[2021-02-03 11:58:00] Epoch: 38, LR: 0.01000000, Train IOU: 0.5315, Val IOU: 0.7138, Val DICE: 0.7766
[2021-02-03 11:59:00] Epoch: 39, LR: 0.01000000, Train IOU: 0.5672, Val IOU: 0.7670, Val DICE: 0.8242
[2021-02-03 11:59:59] Epoch: 40, LR: 0.01000000, Train IOU: 0.5373, Val IOU: 0.7660, Val DICE: 0.8244
[2021-02-03 12:00:59] Epoch: 41, LR: 0.01000000, Train IOU: 0.5270, Val IOU: 0.7409, Val DICE: 0.8008
[2021-02-03 12:01:57] Epoch: 42, LR: 0.01000000, Train IOU: 0.5514, Val IOU: 0.7858, Val DICE: 0.8386
[2021-02-03 12:02:59] Epoch: 43, LR: 0.01000000, Train IOU: 0.5581, Val IOU: 0.7003, Val DICE: 0.7730
[2021-02-03 12:03:59] Epoch: 44, LR: 0.01000000, Train IOU: 0.5359, Val IOU: 0.7769, Val DICE: 0.8353
[2021-02-03 12:04:58] Epoch: 45, LR: 0.01000000, Train IOU: 0.5339, Val IOU: 0.7998, Val DICE: 0.8497
[2021-02-03 12:05:58] Epoch: 46, LR: 0.01000000, Train IOU: 0.5706, Val IOU: 0.7097, Val DICE: 0.7659
[2021-02-03 12:06:58] Epoch: 47, LR: 0.01000000, Train IOU: 0.5499, Val IOU: 0.7864, Val DICE: 0.8417
[2021-02-03 12:07:56] Epoch: 48, LR: 0.01000000, Train IOU: 0.5572, Val IOU: 0.7446, Val DICE: 0.8101
[2021-02-03 12:08:56] Epoch: 49, LR: 0.01000000, Train IOU: 0.5308, Val IOU: 0.7530, Val DICE: 0.8047
[2021-02-03 12:09:56] Epoch: 50, LR: 0.01000000, Train IOU: 0.5472, Val IOU: 0.7938, Val DICE: 0.8444
[2021-02-03 12:10:57] Epoch: 51, LR: 0.01000000, Train IOU: 0.5496, Val IOU: 0.7840, Val DICE: 0.8394
[2021-02-03 12:11:58] Epoch: 52, LR: 0.01000000, Train IOU: 0.5458, Val IOU: 0.7103, Val DICE: 0.7922
[2021-02-03 12:12:58] Epoch: 53, LR: 0.01000000, Train IOU: 0.5280, Val IOU: 0.7928, Val DICE: 0.8518
[2021-02-03 12:13:59] Epoch: 54, LR: 0.01000000, Train IOU: 0.5588, Val IOU: 0.7679, Val DICE: 0.8288
[2021-02-03 12:15:00] Epoch: 55, LR: 0.01000000, Train IOU: 0.5561, Val IOU: 0.7980, Val DICE: 0.8521
[2021-02-03 12:16:01] Epoch: 56, LR: 0.01000000, Train IOU: 0.5378, Val IOU: 0.8060, Val DICE: 0.8571
[2021-02-03 12:17:01] Epoch: 57, LR: 0.01000000, Train IOU: 0.5451, Val IOU: 0.7674, Val DICE: 0.8202
[2021-02-03 12:17:59] Epoch: 58, LR: 0.01000000, Train IOU: 0.5354, Val IOU: 0.8204, Val DICE: 0.8667
[2021-02-03 12:18:58] Epoch: 59, LR: 0.01000000, Train IOU: 0.5745, Val IOU: 0.7868, Val DICE: 0.8495
[2021-02-03 12:19:57] Epoch: 60, LR: 0.01000000, Train IOU: 0.5513, Val IOU: 0.7733, Val DICE: 0.8294
[2021-02-03 12:20:56] Epoch: 61, LR: 0.00100000, Train IOU: 0.5317, Val IOU: 0.8177, Val DICE: 0.8657
[2021-02-03 12:21:56] Epoch: 62, LR: 0.00100000, Train IOU: 0.5433, Val IOU: 0.8294, Val DICE: 0.8754
[2021-02-03 12:22:55] Epoch: 63, LR: 0.00100000, Train IOU: 0.5909, Val IOU: 0.8431, Val DICE: 0.8855
[2021-02-03 12:23:56] Epoch: 64, LR: 0.00100000, Train IOU: 0.5909, Val IOU: 0.8398, Val DICE: 0.8851
[2021-02-03 12:24:56] Epoch: 65, LR: 0.00100000, Train IOU: 0.5608, Val IOU: 0.8143, Val DICE: 0.8635
[2021-02-03 12:25:56] Epoch: 66, LR: 0.00100000, Train IOU: 0.5420, Val IOU: 0.8209, Val DICE: 0.8702
[2021-02-03 12:26:54] Epoch: 67, LR: 0.00100000, Train IOU: 0.5745, Val IOU: 0.8388, Val DICE: 0.8824
[2021-02-03 12:27:54] Epoch: 68, LR: 0.00100000, Train IOU: 0.5677, Val IOU: 0.8418, Val DICE: 0.8845
[2021-02-03 12:28:54] Epoch: 69, LR: 0.00100000, Train IOU: 0.5887, Val IOU: 0.8340, Val DICE: 0.8798
[2021-02-03 12:29:54] Epoch: 70, LR: 0.00100000, Train IOU: 0.5606, Val IOU: 0.8445, Val DICE: 0.8897
[2021-02-03 12:30:55] Epoch: 71, LR: 0.00100000, Train IOU: 0.5769, Val IOU: 0.8305, Val DICE: 0.8757
[2021-02-03 12:31:56] Epoch: 72, LR: 0.00100000, Train IOU: 0.5833, Val IOU: 0.8186, Val DICE: 0.8675
[2021-02-03 12:32:55] Epoch: 73, LR: 0.00100000, Train IOU: 0.5613, Val IOU: 0.8359, Val DICE: 0.8794
[2021-02-03 12:33:53] Epoch: 74, LR: 0.00100000, Train IOU: 0.5853, Val IOU: 0.8453, Val DICE: 0.8892
[2021-02-03 12:34:53] Epoch: 75, LR: 0.00100000, Train IOU: 0.5671, Val IOU: 0.8447, Val DICE: 0.8877
[2021-02-03 12:35:53] Epoch: 76, LR: 0.00100000, Train IOU: 0.5706, Val IOU: 0.8367, Val DICE: 0.8813
[2021-02-03 12:36:52] Epoch: 77, LR: 0.00100000, Train IOU: 0.5669, Val IOU: 0.8356, Val DICE: 0.8822
[2021-02-03 12:37:52] Epoch: 78, LR: 0.00100000, Train IOU: 0.5643, Val IOU: 0.8440, Val DICE: 0.8890
[2021-02-03 12:38:51] Epoch: 79, LR: 0.00100000, Train IOU: 0.5613, Val IOU: 0.8569, Val DICE: 0.8970
[2021-02-03 12:39:50] Epoch: 80, LR: 0.00100000, Train IOU: 0.5607, Val IOU: 0.8418, Val DICE: 0.8869
[2021-02-03 12:40:48] Epoch: 81, LR: 0.00010000, Train IOU: 0.5395, Val IOU: 0.8601, Val DICE: 0.9010
[2021-02-03 12:41:49] Epoch: 82, LR: 0.00010000, Train IOU: 0.5664, Val IOU: 0.8525, Val DICE: 0.8931
[2021-02-03 12:42:49] Epoch: 83, LR: 0.00010000, Train IOU: 0.5655, Val IOU: 0.8490, Val DICE: 0.8893
[2021-02-03 12:43:48] Epoch: 84, LR: 0.00010000, Train IOU: 0.5416, Val IOU: 0.8533, Val DICE: 0.8952
[2021-02-03 12:44:47] Epoch: 85, LR: 0.00010000, Train IOU: 0.5772, Val IOU: 0.8514, Val DICE: 0.8932
[2021-02-03 12:45:47] Epoch: 86, LR: 0.00010000, Train IOU: 0.5562, Val IOU: 0.8527, Val DICE: 0.8945
[2021-02-03 12:46:47] Epoch: 87, LR: 0.00010000, Train IOU: 0.5747, Val IOU: 0.8567, Val DICE: 0.8974
[2021-02-03 12:47:45] Epoch: 88, LR: 0.00010000, Train IOU: 0.5745, Val IOU: 0.8530, Val DICE: 0.8953
[2021-02-03 12:48:47] Epoch: 89, LR: 0.00010000, Train IOU: 0.5811, Val IOU: 0.8462, Val DICE: 0.8885
[2021-02-03 12:49:44] Epoch: 90, LR: 0.00010000, Train IOU: 0.5799, Val IOU: 0.8602, Val DICE: 0.9014
[2021-02-03 12:50:44] Epoch: 91, LR: 0.00010000, Train IOU: 0.5397, Val IOU: 0.8448, Val DICE: 0.8857
[2021-02-03 12:51:44] Epoch: 92, LR: 0.00010000, Train IOU: 0.5809, Val IOU: 0.8515, Val DICE: 0.8932
[2021-02-03 12:52:44] Epoch: 93, LR: 0.00010000, Train IOU: 0.5772, Val IOU: 0.8515, Val DICE: 0.8924
[2021-02-03 12:53:43] Epoch: 94, LR: 0.00010000, Train IOU: 0.5930, Val IOU: 0.8515, Val DICE: 0.8940
[2021-02-03 12:54:43] Epoch: 95, LR: 0.00010000, Train IOU: 0.5632, Val IOU: 0.8556, Val DICE: 0.8966
[2021-02-03 12:55:43] Epoch: 96, LR: 0.00010000, Train IOU: 0.5512, Val IOU: 0.8565, Val DICE: 0.8978
[2021-02-03 12:56:43] Epoch: 97, LR: 0.00010000, Train IOU: 0.5818, Val IOU: 0.8518, Val DICE: 0.8941
[2021-02-03 12:57:43] Epoch: 98, LR: 0.00010000, Train IOU: 0.5780, Val IOU: 0.8591, Val DICE: 0.8991
[2021-02-03 12:58:45] Epoch: 99, LR: 0.00010000, Train IOU: 0.5769, Val IOU: 0.8526, Val DICE: 0.8952
[2021-02-03 12:59:44] Epoch: 100, LR: 0.00010000, Train IOU: 0.5897, Val IOU: 0.8487, Val DICE: 0.8927
[2021-02-03 13:00:43] Epoch: 101, LR: 0.00010000, Train IOU: 0.5770, Val IOU: 0.8518, Val DICE: 0.8942
[2021-02-03 13:01:42] Epoch: 102, LR: 0.00010000, Train IOU: 0.5846, Val IOU: 0.8553, Val DICE: 0.8959
[2021-02-03 13:02:41] Epoch: 103, LR: 0.00010000, Train IOU: 0.5796, Val IOU: 0.8512, Val DICE: 0.8931
[2021-02-03 13:03:42] Epoch: 104, LR: 0.00010000, Train IOU: 0.5792, Val IOU: 0.8597, Val DICE: 0.8999
[2021-02-03 13:04:41] Epoch: 105, LR: 0.00010000, Train IOU: 0.5685, Val IOU: 0.8580, Val DICE: 0.8993
[2021-02-03 13:05:41] Epoch: 106, LR: 0.00010000, Train IOU: 0.5911, Val IOU: 0.8601, Val DICE: 0.8997
[2021-02-03 13:06:41] Epoch: 107, LR: 0.00010000, Train IOU: 0.5703, Val IOU: 0.8504, Val DICE: 0.8924
[2021-02-03 13:07:40] Epoch: 108, LR: 0.00010000, Train IOU: 0.5554, Val IOU: 0.8551, Val DICE: 0.8962
[2021-02-03 13:08:39] Epoch: 109, LR: 0.00010000, Train IOU: 0.5517, Val IOU: 0.8613, Val DICE: 0.9008
[2021-02-03 13:09:39] Epoch: 110, LR: 0.00010000, Train IOU: 0.5811, Val IOU: 0.8540, Val DICE: 0.8950
[2021-02-03 13:10:39] Epoch: 111, LR: 0.00010000, Train IOU: 0.5891, Val IOU: 0.8582, Val DICE: 0.8980
[2021-02-03 13:11:36] Epoch: 112, LR: 0.00010000, Train IOU: 0.5840, Val IOU: 0.8512, Val DICE: 0.8934
[2021-02-03 13:12:36] Epoch: 113, LR: 0.00010000, Train IOU: 0.5830, Val IOU: 0.8574, Val DICE: 0.8983
[2021-02-03 13:13:36] Epoch: 114, LR: 0.00010000, Train IOU: 0.5887, Val IOU: 0.8508, Val DICE: 0.8941
[2021-02-03 13:14:35] Epoch: 115, LR: 0.00010000, Train IOU: 0.5627, Val IOU: 0.8598, Val DICE: 0.8988
[2021-02-03 13:15:35] Epoch: 116, LR: 0.00010000, Train IOU: 0.5840, Val IOU: 0.8600, Val DICE: 0.8985
[2021-02-03 13:16:34] Epoch: 117, LR: 0.00010000, Train IOU: 0.5936, Val IOU: 0.8531, Val DICE: 0.8947
[2021-02-03 13:17:34] Epoch: 118, LR: 0.00010000, Train IOU: 0.5825, Val IOU: 0.8565, Val DICE: 0.8961
[2021-02-03 13:18:34] Epoch: 119, LR: 0.00010000, Train IOU: 0.5810, Val IOU: 0.8541, Val DICE: 0.8954
[2021-02-03 13:19:34] Epoch: 120, LR: 0.00010000, Train IOU: 0.5780, Val IOU: 0.8522, Val DICE: 0.8936

------------------------------------------------
Best Validation:
	[2021-02-03 13:08:39] Epoch: 109, LR: 0.00010000, Train IOU: 0.5517, Val IOU: 0.8613, Val DICE: 0.9008
------------------------------------------------

There are 1 classes!
[Train fold] 538 samples
[Validation fold] 134 samples

--------------------------------------------
verbose: False
optimizer: adam
epochs: 120
batch_size: 16
learning_rate: 0.01
min_learning_rate: 1e-07
get_path: False
weighted_loss: False
plateau_scheduler: False
steps_best: False
steps_scheduler: True
binary_problem: False
multilabel_problem: False
damaged_problem: False
segmentation_problem: True
masks_overlays: 40
selected_class: Parcheo
img_size: 512
crop_size: 512
model_name: unet_extra_small
checkpoint: 
data_mod: 
pretrained: False
fold: 3
output_dir: results/segmentation/fold3/Parcheo/unet_extra_small_adam_512to512_lr0.01/
data_augmentation: True
histogram_matching: False

-------------- START TRAINING --------------
[2021-02-03 13:20:42] Epoch: 1, LR: 0.01000000, Train IOU: 0.3547, Val IOU: 0.1942, Val DICE: 0.2417
[2021-02-03 13:21:41] Epoch: 2, LR: 0.01000000, Train IOU: 0.3580, Val IOU: 0.4699, Val DICE: 0.5843
[2021-02-03 13:22:42] Epoch: 3, LR: 0.01000000, Train IOU: 0.4188, Val IOU: 0.4390, Val DICE: 0.5200
[2021-02-03 13:23:43] Epoch: 4, LR: 0.01000000, Train IOU: 0.4499, Val IOU: 0.2068, Val DICE: 0.2419
[2021-02-03 13:24:43] Epoch: 5, LR: 0.01000000, Train IOU: 0.4304, Val IOU: 0.5815, Val DICE: 0.6716
[2021-02-03 13:25:44] Epoch: 6, LR: 0.01000000, Train IOU: 0.4278, Val IOU: 0.6299, Val DICE: 0.7251
[2021-02-03 13:26:45] Epoch: 7, LR: 0.01000000, Train IOU: 0.4494, Val IOU: 0.6046, Val DICE: 0.7060
[2021-02-03 13:27:45] Epoch: 8, LR: 0.01000000, Train IOU: 0.4932, Val IOU: 0.5988, Val DICE: 0.7022
[2021-02-03 13:28:44] Epoch: 9, LR: 0.01000000, Train IOU: 0.4806, Val IOU: 0.5533, Val DICE: 0.6385
[2021-02-03 13:29:44] Epoch: 10, LR: 0.01000000, Train IOU: 0.4652, Val IOU: 0.5821, Val DICE: 0.6602
[2021-02-03 13:30:43] Epoch: 11, LR: 0.01000000, Train IOU: 0.5144, Val IOU: 0.6503, Val DICE: 0.7346
[2021-02-03 13:31:44] Epoch: 12, LR: 0.01000000, Train IOU: 0.4977, Val IOU: 0.6639, Val DICE: 0.7522
[2021-02-03 13:32:43] Epoch: 13, LR: 0.01000000, Train IOU: 0.4998, Val IOU: 0.6445, Val DICE: 0.7230
[2021-02-03 13:33:42] Epoch: 14, LR: 0.01000000, Train IOU: 0.4920, Val IOU: 0.6774, Val DICE: 0.7526
[2021-02-03 13:34:42] Epoch: 15, LR: 0.01000000, Train IOU: 0.4939, Val IOU: 0.6774, Val DICE: 0.7433
[2021-02-03 13:35:41] Epoch: 16, LR: 0.01000000, Train IOU: 0.5068, Val IOU: 0.7100, Val DICE: 0.7842
[2021-02-03 13:36:41] Epoch: 17, LR: 0.01000000, Train IOU: 0.5049, Val IOU: 0.7588, Val DICE: 0.8240
[2021-02-03 13:37:41] Epoch: 18, LR: 0.01000000, Train IOU: 0.5036, Val IOU: 0.7532, Val DICE: 0.8160
[2021-02-03 13:38:41] Epoch: 19, LR: 0.01000000, Train IOU: 0.5034, Val IOU: 0.7263, Val DICE: 0.8055
[2021-02-03 13:39:40] Epoch: 20, LR: 0.01000000, Train IOU: 0.5204, Val IOU: 0.6282, Val DICE: 0.7007
[2021-02-03 13:40:38] Epoch: 21, LR: 0.01000000, Train IOU: 0.5062, Val IOU: 0.6503, Val DICE: 0.7334
[2021-02-03 13:41:40] Epoch: 22, LR: 0.01000000, Train IOU: 0.5214, Val IOU: 0.7112, Val DICE: 0.7801
[2021-02-03 13:42:40] Epoch: 23, LR: 0.01000000, Train IOU: 0.5193, Val IOU: 0.7798, Val DICE: 0.8426
[2021-02-03 13:43:38] Epoch: 24, LR: 0.01000000, Train IOU: 0.5224, Val IOU: 0.8154, Val DICE: 0.8715
[2021-02-03 13:44:36] Epoch: 25, LR: 0.01000000, Train IOU: 0.5078, Val IOU: 0.8036, Val DICE: 0.8588
[2021-02-03 13:45:36] Epoch: 26, LR: 0.01000000, Train IOU: 0.5003, Val IOU: 0.7294, Val DICE: 0.7925
[2021-02-03 13:46:34] Epoch: 27, LR: 0.01000000, Train IOU: 0.5310, Val IOU: 0.7566, Val DICE: 0.8150
[2021-02-03 13:47:33] Epoch: 28, LR: 0.01000000, Train IOU: 0.5175, Val IOU: 0.7153, Val DICE: 0.7829
[2021-02-03 13:48:33] Epoch: 29, LR: 0.01000000, Train IOU: 0.5200, Val IOU: 0.8169, Val DICE: 0.8730
[2021-02-03 13:49:31] Epoch: 30, LR: 0.01000000, Train IOU: 0.5017, Val IOU: 0.7901, Val DICE: 0.8499
[2021-02-03 13:50:31] Epoch: 31, LR: 0.01000000, Train IOU: 0.5171, Val IOU: 0.7868, Val DICE: 0.8450
[2021-02-03 13:51:29] Epoch: 32, LR: 0.01000000, Train IOU: 0.5033, Val IOU: 0.7548, Val DICE: 0.8126
[2021-02-03 13:52:28] Epoch: 33, LR: 0.01000000, Train IOU: 0.5145, Val IOU: 0.7770, Val DICE: 0.8414
[2021-02-03 13:53:28] Epoch: 34, LR: 0.01000000, Train IOU: 0.5013, Val IOU: 0.7504, Val DICE: 0.8149
[2021-02-03 13:54:28] Epoch: 35, LR: 0.01000000, Train IOU: 0.5262, Val IOU: 0.8025, Val DICE: 0.8601
[2021-02-03 13:55:28] Epoch: 36, LR: 0.01000000, Train IOU: 0.5149, Val IOU: 0.7792, Val DICE: 0.8430
[2021-02-03 13:56:28] Epoch: 37, LR: 0.01000000, Train IOU: 0.5229, Val IOU: 0.7930, Val DICE: 0.8517
[2021-02-03 13:57:29] Epoch: 38, LR: 0.01000000, Train IOU: 0.5555, Val IOU: 0.7525, Val DICE: 0.8144
[2021-02-03 13:58:28] Epoch: 39, LR: 0.01000000, Train IOU: 0.5239, Val IOU: 0.8033, Val DICE: 0.8610
[2021-02-03 13:59:28] Epoch: 40, LR: 0.01000000, Train IOU: 0.5521, Val IOU: 0.7570, Val DICE: 0.8213
[2021-02-03 14:00:28] Epoch: 41, LR: 0.01000000, Train IOU: 0.5457, Val IOU: 0.8433, Val DICE: 0.8896
[2021-02-03 14:01:27] Epoch: 42, LR: 0.01000000, Train IOU: 0.5335, Val IOU: 0.8246, Val DICE: 0.8776
[2021-02-03 14:02:26] Epoch: 43, LR: 0.01000000, Train IOU: 0.5509, Val IOU: 0.8448, Val DICE: 0.8945
[2021-02-03 14:03:28] Epoch: 44, LR: 0.01000000, Train IOU: 0.5421, Val IOU: 0.8478, Val DICE: 0.8976
[2021-02-03 14:04:27] Epoch: 45, LR: 0.01000000, Train IOU: 0.5423, Val IOU: 0.7837, Val DICE: 0.8406
[2021-02-03 14:05:26] Epoch: 46, LR: 0.01000000, Train IOU: 0.5296, Val IOU: 0.8210, Val DICE: 0.8741
[2021-02-03 14:06:26] Epoch: 47, LR: 0.01000000, Train IOU: 0.5251, Val IOU: 0.8124, Val DICE: 0.8632
[2021-02-03 14:07:25] Epoch: 48, LR: 0.01000000, Train IOU: 0.5740, Val IOU: 0.7908, Val DICE: 0.8499
[2021-02-03 14:08:24] Epoch: 49, LR: 0.01000000, Train IOU: 0.5164, Val IOU: 0.8384, Val DICE: 0.8867
[2021-02-03 14:09:23] Epoch: 50, LR: 0.01000000, Train IOU: 0.5423, Val IOU: 0.8460, Val DICE: 0.8978
[2021-02-03 14:10:24] Epoch: 51, LR: 0.01000000, Train IOU: 0.5367, Val IOU: 0.8365, Val DICE: 0.8848
[2021-02-03 14:11:27] Epoch: 52, LR: 0.01000000, Train IOU: 0.5655, Val IOU: 0.8323, Val DICE: 0.8823
[2021-02-03 14:12:27] Epoch: 53, LR: 0.01000000, Train IOU: 0.5359, Val IOU: 0.8397, Val DICE: 0.8878
[2021-02-03 14:13:26] Epoch: 54, LR: 0.01000000, Train IOU: 0.5447, Val IOU: 0.8314, Val DICE: 0.8798
[2021-02-03 14:14:23] Epoch: 55, LR: 0.01000000, Train IOU: 0.5505, Val IOU: 0.8127, Val DICE: 0.8635
[2021-02-03 14:15:24] Epoch: 56, LR: 0.01000000, Train IOU: 0.5726, Val IOU: 0.8427, Val DICE: 0.8928
[2021-02-03 14:16:25] Epoch: 57, LR: 0.01000000, Train IOU: 0.5561, Val IOU: 0.8399, Val DICE: 0.8910
[2021-02-03 14:17:24] Epoch: 58, LR: 0.01000000, Train IOU: 0.5498, Val IOU: 0.8441, Val DICE: 0.8921
[2021-02-03 14:18:24] Epoch: 59, LR: 0.01000000, Train IOU: 0.5403, Val IOU: 0.8295, Val DICE: 0.8806
[2021-02-03 14:19:24] Epoch: 60, LR: 0.01000000, Train IOU: 0.5470, Val IOU: 0.8423, Val DICE: 0.8903
[2021-02-03 14:20:22] Epoch: 61, LR: 0.00100000, Train IOU: 0.5474, Val IOU: 0.8568, Val DICE: 0.9020
[2021-02-03 14:21:21] Epoch: 62, LR: 0.00100000, Train IOU: 0.5812, Val IOU: 0.8536, Val DICE: 0.8991
[2021-02-03 14:22:20] Epoch: 63, LR: 0.00100000, Train IOU: 0.5744, Val IOU: 0.8689, Val DICE: 0.9096
[2021-02-03 14:23:19] Epoch: 64, LR: 0.00100000, Train IOU: 0.5650, Val IOU: 0.8681, Val DICE: 0.9094
[2021-02-03 14:24:21] Epoch: 65, LR: 0.00100000, Train IOU: 0.5665, Val IOU: 0.8675, Val DICE: 0.9091
[2021-02-03 14:25:21] Epoch: 66, LR: 0.00100000, Train IOU: 0.5632, Val IOU: 0.8707, Val DICE: 0.9106
[2021-02-03 14:26:20] Epoch: 67, LR: 0.00100000, Train IOU: 0.5544, Val IOU: 0.8644, Val DICE: 0.9056
[2021-02-03 14:27:21] Epoch: 68, LR: 0.00100000, Train IOU: 0.5675, Val IOU: 0.8687, Val DICE: 0.9098
[2021-02-03 14:28:20] Epoch: 69, LR: 0.00100000, Train IOU: 0.5595, Val IOU: 0.8755, Val DICE: 0.9148
[2021-02-03 14:29:19] Epoch: 70, LR: 0.00100000, Train IOU: 0.5857, Val IOU: 0.8674, Val DICE: 0.9083
[2021-02-03 14:30:19] Epoch: 71, LR: 0.00100000, Train IOU: 0.5637, Val IOU: 0.8720, Val DICE: 0.9114
[2021-02-03 14:31:19] Epoch: 72, LR: 0.00100000, Train IOU: 0.5646, Val IOU: 0.8763, Val DICE: 0.9148
[2021-02-03 14:32:19] Epoch: 73, LR: 0.00100000, Train IOU: 0.5321, Val IOU: 0.8712, Val DICE: 0.9105
[2021-02-03 14:33:17] Epoch: 74, LR: 0.00100000, Train IOU: 0.5432, Val IOU: 0.8675, Val DICE: 0.9080
[2021-02-03 14:34:18] Epoch: 75, LR: 0.00100000, Train IOU: 0.5663, Val IOU: 0.8735, Val DICE: 0.9131
[2021-02-03 14:35:19] Epoch: 76, LR: 0.00100000, Train IOU: 0.5772, Val IOU: 0.8728, Val DICE: 0.9120
[2021-02-03 14:36:21] Epoch: 77, LR: 0.00100000, Train IOU: 0.5722, Val IOU: 0.8668, Val DICE: 0.9089
[2021-02-03 14:37:20] Epoch: 78, LR: 0.00100000, Train IOU: 0.5626, Val IOU: 0.8665, Val DICE: 0.9075
[2021-02-03 14:38:20] Epoch: 79, LR: 0.00100000, Train IOU: 0.5765, Val IOU: 0.8718, Val DICE: 0.9124
[2021-02-03 14:39:19] Epoch: 80, LR: 0.00100000, Train IOU: 0.5437, Val IOU: 0.8734, Val DICE: 0.9128
[2021-02-03 14:40:17] Epoch: 81, LR: 0.00010000, Train IOU: 0.5751, Val IOU: 0.8723, Val DICE: 0.9125
[2021-02-03 14:41:16] Epoch: 82, LR: 0.00010000, Train IOU: 0.5494, Val IOU: 0.8662, Val DICE: 0.9084
[2021-02-03 14:42:16] Epoch: 83, LR: 0.00010000, Train IOU: 0.5345, Val IOU: 0.8734, Val DICE: 0.9132
[2021-02-03 14:43:14] Epoch: 84, LR: 0.00010000, Train IOU: 0.5693, Val IOU: 0.8753, Val DICE: 0.9147
[2021-02-03 14:44:15] Epoch: 85, LR: 0.00010000, Train IOU: 0.5694, Val IOU: 0.8743, Val DICE: 0.9137
[2021-02-03 14:45:14] Epoch: 86, LR: 0.00010000, Train IOU: 0.5593, Val IOU: 0.8722, Val DICE: 0.9123
[2021-02-03 14:46:14] Epoch: 87, LR: 0.00010000, Train IOU: 0.5531, Val IOU: 0.8767, Val DICE: 0.9151
[2021-02-03 14:47:14] Epoch: 88, LR: 0.00010000, Train IOU: 0.5800, Val IOU: 0.8745, Val DICE: 0.9142
[2021-02-03 14:48:13] Epoch: 89, LR: 0.00010000, Train IOU: 0.5886, Val IOU: 0.8732, Val DICE: 0.9131
[2021-02-03 14:49:12] Epoch: 90, LR: 0.00010000, Train IOU: 0.5765, Val IOU: 0.8777, Val DICE: 0.9160
[2021-02-03 14:50:12] Epoch: 91, LR: 0.00010000, Train IOU: 0.5726, Val IOU: 0.8755, Val DICE: 0.9146
[2021-02-03 14:51:12] Epoch: 92, LR: 0.00010000, Train IOU: 0.5435, Val IOU: 0.8699, Val DICE: 0.9104
[2021-02-03 14:52:10] Epoch: 93, LR: 0.00010000, Train IOU: 0.5552, Val IOU: 0.8780, Val DICE: 0.9163
[2021-02-03 14:53:10] Epoch: 94, LR: 0.00010000, Train IOU: 0.5856, Val IOU: 0.8746, Val DICE: 0.9140
[2021-02-03 14:54:09] Epoch: 95, LR: 0.00010000, Train IOU: 0.5748, Val IOU: 0.8775, Val DICE: 0.9160
[2021-02-03 14:55:08] Epoch: 96, LR: 0.00010000, Train IOU: 0.5811, Val IOU: 0.8709, Val DICE: 0.9116
[2021-02-03 14:56:08] Epoch: 97, LR: 0.00010000, Train IOU: 0.5591, Val IOU: 0.8694, Val DICE: 0.9103
[2021-02-03 14:57:09] Epoch: 98, LR: 0.00010000, Train IOU: 0.5676, Val IOU: 0.8740, Val DICE: 0.9140
[2021-02-03 14:58:08] Epoch: 99, LR: 0.00010000, Train IOU: 0.5646, Val IOU: 0.8743, Val DICE: 0.9139
[2021-02-03 14:59:07] Epoch: 100, LR: 0.00010000, Train IOU: 0.5378, Val IOU: 0.8745, Val DICE: 0.9136
[2021-02-03 15:00:08] Epoch: 101, LR: 0.00010000, Train IOU: 0.5595, Val IOU: 0.8614, Val DICE: 0.9040
[2021-02-03 15:01:08] Epoch: 102, LR: 0.00010000, Train IOU: 0.5597, Val IOU: 0.8739, Val DICE: 0.9133
[2021-02-03 15:02:08] Epoch: 103, LR: 0.00010000, Train IOU: 0.5677, Val IOU: 0.8685, Val DICE: 0.9096
[2021-02-03 15:03:08] Epoch: 104, LR: 0.00010000, Train IOU: 0.5586, Val IOU: 0.8761, Val DICE: 0.9152
[2021-02-03 15:04:08] Epoch: 105, LR: 0.00010000, Train IOU: 0.5739, Val IOU: 0.8698, Val DICE: 0.9107
[2021-02-03 15:05:08] Epoch: 106, LR: 0.00010000, Train IOU: 0.5841, Val IOU: 0.8741, Val DICE: 0.9143
[2021-02-03 15:06:08] Epoch: 107, LR: 0.00010000, Train IOU: 0.5628, Val IOU: 0.8714, Val DICE: 0.9113
[2021-02-03 15:07:08] Epoch: 108, LR: 0.00010000, Train IOU: 0.5727, Val IOU: 0.8693, Val DICE: 0.9104
[2021-02-03 15:08:07] Epoch: 109, LR: 0.00010000, Train IOU: 0.5346, Val IOU: 0.8748, Val DICE: 0.9142
[2021-02-03 15:09:08] Epoch: 110, LR: 0.00010000, Train IOU: 0.5819, Val IOU: 0.8712, Val DICE: 0.9112
[2021-02-03 15:10:07] Epoch: 111, LR: 0.00010000, Train IOU: 0.5604, Val IOU: 0.8710, Val DICE: 0.9123
[2021-02-03 15:11:08] Epoch: 112, LR: 0.00010000, Train IOU: 0.5825, Val IOU: 0.8642, Val DICE: 0.9058
[2021-02-03 15:12:06] Epoch: 113, LR: 0.00010000, Train IOU: 0.5632, Val IOU: 0.8717, Val DICE: 0.9115
[2021-02-03 15:13:07] Epoch: 114, LR: 0.00010000, Train IOU: 0.5794, Val IOU: 0.8711, Val DICE: 0.9113
[2021-02-03 15:14:06] Epoch: 115, LR: 0.00010000, Train IOU: 0.5719, Val IOU: 0.8766, Val DICE: 0.9152
[2021-02-03 15:15:06] Epoch: 116, LR: 0.00010000, Train IOU: 0.5769, Val IOU: 0.8681, Val DICE: 0.9082
[2021-02-03 15:16:06] Epoch: 117, LR: 0.00010000, Train IOU: 0.5568, Val IOU: 0.8720, Val DICE: 0.9119
[2021-02-03 15:17:06] Epoch: 118, LR: 0.00010000, Train IOU: 0.5719, Val IOU: 0.8756, Val DICE: 0.9146
[2021-02-03 15:18:06] Epoch: 119, LR: 0.00010000, Train IOU: 0.5774, Val IOU: 0.8776, Val DICE: 0.9160
[2021-02-03 15:19:06] Epoch: 120, LR: 0.00010000, Train IOU: 0.5910, Val IOU: 0.8718, Val DICE: 0.9119

------------------------------------------------
Best Validation:
	[2021-02-03 14:52:10] Epoch: 93, LR: 0.00010000, Train IOU: 0.5552, Val IOU: 0.8780, Val DICE: 0.9163
------------------------------------------------

There are 1 classes!
[Train fold] 538 samples
[Validation fold] 134 samples

--------------------------------------------
verbose: False
optimizer: adam
epochs: 120
batch_size: 16
learning_rate: 0.01
min_learning_rate: 1e-07
get_path: False
weighted_loss: False
plateau_scheduler: False
steps_best: False
steps_scheduler: True
binary_problem: False
multilabel_problem: False
damaged_problem: False
segmentation_problem: True
masks_overlays: 40
selected_class: Parcheo
img_size: 512
crop_size: 512
model_name: unet_extra_small
checkpoint: 
data_mod: 
pretrained: False
fold: 4
output_dir: results/segmentation/fold4/Parcheo/unet_extra_small_adam_512to512_lr0.01/
data_augmentation: True
histogram_matching: False

-------------- START TRAINING --------------
[2021-02-03 15:20:14] Epoch: 1, LR: 0.01000000, Train IOU: 0.3674, Val IOU: 0.5227, Val DICE: 0.6311
[2021-02-03 15:21:14] Epoch: 2, LR: 0.01000000, Train IOU: 0.4354, Val IOU: 0.5167, Val DICE: 0.6215
[2021-02-03 15:22:14] Epoch: 3, LR: 0.01000000, Train IOU: 0.4233, Val IOU: 0.6283, Val DICE: 0.7369
[2021-02-03 15:23:14] Epoch: 4, LR: 0.01000000, Train IOU: 0.4568, Val IOU: 0.5803, Val DICE: 0.7002
[2021-02-03 15:24:15] Epoch: 5, LR: 0.01000000, Train IOU: 0.4674, Val IOU: 0.6442, Val DICE: 0.7480
[2021-02-03 15:25:13] Epoch: 6, LR: 0.01000000, Train IOU: 0.5021, Val IOU: 0.6413, Val DICE: 0.7104
[2021-02-03 15:26:14] Epoch: 7, LR: 0.01000000, Train IOU: 0.4940, Val IOU: 0.5601, Val DICE: 0.6361
[2021-02-03 15:27:13] Epoch: 8, LR: 0.01000000, Train IOU: 0.4687, Val IOU: 0.6712, Val DICE: 0.7619
[2021-02-03 15:28:13] Epoch: 9, LR: 0.01000000, Train IOU: 0.5088, Val IOU: 0.5988, Val DICE: 0.6749
[2021-02-03 15:29:11] Epoch: 10, LR: 0.01000000, Train IOU: 0.4905, Val IOU: 0.6634, Val DICE: 0.7579
[2021-02-03 15:30:11] Epoch: 11, LR: 0.01000000, Train IOU: 0.5261, Val IOU: 0.6266, Val DICE: 0.6877
[2021-02-03 15:31:11] Epoch: 12, LR: 0.01000000, Train IOU: 0.4900, Val IOU: 0.7648, Val DICE: 0.8397
[2021-02-03 15:32:11] Epoch: 13, LR: 0.01000000, Train IOU: 0.4969, Val IOU: 0.6464, Val DICE: 0.7154
[2021-02-03 15:33:09] Epoch: 14, LR: 0.01000000, Train IOU: 0.5055, Val IOU: 0.5392, Val DICE: 0.6068
[2021-02-03 15:34:09] Epoch: 15, LR: 0.01000000, Train IOU: 0.5104, Val IOU: 0.7436, Val DICE: 0.8246
[2021-02-03 15:35:10] Epoch: 16, LR: 0.01000000, Train IOU: 0.5298, Val IOU: 0.7391, Val DICE: 0.8106
[2021-02-03 15:36:11] Epoch: 17, LR: 0.01000000, Train IOU: 0.4997, Val IOU: 0.7330, Val DICE: 0.8107
[2021-02-03 15:37:10] Epoch: 18, LR: 0.01000000, Train IOU: 0.4905, Val IOU: 0.7525, Val DICE: 0.8207
[2021-02-03 15:38:09] Epoch: 19, LR: 0.01000000, Train IOU: 0.5309, Val IOU: 0.7727, Val DICE: 0.8457
[2021-02-03 15:39:10] Epoch: 20, LR: 0.01000000, Train IOU: 0.5003, Val IOU: 0.7554, Val DICE: 0.8235
[2021-02-03 15:40:08] Epoch: 21, LR: 0.01000000, Train IOU: 0.5050, Val IOU: 0.7210, Val DICE: 0.8086
[2021-02-03 15:41:09] Epoch: 22, LR: 0.01000000, Train IOU: 0.5224, Val IOU: 0.7594, Val DICE: 0.8338
[2021-02-03 15:42:08] Epoch: 23, LR: 0.01000000, Train IOU: 0.5203, Val IOU: 0.7839, Val DICE: 0.8462
[2021-02-03 15:43:09] Epoch: 24, LR: 0.01000000, Train IOU: 0.5186, Val IOU: 0.7847, Val DICE: 0.8540
[2021-02-03 15:44:08] Epoch: 25, LR: 0.01000000, Train IOU: 0.5301, Val IOU: 0.7735, Val DICE: 0.8382
[2021-02-03 15:45:07] Epoch: 26, LR: 0.01000000, Train IOU: 0.5711, Val IOU: 0.7850, Val DICE: 0.8511
[2021-02-03 15:46:07] Epoch: 27, LR: 0.01000000, Train IOU: 0.5368, Val IOU: 0.8023, Val DICE: 0.8694
[2021-02-03 15:47:07] Epoch: 28, LR: 0.01000000, Train IOU: 0.4957, Val IOU: 0.7747, Val DICE: 0.8465
[2021-02-03 15:48:06] Epoch: 29, LR: 0.01000000, Train IOU: 0.5277, Val IOU: 0.8131, Val DICE: 0.8781
[2021-02-03 15:49:04] Epoch: 30, LR: 0.01000000, Train IOU: 0.5399, Val IOU: 0.7606, Val DICE: 0.8348
[2021-02-03 15:50:04] Epoch: 31, LR: 0.01000000, Train IOU: 0.5416, Val IOU: 0.7943, Val DICE: 0.8626
[2021-02-03 15:51:05] Epoch: 32, LR: 0.01000000, Train IOU: 0.5125, Val IOU: 0.7655, Val DICE: 0.8275
[2021-02-03 15:52:05] Epoch: 33, LR: 0.01000000, Train IOU: 0.5239, Val IOU: 0.8190, Val DICE: 0.8816
[2021-02-03 15:53:06] Epoch: 34, LR: 0.01000000, Train IOU: 0.5513, Val IOU: 0.7976, Val DICE: 0.8643
[2021-02-03 15:54:05] Epoch: 35, LR: 0.01000000, Train IOU: 0.5507, Val IOU: 0.8036, Val DICE: 0.8664
[2021-02-03 15:55:06] Epoch: 36, LR: 0.01000000, Train IOU: 0.5488, Val IOU: 0.7278, Val DICE: 0.7995
[2021-02-03 15:56:05] Epoch: 37, LR: 0.01000000, Train IOU: 0.5113, Val IOU: 0.7990, Val DICE: 0.8606
[2021-02-03 15:57:05] Epoch: 38, LR: 0.01000000, Train IOU: 0.5227, Val IOU: 0.7794, Val DICE: 0.8497
[2021-02-03 15:58:05] Epoch: 39, LR: 0.01000000, Train IOU: 0.5415, Val IOU: 0.7984, Val DICE: 0.8626
[2021-02-03 15:59:04] Epoch: 40, LR: 0.01000000, Train IOU: 0.5394, Val IOU: 0.7984, Val DICE: 0.8628
[2021-02-03 16:00:04] Epoch: 41, LR: 0.01000000, Train IOU: 0.5217, Val IOU: 0.7969, Val DICE: 0.8596
[2021-02-03 16:01:03] Epoch: 42, LR: 0.01000000, Train IOU: 0.5545, Val IOU: 0.8079, Val DICE: 0.8725
[2021-02-03 16:02:02] Epoch: 43, LR: 0.01000000, Train IOU: 0.5419, Val IOU: 0.7762, Val DICE: 0.8397
[2021-02-03 16:03:02] Epoch: 44, LR: 0.01000000, Train IOU: 0.5398, Val IOU: 0.8118, Val DICE: 0.8733
[2021-02-03 16:04:03] Epoch: 45, LR: 0.01000000, Train IOU: 0.5426, Val IOU: 0.8323, Val DICE: 0.8906
[2021-02-03 16:05:02] Epoch: 46, LR: 0.01000000, Train IOU: 0.5512, Val IOU: 0.7508, Val DICE: 0.8137
[2021-02-03 16:06:02] Epoch: 47, LR: 0.01000000, Train IOU: 0.5188, Val IOU: 0.8157, Val DICE: 0.8768
[2021-02-03 16:07:03] Epoch: 48, LR: 0.01000000, Train IOU: 0.5520, Val IOU: 0.8257, Val DICE: 0.8855
[2021-02-03 16:08:03] Epoch: 49, LR: 0.01000000, Train IOU: 0.5539, Val IOU: 0.8179, Val DICE: 0.8784
[2021-02-03 16:09:03] Epoch: 50, LR: 0.01000000, Train IOU: 0.5315, Val IOU: 0.8242, Val DICE: 0.8834
[2021-02-03 16:10:03] Epoch: 51, LR: 0.01000000, Train IOU: 0.5376, Val IOU: 0.7462, Val DICE: 0.7984
[2021-02-03 16:11:01] Epoch: 52, LR: 0.01000000, Train IOU: 0.5387, Val IOU: 0.8355, Val DICE: 0.8912
[2021-02-03 16:11:59] Epoch: 53, LR: 0.01000000, Train IOU: 0.5379, Val IOU: 0.7962, Val DICE: 0.8635
[2021-02-03 16:12:59] Epoch: 54, LR: 0.01000000, Train IOU: 0.5568, Val IOU: 0.7823, Val DICE: 0.8551
[2021-02-03 16:13:59] Epoch: 55, LR: 0.01000000, Train IOU: 0.5613, Val IOU: 0.8291, Val DICE: 0.8878
[2021-02-03 16:14:57] Epoch: 56, LR: 0.01000000, Train IOU: 0.5580, Val IOU: 0.8332, Val DICE: 0.8915
[2021-02-03 16:15:58] Epoch: 57, LR: 0.01000000, Train IOU: 0.5466, Val IOU: 0.7976, Val DICE: 0.8579
[2021-02-03 16:16:56] Epoch: 58, LR: 0.01000000, Train IOU: 0.5410, Val IOU: 0.8207, Val DICE: 0.8841
[2021-02-03 16:17:57] Epoch: 59, LR: 0.01000000, Train IOU: 0.5405, Val IOU: 0.7445, Val DICE: 0.8033
[2021-02-03 16:18:57] Epoch: 60, LR: 0.01000000, Train IOU: 0.5487, Val IOU: 0.8019, Val DICE: 0.8609
[2021-02-03 16:19:57] Epoch: 61, LR: 0.00100000, Train IOU: 0.5433, Val IOU: 0.8417, Val DICE: 0.8965
[2021-02-03 16:20:57] Epoch: 62, LR: 0.00100000, Train IOU: 0.5564, Val IOU: 0.8395, Val DICE: 0.8936
[2021-02-03 16:21:58] Epoch: 63, LR: 0.00100000, Train IOU: 0.5567, Val IOU: 0.8591, Val DICE: 0.9128
[2021-02-03 16:22:56] Epoch: 64, LR: 0.00100000, Train IOU: 0.5707, Val IOU: 0.8499, Val DICE: 0.9022
[2021-02-03 16:23:57] Epoch: 65, LR: 0.00100000, Train IOU: 0.5808, Val IOU: 0.8624, Val DICE: 0.9156
[2021-02-03 16:24:58] Epoch: 66, LR: 0.00100000, Train IOU: 0.5640, Val IOU: 0.8483, Val DICE: 0.8992
[2021-02-03 16:25:58] Epoch: 67, LR: 0.00100000, Train IOU: 0.5727, Val IOU: 0.8583, Val DICE: 0.9098
[2021-02-03 16:26:57] Epoch: 68, LR: 0.00100000, Train IOU: 0.5726, Val IOU: 0.8512, Val DICE: 0.9010
[2021-02-03 16:27:58] Epoch: 69, LR: 0.00100000, Train IOU: 0.5656, Val IOU: 0.8551, Val DICE: 0.9050
[2021-02-03 16:28:58] Epoch: 70, LR: 0.00100000, Train IOU: 0.5800, Val IOU: 0.8463, Val DICE: 0.8963
[2021-02-03 16:29:58] Epoch: 71, LR: 0.00100000, Train IOU: 0.5848, Val IOU: 0.8627, Val DICE: 0.9150
[2021-02-03 16:30:58] Epoch: 72, LR: 0.00100000, Train IOU: 0.5783, Val IOU: 0.8653, Val DICE: 0.9169
[2021-02-03 16:31:57] Epoch: 73, LR: 0.00100000, Train IOU: 0.5826, Val IOU: 0.8613, Val DICE: 0.9142
[2021-02-03 16:32:57] Epoch: 74, LR: 0.00100000, Train IOU: 0.5724, Val IOU: 0.8658, Val DICE: 0.9171
[2021-02-03 16:33:57] Epoch: 75, LR: 0.00100000, Train IOU: 0.5561, Val IOU: 0.8605, Val DICE: 0.9109
[2021-02-03 16:34:57] Epoch: 76, LR: 0.00100000, Train IOU: 0.5859, Val IOU: 0.8552, Val DICE: 0.9052
[2021-02-03 16:35:58] Epoch: 77, LR: 0.00100000, Train IOU: 0.5512, Val IOU: 0.8438, Val DICE: 0.8964
[2021-02-03 16:36:58] Epoch: 78, LR: 0.00100000, Train IOU: 0.5675, Val IOU: 0.8474, Val DICE: 0.8980
[2021-02-03 16:37:58] Epoch: 79, LR: 0.00100000, Train IOU: 0.5969, Val IOU: 0.8508, Val DICE: 0.9030
[2021-02-03 16:38:58] Epoch: 80, LR: 0.00100000, Train IOU: 0.5783, Val IOU: 0.8612, Val DICE: 0.9145
[2021-02-03 16:39:58] Epoch: 81, LR: 0.00010000, Train IOU: 0.5737, Val IOU: 0.8614, Val DICE: 0.9140
[2021-02-03 16:40:58] Epoch: 82, LR: 0.00010000, Train IOU: 0.5504, Val IOU: 0.8486, Val DICE: 0.8998
[2021-02-03 16:41:57] Epoch: 83, LR: 0.00010000, Train IOU: 0.5690, Val IOU: 0.8608, Val DICE: 0.9130
[2021-02-03 16:42:57] Epoch: 84, LR: 0.00010000, Train IOU: 0.5484, Val IOU: 0.8508, Val DICE: 0.9022
[2021-02-03 16:43:57] Epoch: 85, LR: 0.00010000, Train IOU: 0.5633, Val IOU: 0.8647, Val DICE: 0.9159
[2021-02-03 16:44:57] Epoch: 86, LR: 0.00010000, Train IOU: 0.5694, Val IOU: 0.8465, Val DICE: 0.8991
[2021-02-03 16:45:56] Epoch: 87, LR: 0.00010000, Train IOU: 0.5706, Val IOU: 0.8667, Val DICE: 0.9171
[2021-02-03 16:46:56] Epoch: 88, LR: 0.00010000, Train IOU: 0.5824, Val IOU: 0.8595, Val DICE: 0.9095
[2021-02-03 16:47:57] Epoch: 89, LR: 0.00010000, Train IOU: 0.5798, Val IOU: 0.8532, Val DICE: 0.9066
[2021-02-03 16:48:57] Epoch: 90, LR: 0.00010000, Train IOU: 0.5614, Val IOU: 0.8624, Val DICE: 0.9139
[2021-02-03 16:49:55] Epoch: 91, LR: 0.00010000, Train IOU: 0.5639, Val IOU: 0.8596, Val DICE: 0.9115
[2021-02-03 16:50:55] Epoch: 92, LR: 0.00010000, Train IOU: 0.5518, Val IOU: 0.8585, Val DICE: 0.9086
[2021-02-03 16:51:54] Epoch: 93, LR: 0.00010000, Train IOU: 0.5830, Val IOU: 0.8678, Val DICE: 0.9190
[2021-02-03 16:52:53] Epoch: 94, LR: 0.00010000, Train IOU: 0.5678, Val IOU: 0.8638, Val DICE: 0.9148
[2021-02-03 16:53:51] Epoch: 95, LR: 0.00010000, Train IOU: 0.5647, Val IOU: 0.8549, Val DICE: 0.9061
[2021-02-03 16:54:50] Epoch: 96, LR: 0.00010000, Train IOU: 0.5846, Val IOU: 0.8569, Val DICE: 0.9099
[2021-02-03 16:55:51] Epoch: 97, LR: 0.00010000, Train IOU: 0.5745, Val IOU: 0.8628, Val DICE: 0.9154
[2021-02-03 16:56:49] Epoch: 98, LR: 0.00010000, Train IOU: 0.5663, Val IOU: 0.8636, Val DICE: 0.9159
[2021-02-03 16:57:48] Epoch: 99, LR: 0.00010000, Train IOU: 0.5815, Val IOU: 0.8610, Val DICE: 0.9114
[2021-02-03 16:58:48] Epoch: 100, LR: 0.00010000, Train IOU: 0.5843, Val IOU: 0.8610, Val DICE: 0.9111
[2021-02-03 16:59:49] Epoch: 101, LR: 0.00010000, Train IOU: 0.5639, Val IOU: 0.8595, Val DICE: 0.9115
[2021-02-03 17:00:49] Epoch: 102, LR: 0.00010000, Train IOU: 0.5732, Val IOU: 0.8613, Val DICE: 0.9126
[2021-02-03 17:01:48] Epoch: 103, LR: 0.00010000, Train IOU: 0.5819, Val IOU: 0.8650, Val DICE: 0.9160
[2021-02-03 17:02:49] Epoch: 104, LR: 0.00010000, Train IOU: 0.5527, Val IOU: 0.8697, Val DICE: 0.9201
[2021-02-03 17:03:49] Epoch: 105, LR: 0.00010000, Train IOU: 0.5685, Val IOU: 0.8634, Val DICE: 0.9154
[2021-02-03 17:04:49] Epoch: 106, LR: 0.00010000, Train IOU: 0.5704, Val IOU: 0.8643, Val DICE: 0.9166
[2021-02-03 17:05:49] Epoch: 107, LR: 0.00010000, Train IOU: 0.5521, Val IOU: 0.8686, Val DICE: 0.9195
[2021-02-03 17:06:50] Epoch: 108, LR: 0.00010000, Train IOU: 0.5784, Val IOU: 0.8635, Val DICE: 0.9158
[2021-02-03 17:07:51] Epoch: 109, LR: 0.00010000, Train IOU: 0.5826, Val IOU: 0.8674, Val DICE: 0.9185
[2021-02-03 17:08:52] Epoch: 110, LR: 0.00010000, Train IOU: 0.5695, Val IOU: 0.8671, Val DICE: 0.9178
[2021-02-03 17:09:51] Epoch: 111, LR: 0.00010000, Train IOU: 0.5742, Val IOU: 0.8562, Val DICE: 0.9077
[2021-02-03 17:10:51] Epoch: 112, LR: 0.00010000, Train IOU: 0.5958, Val IOU: 0.8683, Val DICE: 0.9185
[2021-02-03 17:11:51] Epoch: 113, LR: 0.00010000, Train IOU: 0.5751, Val IOU: 0.8517, Val DICE: 0.9019
[2021-02-03 17:12:50] Epoch: 114, LR: 0.00010000, Train IOU: 0.5914, Val IOU: 0.8549, Val DICE: 0.9053
[2021-02-03 17:13:50] Epoch: 115, LR: 0.00010000, Train IOU: 0.5675, Val IOU: 0.8577, Val DICE: 0.9078
[2021-02-03 17:14:50] Epoch: 116, LR: 0.00010000, Train IOU: 0.5875, Val IOU: 0.8512, Val DICE: 0.9031
[2021-02-03 17:15:51] Epoch: 117, LR: 0.00010000, Train IOU: 0.5762, Val IOU: 0.8681, Val DICE: 0.9187
[2021-02-03 17:16:51] Epoch: 118, LR: 0.00010000, Train IOU: 0.5705, Val IOU: 0.8713, Val DICE: 0.9215
[2021-02-03 17:17:51] Epoch: 119, LR: 0.00010000, Train IOU: 0.6022, Val IOU: 0.8675, Val DICE: 0.9181
[2021-02-03 17:18:51] Epoch: 120, LR: 0.00010000, Train IOU: 0.5397, Val IOU: 0.8735, Val DICE: 0.9234

------------------------------------------------
Best Validation:
	[2021-02-03 17:18:51] Epoch: 120, LR: 0.00010000, Train IOU: 0.5397, Val IOU: 0.8735, Val DICE: 0.9234
------------------------------------------------

