
---- Start ----

Pretrained-> Remember at end: transforms.Normalize(mean=[0.485, 0.456, 0.406], std=[0.229, 0.224, 0.225])
ResNet(
  (conv1): Conv2d(3, 64, kernel_size=(7, 7), stride=(2, 2), padding=(3, 3), bias=False)
  (bn1): BatchNorm2d(64, eps=1e-05, momentum=0.1, affine=True, track_running_stats=True)
  (relu): ReLU(inplace=True)
  (maxpool): MaxPool2d(kernel_size=3, stride=2, padding=1, dilation=1, ceil_mode=False)
  (layer1): Sequential(
    (0): BasicBlock(
      (conv1): Conv2d(64, 64, kernel_size=(3, 3), stride=(1, 1), padding=(1, 1), bias=False)
      (bn1): BatchNorm2d(64, eps=1e-05, momentum=0.1, affine=True, track_running_stats=True)
      (relu): ReLU(inplace=True)
      (conv2): Conv2d(64, 64, kernel_size=(3, 3), stride=(1, 1), padding=(1, 1), bias=False)
      (bn2): BatchNorm2d(64, eps=1e-05, momentum=0.1, affine=True, track_running_stats=True)
    )
    (1): BasicBlock(
      (conv1): Conv2d(64, 64, kernel_size=(3, 3), stride=(1, 1), padding=(1, 1), bias=False)
      (bn1): BatchNorm2d(64, eps=1e-05, momentum=0.1, affine=True, track_running_stats=True)
      (relu): ReLU(inplace=True)
      (conv2): Conv2d(64, 64, kernel_size=(3, 3), stride=(1, 1), padding=(1, 1), bias=False)
      (bn2): BatchNorm2d(64, eps=1e-05, momentum=0.1, affine=True, track_running_stats=True)
    )
    (2): BasicBlock(
      (conv1): Conv2d(64, 64, kernel_size=(3, 3), stride=(1, 1), padding=(1, 1), bias=False)
      (bn1): BatchNorm2d(64, eps=1e-05, momentum=0.1, affine=True, track_running_stats=True)
      (relu): ReLU(inplace=True)
      (conv2): Conv2d(64, 64, kernel_size=(3, 3), stride=(1, 1), padding=(1, 1), bias=False)
      (bn2): BatchNorm2d(64, eps=1e-05, momentum=0.1, affine=True, track_running_stats=True)
    )
  )
  (layer2): Sequential(
    (0): BasicBlock(
      (conv1): Conv2d(64, 128, kernel_size=(3, 3), stride=(2, 2), padding=(1, 1), bias=False)
      (bn1): BatchNorm2d(128, eps=1e-05, momentum=0.1, affine=True, track_running_stats=True)
      (relu): ReLU(inplace=True)
      (conv2): Conv2d(128, 128, kernel_size=(3, 3), stride=(1, 1), padding=(1, 1), bias=False)
      (bn2): BatchNorm2d(128, eps=1e-05, momentum=0.1, affine=True, track_running_stats=True)
      (downsample): Sequential(
        (0): Conv2d(64, 128, kernel_size=(1, 1), stride=(2, 2), bias=False)
        (1): BatchNorm2d(128, eps=1e-05, momentum=0.1, affine=True, track_running_stats=True)
      )
    )
    (1): BasicBlock(
      (conv1): Conv2d(128, 128, kernel_size=(3, 3), stride=(1, 1), padding=(1, 1), bias=False)
      (bn1): BatchNorm2d(128, eps=1e-05, momentum=0.1, affine=True, track_running_stats=True)
      (relu): ReLU(inplace=True)
      (conv2): Conv2d(128, 128, kernel_size=(3, 3), stride=(1, 1), padding=(1, 1), bias=False)
      (bn2): BatchNorm2d(128, eps=1e-05, momentum=0.1, affine=True, track_running_stats=True)
    )
    (2): BasicBlock(
      (conv1): Conv2d(128, 128, kernel_size=(3, 3), stride=(1, 1), padding=(1, 1), bias=False)
      (bn1): BatchNorm2d(128, eps=1e-05, momentum=0.1, affine=True, track_running_stats=True)
      (relu): ReLU(inplace=True)
      (conv2): Conv2d(128, 128, kernel_size=(3, 3), stride=(1, 1), padding=(1, 1), bias=False)
      (bn2): BatchNorm2d(128, eps=1e-05, momentum=0.1, affine=True, track_running_stats=True)
    )
    (3): BasicBlock(
      (conv1): Conv2d(128, 128, kernel_size=(3, 3), stride=(1, 1), padding=(1, 1), bias=False)
      (bn1): BatchNorm2d(128, eps=1e-05, momentum=0.1, affine=True, track_running_stats=True)
      (relu): ReLU(inplace=True)
      (conv2): Conv2d(128, 128, kernel_size=(3, 3), stride=(1, 1), padding=(1, 1), bias=False)
      (bn2): BatchNorm2d(128, eps=1e-05, momentum=0.1, affine=True, track_running_stats=True)
    )
  )
  (layer3): Sequential(
    (0): BasicBlock(
      (conv1): Conv2d(128, 256, kernel_size=(3, 3), stride=(2, 2), padding=(1, 1), bias=False)
      (bn1): BatchNorm2d(256, eps=1e-05, momentum=0.1, affine=True, track_running_stats=True)
      (relu): ReLU(inplace=True)
      (conv2): Conv2d(256, 256, kernel_size=(3, 3), stride=(1, 1), padding=(1, 1), bias=False)
      (bn2): BatchNorm2d(256, eps=1e-05, momentum=0.1, affine=True, track_running_stats=True)
      (downsample): Sequential(
        (0): Conv2d(128, 256, kernel_size=(1, 1), stride=(2, 2), bias=False)
        (1): BatchNorm2d(256, eps=1e-05, momentum=0.1, affine=True, track_running_stats=True)
      )
    )
    (1): BasicBlock(
      (conv1): Conv2d(256, 256, kernel_size=(3, 3), stride=(1, 1), padding=(1, 1), bias=False)
      (bn1): BatchNorm2d(256, eps=1e-05, momentum=0.1, affine=True, track_running_stats=True)
      (relu): ReLU(inplace=True)
      (conv2): Conv2d(256, 256, kernel_size=(3, 3), stride=(1, 1), padding=(1, 1), bias=False)
      (bn2): BatchNorm2d(256, eps=1e-05, momentum=0.1, affine=True, track_running_stats=True)
    )
    (2): BasicBlock(
      (conv1): Conv2d(256, 256, kernel_size=(3, 3), stride=(1, 1), padding=(1, 1), bias=False)
      (bn1): BatchNorm2d(256, eps=1e-05, momentum=0.1, affine=True, track_running_stats=True)
      (relu): ReLU(inplace=True)
      (conv2): Conv2d(256, 256, kernel_size=(3, 3), stride=(1, 1), padding=(1, 1), bias=False)
      (bn2): BatchNorm2d(256, eps=1e-05, momentum=0.1, affine=True, track_running_stats=True)
    )
    (3): BasicBlock(
      (conv1): Conv2d(256, 256, kernel_size=(3, 3), stride=(1, 1), padding=(1, 1), bias=False)
      (bn1): BatchNorm2d(256, eps=1e-05, momentum=0.1, affine=True, track_running_stats=True)
      (relu): ReLU(inplace=True)
      (conv2): Conv2d(256, 256, kernel_size=(3, 3), stride=(1, 1), padding=(1, 1), bias=False)
      (bn2): BatchNorm2d(256, eps=1e-05, momentum=0.1, affine=True, track_running_stats=True)
    )
    (4): BasicBlock(
      (conv1): Conv2d(256, 256, kernel_size=(3, 3), stride=(1, 1), padding=(1, 1), bias=False)
      (bn1): BatchNorm2d(256, eps=1e-05, momentum=0.1, affine=True, track_running_stats=True)
      (relu): ReLU(inplace=True)
      (conv2): Conv2d(256, 256, kernel_size=(3, 3), stride=(1, 1), padding=(1, 1), bias=False)
      (bn2): BatchNorm2d(256, eps=1e-05, momentum=0.1, affine=True, track_running_stats=True)
    )
    (5): BasicBlock(
      (conv1): Conv2d(256, 256, kernel_size=(3, 3), stride=(1, 1), padding=(1, 1), bias=False)
      (bn1): BatchNorm2d(256, eps=1e-05, momentum=0.1, affine=True, track_running_stats=True)
      (relu): ReLU(inplace=True)
      (conv2): Conv2d(256, 256, kernel_size=(3, 3), stride=(1, 1), padding=(1, 1), bias=False)
      (bn2): BatchNorm2d(256, eps=1e-05, momentum=0.1, affine=True, track_running_stats=True)
    )
  )
  (layer4): Sequential(
    (0): BasicBlock(
      (conv1): Conv2d(256, 512, kernel_size=(3, 3), stride=(2, 2), padding=(1, 1), bias=False)
      (bn1): BatchNorm2d(512, eps=1e-05, momentum=0.1, affine=True, track_running_stats=True)
      (relu): ReLU(inplace=True)
      (conv2): Conv2d(512, 512, kernel_size=(3, 3), stride=(1, 1), padding=(1, 1), bias=False)
      (bn2): BatchNorm2d(512, eps=1e-05, momentum=0.1, affine=True, track_running_stats=True)
      (downsample): Sequential(
        (0): Conv2d(256, 512, kernel_size=(1, 1), stride=(2, 2), bias=False)
        (1): BatchNorm2d(512, eps=1e-05, momentum=0.1, affine=True, track_running_stats=True)
      )
    )
    (1): BasicBlock(
      (conv1): Conv2d(512, 512, kernel_size=(3, 3), stride=(1, 1), padding=(1, 1), bias=False)
      (bn1): BatchNorm2d(512, eps=1e-05, momentum=0.1, affine=True, track_running_stats=True)
      (relu): ReLU(inplace=True)
      (conv2): Conv2d(512, 512, kernel_size=(3, 3), stride=(1, 1), padding=(1, 1), bias=False)
      (bn2): BatchNorm2d(512, eps=1e-05, momentum=0.1, affine=True, track_running_stats=True)
    )
    (2): BasicBlock(
      (conv1): Conv2d(512, 512, kernel_size=(3, 3), stride=(1, 1), padding=(1, 1), bias=False)
      (bn1): BatchNorm2d(512, eps=1e-05, momentum=0.1, affine=True, track_running_stats=True)
      (relu): ReLU(inplace=True)
      (conv2): Conv2d(512, 512, kernel_size=(3, 3), stride=(1, 1), padding=(1, 1), bias=False)
      (bn2): BatchNorm2d(512, eps=1e-05, momentum=0.1, affine=True, track_running_stats=True)
    )
  )
  (avgpool): AdaptiveAvgPool2d(output_size=(1, 1))
  (fc): Linear(in_features=512, out_features=9, bias=True)
)
Loaded Class weights!
Weights: [6.626878130217029, 6.4439935064935066, 3.1023837436498636, 43.14673913043478, 20.567357512953368, 16.006048387096776, 6.632414369256474, 21.284182305630026, 25.28343949044586]

--------------------------------------------
verbose: False
optimizer: adam
epochs: 200
batch_size: 128
learning_rate: 0.001
min_learning_rate: 1e-07
weighted_loss: True
plateau_scheduler: False
steps_best: False
steps_scheduler: True
img_size: 256
crop_size: 224
model_name: resnet34
pretrained: True
validation_size: 0.15
output_dir: results/resnet34_adam_256to224_lr0.001_DA_pretrained_weightedLoss/
data_augmentation: True

-------------- START TRAINING --------------
[2019-10-14 10:10:13] Epoch: 1, LR: 0.00100000, Train Accuracy: 34.5528, Val Accuracy: 15.3525
[2019-10-14 10:11:17] Epoch: 2, LR: 0.00100000, Train Accuracy: 39.5122, Val Accuracy: 18.3634
[2019-10-14 10:12:20] Epoch: 3, LR: 0.00100000, Train Accuracy: 57.2358, Val Accuracy: 43.2404
[2019-10-14 10:13:24] Epoch: 4, LR: 0.00100000, Train Accuracy: 72.6016, Val Accuracy: 68.3410
[2019-10-14 10:14:32] Epoch: 5, LR: 0.00100000, Train Accuracy: 75.2033, Val Accuracy: 69.2652
[2019-10-14 10:15:36] Epoch: 6, LR: 0.00100000, Train Accuracy: 78.6179, Val Accuracy: 79.2070
[2019-10-14 10:16:40] Epoch: 7, LR: 0.00100000, Train Accuracy: 83.5772, Val Accuracy: 80.7572
[2019-10-14 10:17:44] Epoch: 8, LR: 0.00100000, Train Accuracy: 82.9268, Val Accuracy: 68.7733
[2019-10-14 10:18:48] Epoch: 9, LR: 0.00100000, Train Accuracy: 83.9024, Val Accuracy: 76.2558
[2019-10-14 10:19:51] Epoch: 10, LR: 0.00100000, Train Accuracy: 83.0894, Val Accuracy: 72.7679
[2019-10-14 10:20:56] Epoch: 11, LR: 0.00100000, Train Accuracy: 85.6911, Val Accuracy: 77.9699
[2019-10-14 10:21:59] Epoch: 12, LR: 0.00100000, Train Accuracy: 85.7724, Val Accuracy: 79.6095
[2019-10-14 10:23:03] Epoch: 13, LR: 0.00100000, Train Accuracy: 88.0488, Val Accuracy: 86.3914
[2019-10-14 10:24:07] Epoch: 14, LR: 0.00100000, Train Accuracy: 87.8049, Val Accuracy: 84.9605
[2019-10-14 10:25:11] Epoch: 15, LR: 0.00100000, Train Accuracy: 86.7480, Val Accuracy: 73.2747
[2019-10-14 10:26:14] Epoch: 16, LR: 0.00100000, Train Accuracy: 89.7561, Val Accuracy: 81.2044
[2019-10-14 10:27:19] Epoch: 17, LR: 0.00100000, Train Accuracy: 89.1057, Val Accuracy: 88.0608
[2019-10-14 10:28:22] Epoch: 18, LR: 0.00100000, Train Accuracy: 89.0244, Val Accuracy: 72.5891
[2019-10-14 10:29:26] Epoch: 19, LR: 0.00100000, Train Accuracy: 85.5285, Val Accuracy: 84.9009
[2019-10-14 10:30:29] Epoch: 20, LR: 0.00100000, Train Accuracy: 87.4797, Val Accuracy: 84.7220
[2019-10-14 10:31:33] Epoch: 21, LR: 0.00100000, Train Accuracy: 88.7805, Val Accuracy: 80.9510
[2019-10-14 10:32:37] Epoch: 22, LR: 0.00100000, Train Accuracy: 91.7886, Val Accuracy: 87.7031
[2019-10-14 10:33:41] Epoch: 23, LR: 0.00100000, Train Accuracy: 90.1626, Val Accuracy: 82.9632
[2019-10-14 10:34:44] Epoch: 24, LR: 0.00100000, Train Accuracy: 91.3821, Val Accuracy: 86.2573
[2019-10-14 10:35:48] Epoch: 25, LR: 0.00100000, Train Accuracy: 89.6748, Val Accuracy: 82.6204
[2019-10-14 10:36:52] Epoch: 26, LR: 0.00100000, Train Accuracy: 91.6260, Val Accuracy: 86.4063
[2019-10-14 10:38:01] Epoch: 27, LR: 0.00100000, Train Accuracy: 89.3496, Val Accuracy: 86.9876
[2019-10-14 10:39:05] Epoch: 28, LR: 0.00100000, Train Accuracy: 91.9512, Val Accuracy: 73.4238
[2019-10-14 10:40:10] Epoch: 29, LR: 0.00100000, Train Accuracy: 89.0244, Val Accuracy: 75.6148
[2019-10-14 10:41:14] Epoch: 30, LR: 0.00100000, Train Accuracy: 90.5691, Val Accuracy: 85.4375
[2019-10-14 10:42:17] Epoch: 31, LR: 0.00100000, Train Accuracy: 92.1951, Val Accuracy: 87.1516
[2019-10-14 10:43:21] Epoch: 32, LR: 0.00100000, Train Accuracy: 90.0813, Val Accuracy: 86.7790
[2019-10-14 10:44:24] Epoch: 33, LR: 0.00100000, Train Accuracy: 88.9431, Val Accuracy: 74.7503
[2019-10-14 10:45:31] Epoch: 34, LR: 0.00100000, Train Accuracy: 92.0325, Val Accuracy: 75.3018
[2019-10-14 10:46:37] Epoch: 35, LR: 0.00100000, Train Accuracy: 89.1870, Val Accuracy: 75.2273
[2019-10-14 10:47:42] Epoch: 36, LR: 0.00100000, Train Accuracy: 90.1626, Val Accuracy: 87.5242
[2019-10-14 10:48:46] Epoch: 37, LR: 0.00100000, Train Accuracy: 89.7561, Val Accuracy: 78.7897
[2019-10-14 10:49:50] Epoch: 38, LR: 0.00100000, Train Accuracy: 88.5366, Val Accuracy: 81.8751
[2019-10-14 10:50:54] Epoch: 39, LR: 0.00100000, Train Accuracy: 88.7805, Val Accuracy: 83.6786
[2019-10-14 10:51:57] Epoch: 40, LR: 0.00100000, Train Accuracy: 91.4634, Val Accuracy: 86.8833
[2019-10-14 10:53:00] Epoch: 41, LR: 0.00100000, Train Accuracy: 89.4309, Val Accuracy: 82.6353
[2019-10-14 10:54:04] Epoch: 42, LR: 0.00100000, Train Accuracy: 90.7317, Val Accuracy: 83.7383
[2019-10-14 10:55:07] Epoch: 43, LR: 0.00100000, Train Accuracy: 90.8130, Val Accuracy: 85.8697
[2019-10-14 10:56:10] Epoch: 44, LR: 0.00100000, Train Accuracy: 93.2520, Val Accuracy: 84.5282
[2019-10-14 10:57:13] Epoch: 45, LR: 0.00100000, Train Accuracy: 92.3577, Val Accuracy: 89.4917
[2019-10-14 10:58:17] Epoch: 46, LR: 0.00100000, Train Accuracy: 93.9837, Val Accuracy: 88.6868
[2019-10-14 10:59:20] Epoch: 47, LR: 0.00100000, Train Accuracy: 93.4146, Val Accuracy: 89.1340
[2019-10-14 11:00:24] Epoch: 48, LR: 0.00100000, Train Accuracy: 91.8699, Val Accuracy: 85.3182
[2019-10-14 11:01:28] Epoch: 49, LR: 0.00100000, Train Accuracy: 93.4146, Val Accuracy: 86.8386
[2019-10-14 11:02:33] Epoch: 50, LR: 0.00100000, Train Accuracy: 93.4959, Val Accuracy: 89.1936
[2019-10-14 11:03:37] Epoch: 51, LR: 0.00100000, Train Accuracy: 94.6341, Val Accuracy: 89.4917
[2019-10-14 11:04:40] Epoch: 52, LR: 0.00100000, Train Accuracy: 94.8780, Val Accuracy: 90.9077
[2019-10-14 11:05:43] Epoch: 53, LR: 0.00100000, Train Accuracy: 95.5285, Val Accuracy: 88.9700
[2019-10-14 11:06:46] Epoch: 54, LR: 0.00100000, Train Accuracy: 94.1463, Val Accuracy: 89.2234
[2019-10-14 11:07:50] Epoch: 55, LR: 0.00100000, Train Accuracy: 95.8537, Val Accuracy: 89.0446
[2019-10-14 11:08:53] Epoch: 56, LR: 0.00100000, Train Accuracy: 96.0976, Val Accuracy: 89.4172
[2019-10-14 11:09:55] Epoch: 57, LR: 0.00100000, Train Accuracy: 95.9350, Val Accuracy: 88.7166
[2019-10-14 11:10:58] Epoch: 58, LR: 0.00100000, Train Accuracy: 95.3659, Val Accuracy: 89.2980
[2019-10-14 11:12:02] Epoch: 59, LR: 0.00100000, Train Accuracy: 94.6341, Val Accuracy: 89.2383
[2019-10-14 11:13:06] Epoch: 60, LR: 0.00100000, Train Accuracy: 94.9593, Val Accuracy: 84.3196
[2019-10-14 11:14:09] Epoch: 61, LR: 0.00100000, Train Accuracy: 95.5285, Val Accuracy: 85.2884
[2019-10-14 11:15:13] Epoch: 62, LR: 0.00100000, Train Accuracy: 97.5610, Val Accuracy: 87.1218
[2019-10-14 11:16:17] Epoch: 63, LR: 0.00100000, Train Accuracy: 96.0976, Val Accuracy: 87.1069
[2019-10-14 11:17:20] Epoch: 64, LR: 0.00100000, Train Accuracy: 96.0976, Val Accuracy: 89.8047
[2019-10-14 11:18:23] Epoch: 65, LR: 0.00100000, Train Accuracy: 96.8293, Val Accuracy: 91.0866
[2019-10-14 11:19:26] Epoch: 66, LR: 0.00100000, Train Accuracy: 97.2358, Val Accuracy: 90.8779
[2019-10-14 11:20:29] Epoch: 67, LR: 0.00100000, Train Accuracy: 96.7480, Val Accuracy: 90.4159
[2019-10-14 11:21:31] Epoch: 68, LR: 0.00100000, Train Accuracy: 97.2358, Val Accuracy: 90.9674
[2019-10-14 11:22:35] Epoch: 69, LR: 0.00100000, Train Accuracy: 95.6911, Val Accuracy: 85.1096
[2019-10-14 11:23:39] Epoch: 70, LR: 0.00100000, Train Accuracy: 95.2846, Val Accuracy: 78.7301
[2019-10-14 11:24:42] Epoch: 71, LR: 0.00010000, Train Accuracy: 96.5854, Val Accuracy: 89.6855
[2019-10-14 11:25:46] Epoch: 72, LR: 0.00010000, Train Accuracy: 96.5041, Val Accuracy: 91.3549
[2019-10-14 11:26:49] Epoch: 73, LR: 0.00010000, Train Accuracy: 97.0732, Val Accuracy: 91.9213
[2019-10-14 11:27:52] Epoch: 74, LR: 0.00010000, Train Accuracy: 97.3171, Val Accuracy: 92.3386
[2019-10-14 11:28:56] Epoch: 75, LR: 0.00010000, Train Accuracy: 98.1301, Val Accuracy: 92.3536
[2019-10-14 11:29:59] Epoch: 76, LR: 0.00010000, Train Accuracy: 97.6423, Val Accuracy: 92.3088
[2019-10-14 11:31:04] Epoch: 77, LR: 0.00010000, Train Accuracy: 97.9675, Val Accuracy: 92.4281
[2019-10-14 11:32:12] Epoch: 78, LR: 0.00010000, Train Accuracy: 98.1301, Val Accuracy: 92.7262
[2019-10-14 11:33:17] Epoch: 79, LR: 0.00010000, Train Accuracy: 98.5366, Val Accuracy: 92.8603
[2019-10-14 11:34:21] Epoch: 80, LR: 0.00010000, Train Accuracy: 98.1301, Val Accuracy: 92.8305
[2019-10-14 11:35:25] Epoch: 81, LR: 0.00010000, Train Accuracy: 98.5366, Val Accuracy: 92.8752
[2019-10-14 11:36:28] Epoch: 82, LR: 0.00010000, Train Accuracy: 98.6179, Val Accuracy: 92.9051
[2019-10-14 11:37:31] Epoch: 83, LR: 0.00010000, Train Accuracy: 98.1301, Val Accuracy: 92.9498
[2019-10-14 11:38:35] Epoch: 84, LR: 0.00010000, Train Accuracy: 99.0244, Val Accuracy: 93.0392
[2019-10-14 11:39:38] Epoch: 85, LR: 0.00010000, Train Accuracy: 98.5366, Val Accuracy: 93.0690
[2019-10-14 11:40:41] Epoch: 86, LR: 0.00010000, Train Accuracy: 98.6992, Val Accuracy: 93.0392
[2019-10-14 11:41:45] Epoch: 87, LR: 0.00010000, Train Accuracy: 99.1057, Val Accuracy: 92.9647
[2019-10-14 11:42:49] Epoch: 88, LR: 0.00010000, Train Accuracy: 98.6992, Val Accuracy: 93.1137
[2019-10-14 11:43:53] Epoch: 89, LR: 0.00010000, Train Accuracy: 99.3496, Val Accuracy: 93.0541
[2019-10-14 11:44:56] Epoch: 90, LR: 0.00010000, Train Accuracy: 98.3740, Val Accuracy: 92.9498
[2019-10-14 11:46:00] Epoch: 91, LR: 0.00010000, Train Accuracy: 99.1057, Val Accuracy: 93.1435
[2019-10-14 11:47:04] Epoch: 92, LR: 0.00010000, Train Accuracy: 98.5366, Val Accuracy: 93.0392
[2019-10-14 11:48:07] Epoch: 93, LR: 0.00010000, Train Accuracy: 98.9431, Val Accuracy: 93.0541
[2019-10-14 11:49:12] Epoch: 94, LR: 0.00010000, Train Accuracy: 98.8618, Val Accuracy: 92.9200
[2019-10-14 11:50:16] Epoch: 95, LR: 0.00010000, Train Accuracy: 99.1057, Val Accuracy: 93.0094
[2019-10-14 11:51:20] Epoch: 96, LR: 0.00010000, Train Accuracy: 98.7805, Val Accuracy: 93.1137
[2019-10-14 11:52:24] Epoch: 97, LR: 0.00010000, Train Accuracy: 99.0244, Val Accuracy: 92.7560
[2019-10-14 11:53:29] Epoch: 98, LR: 0.00010000, Train Accuracy: 98.7805, Val Accuracy: 92.8901
[2019-10-14 11:54:33] Epoch: 99, LR: 0.00010000, Train Accuracy: 98.8618, Val Accuracy: 92.9349
[2019-10-14 11:55:37] Epoch: 100, LR: 0.00010000, Train Accuracy: 98.6179, Val Accuracy: 92.8603
[2019-10-14 11:56:40] Epoch: 101, LR: 0.00010000, Train Accuracy: 99.1870, Val Accuracy: 92.7411
[2019-10-14 11:57:44] Epoch: 102, LR: 0.00010000, Train Accuracy: 99.1057, Val Accuracy: 92.8901
[2019-10-14 11:58:47] Epoch: 103, LR: 0.00010000, Train Accuracy: 99.0244, Val Accuracy: 92.8901
[2019-10-14 11:59:51] Epoch: 104, LR: 0.00010000, Train Accuracy: 99.5122, Val Accuracy: 92.9349
[2019-10-14 12:00:55] Epoch: 105, LR: 0.00010000, Train Accuracy: 98.6179, Val Accuracy: 92.8156
[2019-10-14 12:02:04] Epoch: 106, LR: 0.00010000, Train Accuracy: 99.1870, Val Accuracy: 92.8752
[2019-10-14 12:03:07] Epoch: 107, LR: 0.00010000, Train Accuracy: 99.1870, Val Accuracy: 92.9349
[2019-10-14 12:04:11] Epoch: 108, LR: 0.00010000, Train Accuracy: 99.5122, Val Accuracy: 92.8305
[2019-10-14 12:05:14] Epoch: 109, LR: 0.00010000, Train Accuracy: 99.4309, Val Accuracy: 93.0094
[2019-10-14 12:06:18] Epoch: 110, LR: 0.00010000, Train Accuracy: 99.5935, Val Accuracy: 92.9498
[2019-10-14 12:07:23] Epoch: 111, LR: 0.00010000, Train Accuracy: 99.4309, Val Accuracy: 92.9945
[2019-10-14 12:08:26] Epoch: 112, LR: 0.00010000, Train Accuracy: 98.9431, Val Accuracy: 92.6964
[2019-10-14 12:09:30] Epoch: 113, LR: 0.00010000, Train Accuracy: 98.7805, Val Accuracy: 92.8156
[2019-10-14 12:10:34] Epoch: 114, LR: 0.00010000, Train Accuracy: 99.3496, Val Accuracy: 92.9349
[2019-10-14 12:11:37] Epoch: 115, LR: 0.00010000, Train Accuracy: 98.7805, Val Accuracy: 93.0839
[2019-10-14 12:12:41] Epoch: 116, LR: 0.00010000, Train Accuracy: 99.1057, Val Accuracy: 93.1137
[2019-10-14 12:13:44] Epoch: 117, LR: 0.00010000, Train Accuracy: 99.1057, Val Accuracy: 93.0541
[2019-10-14 12:14:47] Epoch: 118, LR: 0.00010000, Train Accuracy: 99.0244, Val Accuracy: 92.7709
[2019-10-14 12:15:51] Epoch: 119, LR: 0.00010000, Train Accuracy: 99.5122, Val Accuracy: 92.9051
[2019-10-14 12:16:54] Epoch: 120, LR: 0.00010000, Train Accuracy: 99.2683, Val Accuracy: 92.9200
[2019-10-14 12:17:59] Epoch: 121, LR: 0.00010000, Train Accuracy: 99.1057, Val Accuracy: 92.9945
[2019-10-14 12:19:02] Epoch: 122, LR: 0.00010000, Train Accuracy: 99.2683, Val Accuracy: 93.0243
[2019-10-14 12:20:06] Epoch: 123, LR: 0.00010000, Train Accuracy: 99.0244, Val Accuracy: 93.0839
[2019-10-14 12:21:09] Epoch: 124, LR: 0.00010000, Train Accuracy: 99.4309, Val Accuracy: 92.5473
[2019-10-14 12:22:13] Epoch: 125, LR: 0.00010000, Train Accuracy: 99.0244, Val Accuracy: 92.5622
[2019-10-14 12:23:17] Epoch: 126, LR: 0.00010000, Train Accuracy: 98.6992, Val Accuracy: 92.6815
[2019-10-14 12:24:21] Epoch: 127, LR: 0.00010000, Train Accuracy: 99.5935, Val Accuracy: 92.5473
[2019-10-14 12:25:25] Epoch: 128, LR: 0.00010000, Train Accuracy: 99.2683, Val Accuracy: 92.6069
[2019-10-14 12:26:32] Epoch: 129, LR: 0.00010000, Train Accuracy: 99.8374, Val Accuracy: 92.7262
[2019-10-14 12:27:37] Epoch: 130, LR: 0.00010000, Train Accuracy: 99.4309, Val Accuracy: 92.8007
[2019-10-14 12:28:42] Epoch: 131, LR: 0.00001000, Train Accuracy: 99.2683, Val Accuracy: 92.7858
[2019-10-14 12:29:46] Epoch: 132, LR: 0.00001000, Train Accuracy: 99.3496, Val Accuracy: 92.8603
[2019-10-14 12:30:49] Epoch: 133, LR: 0.00001000, Train Accuracy: 99.4309, Val Accuracy: 92.8603
[2019-10-14 12:31:54] Epoch: 134, LR: 0.00001000, Train Accuracy: 99.3496, Val Accuracy: 92.8305
[2019-10-14 12:32:58] Epoch: 135, LR: 0.00001000, Train Accuracy: 99.6748, Val Accuracy: 92.9349
[2019-10-14 12:34:08] Epoch: 136, LR: 0.00001000, Train Accuracy: 99.5122, Val Accuracy: 92.8454
[2019-10-14 12:35:11] Epoch: 137, LR: 0.00001000, Train Accuracy: 99.5122, Val Accuracy: 92.8901
[2019-10-14 12:36:15] Epoch: 138, LR: 0.00001000, Train Accuracy: 99.3496, Val Accuracy: 92.9051
[2019-10-14 12:37:18] Epoch: 139, LR: 0.00001000, Train Accuracy: 99.6748, Val Accuracy: 92.8752
[2019-10-14 12:38:22] Epoch: 140, LR: 0.00001000, Train Accuracy: 99.2683, Val Accuracy: 92.8752
[2019-10-14 12:39:26] Epoch: 141, LR: 0.00001000, Train Accuracy: 99.1057, Val Accuracy: 92.9796
[2019-10-14 12:40:38] Epoch: 142, LR: 0.00001000, Train Accuracy: 99.6748, Val Accuracy: 92.9498
[2019-10-14 12:41:42] Epoch: 143, LR: 0.00001000, Train Accuracy: 99.3496, Val Accuracy: 92.9349
[2019-10-14 12:42:46] Epoch: 144, LR: 0.00001000, Train Accuracy: 99.1870, Val Accuracy: 92.8603
[2019-10-14 12:43:50] Epoch: 145, LR: 0.00001000, Train Accuracy: 99.1870, Val Accuracy: 93.0243
[2019-10-14 12:44:53] Epoch: 146, LR: 0.00001000, Train Accuracy: 99.5935, Val Accuracy: 92.9945
[2019-10-14 12:45:58] Epoch: 147, LR: 0.00001000, Train Accuracy: 99.4309, Val Accuracy: 92.9349
[2019-10-14 12:47:03] Epoch: 148, LR: 0.00001000, Train Accuracy: 99.5935, Val Accuracy: 92.9647
[2019-10-14 12:48:07] Epoch: 149, LR: 0.00001000, Train Accuracy: 99.4309, Val Accuracy: 92.9945
[2019-10-14 12:49:10] Epoch: 150, LR: 0.00001000, Train Accuracy: 99.2683, Val Accuracy: 92.9945
[2019-10-14 12:50:14] Epoch: 151, LR: 0.00001000, Train Accuracy: 99.3496, Val Accuracy: 93.0392
[2019-10-14 12:51:18] Epoch: 152, LR: 0.00001000, Train Accuracy: 99.1870, Val Accuracy: 92.9945
[2019-10-14 12:52:21] Epoch: 153, LR: 0.00001000, Train Accuracy: 99.6748, Val Accuracy: 93.0243
[2019-10-14 12:53:25] Epoch: 154, LR: 0.00001000, Train Accuracy: 99.5122, Val Accuracy: 93.0392
[2019-10-14 12:54:28] Epoch: 155, LR: 0.00001000, Train Accuracy: 99.4309, Val Accuracy: 93.0094
[2019-10-14 12:55:32] Epoch: 156, LR: 0.00001000, Train Accuracy: 99.1870, Val Accuracy: 93.0541
[2019-10-14 12:56:35] Epoch: 157, LR: 0.00001000, Train Accuracy: 99.1057, Val Accuracy: 92.9945
[2019-10-14 12:57:39] Epoch: 158, LR: 0.00001000, Train Accuracy: 99.6748, Val Accuracy: 92.9647
[2019-10-14 12:58:43] Epoch: 159, LR: 0.00001000, Train Accuracy: 99.1057, Val Accuracy: 92.8603
[2019-10-14 12:59:46] Epoch: 160, LR: 0.00001000, Train Accuracy: 99.5935, Val Accuracy: 92.8752
[2019-10-14 13:00:50] Epoch: 161, LR: 0.00001000, Train Accuracy: 99.1870, Val Accuracy: 92.9498
[2019-10-14 13:01:54] Epoch: 162, LR: 0.00001000, Train Accuracy: 99.5935, Val Accuracy: 93.0690
[2019-10-14 13:02:57] Epoch: 163, LR: 0.00001000, Train Accuracy: 99.5935, Val Accuracy: 92.9945
[2019-10-14 13:04:01] Epoch: 164, LR: 0.00001000, Train Accuracy: 99.3496, Val Accuracy: 93.0839
[2019-10-14 13:05:05] Epoch: 165, LR: 0.00001000, Train Accuracy: 99.4309, Val Accuracy: 92.9349
[2019-10-14 13:06:09] Epoch: 166, LR: 0.00001000, Train Accuracy: 99.3496, Val Accuracy: 92.8603
[2019-10-14 13:07:12] Epoch: 167, LR: 0.00001000, Train Accuracy: 99.3496, Val Accuracy: 92.9051
[2019-10-14 13:08:16] Epoch: 168, LR: 0.00001000, Train Accuracy: 99.5935, Val Accuracy: 92.9796
[2019-10-14 13:09:20] Epoch: 169, LR: 0.00001000, Train Accuracy: 99.2683, Val Accuracy: 92.9498
[2019-10-14 13:10:23] Epoch: 170, LR: 0.00001000, Train Accuracy: 99.5122, Val Accuracy: 93.0094
[2019-10-14 13:11:26] Epoch: 171, LR: 0.00000100, Train Accuracy: 99.7561, Val Accuracy: 92.9647
[2019-10-14 13:12:30] Epoch: 172, LR: 0.00000100, Train Accuracy: 99.1057, Val Accuracy: 93.0094
[2019-10-14 13:13:33] Epoch: 173, LR: 0.00000100, Train Accuracy: 99.5935, Val Accuracy: 92.9200
[2019-10-14 13:14:37] Epoch: 174, LR: 0.00000100, Train Accuracy: 99.5935, Val Accuracy: 92.9498
[2019-10-14 13:15:41] Epoch: 175, LR: 0.00000100, Train Accuracy: 99.3496, Val Accuracy: 92.9051
[2019-10-14 13:16:46] Epoch: 176, LR: 0.00000100, Train Accuracy: 99.6748, Val Accuracy: 92.9349
[2019-10-14 13:17:55] Epoch: 177, LR: 0.00000100, Train Accuracy: 99.5122, Val Accuracy: 92.9200
[2019-10-14 13:18:58] Epoch: 178, LR: 0.00000100, Train Accuracy: 99.6748, Val Accuracy: 93.0839
[2019-10-14 13:20:01] Epoch: 179, LR: 0.00000100, Train Accuracy: 99.5122, Val Accuracy: 93.0839
[2019-10-14 13:21:05] Epoch: 180, LR: 0.00000100, Train Accuracy: 99.5122, Val Accuracy: 93.0690
[2019-10-14 13:22:08] Epoch: 181, LR: 0.00000100, Train Accuracy: 99.5935, Val Accuracy: 92.9945
[2019-10-14 13:23:11] Epoch: 182, LR: 0.00000100, Train Accuracy: 99.5122, Val Accuracy: 92.8901
[2019-10-14 13:24:15] Epoch: 183, LR: 0.00000100, Train Accuracy: 99.1057, Val Accuracy: 93.0392
[2019-10-14 13:25:19] Epoch: 184, LR: 0.00000100, Train Accuracy: 99.2683, Val Accuracy: 92.9796
[2019-10-14 13:26:23] Epoch: 185, LR: 0.00000100, Train Accuracy: 99.3496, Val Accuracy: 92.9200
[2019-10-14 13:27:28] Epoch: 186, LR: 0.00000100, Train Accuracy: 99.6748, Val Accuracy: 92.9796
[2019-10-14 13:28:32] Epoch: 187, LR: 0.00000100, Train Accuracy: 99.4309, Val Accuracy: 93.0243
[2019-10-14 13:29:36] Epoch: 188, LR: 0.00000100, Train Accuracy: 99.5122, Val Accuracy: 92.9498
[2019-10-14 13:30:39] Epoch: 189, LR: 0.00000100, Train Accuracy: 99.2683, Val Accuracy: 92.9498
[2019-10-14 13:31:42] Epoch: 190, LR: 0.00000100, Train Accuracy: 99.1870, Val Accuracy: 92.9945
[2019-10-14 13:32:46] Epoch: 191, LR: 0.00000100, Train Accuracy: 99.5122, Val Accuracy: 92.9647
[2019-10-14 13:33:49] Epoch: 192, LR: 0.00000100, Train Accuracy: 99.2683, Val Accuracy: 93.0392
[2019-10-14 13:34:58] Epoch: 193, LR: 0.00000100, Train Accuracy: 99.3496, Val Accuracy: 92.9945
[2019-10-14 13:36:01] Epoch: 194, LR: 0.00000100, Train Accuracy: 99.4309, Val Accuracy: 92.9945
[2019-10-14 13:37:06] Epoch: 195, LR: 0.00000100, Train Accuracy: 99.4309, Val Accuracy: 92.9349
[2019-10-14 13:38:09] Epoch: 196, LR: 0.00000100, Train Accuracy: 99.4309, Val Accuracy: 93.0094
[2019-10-14 13:39:04] Epoch: 197, LR: 0.00000100, Train Accuracy: 99.5122, Val Accuracy: 92.9796
[2019-10-14 13:39:58] Epoch: 198, LR: 0.00000100, Train Accuracy: 99.1870, Val Accuracy: 93.0243
[2019-10-14 13:40:53] Epoch: 199, LR: 0.00000100, Train Accuracy: 99.4309, Val Accuracy: 92.9945
[2019-10-14 13:41:48] Epoch: 200, LR: 0.00000100, Train Accuracy: 99.6748, Val Accuracy: 93.0690

------------------------------------------------
Best Validation Accuracy 93.1435 at epoch 91
------------------------------------------------

---------------- Train Analysis ----------------
Accuracy of Parcheo : 82.50% 
Accuracy of Marca vial : 98.27% 
Accuracy of Sin daño : 95.75% 
Accuracy of Grietas transversales : 95.78% 
Accuracy of Huecos : 72.12% 
Accuracy of Grietas longitudinales : 92.35% 
Accuracy of Meteorización y desprendimiento : 83.40% 
Accuracy of Grietas en forma de piel de cocodrilo : 92.99% 
Accuracy of Alcantarillado : 97.72% 
