
---- Start ----


--------------------------------------------
model_name: resnet18
steps_scheduler: True
epochs: 200
batch_size: 32
plateau_scheduler: False
output_dir: results/resnet18_sgd_momentum_224to224_lr0.01_NoDA/
verbose: False
validation_size: 0.15
img_size: 224
optimizer: sgd_momentum
learning_rate: 0.01
min_learning_rate: 1e-05
pretrained: False
crop_size: 224
data_augmentation: False
steps_best: False

-------------- START TRAINING --------------
[2019-09-17 10:53:32] Epoch: 1, LR: 0.01000000, Train Accuracy: 37.2555, Val Accuracy: 21.9983
[2019-09-17 10:56:59] Epoch: 2, LR: 0.01000000, Train Accuracy: 51.9858, Val Accuracy: 56.0873
[2019-09-17 11:00:26] Epoch: 3, LR: 0.01000000, Train Accuracy: 64.3302, Val Accuracy: 57.5147
[2019-09-17 11:03:55] Epoch: 4, LR: 0.01000000, Train Accuracy: 72.6586, Val Accuracy: 72.4601
[2019-09-17 11:07:24] Epoch: 5, LR: 0.01000000, Train Accuracy: 77.2081, Val Accuracy: 67.9261
[2019-09-17 11:10:50] Epoch: 6, LR: 0.01000000, Train Accuracy: 79.0160, Val Accuracy: 67.6742
[2019-09-17 11:14:15] Epoch: 7, LR: 0.01000000, Train Accuracy: 81.6686, Val Accuracy: 58.1864
[2019-09-17 11:17:41] Epoch: 8, LR: 0.01000000, Train Accuracy: 82.7356, Val Accuracy: 80.4366
[2019-09-17 11:21:16] Epoch: 9, LR: 0.01000000, Train Accuracy: 83.9508, Val Accuracy: 65.1553
[2019-09-17 11:24:45] Epoch: 10, LR: 0.01000000, Train Accuracy: 84.5584, Val Accuracy: 80.0168
[2019-09-17 11:28:12] Epoch: 11, LR: 0.01000000, Train Accuracy: 86.6775, Val Accuracy: 84.0470
[2019-09-17 11:31:39] Epoch: 12, LR: 0.01000000, Train Accuracy: 87.2703, Val Accuracy: 81.6121
[2019-09-17 11:35:06] Epoch: 13, LR: 0.01000000, Train Accuracy: 88.3669, Val Accuracy: 73.5516
[2019-09-17 11:38:32] Epoch: 14, LR: 0.01000000, Train Accuracy: 88.2632, Val Accuracy: 84.8027
[2019-09-17 11:41:59] Epoch: 15, LR: 0.01000000, Train Accuracy: 89.5821, Val Accuracy: 72.9639
[2019-09-17 11:45:26] Epoch: 16, LR: 0.01000000, Train Accuracy: 90.1008, Val Accuracy: 84.2149
[2019-09-17 11:48:54] Epoch: 17, LR: 0.01000000, Train Accuracy: 89.9229, Val Accuracy: 86.3140
[2019-09-17 11:52:21] Epoch: 18, LR: 0.01000000, Train Accuracy: 90.7676, Val Accuracy: 84.4668
[2019-09-17 11:55:50] Epoch: 19, LR: 0.01000000, Train Accuracy: 90.9603, Val Accuracy: 87.1537
[2019-09-17 11:59:19] Epoch: 20, LR: 0.01000000, Train Accuracy: 91.4049, Val Accuracy: 82.7036
[2019-09-17 12:02:48] Epoch: 21, LR: 0.01000000, Train Accuracy: 91.5234, Val Accuracy: 85.7263
[2019-09-17 12:06:16] Epoch: 22, LR: 0.01000000, Train Accuracy: 92.7238, Val Accuracy: 88.7490
[2019-09-17 12:09:42] Epoch: 23, LR: 0.01000000, Train Accuracy: 92.0421, Val Accuracy: 90.8480
[2019-09-17 12:13:10] Epoch: 24, LR: 0.01000000, Train Accuracy: 93.1239, Val Accuracy: 85.7263
[2019-09-17 12:16:38] Epoch: 25, LR: 0.01000000, Train Accuracy: 92.6497, Val Accuracy: 92.1075
[2019-09-17 12:20:04] Epoch: 26, LR: 0.01000000, Train Accuracy: 93.7759, Val Accuracy: 93.4509
[2019-09-17 12:23:30] Epoch: 27, LR: 0.01000000, Train Accuracy: 93.3758, Val Accuracy: 81.4442
[2019-09-17 12:26:58] Epoch: 28, LR: 0.01000000, Train Accuracy: 93.8352, Val Accuracy: 89.8405
[2019-09-17 12:30:26] Epoch: 29, LR: 0.01000000, Train Accuracy: 92.8275, Val Accuracy: 88.1612
[2019-09-17 12:33:54] Epoch: 30, LR: 0.01000000, Train Accuracy: 94.5317, Val Accuracy: 91.6037
[2019-09-17 12:37:20] Epoch: 31, LR: 0.01000000, Train Accuracy: 94.2501, Val Accuracy: 85.8102
[2019-09-17 12:40:46] Epoch: 32, LR: 0.01000000, Train Accuracy: 95.5542, Val Accuracy: 90.1763
[2019-09-17 12:44:14] Epoch: 33, LR: 0.01000000, Train Accuracy: 95.7913, Val Accuracy: 95.2981
[2019-09-17 12:47:40] Epoch: 34, LR: 0.01000000, Train Accuracy: 95.8803, Val Accuracy: 94.0386
[2019-09-17 12:51:10] Epoch: 35, LR: 0.01000000, Train Accuracy: 95.8210, Val Accuracy: 97.4811
[2019-09-17 12:54:37] Epoch: 36, LR: 0.01000000, Train Accuracy: 96.4582, Val Accuracy: 94.6264
[2019-09-17 12:58:03] Epoch: 37, LR: 0.01000000, Train Accuracy: 96.4434, Val Accuracy: 98.2368
[2019-09-17 13:01:29] Epoch: 38, LR: 0.01000000, Train Accuracy: 96.5027, Val Accuracy: 92.1914
[2019-09-17 13:04:56] Epoch: 39, LR: 0.01000000, Train Accuracy: 97.1251, Val Accuracy: 92.6952
[2019-09-17 13:08:24] Epoch: 40, LR: 0.01000000, Train Accuracy: 96.3989, Val Accuracy: 95.9698
[2019-09-17 13:11:51] Epoch: 41, LR: 0.01000000, Train Accuracy: 97.3325, Val Accuracy: 95.5500
[2019-09-17 13:15:17] Epoch: 42, LR: 0.01000000, Train Accuracy: 96.4286, Val Accuracy: 94.0386
[2019-09-17 13:18:42] Epoch: 43, LR: 0.01000000, Train Accuracy: 96.6360, Val Accuracy: 87.7414
[2019-09-17 13:22:08] Epoch: 44, LR: 0.01000000, Train Accuracy: 97.4511, Val Accuracy: 91.3518
[2019-09-17 13:25:35] Epoch: 45, LR: 0.01000000, Train Accuracy: 97.7919, Val Accuracy: 98.4047
[2019-09-17 13:29:02] Epoch: 46, LR: 0.01000000, Train Accuracy: 98.3551, Val Accuracy: 98.0688
[2019-09-17 13:32:30] Epoch: 47, LR: 0.01000000, Train Accuracy: 98.5922, Val Accuracy: 92.8631
[2019-09-17 13:35:57] Epoch: 48, LR: 0.01000000, Train Accuracy: 97.9401, Val Accuracy: 97.7330
[2019-09-17 13:39:25] Epoch: 49, LR: 0.01000000, Train Accuracy: 98.3254, Val Accuracy: 97.4811
[2019-09-17 13:42:52] Epoch: 50, LR: 0.01000000, Train Accuracy: 98.5033, Val Accuracy: 96.3896
[2019-09-17 13:46:18] Epoch: 51, LR: 0.01000000, Train Accuracy: 98.3995, Val Accuracy: 92.1075
[2019-09-17 13:49:46] Epoch: 52, LR: 0.01000000, Train Accuracy: 97.7178, Val Accuracy: 99.4962
[2019-09-17 13:53:14] Epoch: 53, LR: 0.01000000, Train Accuracy: 99.1405, Val Accuracy: 92.2754
[2019-09-17 13:56:40] Epoch: 54, LR: 0.01000000, Train Accuracy: 98.9923, Val Accuracy: 77.2460
[2019-09-17 14:00:09] Epoch: 55, LR: 0.01000000, Train Accuracy: 98.6663, Val Accuracy: 97.4811
[2019-09-17 14:03:38] Epoch: 56, LR: 0.01000000, Train Accuracy: 98.8589, Val Accuracy: 98.6566
[2019-09-17 14:07:06] Epoch: 57, LR: 0.01000000, Train Accuracy: 99.3035, Val Accuracy: 99.4962
[2019-09-17 14:10:33] Epoch: 58, LR: 0.01000000, Train Accuracy: 99.2739, Val Accuracy: 99.8321
[2019-09-17 14:14:01] Epoch: 59, LR: 0.01000000, Train Accuracy: 99.3480, Val Accuracy: 94.5424
[2019-09-17 14:17:29] Epoch: 60, LR: 0.01000000, Train Accuracy: 99.3331, Val Accuracy: 96.1377
[2019-09-17 14:20:55] Epoch: 61, LR: 0.01000000, Train Accuracy: 98.0290, Val Accuracy: 89.7565
[2019-09-17 14:24:23] Epoch: 62, LR: 0.01000000, Train Accuracy: 98.8145, Val Accuracy: 98.0688
[2019-09-17 14:27:50] Epoch: 63, LR: 0.01000000, Train Accuracy: 98.8589, Val Accuracy: 99.3283
[2019-09-17 14:31:15] Epoch: 64, LR: 0.01000000, Train Accuracy: 98.2662, Val Accuracy: 97.2292
[2019-09-17 14:34:42] Epoch: 65, LR: 0.01000000, Train Accuracy: 98.1180, Val Accuracy: 98.4887
[2019-09-17 14:38:09] Epoch: 66, LR: 0.01000000, Train Accuracy: 99.3035, Val Accuracy: 99.8321
[2019-09-17 14:41:37] Epoch: 67, LR: 0.01000000, Train Accuracy: 99.2590, Val Accuracy: 97.0613
[2019-09-17 14:45:04] Epoch: 68, LR: 0.01000000, Train Accuracy: 99.5851, Val Accuracy: 99.6641
[2019-09-17 14:48:34] Epoch: 69, LR: 0.01000000, Train Accuracy: 99.4517, Val Accuracy: 100.0000
[2019-09-17 14:52:03] Epoch: 70, LR: 0.01000000, Train Accuracy: 99.8518, Val Accuracy: 99.9160
[2019-09-17 14:55:30] Epoch: 71, LR: 0.00100000, Train Accuracy: 99.8963, Val Accuracy: 100.0000
[2019-09-17 14:58:59] Epoch: 72, LR: 0.00100000, Train Accuracy: 99.9111, Val Accuracy: 100.0000
[2019-09-17 15:02:27] Epoch: 73, LR: 0.00100000, Train Accuracy: 99.9704, Val Accuracy: 100.0000
[2019-09-17 15:05:56] Epoch: 74, LR: 0.00100000, Train Accuracy: 99.9852, Val Accuracy: 100.0000
[2019-09-17 15:09:25] Epoch: 75, LR: 0.00100000, Train Accuracy: 99.9704, Val Accuracy: 100.0000
[2019-09-17 15:12:53] Epoch: 76, LR: 0.00100000, Train Accuracy: 99.9704, Val Accuracy: 100.0000
[2019-09-17 15:16:18] Epoch: 77, LR: 0.00100000, Train Accuracy: 99.9852, Val Accuracy: 100.0000
[2019-09-17 15:19:44] Epoch: 78, LR: 0.00100000, Train Accuracy: 99.9704, Val Accuracy: 100.0000
[2019-09-17 15:23:12] Epoch: 79, LR: 0.00100000, Train Accuracy: 99.9852, Val Accuracy: 100.0000
[2019-09-17 15:26:40] Epoch: 80, LR: 0.00100000, Train Accuracy: 100.0000, Val Accuracy: 100.0000
[2019-09-17 15:30:09] Epoch: 81, LR: 0.00100000, Train Accuracy: 99.9704, Val Accuracy: 100.0000
[2019-09-17 15:33:37] Epoch: 82, LR: 0.00100000, Train Accuracy: 99.9704, Val Accuracy: 100.0000
[2019-09-17 15:37:06] Epoch: 83, LR: 0.00100000, Train Accuracy: 100.0000, Val Accuracy: 100.0000
[2019-09-17 15:40:33] Epoch: 84, LR: 0.00100000, Train Accuracy: 99.9704, Val Accuracy: 100.0000
[2019-09-17 15:43:59] Epoch: 85, LR: 0.00100000, Train Accuracy: 100.0000, Val Accuracy: 100.0000
[2019-09-17 15:47:27] Epoch: 86, LR: 0.00100000, Train Accuracy: 100.0000, Val Accuracy: 100.0000
[2019-09-17 15:50:54] Epoch: 87, LR: 0.00100000, Train Accuracy: 99.9555, Val Accuracy: 100.0000
[2019-09-17 15:54:22] Epoch: 88, LR: 0.00100000, Train Accuracy: 99.9852, Val Accuracy: 100.0000
[2019-09-17 15:57:49] Epoch: 89, LR: 0.00100000, Train Accuracy: 100.0000, Val Accuracy: 100.0000
[2019-09-17 16:01:15] Epoch: 90, LR: 0.00100000, Train Accuracy: 100.0000, Val Accuracy: 100.0000
[2019-09-17 16:04:42] Epoch: 91, LR: 0.00100000, Train Accuracy: 99.9555, Val Accuracy: 100.0000
[2019-09-17 16:08:09] Epoch: 92, LR: 0.00100000, Train Accuracy: 100.0000, Val Accuracy: 100.0000
[2019-09-17 16:11:38] Epoch: 93, LR: 0.00100000, Train Accuracy: 100.0000, Val Accuracy: 100.0000
[2019-09-17 16:15:06] Epoch: 94, LR: 0.00100000, Train Accuracy: 100.0000, Val Accuracy: 100.0000
[2019-09-17 16:18:34] Epoch: 95, LR: 0.00100000, Train Accuracy: 100.0000, Val Accuracy: 100.0000
[2019-09-17 16:22:02] Epoch: 96, LR: 0.00100000, Train Accuracy: 99.9704, Val Accuracy: 100.0000
[2019-09-17 16:25:29] Epoch: 97, LR: 0.00100000, Train Accuracy: 99.9852, Val Accuracy: 100.0000
[2019-09-17 16:28:57] Epoch: 98, LR: 0.00100000, Train Accuracy: 99.9852, Val Accuracy: 100.0000
[2019-09-17 16:32:25] Epoch: 99, LR: 0.00100000, Train Accuracy: 99.9704, Val Accuracy: 100.0000
[2019-09-17 16:35:52] Epoch: 100, LR: 0.00100000, Train Accuracy: 99.9259, Val Accuracy: 100.0000
[2019-09-17 16:39:18] Epoch: 101, LR: 0.00100000, Train Accuracy: 100.0000, Val Accuracy: 100.0000
[2019-09-17 16:42:45] Epoch: 102, LR: 0.00100000, Train Accuracy: 100.0000, Val Accuracy: 100.0000
[2019-09-17 16:46:12] Epoch: 103, LR: 0.00100000, Train Accuracy: 100.0000, Val Accuracy: 100.0000
[2019-09-17 16:49:40] Epoch: 104, LR: 0.00100000, Train Accuracy: 100.0000, Val Accuracy: 100.0000
[2019-09-17 16:53:06] Epoch: 105, LR: 0.00100000, Train Accuracy: 100.0000, Val Accuracy: 100.0000
[2019-09-17 16:56:34] Epoch: 106, LR: 0.00100000, Train Accuracy: 100.0000, Val Accuracy: 100.0000
[2019-09-17 17:00:03] Epoch: 107, LR: 0.00100000, Train Accuracy: 99.9704, Val Accuracy: 100.0000
[2019-09-17 17:03:29] Epoch: 108, LR: 0.00100000, Train Accuracy: 100.0000, Val Accuracy: 100.0000
[2019-09-17 17:06:56] Epoch: 109, LR: 0.00100000, Train Accuracy: 99.9704, Val Accuracy: 100.0000
[2019-09-17 17:10:23] Epoch: 110, LR: 0.00100000, Train Accuracy: 100.0000, Val Accuracy: 100.0000
[2019-09-17 17:13:50] Epoch: 111, LR: 0.00100000, Train Accuracy: 100.0000, Val Accuracy: 100.0000
[2019-09-17 17:17:18] Epoch: 112, LR: 0.00100000, Train Accuracy: 100.0000, Val Accuracy: 100.0000
[2019-09-17 17:20:45] Epoch: 113, LR: 0.00100000, Train Accuracy: 100.0000, Val Accuracy: 100.0000
[2019-09-17 17:24:12] Epoch: 114, LR: 0.00100000, Train Accuracy: 100.0000, Val Accuracy: 100.0000
[2019-09-17 17:27:40] Epoch: 115, LR: 0.00100000, Train Accuracy: 100.0000, Val Accuracy: 100.0000
[2019-09-17 17:31:07] Epoch: 116, LR: 0.00100000, Train Accuracy: 100.0000, Val Accuracy: 100.0000
[2019-09-17 17:34:35] Epoch: 117, LR: 0.00100000, Train Accuracy: 99.9704, Val Accuracy: 100.0000
[2019-09-17 17:38:03] Epoch: 118, LR: 0.00100000, Train Accuracy: 100.0000, Val Accuracy: 100.0000
[2019-09-17 17:41:31] Epoch: 119, LR: 0.00100000, Train Accuracy: 100.0000, Val Accuracy: 100.0000
[2019-09-17 17:44:59] Epoch: 120, LR: 0.00100000, Train Accuracy: 99.9852, Val Accuracy: 100.0000
[2019-09-17 17:48:26] Epoch: 121, LR: 0.00100000, Train Accuracy: 99.9852, Val Accuracy: 100.0000
[2019-09-17 17:51:52] Epoch: 122, LR: 0.00100000, Train Accuracy: 100.0000, Val Accuracy: 100.0000
[2019-09-17 17:55:20] Epoch: 123, LR: 0.00100000, Train Accuracy: 100.0000, Val Accuracy: 100.0000
[2019-09-17 17:58:48] Epoch: 124, LR: 0.00100000, Train Accuracy: 100.0000, Val Accuracy: 100.0000
[2019-09-17 18:02:16] Epoch: 125, LR: 0.00100000, Train Accuracy: 100.0000, Val Accuracy: 100.0000
[2019-09-17 18:05:42] Epoch: 126, LR: 0.00100000, Train Accuracy: 99.9852, Val Accuracy: 100.0000
[2019-09-17 18:09:08] Epoch: 127, LR: 0.00100000, Train Accuracy: 100.0000, Val Accuracy: 100.0000
[2019-09-17 18:12:35] Epoch: 128, LR: 0.00100000, Train Accuracy: 100.0000, Val Accuracy: 100.0000
[2019-09-17 18:16:02] Epoch: 129, LR: 0.00100000, Train Accuracy: 100.0000, Val Accuracy: 100.0000
[2019-09-17 18:19:30] Epoch: 130, LR: 0.00100000, Train Accuracy: 100.0000, Val Accuracy: 100.0000
[2019-09-17 18:22:58] Epoch: 131, LR: 0.00010000, Train Accuracy: 100.0000, Val Accuracy: 100.0000
[2019-09-17 18:26:26] Epoch: 132, LR: 0.00010000, Train Accuracy: 100.0000, Val Accuracy: 100.0000
[2019-09-17 18:29:54] Epoch: 133, LR: 0.00010000, Train Accuracy: 100.0000, Val Accuracy: 100.0000
[2019-09-17 18:33:22] Epoch: 134, LR: 0.00010000, Train Accuracy: 100.0000, Val Accuracy: 100.0000
[2019-09-17 18:36:49] Epoch: 135, LR: 0.00010000, Train Accuracy: 100.0000, Val Accuracy: 100.0000
[2019-09-17 18:40:18] Epoch: 136, LR: 0.00010000, Train Accuracy: 100.0000, Val Accuracy: 100.0000
[2019-09-17 18:43:46] Epoch: 137, LR: 0.00010000, Train Accuracy: 100.0000, Val Accuracy: 100.0000
[2019-09-17 18:47:13] Epoch: 138, LR: 0.00010000, Train Accuracy: 99.9852, Val Accuracy: 100.0000
[2019-09-17 18:50:38] Epoch: 139, LR: 0.00010000, Train Accuracy: 99.9852, Val Accuracy: 100.0000
[2019-09-17 18:54:07] Epoch: 140, LR: 0.00010000, Train Accuracy: 100.0000, Val Accuracy: 100.0000
[2019-09-17 18:57:33] Epoch: 141, LR: 0.00010000, Train Accuracy: 100.0000, Val Accuracy: 100.0000
[2019-09-17 19:01:00] Epoch: 142, LR: 0.00010000, Train Accuracy: 100.0000, Val Accuracy: 100.0000
[2019-09-17 19:04:28] Epoch: 143, LR: 0.00010000, Train Accuracy: 99.9852, Val Accuracy: 100.0000
[2019-09-17 19:07:56] Epoch: 144, LR: 0.00010000, Train Accuracy: 100.0000, Val Accuracy: 100.0000
[2019-09-17 19:11:22] Epoch: 145, LR: 0.00010000, Train Accuracy: 100.0000, Val Accuracy: 100.0000
[2019-09-17 19:14:50] Epoch: 146, LR: 0.00010000, Train Accuracy: 100.0000, Val Accuracy: 100.0000
[2019-09-17 19:18:15] Epoch: 147, LR: 0.00010000, Train Accuracy: 100.0000, Val Accuracy: 100.0000
[2019-09-17 19:21:43] Epoch: 148, LR: 0.00010000, Train Accuracy: 100.0000, Val Accuracy: 100.0000
[2019-09-17 19:25:10] Epoch: 149, LR: 0.00010000, Train Accuracy: 99.9852, Val Accuracy: 100.0000
[2019-09-17 19:28:38] Epoch: 150, LR: 0.00010000, Train Accuracy: 100.0000, Val Accuracy: 100.0000
[2019-09-17 19:32:06] Epoch: 151, LR: 0.00010000, Train Accuracy: 99.9852, Val Accuracy: 100.0000
[2019-09-17 19:35:35] Epoch: 152, LR: 0.00010000, Train Accuracy: 100.0000, Val Accuracy: 100.0000
[2019-09-17 19:38:59] Epoch: 153, LR: 0.00010000, Train Accuracy: 100.0000, Val Accuracy: 100.0000
[2019-09-17 19:42:25] Epoch: 154, LR: 0.00010000, Train Accuracy: 100.0000, Val Accuracy: 100.0000
[2019-09-17 19:45:55] Epoch: 155, LR: 0.00010000, Train Accuracy: 99.9852, Val Accuracy: 100.0000
[2019-09-17 19:49:22] Epoch: 156, LR: 0.00010000, Train Accuracy: 100.0000, Val Accuracy: 100.0000
[2019-09-17 19:52:49] Epoch: 157, LR: 0.00010000, Train Accuracy: 100.0000, Val Accuracy: 100.0000
[2019-09-17 19:56:16] Epoch: 158, LR: 0.00010000, Train Accuracy: 99.9852, Val Accuracy: 100.0000
[2019-09-17 19:59:43] Epoch: 159, LR: 0.00010000, Train Accuracy: 99.9852, Val Accuracy: 100.0000
[2019-09-17 20:03:10] Epoch: 160, LR: 0.00010000, Train Accuracy: 99.9852, Val Accuracy: 100.0000
[2019-09-17 20:06:38] Epoch: 161, LR: 0.00010000, Train Accuracy: 99.9852, Val Accuracy: 100.0000
[2019-09-17 20:10:04] Epoch: 162, LR: 0.00010000, Train Accuracy: 99.9852, Val Accuracy: 100.0000
[2019-09-17 20:13:32] Epoch: 163, LR: 0.00010000, Train Accuracy: 99.9555, Val Accuracy: 100.0000
[2019-09-17 20:16:59] Epoch: 164, LR: 0.00010000, Train Accuracy: 99.9852, Val Accuracy: 100.0000
[2019-09-17 20:20:27] Epoch: 165, LR: 0.00010000, Train Accuracy: 100.0000, Val Accuracy: 100.0000
[2019-09-17 20:23:56] Epoch: 166, LR: 0.00010000, Train Accuracy: 100.0000, Val Accuracy: 100.0000
[2019-09-17 20:27:24] Epoch: 167, LR: 0.00010000, Train Accuracy: 100.0000, Val Accuracy: 100.0000
[2019-09-17 20:30:51] Epoch: 168, LR: 0.00010000, Train Accuracy: 99.9852, Val Accuracy: 100.0000
[2019-09-17 20:34:17] Epoch: 169, LR: 0.00010000, Train Accuracy: 100.0000, Val Accuracy: 100.0000
[2019-09-17 20:37:43] Epoch: 170, LR: 0.00010000, Train Accuracy: 100.0000, Val Accuracy: 100.0000
[2019-09-17 20:41:13] Epoch: 171, LR: 0.00001000, Train Accuracy: 100.0000, Val Accuracy: 100.0000
[2019-09-17 20:44:40] Epoch: 172, LR: 0.00001000, Train Accuracy: 100.0000, Val Accuracy: 100.0000
[2019-09-17 20:48:06] Epoch: 173, LR: 0.00001000, Train Accuracy: 100.0000, Val Accuracy: 100.0000
[2019-09-17 20:51:33] Epoch: 174, LR: 0.00001000, Train Accuracy: 100.0000, Val Accuracy: 100.0000
[2019-09-17 20:55:01] Epoch: 175, LR: 0.00001000, Train Accuracy: 100.0000, Val Accuracy: 100.0000
[2019-09-17 20:58:28] Epoch: 176, LR: 0.00001000, Train Accuracy: 100.0000, Val Accuracy: 100.0000
[2019-09-17 21:01:57] Epoch: 177, LR: 0.00001000, Train Accuracy: 100.0000, Val Accuracy: 100.0000
[2019-09-17 21:05:24] Epoch: 178, LR: 0.00001000, Train Accuracy: 100.0000, Val Accuracy: 100.0000
[2019-09-17 21:08:53] Epoch: 179, LR: 0.00001000, Train Accuracy: 100.0000, Val Accuracy: 100.0000
[2019-09-17 21:12:18] Epoch: 180, LR: 0.00001000, Train Accuracy: 99.9852, Val Accuracy: 100.0000
[2019-09-17 21:15:45] Epoch: 181, LR: 0.00001000, Train Accuracy: 100.0000, Val Accuracy: 100.0000
[2019-09-17 21:19:13] Epoch: 182, LR: 0.00001000, Train Accuracy: 99.9852, Val Accuracy: 100.0000
[2019-09-17 21:22:40] Epoch: 183, LR: 0.00001000, Train Accuracy: 99.9852, Val Accuracy: 100.0000
[2019-09-17 21:26:08] Epoch: 184, LR: 0.00001000, Train Accuracy: 100.0000, Val Accuracy: 100.0000
[2019-09-17 21:29:35] Epoch: 185, LR: 0.00001000, Train Accuracy: 100.0000, Val Accuracy: 100.0000
[2019-09-17 21:33:03] Epoch: 186, LR: 0.00001000, Train Accuracy: 100.0000, Val Accuracy: 100.0000
[2019-09-17 21:36:32] Epoch: 187, LR: 0.00001000, Train Accuracy: 99.9852, Val Accuracy: 100.0000
[2019-09-17 21:40:01] Epoch: 188, LR: 0.00001000, Train Accuracy: 99.9852, Val Accuracy: 100.0000
[2019-09-17 21:43:28] Epoch: 189, LR: 0.00001000, Train Accuracy: 99.9852, Val Accuracy: 100.0000
[2019-09-17 21:46:56] Epoch: 190, LR: 0.00001000, Train Accuracy: 100.0000, Val Accuracy: 100.0000
[2019-09-17 21:50:23] Epoch: 191, LR: 0.00001000, Train Accuracy: 100.0000, Val Accuracy: 100.0000
[2019-09-17 21:53:50] Epoch: 192, LR: 0.00001000, Train Accuracy: 100.0000, Val Accuracy: 100.0000
[2019-09-17 21:57:08] Epoch: 193, LR: 0.00001000, Train Accuracy: 100.0000, Val Accuracy: 100.0000
[2019-09-17 22:00:25] Epoch: 194, LR: 0.00001000, Train Accuracy: 100.0000, Val Accuracy: 100.0000
[2019-09-17 22:03:42] Epoch: 195, LR: 0.00001000, Train Accuracy: 100.0000, Val Accuracy: 100.0000
[2019-09-17 22:06:59] Epoch: 196, LR: 0.00001000, Train Accuracy: 100.0000, Val Accuracy: 100.0000
[2019-09-17 22:10:16] Epoch: 197, LR: 0.00001000, Train Accuracy: 99.9852, Val Accuracy: 100.0000
[2019-09-17 22:13:33] Epoch: 198, LR: 0.00001000, Train Accuracy: 99.9852, Val Accuracy: 100.0000
[2019-09-17 22:16:49] Epoch: 199, LR: 0.00001000, Train Accuracy: 100.0000, Val Accuracy: 100.0000
[2019-09-17 22:20:06] Epoch: 200, LR: 0.00001000, Train Accuracy: 100.0000, Val Accuracy: 100.0000

---------------
Best Validation Accuracy 100.0000 at epoch 69
---------------

