
---- Start ----

Pretrained-> Remember at end: transforms.Normalize(mean=[0.485, 0.456, 0.406], std=[0.229, 0.224, 0.225])

ResNet(
  (conv1): Conv2d(3, 64, kernel_size=(7, 7), stride=(2, 2), padding=(3, 3), bias=False)
  (bn1): BatchNorm2d(64, eps=1e-05, momentum=0.1, affine=True, track_running_stats=True)
  (relu): ReLU(inplace=True)
  (maxpool): MaxPool2d(kernel_size=3, stride=2, padding=1, dilation=1, ceil_mode=False)
  (layer1): Sequential(
    (0): BasicBlock(
      (conv1): Conv2d(64, 64, kernel_size=(3, 3), stride=(1, 1), padding=(1, 1), bias=False)
      (bn1): BatchNorm2d(64, eps=1e-05, momentum=0.1, affine=True, track_running_stats=True)
      (relu): ReLU(inplace=True)
      (conv2): Conv2d(64, 64, kernel_size=(3, 3), stride=(1, 1), padding=(1, 1), bias=False)
      (bn2): BatchNorm2d(64, eps=1e-05, momentum=0.1, affine=True, track_running_stats=True)
    )
    (1): BasicBlock(
      (conv1): Conv2d(64, 64, kernel_size=(3, 3), stride=(1, 1), padding=(1, 1), bias=False)
      (bn1): BatchNorm2d(64, eps=1e-05, momentum=0.1, affine=True, track_running_stats=True)
      (relu): ReLU(inplace=True)
      (conv2): Conv2d(64, 64, kernel_size=(3, 3), stride=(1, 1), padding=(1, 1), bias=False)
      (bn2): BatchNorm2d(64, eps=1e-05, momentum=0.1, affine=True, track_running_stats=True)
    )
  )
  (layer2): Sequential(
    (0): BasicBlock(
      (conv1): Conv2d(64, 128, kernel_size=(3, 3), stride=(2, 2), padding=(1, 1), bias=False)
      (bn1): BatchNorm2d(128, eps=1e-05, momentum=0.1, affine=True, track_running_stats=True)
      (relu): ReLU(inplace=True)
      (conv2): Conv2d(128, 128, kernel_size=(3, 3), stride=(1, 1), padding=(1, 1), bias=False)
      (bn2): BatchNorm2d(128, eps=1e-05, momentum=0.1, affine=True, track_running_stats=True)
      (downsample): Sequential(
        (0): Conv2d(64, 128, kernel_size=(1, 1), stride=(2, 2), bias=False)
        (1): BatchNorm2d(128, eps=1e-05, momentum=0.1, affine=True, track_running_stats=True)
      )
    )
    (1): BasicBlock(
      (conv1): Conv2d(128, 128, kernel_size=(3, 3), stride=(1, 1), padding=(1, 1), bias=False)
      (bn1): BatchNorm2d(128, eps=1e-05, momentum=0.1, affine=True, track_running_stats=True)
      (relu): ReLU(inplace=True)
      (conv2): Conv2d(128, 128, kernel_size=(3, 3), stride=(1, 1), padding=(1, 1), bias=False)
      (bn2): BatchNorm2d(128, eps=1e-05, momentum=0.1, affine=True, track_running_stats=True)
    )
  )
  (layer3): Sequential(
    (0): BasicBlock(
      (conv1): Conv2d(128, 256, kernel_size=(3, 3), stride=(2, 2), padding=(1, 1), bias=False)
      (bn1): BatchNorm2d(256, eps=1e-05, momentum=0.1, affine=True, track_running_stats=True)
      (relu): ReLU(inplace=True)
      (conv2): Conv2d(256, 256, kernel_size=(3, 3), stride=(1, 1), padding=(1, 1), bias=False)
      (bn2): BatchNorm2d(256, eps=1e-05, momentum=0.1, affine=True, track_running_stats=True)
      (downsample): Sequential(
        (0): Conv2d(128, 256, kernel_size=(1, 1), stride=(2, 2), bias=False)
        (1): BatchNorm2d(256, eps=1e-05, momentum=0.1, affine=True, track_running_stats=True)
      )
    )
    (1): BasicBlock(
      (conv1): Conv2d(256, 256, kernel_size=(3, 3), stride=(1, 1), padding=(1, 1), bias=False)
      (bn1): BatchNorm2d(256, eps=1e-05, momentum=0.1, affine=True, track_running_stats=True)
      (relu): ReLU(inplace=True)
      (conv2): Conv2d(256, 256, kernel_size=(3, 3), stride=(1, 1), padding=(1, 1), bias=False)
      (bn2): BatchNorm2d(256, eps=1e-05, momentum=0.1, affine=True, track_running_stats=True)
    )
  )
  (layer4): Sequential(
    (0): BasicBlock(
      (conv1): Conv2d(256, 512, kernel_size=(3, 3), stride=(2, 2), padding=(1, 1), bias=False)
      (bn1): BatchNorm2d(512, eps=1e-05, momentum=0.1, affine=True, track_running_stats=True)
      (relu): ReLU(inplace=True)
      (conv2): Conv2d(512, 512, kernel_size=(3, 3), stride=(1, 1), padding=(1, 1), bias=False)
      (bn2): BatchNorm2d(512, eps=1e-05, momentum=0.1, affine=True, track_running_stats=True)
      (downsample): Sequential(
        (0): Conv2d(256, 512, kernel_size=(1, 1), stride=(2, 2), bias=False)
        (1): BatchNorm2d(512, eps=1e-05, momentum=0.1, affine=True, track_running_stats=True)
      )
    )
    (1): BasicBlock(
      (conv1): Conv2d(512, 512, kernel_size=(3, 3), stride=(1, 1), padding=(1, 1), bias=False)
      (bn1): BatchNorm2d(512, eps=1e-05, momentum=0.1, affine=True, track_running_stats=True)
      (relu): ReLU(inplace=True)
      (conv2): Conv2d(512, 512, kernel_size=(3, 3), stride=(1, 1), padding=(1, 1), bias=False)
      (bn2): BatchNorm2d(512, eps=1e-05, momentum=0.1, affine=True, track_running_stats=True)
    )
  )
  (avgpool): AdaptiveAvgPool2d(output_size=(1, 1))
  (fc): Linear(in_features=512, out_features=9, bias=True)
)

--------------------------------------------
validation_size: 0.15
min_learning_rate: 1e-07
data_augmentation: False
epochs: 200
batch_size: 128
model_name: resnet18
crop_size: 224
steps_best: False
img_size: 224
output_dir: results/resnet18_adam_224to224_lr0.001_NoDA_pretrained/
pretrained: True
plateau_scheduler: False
steps_scheduler: True
optimizer: adam
verbose: False
learning_rate: 0.001

-------------- START TRAINING --------------
[2019-09-21 11:46:17] Epoch: 1, LR: 0.00100000, Train Accuracy: 64.7154, Val Accuracy: 12.9826
[2019-09-21 11:49:13] Epoch: 2, LR: 0.00100000, Train Accuracy: 88.6992, Val Accuracy: 73.8411
[2019-09-21 11:52:30] Epoch: 3, LR: 0.00100000, Train Accuracy: 93.4146, Val Accuracy: 77.5227
[2019-09-21 11:56:05] Epoch: 4, LR: 0.00100000, Train Accuracy: 97.7236, Val Accuracy: 79.2667
[2019-09-21 11:58:59] Epoch: 5, LR: 0.00100000, Train Accuracy: 97.7236, Val Accuracy: 88.4334
[2019-09-21 12:02:07] Epoch: 6, LR: 0.00100000, Train Accuracy: 97.7236, Val Accuracy: 82.7247
[2019-09-21 12:05:36] Epoch: 7, LR: 0.00100000, Train Accuracy: 97.8862, Val Accuracy: 84.0215
[2019-09-21 12:08:45] Epoch: 8, LR: 0.00100000, Train Accuracy: 97.2358, Val Accuracy: 82.6204
[2019-09-21 12:12:03] Epoch: 9, LR: 0.00100000, Train Accuracy: 98.1301, Val Accuracy: 80.8764
[2019-09-21 12:15:12] Epoch: 10, LR: 0.00100000, Train Accuracy: 98.5366, Val Accuracy: 88.2099
[2019-09-21 12:18:37] Epoch: 11, LR: 0.00100000, Train Accuracy: 99.4309, Val Accuracy: 86.1380
[2019-09-21 12:21:56] Epoch: 12, LR: 0.00100000, Train Accuracy: 98.4553, Val Accuracy: 79.5200
[2019-09-21 12:24:52] Epoch: 13, LR: 0.00100000, Train Accuracy: 97.3171, Val Accuracy: 84.7220
[2019-09-21 12:28:06] Epoch: 14, LR: 0.00100000, Train Accuracy: 97.9675, Val Accuracy: 71.5308
[2019-09-21 12:31:25] Epoch: 15, LR: 0.00100000, Train Accuracy: 97.5610, Val Accuracy: 76.4197
[2019-09-21 12:34:24] Epoch: 16, LR: 0.00100000, Train Accuracy: 98.7805, Val Accuracy: 83.7532
[2019-09-21 12:37:46] Epoch: 17, LR: 0.00100000, Train Accuracy: 98.8618, Val Accuracy: 87.0472
[2019-09-21 12:41:01] Epoch: 18, LR: 0.00100000, Train Accuracy: 99.4309, Val Accuracy: 85.5418
[2019-09-21 12:44:15] Epoch: 19, LR: 0.00100000, Train Accuracy: 99.7561, Val Accuracy: 89.9389
[2019-09-21 12:47:30] Epoch: 20, LR: 0.00100000, Train Accuracy: 99.6748, Val Accuracy: 88.4036
[2019-09-21 12:50:35] Epoch: 21, LR: 0.00100000, Train Accuracy: 99.6748, Val Accuracy: 90.9674
[2019-09-21 12:54:07] Epoch: 22, LR: 0.00100000, Train Accuracy: 99.5935, Val Accuracy: 78.8791
[2019-09-21 12:57:19] Epoch: 23, LR: 0.00100000, Train Accuracy: 99.5935, Val Accuracy: 90.0730
[2019-09-21 13:00:03] Epoch: 24, LR: 0.00100000, Train Accuracy: 99.3496, Val Accuracy: 81.8751
[2019-09-21 13:03:38] Epoch: 25, LR: 0.00100000, Train Accuracy: 99.3496, Val Accuracy: 87.2112
[2019-09-21 13:06:49] Epoch: 26, LR: 0.00100000, Train Accuracy: 99.4309, Val Accuracy: 88.2844
[2019-09-21 13:09:48] Epoch: 27, LR: 0.00100000, Train Accuracy: 99.8374, Val Accuracy: 90.1625
[2019-09-21 13:13:10] Epoch: 28, LR: 0.00100000, Train Accuracy: 99.9187, Val Accuracy: 90.8183
[2019-09-21 13:16:28] Epoch: 29, LR: 0.00100000, Train Accuracy: 100.0000, Val Accuracy: 91.6828
[2019-09-21 13:19:35] Epoch: 30, LR: 0.00100000, Train Accuracy: 100.0000, Val Accuracy: 92.0704
[2019-09-21 13:22:37] Epoch: 31, LR: 0.00100000, Train Accuracy: 100.0000, Val Accuracy: 92.2343
[2019-09-21 13:25:51] Epoch: 32, LR: 0.00100000, Train Accuracy: 100.0000, Val Accuracy: 92.4728
[2019-09-21 13:29:24] Epoch: 33, LR: 0.00100000, Train Accuracy: 100.0000, Val Accuracy: 92.6069
[2019-09-21 13:32:14] Epoch: 34, LR: 0.00100000, Train Accuracy: 100.0000, Val Accuracy: 92.8007
[2019-09-21 13:35:18] Epoch: 35, LR: 0.00100000, Train Accuracy: 100.0000, Val Accuracy: 92.7709
[2019-09-21 13:38:55] Epoch: 36, LR: 0.00100000, Train Accuracy: 100.0000, Val Accuracy: 92.7560
[2019-09-21 13:41:45] Epoch: 37, LR: 0.00100000, Train Accuracy: 100.0000, Val Accuracy: 92.6219
[2019-09-21 13:44:52] Epoch: 38, LR: 0.00100000, Train Accuracy: 100.0000, Val Accuracy: 92.6666
[2019-09-21 13:48:22] Epoch: 39, LR: 0.00100000, Train Accuracy: 99.9187, Val Accuracy: 91.8915
[2019-09-21 13:51:25] Epoch: 40, LR: 0.00100000, Train Accuracy: 99.8374, Val Accuracy: 89.9985
[2019-09-21 13:54:51] Epoch: 41, LR: 0.00100000, Train Accuracy: 99.9187, Val Accuracy: 89.2383
[2019-09-21 13:57:54] Epoch: 42, LR: 0.00100000, Train Accuracy: 99.7561, Val Accuracy: 89.9985
[2019-09-21 14:01:13] Epoch: 43, LR: 0.00100000, Train Accuracy: 99.5122, Val Accuracy: 89.1489
[2019-09-21 14:04:35] Epoch: 44, LR: 0.00100000, Train Accuracy: 98.5366, Val Accuracy: 56.4466
[2019-09-21 14:07:21] Epoch: 45, LR: 0.00100000, Train Accuracy: 98.0488, Val Accuracy: 53.1972
[2019-09-21 14:10:47] Epoch: 46, LR: 0.00100000, Train Accuracy: 93.8211, Val Accuracy: 19.8092
[2019-09-21 14:14:01] Epoch: 47, LR: 0.00100000, Train Accuracy: 92.9268, Val Accuracy: 72.9617
[2019-09-21 14:16:49] Epoch: 48, LR: 0.00100000, Train Accuracy: 96.1789, Val Accuracy: 68.0876
[2019-09-21 14:20:17] Epoch: 49, LR: 0.00100000, Train Accuracy: 97.1545, Val Accuracy: 80.1163
[2019-09-21 14:23:38] Epoch: 50, LR: 0.00100000, Train Accuracy: 97.5610, Val Accuracy: 82.4117
[2019-09-21 14:26:46] Epoch: 51, LR: 0.00100000, Train Accuracy: 98.2927, Val Accuracy: 82.1285
[2019-09-21 14:30:02] Epoch: 52, LR: 0.00100000, Train Accuracy: 99.3496, Val Accuracy: 87.6286
[2019-09-21 14:33:03] Epoch: 53, LR: 0.00100000, Train Accuracy: 99.9187, Val Accuracy: 89.0446
[2019-09-21 14:36:39] Epoch: 54, LR: 0.00100000, Train Accuracy: 99.9187, Val Accuracy: 89.9985
[2019-09-21 14:39:37] Epoch: 55, LR: 0.00100000, Train Accuracy: 99.6748, Val Accuracy: 89.3725
[2019-09-21 14:42:32] Epoch: 56, LR: 0.00100000, Train Accuracy: 99.9187, Val Accuracy: 90.2668
[2019-09-21 14:46:06] Epoch: 57, LR: 0.00100000, Train Accuracy: 100.0000, Val Accuracy: 90.4755
[2019-09-21 14:48:50] Epoch: 58, LR: 0.00100000, Train Accuracy: 100.0000, Val Accuracy: 90.9226
[2019-09-21 14:52:02] Epoch: 59, LR: 0.00100000, Train Accuracy: 100.0000, Val Accuracy: 91.2058
[2019-09-21 14:55:30] Epoch: 60, LR: 0.00100000, Train Accuracy: 100.0000, Val Accuracy: 91.3102
[2019-09-21 14:58:45] Epoch: 61, LR: 0.00100000, Train Accuracy: 100.0000, Val Accuracy: 91.4294
[2019-09-21 15:02:08] Epoch: 62, LR: 0.00100000, Train Accuracy: 100.0000, Val Accuracy: 91.3847
[2019-09-21 15:05:04] Epoch: 63, LR: 0.00100000, Train Accuracy: 100.0000, Val Accuracy: 91.5636
[2019-09-21 15:08:28] Epoch: 64, LR: 0.00100000, Train Accuracy: 100.0000, Val Accuracy: 91.5189
[2019-09-21 15:12:05] Epoch: 65, LR: 0.00100000, Train Accuracy: 100.0000, Val Accuracy: 91.4741
[2019-09-21 15:14:55] Epoch: 66, LR: 0.00100000, Train Accuracy: 100.0000, Val Accuracy: 91.5189
[2019-09-21 15:18:07] Epoch: 67, LR: 0.00100000, Train Accuracy: 100.0000, Val Accuracy: 91.3847
[2019-09-21 15:21:28] Epoch: 68, LR: 0.00100000, Train Accuracy: 100.0000, Val Accuracy: 91.4592
[2019-09-21 15:24:17] Epoch: 69, LR: 0.00100000, Train Accuracy: 100.0000, Val Accuracy: 91.5039
[2019-09-21 15:27:39] Epoch: 70, LR: 0.00100000, Train Accuracy: 100.0000, Val Accuracy: 91.5338
[2019-09-21 15:31:01] Epoch: 71, LR: 0.00010000, Train Accuracy: 100.0000, Val Accuracy: 91.5934
[2019-09-21 15:34:15] Epoch: 72, LR: 0.00010000, Train Accuracy: 100.0000, Val Accuracy: 91.4741
[2019-09-21 15:37:27] Epoch: 73, LR: 0.00010000, Train Accuracy: 100.0000, Val Accuracy: 91.5785
[2019-09-21 15:40:36] Epoch: 74, LR: 0.00010000, Train Accuracy: 100.0000, Val Accuracy: 91.5338
[2019-09-21 15:44:05] Epoch: 75, LR: 0.00010000, Train Accuracy: 100.0000, Val Accuracy: 91.5785
[2019-09-21 15:47:12] Epoch: 76, LR: 0.00010000, Train Accuracy: 100.0000, Val Accuracy: 91.5636
[2019-09-21 15:49:56] Epoch: 77, LR: 0.00010000, Train Accuracy: 100.0000, Val Accuracy: 91.5039
[2019-09-21 15:53:40] Epoch: 78, LR: 0.00010000, Train Accuracy: 100.0000, Val Accuracy: 91.6083
[2019-09-21 15:56:52] Epoch: 79, LR: 0.00010000, Train Accuracy: 100.0000, Val Accuracy: 91.5636
[2019-09-21 15:59:45] Epoch: 80, LR: 0.00010000, Train Accuracy: 100.0000, Val Accuracy: 91.5636
[2019-09-21 16:03:08] Epoch: 81, LR: 0.00010000, Train Accuracy: 100.0000, Val Accuracy: 91.6530
[2019-09-21 16:06:31] Epoch: 82, LR: 0.00010000, Train Accuracy: 100.0000, Val Accuracy: 91.5934
[2019-09-21 16:09:48] Epoch: 83, LR: 0.00010000, Train Accuracy: 100.0000, Val Accuracy: 91.6530
[2019-09-21 16:13:14] Epoch: 84, LR: 0.00010000, Train Accuracy: 100.0000, Val Accuracy: 91.6828
[2019-09-21 16:16:13] Epoch: 85, LR: 0.00010000, Train Accuracy: 100.0000, Val Accuracy: 91.5934
[2019-09-21 16:19:44] Epoch: 86, LR: 0.00010000, Train Accuracy: 100.0000, Val Accuracy: 91.5487
[2019-09-21 16:22:49] Epoch: 87, LR: 0.00010000, Train Accuracy: 100.0000, Val Accuracy: 91.5338
[2019-09-21 16:25:34] Epoch: 88, LR: 0.00010000, Train Accuracy: 100.0000, Val Accuracy: 91.5785
[2019-09-21 16:29:05] Epoch: 89, LR: 0.00010000, Train Accuracy: 100.0000, Val Accuracy: 91.6530
[2019-09-21 16:32:13] Epoch: 90, LR: 0.00010000, Train Accuracy: 100.0000, Val Accuracy: 91.5934
[2019-09-21 16:35:22] Epoch: 91, LR: 0.00010000, Train Accuracy: 100.0000, Val Accuracy: 91.6232
[2019-09-21 16:38:30] Epoch: 92, LR: 0.00010000, Train Accuracy: 100.0000, Val Accuracy: 91.5934
[2019-09-21 16:41:50] Epoch: 93, LR: 0.00010000, Train Accuracy: 100.0000, Val Accuracy: 91.5785
[2019-09-21 16:45:13] Epoch: 94, LR: 0.00010000, Train Accuracy: 100.0000, Val Accuracy: 91.5636
[2019-09-21 16:48:16] Epoch: 95, LR: 0.00010000, Train Accuracy: 100.0000, Val Accuracy: 91.6232
[2019-09-21 16:51:25] Epoch: 96, LR: 0.00010000, Train Accuracy: 100.0000, Val Accuracy: 91.6381
[2019-09-21 16:54:55] Epoch: 97, LR: 0.00010000, Train Accuracy: 100.0000, Val Accuracy: 91.6232
[2019-09-21 16:57:45] Epoch: 98, LR: 0.00010000, Train Accuracy: 100.0000, Val Accuracy: 91.4592
[2019-09-21 17:01:00] Epoch: 99, LR: 0.00010000, Train Accuracy: 100.0000, Val Accuracy: 91.5039
[2019-09-21 17:04:23] Epoch: 100, LR: 0.00010000, Train Accuracy: 100.0000, Val Accuracy: 91.5934
[2019-09-21 17:07:27] Epoch: 101, LR: 0.00010000, Train Accuracy: 100.0000, Val Accuracy: 91.5785
[2019-09-21 17:10:44] Epoch: 102, LR: 0.00010000, Train Accuracy: 100.0000, Val Accuracy: 91.5934
[2019-09-21 17:13:56] Epoch: 103, LR: 0.00010000, Train Accuracy: 100.0000, Val Accuracy: 91.5785
[2019-09-21 17:17:17] Epoch: 104, LR: 0.00010000, Train Accuracy: 100.0000, Val Accuracy: 91.5636
[2019-09-21 17:20:31] Epoch: 105, LR: 0.00010000, Train Accuracy: 100.0000, Val Accuracy: 91.5636
[2019-09-21 17:23:14] Epoch: 106, LR: 0.00010000, Train Accuracy: 100.0000, Val Accuracy: 91.5934
[2019-09-21 17:26:51] Epoch: 107, LR: 0.00010000, Train Accuracy: 100.0000, Val Accuracy: 91.5785
[2019-09-21 17:30:08] Epoch: 108, LR: 0.00010000, Train Accuracy: 100.0000, Val Accuracy: 91.5785
[2019-09-21 17:33:05] Epoch: 109, LR: 0.00010000, Train Accuracy: 100.0000, Val Accuracy: 91.5039
[2019-09-21 17:36:27] Epoch: 110, LR: 0.00010000, Train Accuracy: 100.0000, Val Accuracy: 91.5487
[2019-09-21 17:39:53] Epoch: 111, LR: 0.00010000, Train Accuracy: 100.0000, Val Accuracy: 91.5487
[2019-09-21 17:43:14] Epoch: 112, LR: 0.00010000, Train Accuracy: 100.0000, Val Accuracy: 91.6530
[2019-09-21 17:46:30] Epoch: 113, LR: 0.00010000, Train Accuracy: 100.0000, Val Accuracy: 91.5934
[2019-09-21 17:49:32] Epoch: 114, LR: 0.00010000, Train Accuracy: 100.0000, Val Accuracy: 91.5785
[2019-09-21 17:53:00] Epoch: 115, LR: 0.00010000, Train Accuracy: 100.0000, Val Accuracy: 91.5338
[2019-09-21 17:56:19] Epoch: 116, LR: 0.00010000, Train Accuracy: 100.0000, Val Accuracy: 91.6381
[2019-09-21 17:59:05] Epoch: 117, LR: 0.00010000, Train Accuracy: 100.0000, Val Accuracy: 91.6381
[2019-09-21 18:02:35] Epoch: 118, LR: 0.00010000, Train Accuracy: 100.0000, Val Accuracy: 91.5338
[2019-09-21 18:05:53] Epoch: 119, LR: 0.00010000, Train Accuracy: 100.0000, Val Accuracy: 91.6977
[2019-09-21 18:08:55] Epoch: 120, LR: 0.00010000, Train Accuracy: 100.0000, Val Accuracy: 91.5487
[2019-09-21 18:12:03] Epoch: 121, LR: 0.00010000, Train Accuracy: 100.0000, Val Accuracy: 91.4741
[2019-09-21 18:15:17] Epoch: 122, LR: 0.00010000, Train Accuracy: 100.0000, Val Accuracy: 91.4890
[2019-09-21 18:18:45] Epoch: 123, LR: 0.00010000, Train Accuracy: 100.0000, Val Accuracy: 91.6679
[2019-09-21 18:21:51] Epoch: 124, LR: 0.00010000, Train Accuracy: 100.0000, Val Accuracy: 91.6977
[2019-09-21 18:24:52] Epoch: 125, LR: 0.00010000, Train Accuracy: 100.0000, Val Accuracy: 91.6083
[2019-09-21 18:28:28] Epoch: 126, LR: 0.00010000, Train Accuracy: 100.0000, Val Accuracy: 91.5039
[2019-09-21 18:31:03] Epoch: 127, LR: 0.00010000, Train Accuracy: 100.0000, Val Accuracy: 91.5934
[2019-09-21 18:34:13] Epoch: 128, LR: 0.00010000, Train Accuracy: 100.0000, Val Accuracy: 91.6381
[2019-09-21 18:37:42] Epoch: 129, LR: 0.00010000, Train Accuracy: 100.0000, Val Accuracy: 91.6232
[2019-09-21 18:40:44] Epoch: 130, LR: 0.00010000, Train Accuracy: 100.0000, Val Accuracy: 91.5934
[2019-09-21 18:43:48] Epoch: 131, LR: 0.00001000, Train Accuracy: 100.0000, Val Accuracy: 91.5934
[2019-09-21 18:47:06] Epoch: 132, LR: 0.00001000, Train Accuracy: 100.0000, Val Accuracy: 91.5934
[2019-09-21 18:50:26] Epoch: 133, LR: 0.00001000, Train Accuracy: 100.0000, Val Accuracy: 91.5338
[2019-09-21 18:53:42] Epoch: 134, LR: 0.00001000, Train Accuracy: 100.0000, Val Accuracy: 91.6083
[2019-09-21 18:56:40] Epoch: 135, LR: 0.00001000, Train Accuracy: 100.0000, Val Accuracy: 91.5039
[2019-09-21 19:00:10] Epoch: 136, LR: 0.00001000, Train Accuracy: 100.0000, Val Accuracy: 91.5636
[2019-09-21 19:03:30] Epoch: 137, LR: 0.00001000, Train Accuracy: 100.0000, Val Accuracy: 91.6530
[2019-09-21 19:06:09] Epoch: 138, LR: 0.00001000, Train Accuracy: 100.0000, Val Accuracy: 91.5934
[2019-09-21 19:09:40] Epoch: 139, LR: 0.00001000, Train Accuracy: 100.0000, Val Accuracy: 91.6232
[2019-09-21 19:12:44] Epoch: 140, LR: 0.00001000, Train Accuracy: 100.0000, Val Accuracy: 91.6679
[2019-09-21 19:15:51] Epoch: 141, LR: 0.00001000, Train Accuracy: 100.0000, Val Accuracy: 91.6828
[2019-09-21 19:19:11] Epoch: 142, LR: 0.00001000, Train Accuracy: 100.0000, Val Accuracy: 91.6232
[2019-09-21 19:22:17] Epoch: 143, LR: 0.00001000, Train Accuracy: 100.0000, Val Accuracy: 91.5934
[2019-09-21 19:25:28] Epoch: 144, LR: 0.00001000, Train Accuracy: 100.0000, Val Accuracy: 91.6083
[2019-09-21 19:28:37] Epoch: 145, LR: 0.00001000, Train Accuracy: 100.0000, Val Accuracy: 91.5338
[2019-09-21 19:31:57] Epoch: 146, LR: 0.00001000, Train Accuracy: 100.0000, Val Accuracy: 91.6083
[2019-09-21 19:35:31] Epoch: 147, LR: 0.00001000, Train Accuracy: 100.0000, Val Accuracy: 91.5636
[2019-09-21 19:38:10] Epoch: 148, LR: 0.00001000, Train Accuracy: 100.0000, Val Accuracy: 91.4890
[2019-09-21 19:41:23] Epoch: 149, LR: 0.00001000, Train Accuracy: 100.0000, Val Accuracy: 91.5636
[2019-09-21 19:44:44] Epoch: 150, LR: 0.00001000, Train Accuracy: 100.0000, Val Accuracy: 91.5338
[2019-09-21 19:47:37] Epoch: 151, LR: 0.00001000, Train Accuracy: 100.0000, Val Accuracy: 91.5487
[2019-09-21 19:51:01] Epoch: 152, LR: 0.00001000, Train Accuracy: 100.0000, Val Accuracy: 91.5039
[2019-09-21 19:54:16] Epoch: 153, LR: 0.00001000, Train Accuracy: 100.0000, Val Accuracy: 91.6381
[2019-09-21 19:57:37] Epoch: 154, LR: 0.00001000, Train Accuracy: 100.0000, Val Accuracy: 91.6232
[2019-09-21 20:00:52] Epoch: 155, LR: 0.00001000, Train Accuracy: 100.0000, Val Accuracy: 91.5785
[2019-09-21 20:03:46] Epoch: 156, LR: 0.00001000, Train Accuracy: 100.0000, Val Accuracy: 91.5636
[2019-09-21 20:07:18] Epoch: 157, LR: 0.00001000, Train Accuracy: 100.0000, Val Accuracy: 91.5338
[2019-09-21 20:10:31] Epoch: 158, LR: 0.00001000, Train Accuracy: 100.0000, Val Accuracy: 91.5039
[2019-09-21 20:13:15] Epoch: 159, LR: 0.00001000, Train Accuracy: 100.0000, Val Accuracy: 91.7126
[2019-09-21 20:16:47] Epoch: 160, LR: 0.00001000, Train Accuracy: 100.0000, Val Accuracy: 91.6679
[2019-09-21 20:20:00] Epoch: 161, LR: 0.00001000, Train Accuracy: 100.0000, Val Accuracy: 91.5189
[2019-09-21 20:23:06] Epoch: 162, LR: 0.00001000, Train Accuracy: 100.0000, Val Accuracy: 91.5487
[2019-09-21 20:26:18] Epoch: 163, LR: 0.00001000, Train Accuracy: 100.0000, Val Accuracy: 91.5189
[2019-09-21 20:29:34] Epoch: 164, LR: 0.00001000, Train Accuracy: 100.0000, Val Accuracy: 91.6381
[2019-09-21 20:32:48] Epoch: 165, LR: 0.00001000, Train Accuracy: 100.0000, Val Accuracy: 91.6530
[2019-09-21 20:36:02] Epoch: 166, LR: 0.00001000, Train Accuracy: 100.0000, Val Accuracy: 91.5934
[2019-09-21 20:39:10] Epoch: 167, LR: 0.00001000, Train Accuracy: 100.0000, Val Accuracy: 91.5338
[2019-09-21 20:42:50] Epoch: 168, LR: 0.00001000, Train Accuracy: 100.0000, Val Accuracy: 91.6083
[2019-09-21 20:45:35] Epoch: 169, LR: 0.00001000, Train Accuracy: 100.0000, Val Accuracy: 91.6232
[2019-09-21 20:48:35] Epoch: 170, LR: 0.00001000, Train Accuracy: 100.0000, Val Accuracy: 91.5785
[2019-09-21 20:52:09] Epoch: 171, LR: 0.00000100, Train Accuracy: 100.0000, Val Accuracy: 91.5636
[2019-09-21 20:55:08] Epoch: 172, LR: 0.00000100, Train Accuracy: 100.0000, Val Accuracy: 91.6232
[2019-09-21 20:58:19] Epoch: 173, LR: 0.00000100, Train Accuracy: 100.0000, Val Accuracy: 91.6381
[2019-09-21 21:01:35] Epoch: 174, LR: 0.00000100, Train Accuracy: 100.0000, Val Accuracy: 91.7424
[2019-09-21 21:04:54] Epoch: 175, LR: 0.00000100, Train Accuracy: 100.0000, Val Accuracy: 91.5785
[2019-09-21 21:08:14] Epoch: 176, LR: 0.00000100, Train Accuracy: 100.0000, Val Accuracy: 91.6381
[2019-09-21 21:11:14] Epoch: 177, LR: 0.00000100, Train Accuracy: 100.0000, Val Accuracy: 91.5487
[2019-09-21 21:14:28] Epoch: 178, LR: 0.00000100, Train Accuracy: 100.0000, Val Accuracy: 91.5636
[2019-09-21 21:17:55] Epoch: 179, LR: 0.00000100, Train Accuracy: 100.0000, Val Accuracy: 91.5338
[2019-09-21 21:20:45] Epoch: 180, LR: 0.00000100, Train Accuracy: 100.0000, Val Accuracy: 91.6530
[2019-09-21 21:24:05] Epoch: 181, LR: 0.00000100, Train Accuracy: 100.0000, Val Accuracy: 91.5487
[2019-09-21 21:27:32] Epoch: 182, LR: 0.00000100, Train Accuracy: 100.0000, Val Accuracy: 91.6977
[2019-09-21 21:30:28] Epoch: 183, LR: 0.00000100, Train Accuracy: 100.0000, Val Accuracy: 91.6977
[2019-09-21 21:33:52] Epoch: 184, LR: 0.00000100, Train Accuracy: 100.0000, Val Accuracy: 91.6530
[2019-09-21 21:37:08] Epoch: 185, LR: 0.00000100, Train Accuracy: 100.0000, Val Accuracy: 91.5934
[2019-09-21 21:40:33] Epoch: 186, LR: 0.00000100, Train Accuracy: 100.0000, Val Accuracy: 91.5934
[2019-09-21 21:43:56] Epoch: 187, LR: 0.00000100, Train Accuracy: 100.0000, Val Accuracy: 91.6083
[2019-09-21 21:46:38] Epoch: 188, LR: 0.00000100, Train Accuracy: 100.0000, Val Accuracy: 91.6083
[2019-09-21 21:50:07] Epoch: 189, LR: 0.00000100, Train Accuracy: 100.0000, Val Accuracy: 91.4890
[2019-09-21 21:53:21] Epoch: 190, LR: 0.00000100, Train Accuracy: 100.0000, Val Accuracy: 91.5189
[2019-09-21 21:56:04] Epoch: 191, LR: 0.00000100, Train Accuracy: 100.0000, Val Accuracy: 91.5487
[2019-09-21 21:59:38] Epoch: 192, LR: 0.00000100, Train Accuracy: 100.0000, Val Accuracy: 91.5934
[2019-09-21 22:02:55] Epoch: 193, LR: 0.00000100, Train Accuracy: 100.0000, Val Accuracy: 91.5934
[2019-09-21 22:05:55] Epoch: 194, LR: 0.00000100, Train Accuracy: 100.0000, Val Accuracy: 91.5934
[2019-09-21 22:09:10] Epoch: 195, LR: 0.00000100, Train Accuracy: 100.0000, Val Accuracy: 91.6083
[2019-09-21 22:12:35] Epoch: 196, LR: 0.00000100, Train Accuracy: 100.0000, Val Accuracy: 91.5785
[2019-09-21 22:15:54] Epoch: 197, LR: 0.00000100, Train Accuracy: 100.0000, Val Accuracy: 91.6083
[2019-09-21 22:19:12] Epoch: 198, LR: 0.00000100, Train Accuracy: 100.0000, Val Accuracy: 91.5934
[2019-09-21 22:22:10] Epoch: 199, LR: 0.00000100, Train Accuracy: 100.0000, Val Accuracy: 91.5934
[2019-09-21 22:25:48] Epoch: 200, LR: 0.00000100, Train Accuracy: 100.0000, Val Accuracy: 91.6083

------------------------------------------------
Best Validation Accuracy 92.8007 at epoch 34
------------------------------------------------

---------------- Train Analysis ----------------
Accuracy of Grietas transversales : 95.83% 
Accuracy of Marca vial : 96.60% 
Accuracy of Sin daño : 98.99% 
Accuracy of Grietas en forma de piel de cocodrilo : 96.08% 
Accuracy of Parcheo : 69.79% 
Accuracy of Huecos : 63.94% 
Accuracy of Grietas longitudinales : 88.93% 
Accuracy of Alcantarillado : 86.03% 
Accuracy of Meteorización y desprendimiento : 80.16% 
