
---- Start ----

Pretrained-> Remember at end: transforms.Normalize(mean=[0.485, 0.456, 0.406], std=[0.229, 0.224, 0.225])
ResNet(
  (conv1): Conv2d(3, 64, kernel_size=(7, 7), stride=(2, 2), padding=(3, 3), bias=False)
  (bn1): BatchNorm2d(64, eps=1e-05, momentum=0.1, affine=True, track_running_stats=True)
  (relu): ReLU(inplace=True)
  (maxpool): MaxPool2d(kernel_size=3, stride=2, padding=1, dilation=1, ceil_mode=False)
  (layer1): Sequential(
    (0): BasicBlock(
      (conv1): Conv2d(64, 64, kernel_size=(3, 3), stride=(1, 1), padding=(1, 1), bias=False)
      (bn1): BatchNorm2d(64, eps=1e-05, momentum=0.1, affine=True, track_running_stats=True)
      (relu): ReLU(inplace=True)
      (conv2): Conv2d(64, 64, kernel_size=(3, 3), stride=(1, 1), padding=(1, 1), bias=False)
      (bn2): BatchNorm2d(64, eps=1e-05, momentum=0.1, affine=True, track_running_stats=True)
    )
    (1): BasicBlock(
      (conv1): Conv2d(64, 64, kernel_size=(3, 3), stride=(1, 1), padding=(1, 1), bias=False)
      (bn1): BatchNorm2d(64, eps=1e-05, momentum=0.1, affine=True, track_running_stats=True)
      (relu): ReLU(inplace=True)
      (conv2): Conv2d(64, 64, kernel_size=(3, 3), stride=(1, 1), padding=(1, 1), bias=False)
      (bn2): BatchNorm2d(64, eps=1e-05, momentum=0.1, affine=True, track_running_stats=True)
    )
    (2): BasicBlock(
      (conv1): Conv2d(64, 64, kernel_size=(3, 3), stride=(1, 1), padding=(1, 1), bias=False)
      (bn1): BatchNorm2d(64, eps=1e-05, momentum=0.1, affine=True, track_running_stats=True)
      (relu): ReLU(inplace=True)
      (conv2): Conv2d(64, 64, kernel_size=(3, 3), stride=(1, 1), padding=(1, 1), bias=False)
      (bn2): BatchNorm2d(64, eps=1e-05, momentum=0.1, affine=True, track_running_stats=True)
    )
  )
  (layer2): Sequential(
    (0): BasicBlock(
      (conv1): Conv2d(64, 128, kernel_size=(3, 3), stride=(2, 2), padding=(1, 1), bias=False)
      (bn1): BatchNorm2d(128, eps=1e-05, momentum=0.1, affine=True, track_running_stats=True)
      (relu): ReLU(inplace=True)
      (conv2): Conv2d(128, 128, kernel_size=(3, 3), stride=(1, 1), padding=(1, 1), bias=False)
      (bn2): BatchNorm2d(128, eps=1e-05, momentum=0.1, affine=True, track_running_stats=True)
      (downsample): Sequential(
        (0): Conv2d(64, 128, kernel_size=(1, 1), stride=(2, 2), bias=False)
        (1): BatchNorm2d(128, eps=1e-05, momentum=0.1, affine=True, track_running_stats=True)
      )
    )
    (1): BasicBlock(
      (conv1): Conv2d(128, 128, kernel_size=(3, 3), stride=(1, 1), padding=(1, 1), bias=False)
      (bn1): BatchNorm2d(128, eps=1e-05, momentum=0.1, affine=True, track_running_stats=True)
      (relu): ReLU(inplace=True)
      (conv2): Conv2d(128, 128, kernel_size=(3, 3), stride=(1, 1), padding=(1, 1), bias=False)
      (bn2): BatchNorm2d(128, eps=1e-05, momentum=0.1, affine=True, track_running_stats=True)
    )
    (2): BasicBlock(
      (conv1): Conv2d(128, 128, kernel_size=(3, 3), stride=(1, 1), padding=(1, 1), bias=False)
      (bn1): BatchNorm2d(128, eps=1e-05, momentum=0.1, affine=True, track_running_stats=True)
      (relu): ReLU(inplace=True)
      (conv2): Conv2d(128, 128, kernel_size=(3, 3), stride=(1, 1), padding=(1, 1), bias=False)
      (bn2): BatchNorm2d(128, eps=1e-05, momentum=0.1, affine=True, track_running_stats=True)
    )
    (3): BasicBlock(
      (conv1): Conv2d(128, 128, kernel_size=(3, 3), stride=(1, 1), padding=(1, 1), bias=False)
      (bn1): BatchNorm2d(128, eps=1e-05, momentum=0.1, affine=True, track_running_stats=True)
      (relu): ReLU(inplace=True)
      (conv2): Conv2d(128, 128, kernel_size=(3, 3), stride=(1, 1), padding=(1, 1), bias=False)
      (bn2): BatchNorm2d(128, eps=1e-05, momentum=0.1, affine=True, track_running_stats=True)
    )
  )
  (layer3): Sequential(
    (0): BasicBlock(
      (conv1): Conv2d(128, 256, kernel_size=(3, 3), stride=(2, 2), padding=(1, 1), bias=False)
      (bn1): BatchNorm2d(256, eps=1e-05, momentum=0.1, affine=True, track_running_stats=True)
      (relu): ReLU(inplace=True)
      (conv2): Conv2d(256, 256, kernel_size=(3, 3), stride=(1, 1), padding=(1, 1), bias=False)
      (bn2): BatchNorm2d(256, eps=1e-05, momentum=0.1, affine=True, track_running_stats=True)
      (downsample): Sequential(
        (0): Conv2d(128, 256, kernel_size=(1, 1), stride=(2, 2), bias=False)
        (1): BatchNorm2d(256, eps=1e-05, momentum=0.1, affine=True, track_running_stats=True)
      )
    )
    (1): BasicBlock(
      (conv1): Conv2d(256, 256, kernel_size=(3, 3), stride=(1, 1), padding=(1, 1), bias=False)
      (bn1): BatchNorm2d(256, eps=1e-05, momentum=0.1, affine=True, track_running_stats=True)
      (relu): ReLU(inplace=True)
      (conv2): Conv2d(256, 256, kernel_size=(3, 3), stride=(1, 1), padding=(1, 1), bias=False)
      (bn2): BatchNorm2d(256, eps=1e-05, momentum=0.1, affine=True, track_running_stats=True)
    )
    (2): BasicBlock(
      (conv1): Conv2d(256, 256, kernel_size=(3, 3), stride=(1, 1), padding=(1, 1), bias=False)
      (bn1): BatchNorm2d(256, eps=1e-05, momentum=0.1, affine=True, track_running_stats=True)
      (relu): ReLU(inplace=True)
      (conv2): Conv2d(256, 256, kernel_size=(3, 3), stride=(1, 1), padding=(1, 1), bias=False)
      (bn2): BatchNorm2d(256, eps=1e-05, momentum=0.1, affine=True, track_running_stats=True)
    )
    (3): BasicBlock(
      (conv1): Conv2d(256, 256, kernel_size=(3, 3), stride=(1, 1), padding=(1, 1), bias=False)
      (bn1): BatchNorm2d(256, eps=1e-05, momentum=0.1, affine=True, track_running_stats=True)
      (relu): ReLU(inplace=True)
      (conv2): Conv2d(256, 256, kernel_size=(3, 3), stride=(1, 1), padding=(1, 1), bias=False)
      (bn2): BatchNorm2d(256, eps=1e-05, momentum=0.1, affine=True, track_running_stats=True)
    )
    (4): BasicBlock(
      (conv1): Conv2d(256, 256, kernel_size=(3, 3), stride=(1, 1), padding=(1, 1), bias=False)
      (bn1): BatchNorm2d(256, eps=1e-05, momentum=0.1, affine=True, track_running_stats=True)
      (relu): ReLU(inplace=True)
      (conv2): Conv2d(256, 256, kernel_size=(3, 3), stride=(1, 1), padding=(1, 1), bias=False)
      (bn2): BatchNorm2d(256, eps=1e-05, momentum=0.1, affine=True, track_running_stats=True)
    )
    (5): BasicBlock(
      (conv1): Conv2d(256, 256, kernel_size=(3, 3), stride=(1, 1), padding=(1, 1), bias=False)
      (bn1): BatchNorm2d(256, eps=1e-05, momentum=0.1, affine=True, track_running_stats=True)
      (relu): ReLU(inplace=True)
      (conv2): Conv2d(256, 256, kernel_size=(3, 3), stride=(1, 1), padding=(1, 1), bias=False)
      (bn2): BatchNorm2d(256, eps=1e-05, momentum=0.1, affine=True, track_running_stats=True)
    )
  )
  (layer4): Sequential(
    (0): BasicBlock(
      (conv1): Conv2d(256, 512, kernel_size=(3, 3), stride=(2, 2), padding=(1, 1), bias=False)
      (bn1): BatchNorm2d(512, eps=1e-05, momentum=0.1, affine=True, track_running_stats=True)
      (relu): ReLU(inplace=True)
      (conv2): Conv2d(512, 512, kernel_size=(3, 3), stride=(1, 1), padding=(1, 1), bias=False)
      (bn2): BatchNorm2d(512, eps=1e-05, momentum=0.1, affine=True, track_running_stats=True)
      (downsample): Sequential(
        (0): Conv2d(256, 512, kernel_size=(1, 1), stride=(2, 2), bias=False)
        (1): BatchNorm2d(512, eps=1e-05, momentum=0.1, affine=True, track_running_stats=True)
      )
    )
    (1): BasicBlock(
      (conv1): Conv2d(512, 512, kernel_size=(3, 3), stride=(1, 1), padding=(1, 1), bias=False)
      (bn1): BatchNorm2d(512, eps=1e-05, momentum=0.1, affine=True, track_running_stats=True)
      (relu): ReLU(inplace=True)
      (conv2): Conv2d(512, 512, kernel_size=(3, 3), stride=(1, 1), padding=(1, 1), bias=False)
      (bn2): BatchNorm2d(512, eps=1e-05, momentum=0.1, affine=True, track_running_stats=True)
    )
    (2): BasicBlock(
      (conv1): Conv2d(512, 512, kernel_size=(3, 3), stride=(1, 1), padding=(1, 1), bias=False)
      (bn1): BatchNorm2d(512, eps=1e-05, momentum=0.1, affine=True, track_running_stats=True)
      (relu): ReLU(inplace=True)
      (conv2): Conv2d(512, 512, kernel_size=(3, 3), stride=(1, 1), padding=(1, 1), bias=False)
      (bn2): BatchNorm2d(512, eps=1e-05, momentum=0.1, affine=True, track_running_stats=True)
    )
  )
  (avgpool): AdaptiveAvgPool2d(output_size=(1, 1))
  (fc): Linear(in_features=512, out_features=9, bias=True)
)
Loaded Class weights!
Weights: [6.626878130217029, 6.4439935064935066, 3.1023837436498636, 43.14673913043478, 20.567357512953368, 16.006048387096776, 6.632414369256474, 21.284182305630026, 25.28343949044586]

--------------------------------------------
verbose: False
optimizer: adam
epochs: 200
batch_size: 128
learning_rate: 0.0001
min_learning_rate: 1e-07
weighted_loss: True
plateau_scheduler: False
steps_best: False
steps_scheduler: True
img_size: 256
crop_size: 224
model_name: resnet34
pretrained: True
validation_size: 0.15
output_dir: results/resnet34_adam_256to224_lr0.0001_DA_pretrained_weightedLoss/
data_augmentation: True

-------------- START TRAINING --------------
[2019-10-14 10:10:18] Epoch: 1, LR: 0.00010000, Train Accuracy: 30.8130, Val Accuracy: 48.1145
[2019-10-14 10:11:20] Epoch: 2, LR: 0.00010000, Train Accuracy: 56.1789, Val Accuracy: 60.4114
[2019-10-14 10:12:22] Epoch: 3, LR: 0.00010000, Train Accuracy: 73.3333, Val Accuracy: 74.6162
[2019-10-14 10:13:25] Epoch: 4, LR: 0.00010000, Train Accuracy: 84.0650, Val Accuracy: 82.5756
[2019-10-14 10:14:31] Epoch: 5, LR: 0.00010000, Train Accuracy: 89.0244, Val Accuracy: 88.0161
[2019-10-14 10:15:34] Epoch: 6, LR: 0.00010000, Train Accuracy: 89.7561, Val Accuracy: 86.7491
[2019-10-14 10:16:36] Epoch: 7, LR: 0.00010000, Train Accuracy: 93.1707, Val Accuracy: 88.6272
[2019-10-14 10:17:37] Epoch: 8, LR: 0.00010000, Train Accuracy: 93.0894, Val Accuracy: 89.5066
[2019-10-14 10:18:39] Epoch: 9, LR: 0.00010000, Train Accuracy: 92.7642, Val Accuracy: 90.0134
[2019-10-14 10:19:41] Epoch: 10, LR: 0.00010000, Train Accuracy: 95.2033, Val Accuracy: 89.8495
[2019-10-14 10:20:43] Epoch: 11, LR: 0.00010000, Train Accuracy: 95.2033, Val Accuracy: 91.7275
[2019-10-14 10:21:45] Epoch: 12, LR: 0.00010000, Train Accuracy: 95.6098, Val Accuracy: 91.2953
[2019-10-14 10:22:47] Epoch: 13, LR: 0.00010000, Train Accuracy: 95.5285, Val Accuracy: 89.9091
[2019-10-14 10:23:48] Epoch: 14, LR: 0.00010000, Train Accuracy: 95.6911, Val Accuracy: 91.5487
[2019-10-14 10:24:51] Epoch: 15, LR: 0.00010000, Train Accuracy: 95.8537, Val Accuracy: 89.9836
[2019-10-14 10:25:53] Epoch: 16, LR: 0.00010000, Train Accuracy: 95.8537, Val Accuracy: 91.2207
[2019-10-14 10:26:54] Epoch: 17, LR: 0.00010000, Train Accuracy: 96.0163, Val Accuracy: 90.5500
[2019-10-14 10:27:57] Epoch: 18, LR: 0.00010000, Train Accuracy: 95.8537, Val Accuracy: 91.9064
[2019-10-14 10:28:58] Epoch: 19, LR: 0.00010000, Train Accuracy: 96.9919, Val Accuracy: 91.8617
[2019-10-14 10:30:00] Epoch: 20, LR: 0.00010000, Train Accuracy: 96.9919, Val Accuracy: 91.9213
[2019-10-14 10:31:01] Epoch: 21, LR: 0.00010000, Train Accuracy: 97.4797, Val Accuracy: 91.9511
[2019-10-14 10:32:04] Epoch: 22, LR: 0.00010000, Train Accuracy: 97.5610, Val Accuracy: 92.6069
[2019-10-14 10:33:06] Epoch: 23, LR: 0.00010000, Train Accuracy: 98.1301, Val Accuracy: 91.9213
[2019-10-14 10:34:08] Epoch: 24, LR: 0.00010000, Train Accuracy: 97.8862, Val Accuracy: 93.1435
[2019-10-14 10:35:09] Epoch: 25, LR: 0.00010000, Train Accuracy: 98.4553, Val Accuracy: 92.6964
[2019-10-14 10:36:11] Epoch: 26, LR: 0.00010000, Train Accuracy: 98.3740, Val Accuracy: 92.6964
[2019-10-14 10:37:12] Epoch: 27, LR: 0.00010000, Train Accuracy: 99.0244, Val Accuracy: 92.8901
[2019-10-14 10:38:18] Epoch: 28, LR: 0.00010000, Train Accuracy: 97.7236, Val Accuracy: 91.3698
[2019-10-14 10:39:20] Epoch: 29, LR: 0.00010000, Train Accuracy: 96.2602, Val Accuracy: 92.0107
[2019-10-14 10:40:23] Epoch: 30, LR: 0.00010000, Train Accuracy: 98.5366, Val Accuracy: 91.7872
[2019-10-14 10:41:26] Epoch: 31, LR: 0.00010000, Train Accuracy: 97.9675, Val Accuracy: 92.2045
[2019-10-14 10:42:28] Epoch: 32, LR: 0.00010000, Train Accuracy: 97.5610, Val Accuracy: 91.2953
[2019-10-14 10:43:30] Epoch: 33, LR: 0.00010000, Train Accuracy: 98.2114, Val Accuracy: 91.9660
[2019-10-14 10:44:31] Epoch: 34, LR: 0.00010000, Train Accuracy: 98.1301, Val Accuracy: 90.4755
[2019-10-14 10:45:38] Epoch: 35, LR: 0.00010000, Train Accuracy: 97.4797, Val Accuracy: 91.5934
[2019-10-14 10:46:42] Epoch: 36, LR: 0.00010000, Train Accuracy: 96.9919, Val Accuracy: 91.4592
[2019-10-14 10:47:45] Epoch: 37, LR: 0.00010000, Train Accuracy: 98.4553, Val Accuracy: 91.3251
[2019-10-14 10:48:48] Epoch: 38, LR: 0.00010000, Train Accuracy: 98.3740, Val Accuracy: 89.9985
[2019-10-14 10:49:51] Epoch: 39, LR: 0.00010000, Train Accuracy: 98.6179, Val Accuracy: 92.4430
[2019-10-14 10:50:53] Epoch: 40, LR: 0.00010000, Train Accuracy: 98.2114, Val Accuracy: 92.2641
[2019-10-14 10:51:55] Epoch: 41, LR: 0.00010000, Train Accuracy: 98.6179, Val Accuracy: 91.6977
[2019-10-14 10:52:56] Epoch: 42, LR: 0.00010000, Train Accuracy: 97.3984, Val Accuracy: 92.3685
[2019-10-14 10:53:58] Epoch: 43, LR: 0.00010000, Train Accuracy: 98.6179, Val Accuracy: 92.9349
[2019-10-14 10:55:00] Epoch: 44, LR: 0.00010000, Train Accuracy: 98.6992, Val Accuracy: 91.9511
[2019-10-14 10:56:01] Epoch: 45, LR: 0.00010000, Train Accuracy: 98.0488, Val Accuracy: 90.7736
[2019-10-14 10:57:02] Epoch: 46, LR: 0.00010000, Train Accuracy: 98.0488, Val Accuracy: 91.3847
[2019-10-14 10:58:04] Epoch: 47, LR: 0.00010000, Train Accuracy: 98.2927, Val Accuracy: 91.5785
[2019-10-14 10:59:06] Epoch: 48, LR: 0.00010000, Train Accuracy: 98.9431, Val Accuracy: 92.2492
[2019-10-14 11:00:08] Epoch: 49, LR: 0.00010000, Train Accuracy: 98.6179, Val Accuracy: 90.8928
[2019-10-14 11:01:10] Epoch: 50, LR: 0.00010000, Train Accuracy: 98.8618, Val Accuracy: 90.5351
[2019-10-14 11:02:12] Epoch: 51, LR: 0.00010000, Train Accuracy: 98.6992, Val Accuracy: 91.4145
[2019-10-14 11:03:15] Epoch: 52, LR: 0.00010000, Train Accuracy: 99.2683, Val Accuracy: 92.4579
[2019-10-14 11:04:17] Epoch: 53, LR: 0.00010000, Train Accuracy: 98.7805, Val Accuracy: 91.8170
[2019-10-14 11:05:18] Epoch: 54, LR: 0.00010000, Train Accuracy: 98.7805, Val Accuracy: 92.2194
[2019-10-14 11:06:19] Epoch: 55, LR: 0.00010000, Train Accuracy: 98.9431, Val Accuracy: 92.3237
[2019-10-14 11:07:21] Epoch: 56, LR: 0.00010000, Train Accuracy: 98.6992, Val Accuracy: 92.9349
[2019-10-14 11:08:23] Epoch: 57, LR: 0.00010000, Train Accuracy: 99.1870, Val Accuracy: 92.7113
[2019-10-14 11:09:24] Epoch: 58, LR: 0.00010000, Train Accuracy: 98.9431, Val Accuracy: 92.9051
[2019-10-14 11:10:25] Epoch: 59, LR: 0.00010000, Train Accuracy: 99.6748, Val Accuracy: 93.0690
[2019-10-14 11:11:28] Epoch: 60, LR: 0.00010000, Train Accuracy: 99.0244, Val Accuracy: 92.4132
[2019-10-14 11:12:30] Epoch: 61, LR: 0.00010000, Train Accuracy: 98.5366, Val Accuracy: 92.1747
[2019-10-14 11:13:33] Epoch: 62, LR: 0.00010000, Train Accuracy: 99.3496, Val Accuracy: 92.2939
[2019-10-14 11:14:35] Epoch: 63, LR: 0.00010000, Train Accuracy: 99.1870, Val Accuracy: 91.4741
[2019-10-14 11:15:36] Epoch: 64, LR: 0.00010000, Train Accuracy: 99.1057, Val Accuracy: 91.1462
[2019-10-14 11:16:38] Epoch: 65, LR: 0.00010000, Train Accuracy: 98.9431, Val Accuracy: 92.3386
[2019-10-14 11:17:39] Epoch: 66, LR: 0.00010000, Train Accuracy: 98.9431, Val Accuracy: 93.1584
[2019-10-14 11:18:41] Epoch: 67, LR: 0.00010000, Train Accuracy: 99.3496, Val Accuracy: 92.3386
[2019-10-14 11:19:42] Epoch: 68, LR: 0.00010000, Train Accuracy: 99.3496, Val Accuracy: 92.6517
[2019-10-14 11:20:43] Epoch: 69, LR: 0.00010000, Train Accuracy: 99.0244, Val Accuracy: 89.5812
[2019-10-14 11:21:44] Epoch: 70, LR: 0.00010000, Train Accuracy: 98.9431, Val Accuracy: 92.6666
[2019-10-14 11:22:47] Epoch: 71, LR: 0.00001000, Train Accuracy: 99.6748, Val Accuracy: 93.0541
[2019-10-14 11:23:48] Epoch: 72, LR: 0.00001000, Train Accuracy: 99.6748, Val Accuracy: 93.0988
[2019-10-14 11:24:50] Epoch: 73, LR: 0.00001000, Train Accuracy: 99.4309, Val Accuracy: 93.2628
[2019-10-14 11:25:51] Epoch: 74, LR: 0.00001000, Train Accuracy: 99.5122, Val Accuracy: 93.2479
[2019-10-14 11:26:53] Epoch: 75, LR: 0.00001000, Train Accuracy: 99.9187, Val Accuracy: 93.2777
[2019-10-14 11:27:54] Epoch: 76, LR: 0.00001000, Train Accuracy: 99.7561, Val Accuracy: 93.2777
[2019-10-14 11:28:57] Epoch: 77, LR: 0.00001000, Train Accuracy: 99.5122, Val Accuracy: 93.2926
[2019-10-14 11:29:59] Epoch: 78, LR: 0.00001000, Train Accuracy: 99.6748, Val Accuracy: 93.2479
[2019-10-14 11:31:01] Epoch: 79, LR: 0.00001000, Train Accuracy: 99.6748, Val Accuracy: 93.2628
[2019-10-14 11:32:07] Epoch: 80, LR: 0.00001000, Train Accuracy: 99.9187, Val Accuracy: 93.3820
[2019-10-14 11:33:09] Epoch: 81, LR: 0.00001000, Train Accuracy: 99.7561, Val Accuracy: 93.3671
[2019-10-14 11:34:12] Epoch: 82, LR: 0.00001000, Train Accuracy: 99.5122, Val Accuracy: 93.2628
[2019-10-14 11:35:14] Epoch: 83, LR: 0.00001000, Train Accuracy: 99.7561, Val Accuracy: 93.2628
[2019-10-14 11:36:15] Epoch: 84, LR: 0.00001000, Train Accuracy: 99.7561, Val Accuracy: 93.2479
[2019-10-14 11:37:17] Epoch: 85, LR: 0.00001000, Train Accuracy: 99.5935, Val Accuracy: 93.3671
[2019-10-14 11:38:18] Epoch: 86, LR: 0.00001000, Train Accuracy: 99.7561, Val Accuracy: 93.3969
[2019-10-14 11:39:20] Epoch: 87, LR: 0.00001000, Train Accuracy: 99.8374, Val Accuracy: 93.4416
[2019-10-14 11:40:22] Epoch: 88, LR: 0.00001000, Train Accuracy: 99.8374, Val Accuracy: 93.4267
[2019-10-14 11:41:23] Epoch: 89, LR: 0.00001000, Train Accuracy: 99.6748, Val Accuracy: 93.4118
[2019-10-14 11:42:25] Epoch: 90, LR: 0.00001000, Train Accuracy: 100.0000, Val Accuracy: 93.3075
[2019-10-14 11:43:28] Epoch: 91, LR: 0.00001000, Train Accuracy: 99.9187, Val Accuracy: 93.4566
[2019-10-14 11:44:30] Epoch: 92, LR: 0.00001000, Train Accuracy: 99.8374, Val Accuracy: 93.3820
[2019-10-14 11:45:31] Epoch: 93, LR: 0.00001000, Train Accuracy: 99.9187, Val Accuracy: 93.3671
[2019-10-14 11:46:33] Epoch: 94, LR: 0.00001000, Train Accuracy: 99.7561, Val Accuracy: 93.4864
[2019-10-14 11:47:35] Epoch: 95, LR: 0.00001000, Train Accuracy: 99.8374, Val Accuracy: 93.4267
[2019-10-14 11:48:37] Epoch: 96, LR: 0.00001000, Train Accuracy: 99.9187, Val Accuracy: 93.4118
[2019-10-14 11:49:39] Epoch: 97, LR: 0.00001000, Train Accuracy: 99.8374, Val Accuracy: 93.4715
[2019-10-14 11:50:40] Epoch: 98, LR: 0.00001000, Train Accuracy: 99.8374, Val Accuracy: 93.4416
[2019-10-14 11:51:43] Epoch: 99, LR: 0.00001000, Train Accuracy: 99.8374, Val Accuracy: 93.4416
[2019-10-14 11:52:46] Epoch: 100, LR: 0.00001000, Train Accuracy: 99.6748, Val Accuracy: 93.5311
[2019-10-14 11:53:48] Epoch: 101, LR: 0.00001000, Train Accuracy: 99.7561, Val Accuracy: 93.5311
[2019-10-14 11:54:50] Epoch: 102, LR: 0.00001000, Train Accuracy: 99.9187, Val Accuracy: 93.4566
[2019-10-14 11:55:52] Epoch: 103, LR: 0.00001000, Train Accuracy: 99.9187, Val Accuracy: 93.5013
[2019-10-14 11:56:55] Epoch: 104, LR: 0.00001000, Train Accuracy: 99.8374, Val Accuracy: 93.5460
[2019-10-14 11:57:56] Epoch: 105, LR: 0.00001000, Train Accuracy: 99.8374, Val Accuracy: 93.4864
[2019-10-14 11:58:58] Epoch: 106, LR: 0.00001000, Train Accuracy: 99.9187, Val Accuracy: 93.5907
[2019-10-14 12:00:00] Epoch: 107, LR: 0.00001000, Train Accuracy: 100.0000, Val Accuracy: 93.5907
[2019-10-14 12:01:02] Epoch: 108, LR: 0.00001000, Train Accuracy: 99.8374, Val Accuracy: 93.5013
[2019-10-14 12:02:08] Epoch: 109, LR: 0.00001000, Train Accuracy: 99.5935, Val Accuracy: 93.4267
[2019-10-14 12:03:10] Epoch: 110, LR: 0.00001000, Train Accuracy: 100.0000, Val Accuracy: 93.4715
[2019-10-14 12:04:12] Epoch: 111, LR: 0.00001000, Train Accuracy: 99.7561, Val Accuracy: 93.4267
[2019-10-14 12:05:13] Epoch: 112, LR: 0.00001000, Train Accuracy: 99.6748, Val Accuracy: 93.3671
[2019-10-14 12:06:15] Epoch: 113, LR: 0.00001000, Train Accuracy: 99.8374, Val Accuracy: 93.1883
[2019-10-14 12:07:18] Epoch: 114, LR: 0.00001000, Train Accuracy: 99.6748, Val Accuracy: 93.2479
[2019-10-14 12:08:19] Epoch: 115, LR: 0.00001000, Train Accuracy: 99.9187, Val Accuracy: 93.3820
[2019-10-14 12:09:21] Epoch: 116, LR: 0.00001000, Train Accuracy: 99.7561, Val Accuracy: 93.3969
[2019-10-14 12:10:23] Epoch: 117, LR: 0.00001000, Train Accuracy: 99.8374, Val Accuracy: 93.4715
[2019-10-14 12:11:24] Epoch: 118, LR: 0.00001000, Train Accuracy: 99.8374, Val Accuracy: 93.4267
[2019-10-14 12:12:26] Epoch: 119, LR: 0.00001000, Train Accuracy: 99.8374, Val Accuracy: 93.4566
[2019-10-14 12:13:27] Epoch: 120, LR: 0.00001000, Train Accuracy: 99.9187, Val Accuracy: 93.4864
[2019-10-14 12:14:29] Epoch: 121, LR: 0.00001000, Train Accuracy: 99.7561, Val Accuracy: 93.3820
[2019-10-14 12:15:30] Epoch: 122, LR: 0.00001000, Train Accuracy: 99.9187, Val Accuracy: 93.4267
[2019-10-14 12:16:32] Epoch: 123, LR: 0.00001000, Train Accuracy: 99.8374, Val Accuracy: 93.5013
[2019-10-14 12:17:33] Epoch: 124, LR: 0.00001000, Train Accuracy: 99.9187, Val Accuracy: 93.4864
[2019-10-14 12:18:36] Epoch: 125, LR: 0.00001000, Train Accuracy: 99.7561, Val Accuracy: 93.5013
[2019-10-14 12:19:38] Epoch: 126, LR: 0.00001000, Train Accuracy: 99.7561, Val Accuracy: 93.4715
[2019-10-14 12:20:39] Epoch: 127, LR: 0.00001000, Train Accuracy: 99.6748, Val Accuracy: 93.4566
[2019-10-14 12:21:41] Epoch: 128, LR: 0.00001000, Train Accuracy: 99.8374, Val Accuracy: 93.5758
[2019-10-14 12:22:44] Epoch: 129, LR: 0.00001000, Train Accuracy: 99.8374, Val Accuracy: 93.5907
[2019-10-14 12:23:45] Epoch: 130, LR: 0.00001000, Train Accuracy: 100.0000, Val Accuracy: 93.5758
[2019-10-14 12:24:48] Epoch: 131, LR: 0.00000100, Train Accuracy: 99.8374, Val Accuracy: 93.5311
[2019-10-14 12:25:50] Epoch: 132, LR: 0.00000100, Train Accuracy: 99.8374, Val Accuracy: 93.5907
[2019-10-14 12:26:55] Epoch: 133, LR: 0.00000100, Train Accuracy: 99.7561, Val Accuracy: 93.5460
[2019-10-14 12:27:58] Epoch: 134, LR: 0.00000100, Train Accuracy: 99.9187, Val Accuracy: 93.4118
[2019-10-14 12:29:02] Epoch: 135, LR: 0.00000100, Train Accuracy: 99.7561, Val Accuracy: 93.5609
[2019-10-14 12:30:03] Epoch: 136, LR: 0.00000100, Train Accuracy: 99.9187, Val Accuracy: 93.5013
[2019-10-14 12:31:05] Epoch: 137, LR: 0.00000100, Train Accuracy: 99.6748, Val Accuracy: 93.5758
[2019-10-14 12:32:07] Epoch: 138, LR: 0.00000100, Train Accuracy: 99.9187, Val Accuracy: 93.5758
[2019-10-14 12:33:10] Epoch: 139, LR: 0.00000100, Train Accuracy: 99.7561, Val Accuracy: 93.5460
[2019-10-14 12:34:18] Epoch: 140, LR: 0.00000100, Train Accuracy: 99.9187, Val Accuracy: 93.5609
[2019-10-14 12:35:20] Epoch: 141, LR: 0.00000100, Train Accuracy: 99.5935, Val Accuracy: 93.5907
[2019-10-14 12:36:22] Epoch: 142, LR: 0.00000100, Train Accuracy: 100.0000, Val Accuracy: 93.6056
[2019-10-14 12:37:23] Epoch: 143, LR: 0.00000100, Train Accuracy: 100.0000, Val Accuracy: 93.4566
[2019-10-14 12:38:25] Epoch: 144, LR: 0.00000100, Train Accuracy: 100.0000, Val Accuracy: 93.5013
[2019-10-14 12:39:28] Epoch: 145, LR: 0.00000100, Train Accuracy: 99.7561, Val Accuracy: 93.6056
[2019-10-14 12:40:39] Epoch: 146, LR: 0.00000100, Train Accuracy: 99.6748, Val Accuracy: 93.6354
[2019-10-14 12:41:41] Epoch: 147, LR: 0.00000100, Train Accuracy: 99.9187, Val Accuracy: 93.5609
[2019-10-14 12:42:44] Epoch: 148, LR: 0.00000100, Train Accuracy: 99.7561, Val Accuracy: 93.5907
[2019-10-14 12:43:46] Epoch: 149, LR: 0.00000100, Train Accuracy: 99.7561, Val Accuracy: 93.5460
[2019-10-14 12:44:48] Epoch: 150, LR: 0.00000100, Train Accuracy: 100.0000, Val Accuracy: 93.5162
[2019-10-14 12:45:50] Epoch: 151, LR: 0.00000100, Train Accuracy: 99.9187, Val Accuracy: 93.5311
[2019-10-14 12:46:53] Epoch: 152, LR: 0.00000100, Train Accuracy: 99.9187, Val Accuracy: 93.5907
[2019-10-14 12:47:55] Epoch: 153, LR: 0.00000100, Train Accuracy: 99.9187, Val Accuracy: 93.5609
[2019-10-14 12:48:57] Epoch: 154, LR: 0.00000100, Train Accuracy: 99.8374, Val Accuracy: 93.6205
[2019-10-14 12:49:59] Epoch: 155, LR: 0.00000100, Train Accuracy: 99.8374, Val Accuracy: 93.5609
[2019-10-14 12:51:01] Epoch: 156, LR: 0.00000100, Train Accuracy: 99.8374, Val Accuracy: 93.5758
[2019-10-14 12:52:03] Epoch: 157, LR: 0.00000100, Train Accuracy: 99.9187, Val Accuracy: 93.5162
[2019-10-14 12:53:04] Epoch: 158, LR: 0.00000100, Train Accuracy: 99.9187, Val Accuracy: 93.5907
[2019-10-14 12:54:06] Epoch: 159, LR: 0.00000100, Train Accuracy: 99.8374, Val Accuracy: 93.5460
[2019-10-14 12:55:07] Epoch: 160, LR: 0.00000100, Train Accuracy: 99.9187, Val Accuracy: 93.6354
[2019-10-14 12:56:08] Epoch: 161, LR: 0.00000100, Train Accuracy: 99.9187, Val Accuracy: 93.6503
[2019-10-14 12:57:10] Epoch: 162, LR: 0.00000100, Train Accuracy: 100.0000, Val Accuracy: 93.5460
[2019-10-14 12:58:11] Epoch: 163, LR: 0.00000100, Train Accuracy: 100.0000, Val Accuracy: 93.5609
[2019-10-14 12:59:13] Epoch: 164, LR: 0.00000100, Train Accuracy: 99.8374, Val Accuracy: 93.5907
[2019-10-14 13:00:14] Epoch: 165, LR: 0.00000100, Train Accuracy: 99.7561, Val Accuracy: 93.5013
[2019-10-14 13:01:16] Epoch: 166, LR: 0.00000100, Train Accuracy: 99.9187, Val Accuracy: 93.5758
[2019-10-14 13:02:18] Epoch: 167, LR: 0.00000100, Train Accuracy: 99.7561, Val Accuracy: 93.5013
[2019-10-14 13:03:20] Epoch: 168, LR: 0.00000100, Train Accuracy: 99.8374, Val Accuracy: 93.5758
[2019-10-14 13:04:22] Epoch: 169, LR: 0.00000100, Train Accuracy: 99.8374, Val Accuracy: 93.6056
[2019-10-14 13:05:24] Epoch: 170, LR: 0.00000100, Train Accuracy: 100.0000, Val Accuracy: 93.4715
[2019-10-14 13:06:26] Epoch: 171, LR: 0.00000010, Train Accuracy: 99.9187, Val Accuracy: 93.5311
[2019-10-14 13:07:28] Epoch: 172, LR: 0.00000010, Train Accuracy: 99.9187, Val Accuracy: 93.4864
[2019-10-14 13:08:29] Epoch: 173, LR: 0.00000010, Train Accuracy: 99.8374, Val Accuracy: 93.4864
[2019-10-14 13:09:32] Epoch: 174, LR: 0.00000010, Train Accuracy: 99.9187, Val Accuracy: 93.5311
[2019-10-14 13:10:34] Epoch: 175, LR: 0.00000010, Train Accuracy: 99.9187, Val Accuracy: 93.5013
[2019-10-14 13:11:36] Epoch: 176, LR: 0.00000010, Train Accuracy: 99.7561, Val Accuracy: 93.6205
[2019-10-14 13:12:37] Epoch: 177, LR: 0.00000010, Train Accuracy: 99.8374, Val Accuracy: 93.5907
[2019-10-14 13:13:39] Epoch: 178, LR: 0.00000010, Train Accuracy: 99.9187, Val Accuracy: 93.5460
[2019-10-14 13:14:42] Epoch: 179, LR: 0.00000010, Train Accuracy: 99.8374, Val Accuracy: 93.6056
[2019-10-14 13:15:45] Epoch: 180, LR: 0.00000010, Train Accuracy: 99.7561, Val Accuracy: 93.6205
[2019-10-14 13:16:48] Epoch: 181, LR: 0.00000010, Train Accuracy: 99.8374, Val Accuracy: 93.5460
[2019-10-14 13:17:55] Epoch: 182, LR: 0.00000010, Train Accuracy: 99.8374, Val Accuracy: 93.5162
[2019-10-14 13:18:56] Epoch: 183, LR: 0.00000010, Train Accuracy: 99.9187, Val Accuracy: 93.5758
[2019-10-14 13:19:58] Epoch: 184, LR: 0.00000010, Train Accuracy: 99.9187, Val Accuracy: 93.6205
[2019-10-14 13:21:00] Epoch: 185, LR: 0.00000010, Train Accuracy: 99.8374, Val Accuracy: 93.5460
[2019-10-14 13:22:01] Epoch: 186, LR: 0.00000010, Train Accuracy: 99.9187, Val Accuracy: 93.4715
[2019-10-14 13:23:03] Epoch: 187, LR: 0.00000010, Train Accuracy: 99.8374, Val Accuracy: 93.4118
[2019-10-14 13:24:04] Epoch: 188, LR: 0.00000010, Train Accuracy: 100.0000, Val Accuracy: 93.4715
[2019-10-14 13:25:07] Epoch: 189, LR: 0.00000010, Train Accuracy: 99.8374, Val Accuracy: 93.3820
[2019-10-14 13:26:09] Epoch: 190, LR: 0.00000010, Train Accuracy: 99.6748, Val Accuracy: 93.5609
[2019-10-14 13:27:13] Epoch: 191, LR: 0.00000010, Train Accuracy: 99.8374, Val Accuracy: 93.5609
[2019-10-14 13:28:15] Epoch: 192, LR: 0.00000010, Train Accuracy: 99.8374, Val Accuracy: 93.5460
[2019-10-14 13:29:17] Epoch: 193, LR: 0.00000010, Train Accuracy: 99.8374, Val Accuracy: 93.4864
[2019-10-14 13:30:19] Epoch: 194, LR: 0.00000010, Train Accuracy: 100.0000, Val Accuracy: 93.5162
[2019-10-14 13:31:21] Epoch: 195, LR: 0.00000010, Train Accuracy: 99.9187, Val Accuracy: 93.4715
[2019-10-14 13:32:22] Epoch: 196, LR: 0.00000010, Train Accuracy: 99.9187, Val Accuracy: 93.5013
[2019-10-14 13:33:24] Epoch: 197, LR: 0.00000010, Train Accuracy: 100.0000, Val Accuracy: 93.4864
[2019-10-14 13:34:26] Epoch: 198, LR: 0.00000010, Train Accuracy: 99.9187, Val Accuracy: 93.5907
[2019-10-14 13:35:32] Epoch: 199, LR: 0.00000010, Train Accuracy: 100.0000, Val Accuracy: 93.5758
[2019-10-14 13:36:34] Epoch: 200, LR: 0.00000010, Train Accuracy: 99.5122, Val Accuracy: 93.5907

------------------------------------------------
Best Validation Accuracy 93.6503 at epoch 161
------------------------------------------------

---------------- Train Analysis ----------------
Accuracy of Parcheo : 82.50% 
Accuracy of Marca vial : 98.65% 
Accuracy of Sin daño : 96.86% 
Accuracy of Grietas transversales : 94.60% 
Accuracy of Huecos : 75.24% 
Accuracy of Grietas longitudinales : 93.33% 
Accuracy of Meteorización y desprendimiento : 79.62% 
Accuracy of Grietas en forma de piel de cocodrilo : 92.99% 
Accuracy of Alcantarillado : 99.67% 
