
---- Start ----

Pretrained-> Remember at end: transforms.Normalize(mean=[0.485, 0.456, 0.406], std=[0.229, 0.224, 0.225])
Loaded Class weights!
Weights: [6.626878130217029, 6.4439935064935066, 3.1023837436498636, 43.14673913043478, 20.567357512953368, 16.006048387096776, 6.632414369256474, 21.284182305630026, 25.28343949044586]

--------------------------------------------
output_dir: results/seresnext50_adam_256to224_lr0.00256_DA_pretrained_weightedLoss/
crop_size: 224
verbose: False
min_learning_rate: 1e-07
optimizer: adam
steps_scheduler: True
img_size: 256
pretrained: True
model_name: seresnext50
plateau_scheduler: False
steps_best: False
batch_size: 64
epochs: 200
learning_rate: 0.00256
validation_size: 0.15
data_augmentation: True
weighted_loss: True

-------------- START TRAINING --------------
[2019-09-26 08:34:45] Epoch: 1, LR: 0.00256000, Train Accuracy: 35.6098, Val Accuracy: 13.3403
[2019-09-26 08:36:40] Epoch: 2, LR: 0.00256000, Train Accuracy: 51.1382, Val Accuracy: 22.7754
[2019-09-26 08:38:32] Epoch: 3, LR: 0.00256000, Train Accuracy: 63.0894, Val Accuracy: 56.8639
[2019-09-26 08:40:25] Epoch: 4, LR: 0.00256000, Train Accuracy: 62.1138, Val Accuracy: 70.5172
[2019-09-26 08:42:17] Epoch: 5, LR: 0.00256000, Train Accuracy: 62.4390, Val Accuracy: 50.7378
[2019-09-26 08:44:10] Epoch: 6, LR: 0.00256000, Train Accuracy: 67.3984, Val Accuracy: 33.5669
[2019-09-26 08:46:03] Epoch: 7, LR: 0.00256000, Train Accuracy: 68.3740, Val Accuracy: 72.5742
[2019-09-26 08:47:55] Epoch: 8, LR: 0.00256000, Train Accuracy: 68.8618, Val Accuracy: 69.7123
[2019-09-26 08:49:48] Epoch: 9, LR: 0.00256000, Train Accuracy: 74.3089, Val Accuracy: 80.7423
[2019-09-26 08:51:42] Epoch: 10, LR: 0.00256000, Train Accuracy: 75.6098, Val Accuracy: 59.0401
[2019-09-26 08:53:34] Epoch: 11, LR: 0.00256000, Train Accuracy: 74.7967, Val Accuracy: 69.6825
[2019-09-26 08:55:26] Epoch: 12, LR: 0.00256000, Train Accuracy: 74.7154, Val Accuracy: 65.7177
[2019-09-26 08:57:19] Epoch: 13, LR: 0.00256000, Train Accuracy: 79.1057, Val Accuracy: 70.8302
[2019-09-26 08:59:11] Epoch: 14, LR: 0.00256000, Train Accuracy: 77.2358, Val Accuracy: 85.4971
[2019-09-26 09:01:02] Epoch: 15, LR: 0.00256000, Train Accuracy: 82.1951, Val Accuracy: 84.4388
[2019-09-26 09:02:55] Epoch: 16, LR: 0.00256000, Train Accuracy: 80.7317, Val Accuracy: 43.0765
[2019-09-26 09:04:47] Epoch: 17, LR: 0.00256000, Train Accuracy: 80.4878, Val Accuracy: 74.5417
[2019-09-26 09:06:39] Epoch: 18, LR: 0.00256000, Train Accuracy: 77.0732, Val Accuracy: 51.8706
[2019-09-26 09:08:30] Epoch: 19, LR: 0.00256000, Train Accuracy: 82.4390, Val Accuracy: 76.1812
[2019-09-26 09:10:23] Epoch: 20, LR: 0.00256000, Train Accuracy: 83.0081, Val Accuracy: 81.1596
[2019-09-26 09:12:16] Epoch: 21, LR: 0.00256000, Train Accuracy: 84.7967, Val Accuracy: 85.6014
[2019-09-26 09:14:11] Epoch: 22, LR: 0.00256000, Train Accuracy: 84.3089, Val Accuracy: 82.3372
[2019-09-26 09:16:06] Epoch: 23, LR: 0.00256000, Train Accuracy: 83.2520, Val Accuracy: 82.7992
[2019-09-26 09:17:57] Epoch: 24, LR: 0.00256000, Train Accuracy: 84.1463, Val Accuracy: 71.9183
[2019-09-26 09:19:49] Epoch: 25, LR: 0.00256000, Train Accuracy: 83.4959, Val Accuracy: 79.4753
[2019-09-26 09:21:42] Epoch: 26, LR: 0.00256000, Train Accuracy: 81.5447, Val Accuracy: 81.3236
[2019-09-26 09:23:37] Epoch: 27, LR: 0.00256000, Train Accuracy: 83.9024, Val Accuracy: 84.1556
[2019-09-26 09:25:29] Epoch: 28, LR: 0.00256000, Train Accuracy: 88.3740, Val Accuracy: 82.2477
[2019-09-26 09:27:22] Epoch: 29, LR: 0.00256000, Train Accuracy: 75.2846, Val Accuracy: 45.0440
[2019-09-26 09:29:17] Epoch: 30, LR: 0.00256000, Train Accuracy: 78.1301, Val Accuracy: 65.9115
[2019-09-26 09:31:09] Epoch: 31, LR: 0.00256000, Train Accuracy: 82.1951, Val Accuracy: 81.0255
[2019-09-26 09:33:02] Epoch: 32, LR: 0.00256000, Train Accuracy: 86.1789, Val Accuracy: 86.0784
[2019-09-26 09:34:56] Epoch: 33, LR: 0.00256000, Train Accuracy: 85.4472, Val Accuracy: 88.3887
[2019-09-26 09:36:50] Epoch: 34, LR: 0.00256000, Train Accuracy: 87.2358, Val Accuracy: 88.0012
[2019-09-26 09:38:43] Epoch: 35, LR: 0.00256000, Train Accuracy: 88.2114, Val Accuracy: 85.0201
[2019-09-26 09:40:34] Epoch: 36, LR: 0.00256000, Train Accuracy: 87.7236, Val Accuracy: 84.7965
[2019-09-26 09:42:27] Epoch: 37, LR: 0.00256000, Train Accuracy: 88.5366, Val Accuracy: 80.9957
[2019-09-26 09:44:20] Epoch: 38, LR: 0.00256000, Train Accuracy: 86.1789, Val Accuracy: 81.0255
[2019-09-26 09:46:13] Epoch: 39, LR: 0.00256000, Train Accuracy: 86.9919, Val Accuracy: 88.2695
[2019-09-26 09:48:06] Epoch: 40, LR: 0.00256000, Train Accuracy: 89.1057, Val Accuracy: 87.4646
[2019-09-26 09:49:58] Epoch: 41, LR: 0.00256000, Train Accuracy: 88.5366, Val Accuracy: 85.1692
[2019-09-26 09:51:52] Epoch: 42, LR: 0.00256000, Train Accuracy: 88.2114, Val Accuracy: 85.6760
[2019-09-26 09:53:45] Epoch: 43, LR: 0.00256000, Train Accuracy: 89.6748, Val Accuracy: 76.8073
[2019-09-26 09:55:38] Epoch: 44, LR: 0.00256000, Train Accuracy: 88.2114, Val Accuracy: 82.8439
[2019-09-26 09:57:31] Epoch: 45, LR: 0.00256000, Train Accuracy: 89.8374, Val Accuracy: 82.8439
[2019-09-26 09:59:23] Epoch: 46, LR: 0.00256000, Train Accuracy: 90.3252, Val Accuracy: 88.0161
[2019-09-26 10:01:18] Epoch: 47, LR: 0.00256000, Train Accuracy: 89.9187, Val Accuracy: 80.8764
[2019-09-26 10:03:10] Epoch: 48, LR: 0.00256000, Train Accuracy: 88.3740, Val Accuracy: 85.5865
[2019-09-26 10:05:04] Epoch: 49, LR: 0.00256000, Train Accuracy: 90.6504, Val Accuracy: 88.2844
[2019-09-26 10:06:58] Epoch: 50, LR: 0.00256000, Train Accuracy: 90.8943, Val Accuracy: 91.0270
[2019-09-26 10:08:50] Epoch: 51, LR: 0.00256000, Train Accuracy: 93.3333, Val Accuracy: 88.2844
[2019-09-26 10:10:44] Epoch: 52, LR: 0.00256000, Train Accuracy: 89.2683, Val Accuracy: 85.5567
[2019-09-26 10:12:38] Epoch: 53, LR: 0.00256000, Train Accuracy: 89.2683, Val Accuracy: 75.5254
[2019-09-26 10:14:30] Epoch: 54, LR: 0.00256000, Train Accuracy: 91.3821, Val Accuracy: 90.2817
[2019-09-26 10:16:23] Epoch: 55, LR: 0.00256000, Train Accuracy: 91.7073, Val Accuracy: 89.5513
[2019-09-26 10:18:15] Epoch: 56, LR: 0.00256000, Train Accuracy: 89.3496, Val Accuracy: 78.2084
[2019-09-26 10:20:08] Epoch: 57, LR: 0.00256000, Train Accuracy: 91.1382, Val Accuracy: 83.3358
[2019-09-26 10:22:02] Epoch: 58, LR: 0.00256000, Train Accuracy: 88.6179, Val Accuracy: 88.6272
[2019-09-26 10:23:56] Epoch: 59, LR: 0.00256000, Train Accuracy: 91.7073, Val Accuracy: 86.8237
[2019-09-26 10:25:49] Epoch: 60, LR: 0.00256000, Train Accuracy: 91.5447, Val Accuracy: 90.1923
[2019-09-26 10:27:41] Epoch: 61, LR: 0.00256000, Train Accuracy: 91.5447, Val Accuracy: 82.3223
[2019-09-26 10:29:35] Epoch: 62, LR: 0.00256000, Train Accuracy: 89.2683, Val Accuracy: 84.8711
[2019-09-26 10:31:27] Epoch: 63, LR: 0.00256000, Train Accuracy: 92.0325, Val Accuracy: 90.7736
[2019-09-26 10:33:20] Epoch: 64, LR: 0.00256000, Train Accuracy: 91.3821, Val Accuracy: 88.3142
[2019-09-26 10:35:13] Epoch: 65, LR: 0.00256000, Train Accuracy: 91.9512, Val Accuracy: 89.5364
[2019-09-26 10:37:06] Epoch: 66, LR: 0.00256000, Train Accuracy: 93.9024, Val Accuracy: 86.9578
[2019-09-26 10:38:58] Epoch: 67, LR: 0.00256000, Train Accuracy: 93.1707, Val Accuracy: 90.2817
[2019-09-26 10:40:50] Epoch: 68, LR: 0.00256000, Train Accuracy: 92.2764, Val Accuracy: 88.9999
[2019-09-26 10:42:44] Epoch: 69, LR: 0.00256000, Train Accuracy: 94.3089, Val Accuracy: 90.2668
[2019-09-26 10:44:38] Epoch: 70, LR: 0.00256000, Train Accuracy: 94.4715, Val Accuracy: 90.9674
[2019-09-26 10:46:31] Epoch: 71, LR: 0.00065536, Train Accuracy: 95.5285, Val Accuracy: 92.0405
[2019-09-26 10:48:25] Epoch: 72, LR: 0.00065536, Train Accuracy: 95.9350, Val Accuracy: 92.2045
[2019-09-26 10:50:17] Epoch: 73, LR: 0.00065536, Train Accuracy: 95.8537, Val Accuracy: 91.9958
[2019-09-26 10:52:11] Epoch: 74, LR: 0.00065536, Train Accuracy: 96.9106, Val Accuracy: 92.5175
[2019-09-26 10:54:03] Epoch: 75, LR: 0.00065536, Train Accuracy: 96.6667, Val Accuracy: 92.1151
[2019-09-26 10:55:55] Epoch: 76, LR: 0.00065536, Train Accuracy: 96.4228, Val Accuracy: 92.4281
[2019-09-26 10:57:47] Epoch: 77, LR: 0.00065536, Train Accuracy: 96.7480, Val Accuracy: 92.4132
[2019-09-26 10:59:41] Epoch: 78, LR: 0.00065536, Train Accuracy: 97.2358, Val Accuracy: 92.3237
[2019-09-26 11:01:35] Epoch: 79, LR: 0.00065536, Train Accuracy: 97.1545, Val Accuracy: 92.5324
[2019-09-26 11:03:28] Epoch: 80, LR: 0.00065536, Train Accuracy: 98.0488, Val Accuracy: 92.4132
[2019-09-26 11:05:22] Epoch: 81, LR: 0.00065536, Train Accuracy: 97.4797, Val Accuracy: 92.3685
[2019-09-26 11:07:16] Epoch: 82, LR: 0.00065536, Train Accuracy: 95.7724, Val Accuracy: 91.8170
[2019-09-26 11:09:09] Epoch: 83, LR: 0.00065536, Train Accuracy: 97.0732, Val Accuracy: 92.1747
[2019-09-26 11:11:01] Epoch: 84, LR: 0.00065536, Train Accuracy: 96.4228, Val Accuracy: 92.2343
[2019-09-26 11:12:55] Epoch: 85, LR: 0.00065536, Train Accuracy: 96.9919, Val Accuracy: 92.4132
[2019-09-26 11:14:47] Epoch: 86, LR: 0.00065536, Train Accuracy: 97.3984, Val Accuracy: 92.7113
[2019-09-26 11:16:40] Epoch: 87, LR: 0.00065536, Train Accuracy: 97.4797, Val Accuracy: 92.9051
[2019-09-26 11:18:33] Epoch: 88, LR: 0.00065536, Train Accuracy: 97.7236, Val Accuracy: 92.6666
[2019-09-26 11:20:27] Epoch: 89, LR: 0.00065536, Train Accuracy: 98.1301, Val Accuracy: 92.2194
[2019-09-26 11:22:20] Epoch: 90, LR: 0.00065536, Train Accuracy: 97.7236, Val Accuracy: 92.4728
[2019-09-26 11:24:12] Epoch: 91, LR: 0.00065536, Train Accuracy: 96.7480, Val Accuracy: 92.7411
[2019-09-26 11:26:06] Epoch: 92, LR: 0.00065536, Train Accuracy: 97.0732, Val Accuracy: 92.7709
[2019-09-26 11:28:00] Epoch: 93, LR: 0.00065536, Train Accuracy: 97.4797, Val Accuracy: 92.3983
[2019-09-26 11:29:54] Epoch: 94, LR: 0.00065536, Train Accuracy: 97.0732, Val Accuracy: 92.3685
[2019-09-26 11:31:48] Epoch: 95, LR: 0.00065536, Train Accuracy: 97.7236, Val Accuracy: 92.5771
[2019-09-26 11:33:40] Epoch: 96, LR: 0.00065536, Train Accuracy: 97.3984, Val Accuracy: 92.7560
[2019-09-26 11:35:35] Epoch: 97, LR: 0.00065536, Train Accuracy: 96.6667, Val Accuracy: 92.3536
[2019-09-26 11:37:29] Epoch: 98, LR: 0.00065536, Train Accuracy: 95.6911, Val Accuracy: 91.3400
[2019-09-26 11:39:23] Epoch: 99, LR: 0.00065536, Train Accuracy: 96.5041, Val Accuracy: 91.2953
[2019-09-26 11:41:16] Epoch: 100, LR: 0.00065536, Train Accuracy: 96.7480, Val Accuracy: 92.0107
[2019-09-26 11:43:08] Epoch: 101, LR: 0.00065536, Train Accuracy: 97.1545, Val Accuracy: 92.1002
[2019-09-26 11:45:00] Epoch: 102, LR: 0.00065536, Train Accuracy: 97.1545, Val Accuracy: 91.9362
[2019-09-26 11:46:53] Epoch: 103, LR: 0.00065536, Train Accuracy: 97.8049, Val Accuracy: 92.2045
[2019-09-26 11:48:47] Epoch: 104, LR: 0.00065536, Train Accuracy: 98.1301, Val Accuracy: 92.7113
[2019-09-26 11:50:41] Epoch: 105, LR: 0.00065536, Train Accuracy: 96.3415, Val Accuracy: 92.4728
[2019-09-26 11:52:32] Epoch: 106, LR: 0.00065536, Train Accuracy: 97.3171, Val Accuracy: 91.9958
[2019-09-26 11:54:25] Epoch: 107, LR: 0.00065536, Train Accuracy: 97.1545, Val Accuracy: 92.3088
[2019-09-26 11:56:17] Epoch: 108, LR: 0.00065536, Train Accuracy: 97.5610, Val Accuracy: 92.8752
[2019-09-26 11:58:09] Epoch: 109, LR: 0.00065536, Train Accuracy: 97.9675, Val Accuracy: 92.8305
[2019-09-26 12:00:01] Epoch: 110, LR: 0.00065536, Train Accuracy: 97.8862, Val Accuracy: 92.5771
[2019-09-26 12:01:55] Epoch: 111, LR: 0.00065536, Train Accuracy: 97.9675, Val Accuracy: 93.0094
[2019-09-26 12:03:47] Epoch: 112, LR: 0.00065536, Train Accuracy: 97.6423, Val Accuracy: 92.6069
[2019-09-26 12:05:40] Epoch: 113, LR: 0.00065536, Train Accuracy: 97.4797, Val Accuracy: 92.7560
[2019-09-26 12:07:33] Epoch: 114, LR: 0.00065536, Train Accuracy: 97.3171, Val Accuracy: 92.2641
[2019-09-26 12:09:25] Epoch: 115, LR: 0.00065536, Train Accuracy: 97.5610, Val Accuracy: 91.9064
[2019-09-26 12:11:18] Epoch: 116, LR: 0.00065536, Train Accuracy: 97.8049, Val Accuracy: 92.5324
[2019-09-26 12:13:10] Epoch: 117, LR: 0.00065536, Train Accuracy: 97.8862, Val Accuracy: 92.9200
[2019-09-26 12:15:03] Epoch: 118, LR: 0.00065536, Train Accuracy: 97.7236, Val Accuracy: 92.3088
[2019-09-26 12:16:56] Epoch: 119, LR: 0.00065536, Train Accuracy: 97.5610, Val Accuracy: 91.9213
[2019-09-26 12:18:50] Epoch: 120, LR: 0.00065536, Train Accuracy: 97.7236, Val Accuracy: 91.9511
[2019-09-26 12:20:42] Epoch: 121, LR: 0.00065536, Train Accuracy: 97.9675, Val Accuracy: 92.2045
[2019-09-26 12:22:36] Epoch: 122, LR: 0.00065536, Train Accuracy: 97.7236, Val Accuracy: 92.2641
[2019-09-26 12:24:28] Epoch: 123, LR: 0.00065536, Train Accuracy: 98.6179, Val Accuracy: 92.1747
[2019-09-26 12:26:21] Epoch: 124, LR: 0.00065536, Train Accuracy: 97.9675, Val Accuracy: 91.4443
[2019-09-26 12:28:13] Epoch: 125, LR: 0.00065536, Train Accuracy: 98.1301, Val Accuracy: 91.3996
[2019-09-26 12:30:07] Epoch: 126, LR: 0.00065536, Train Accuracy: 97.4797, Val Accuracy: 92.0853
[2019-09-26 12:32:00] Epoch: 127, LR: 0.00065536, Train Accuracy: 97.0732, Val Accuracy: 91.7424
[2019-09-26 12:33:54] Epoch: 128, LR: 0.00065536, Train Accuracy: 95.6911, Val Accuracy: 90.7736
[2019-09-26 12:35:47] Epoch: 129, LR: 0.00065536, Train Accuracy: 96.5041, Val Accuracy: 91.7722
[2019-09-26 12:37:40] Epoch: 130, LR: 0.00065536, Train Accuracy: 97.6423, Val Accuracy: 92.7411
[2019-09-26 12:39:32] Epoch: 131, LR: 0.00016777, Train Accuracy: 98.1301, Val Accuracy: 92.9051
[2019-09-26 12:41:26] Epoch: 132, LR: 0.00016777, Train Accuracy: 97.3171, Val Accuracy: 92.4728
[2019-09-26 12:43:20] Epoch: 133, LR: 0.00016777, Train Accuracy: 98.6992, Val Accuracy: 92.6964
[2019-09-26 12:45:12] Epoch: 134, LR: 0.00016777, Train Accuracy: 98.6992, Val Accuracy: 92.8156
[2019-09-26 12:47:04] Epoch: 135, LR: 0.00016777, Train Accuracy: 98.6179, Val Accuracy: 92.6666
[2019-09-26 12:48:57] Epoch: 136, LR: 0.00016777, Train Accuracy: 98.2927, Val Accuracy: 92.9200
[2019-09-26 12:50:51] Epoch: 137, LR: 0.00016777, Train Accuracy: 98.7805, Val Accuracy: 92.8901
[2019-09-26 12:52:42] Epoch: 138, LR: 0.00016777, Train Accuracy: 97.9675, Val Accuracy: 92.8901
[2019-09-26 12:54:35] Epoch: 139, LR: 0.00016777, Train Accuracy: 98.8618, Val Accuracy: 92.7858
[2019-09-26 12:56:27] Epoch: 140, LR: 0.00016777, Train Accuracy: 98.3740, Val Accuracy: 92.6666
[2019-09-26 12:58:20] Epoch: 141, LR: 0.00016777, Train Accuracy: 98.6179, Val Accuracy: 93.0839
[2019-09-26 13:00:13] Epoch: 142, LR: 0.00016777, Train Accuracy: 98.2114, Val Accuracy: 92.6666
[2019-09-26 13:02:06] Epoch: 143, LR: 0.00016777, Train Accuracy: 98.5366, Val Accuracy: 92.8305
[2019-09-26 13:04:00] Epoch: 144, LR: 0.00016777, Train Accuracy: 98.8618, Val Accuracy: 92.8603
[2019-09-26 13:05:53] Epoch: 145, LR: 0.00016777, Train Accuracy: 98.4553, Val Accuracy: 92.9498
[2019-09-26 13:07:47] Epoch: 146, LR: 0.00016777, Train Accuracy: 98.4553, Val Accuracy: 92.9647
[2019-09-26 13:09:41] Epoch: 147, LR: 0.00016777, Train Accuracy: 98.5366, Val Accuracy: 92.9796
[2019-09-26 13:11:32] Epoch: 148, LR: 0.00016777, Train Accuracy: 98.5366, Val Accuracy: 93.0392
[2019-09-26 13:13:27] Epoch: 149, LR: 0.00016777, Train Accuracy: 99.0244, Val Accuracy: 93.1733
[2019-09-26 13:15:20] Epoch: 150, LR: 0.00016777, Train Accuracy: 98.1301, Val Accuracy: 92.6666
[2019-09-26 13:17:14] Epoch: 151, LR: 0.00016777, Train Accuracy: 98.4553, Val Accuracy: 92.7858
[2019-09-26 13:19:06] Epoch: 152, LR: 0.00016777, Train Accuracy: 98.6992, Val Accuracy: 92.7858
[2019-09-26 13:20:59] Epoch: 153, LR: 0.00016777, Train Accuracy: 98.4553, Val Accuracy: 92.6666
[2019-09-26 13:22:50] Epoch: 154, LR: 0.00016777, Train Accuracy: 99.0244, Val Accuracy: 93.0094
[2019-09-26 13:24:43] Epoch: 155, LR: 0.00016777, Train Accuracy: 98.8618, Val Accuracy: 92.8752
[2019-09-26 13:26:36] Epoch: 156, LR: 0.00016777, Train Accuracy: 98.2927, Val Accuracy: 92.8156
[2019-09-26 13:28:28] Epoch: 157, LR: 0.00016777, Train Accuracy: 97.8049, Val Accuracy: 92.7411
[2019-09-26 13:30:20] Epoch: 158, LR: 0.00016777, Train Accuracy: 99.2683, Val Accuracy: 92.8752
[2019-09-26 13:32:13] Epoch: 159, LR: 0.00016777, Train Accuracy: 98.8618, Val Accuracy: 93.0392
[2019-09-26 13:34:05] Epoch: 160, LR: 0.00016777, Train Accuracy: 99.1870, Val Accuracy: 92.8752
[2019-09-26 13:35:57] Epoch: 161, LR: 0.00016777, Train Accuracy: 98.7805, Val Accuracy: 93.0094
[2019-09-26 13:37:50] Epoch: 162, LR: 0.00016777, Train Accuracy: 98.6179, Val Accuracy: 93.2181
[2019-09-26 13:39:42] Epoch: 163, LR: 0.00016777, Train Accuracy: 99.1870, Val Accuracy: 93.1584
[2019-09-26 13:41:34] Epoch: 164, LR: 0.00016777, Train Accuracy: 98.9431, Val Accuracy: 93.2628
[2019-09-26 13:43:28] Epoch: 165, LR: 0.00016777, Train Accuracy: 99.4309, Val Accuracy: 93.1584
[2019-09-26 13:45:21] Epoch: 166, LR: 0.00016777, Train Accuracy: 99.3496, Val Accuracy: 93.2032
[2019-09-26 13:47:14] Epoch: 167, LR: 0.00016777, Train Accuracy: 98.6992, Val Accuracy: 93.1733
[2019-09-26 13:49:08] Epoch: 168, LR: 0.00016777, Train Accuracy: 98.5366, Val Accuracy: 93.0541
[2019-09-26 13:51:01] Epoch: 169, LR: 0.00016777, Train Accuracy: 98.4553, Val Accuracy: 93.0690
[2019-09-26 13:52:54] Epoch: 170, LR: 0.00016777, Train Accuracy: 98.1301, Val Accuracy: 92.2045
[2019-09-26 13:54:46] Epoch: 171, LR: 0.00004295, Train Accuracy: 98.1301, Val Accuracy: 92.4132
[2019-09-26 13:56:38] Epoch: 172, LR: 0.00004295, Train Accuracy: 98.1301, Val Accuracy: 92.6069
[2019-09-26 13:58:30] Epoch: 173, LR: 0.00004295, Train Accuracy: 98.3740, Val Accuracy: 92.6517
[2019-09-26 14:00:24] Epoch: 174, LR: 0.00004295, Train Accuracy: 98.2927, Val Accuracy: 92.7411
[2019-09-26 14:02:16] Epoch: 175, LR: 0.00004295, Train Accuracy: 98.7805, Val Accuracy: 92.8305
[2019-09-26 14:04:10] Epoch: 176, LR: 0.00004295, Train Accuracy: 98.4553, Val Accuracy: 92.9200
[2019-09-26 14:06:03] Epoch: 177, LR: 0.00004295, Train Accuracy: 98.6179, Val Accuracy: 92.7858
[2019-09-26 14:07:56] Epoch: 178, LR: 0.00004295, Train Accuracy: 98.8618, Val Accuracy: 92.7411
[2019-09-26 14:09:48] Epoch: 179, LR: 0.00004295, Train Accuracy: 98.6179, Val Accuracy: 92.9647
[2019-09-26 14:11:40] Epoch: 180, LR: 0.00004295, Train Accuracy: 98.3740, Val Accuracy: 92.8305
[2019-09-26 14:13:31] Epoch: 181, LR: 0.00004295, Train Accuracy: 98.5366, Val Accuracy: 93.0392
[2019-09-26 14:15:24] Epoch: 182, LR: 0.00004295, Train Accuracy: 99.0244, Val Accuracy: 93.0839
[2019-09-26 14:17:18] Epoch: 183, LR: 0.00004295, Train Accuracy: 98.3740, Val Accuracy: 93.2032
[2019-09-26 14:19:12] Epoch: 184, LR: 0.00004295, Train Accuracy: 98.9431, Val Accuracy: 93.0839
[2019-09-26 14:21:04] Epoch: 185, LR: 0.00004295, Train Accuracy: 98.7805, Val Accuracy: 93.1137
[2019-09-26 14:22:58] Epoch: 186, LR: 0.00004295, Train Accuracy: 98.8618, Val Accuracy: 92.9796
[2019-09-26 14:24:50] Epoch: 187, LR: 0.00004295, Train Accuracy: 98.6179, Val Accuracy: 93.0094
[2019-09-26 14:26:42] Epoch: 188, LR: 0.00004295, Train Accuracy: 99.0244, Val Accuracy: 93.0541
[2019-09-26 14:28:36] Epoch: 189, LR: 0.00004295, Train Accuracy: 99.1057, Val Accuracy: 93.0839
[2019-09-26 14:30:29] Epoch: 190, LR: 0.00004295, Train Accuracy: 98.8618, Val Accuracy: 93.1435
[2019-09-26 14:32:24] Epoch: 191, LR: 0.00004295, Train Accuracy: 99.1870, Val Accuracy: 93.1286
[2019-09-26 14:34:17] Epoch: 192, LR: 0.00004295, Train Accuracy: 99.1870, Val Accuracy: 93.0392
[2019-09-26 14:36:09] Epoch: 193, LR: 0.00004295, Train Accuracy: 99.0244, Val Accuracy: 92.9945
[2019-09-26 14:38:02] Epoch: 194, LR: 0.00004295, Train Accuracy: 98.8618, Val Accuracy: 93.2777
[2019-09-26 14:39:55] Epoch: 195, LR: 0.00004295, Train Accuracy: 99.1057, Val Accuracy: 93.1286
[2019-09-26 14:41:47] Epoch: 196, LR: 0.00004295, Train Accuracy: 98.9431, Val Accuracy: 93.2628
[2019-09-26 14:43:39] Epoch: 197, LR: 0.00004295, Train Accuracy: 98.6992, Val Accuracy: 93.2479
[2019-09-26 14:45:33] Epoch: 198, LR: 0.00004295, Train Accuracy: 98.7805, Val Accuracy: 93.0094
[2019-09-26 14:47:25] Epoch: 199, LR: 0.00004295, Train Accuracy: 98.5366, Val Accuracy: 93.1435
[2019-09-26 14:49:19] Epoch: 200, LR: 0.00004295, Train Accuracy: 99.0244, Val Accuracy: 93.1286

------------------------------------------------
Best Validation Accuracy 93.2777 at epoch 194
------------------------------------------------

---------------- Train Analysis ----------------
Accuracy of Grietas transversales : 95.13% 
Accuracy of Marca vial : 97.57% 
Accuracy of Sin daño : 96.51% 
Accuracy of Grietas en forma de piel de cocodrilo : 96.08% 
Accuracy of Parcheo : 85.50% 
Accuracy of Huecos : 75.96% 
Accuracy of Grietas longitudinales : 90.01% 
Accuracy of Alcantarillado : 95.87% 
Accuracy of Meteorización y desprendimiento : 83.66% 
