
---- Start ----

Pretrained-> Remember at end: transforms.Normalize(mean=[0.485, 0.456, 0.406], std=[0.229, 0.224, 0.225])

ResNet(
  (conv1): Conv2d(3, 64, kernel_size=(7, 7), stride=(2, 2), padding=(3, 3), bias=False)
  (bn1): BatchNorm2d(64, eps=1e-05, momentum=0.1, affine=True, track_running_stats=True)
  (relu): ReLU(inplace=True)
  (maxpool): MaxPool2d(kernel_size=3, stride=2, padding=1, dilation=1, ceil_mode=False)
  (layer1): Sequential(
    (0): BasicBlock(
      (conv1): Conv2d(64, 64, kernel_size=(3, 3), stride=(1, 1), padding=(1, 1), bias=False)
      (bn1): BatchNorm2d(64, eps=1e-05, momentum=0.1, affine=True, track_running_stats=True)
      (relu): ReLU(inplace=True)
      (conv2): Conv2d(64, 64, kernel_size=(3, 3), stride=(1, 1), padding=(1, 1), bias=False)
      (bn2): BatchNorm2d(64, eps=1e-05, momentum=0.1, affine=True, track_running_stats=True)
    )
    (1): BasicBlock(
      (conv1): Conv2d(64, 64, kernel_size=(3, 3), stride=(1, 1), padding=(1, 1), bias=False)
      (bn1): BatchNorm2d(64, eps=1e-05, momentum=0.1, affine=True, track_running_stats=True)
      (relu): ReLU(inplace=True)
      (conv2): Conv2d(64, 64, kernel_size=(3, 3), stride=(1, 1), padding=(1, 1), bias=False)
      (bn2): BatchNorm2d(64, eps=1e-05, momentum=0.1, affine=True, track_running_stats=True)
    )
  )
  (layer2): Sequential(
    (0): BasicBlock(
      (conv1): Conv2d(64, 128, kernel_size=(3, 3), stride=(2, 2), padding=(1, 1), bias=False)
      (bn1): BatchNorm2d(128, eps=1e-05, momentum=0.1, affine=True, track_running_stats=True)
      (relu): ReLU(inplace=True)
      (conv2): Conv2d(128, 128, kernel_size=(3, 3), stride=(1, 1), padding=(1, 1), bias=False)
      (bn2): BatchNorm2d(128, eps=1e-05, momentum=0.1, affine=True, track_running_stats=True)
      (downsample): Sequential(
        (0): Conv2d(64, 128, kernel_size=(1, 1), stride=(2, 2), bias=False)
        (1): BatchNorm2d(128, eps=1e-05, momentum=0.1, affine=True, track_running_stats=True)
      )
    )
    (1): BasicBlock(
      (conv1): Conv2d(128, 128, kernel_size=(3, 3), stride=(1, 1), padding=(1, 1), bias=False)
      (bn1): BatchNorm2d(128, eps=1e-05, momentum=0.1, affine=True, track_running_stats=True)
      (relu): ReLU(inplace=True)
      (conv2): Conv2d(128, 128, kernel_size=(3, 3), stride=(1, 1), padding=(1, 1), bias=False)
      (bn2): BatchNorm2d(128, eps=1e-05, momentum=0.1, affine=True, track_running_stats=True)
    )
  )
  (layer3): Sequential(
    (0): BasicBlock(
      (conv1): Conv2d(128, 256, kernel_size=(3, 3), stride=(2, 2), padding=(1, 1), bias=False)
      (bn1): BatchNorm2d(256, eps=1e-05, momentum=0.1, affine=True, track_running_stats=True)
      (relu): ReLU(inplace=True)
      (conv2): Conv2d(256, 256, kernel_size=(3, 3), stride=(1, 1), padding=(1, 1), bias=False)
      (bn2): BatchNorm2d(256, eps=1e-05, momentum=0.1, affine=True, track_running_stats=True)
      (downsample): Sequential(
        (0): Conv2d(128, 256, kernel_size=(1, 1), stride=(2, 2), bias=False)
        (1): BatchNorm2d(256, eps=1e-05, momentum=0.1, affine=True, track_running_stats=True)
      )
    )
    (1): BasicBlock(
      (conv1): Conv2d(256, 256, kernel_size=(3, 3), stride=(1, 1), padding=(1, 1), bias=False)
      (bn1): BatchNorm2d(256, eps=1e-05, momentum=0.1, affine=True, track_running_stats=True)
      (relu): ReLU(inplace=True)
      (conv2): Conv2d(256, 256, kernel_size=(3, 3), stride=(1, 1), padding=(1, 1), bias=False)
      (bn2): BatchNorm2d(256, eps=1e-05, momentum=0.1, affine=True, track_running_stats=True)
    )
  )
  (layer4): Sequential(
    (0): BasicBlock(
      (conv1): Conv2d(256, 512, kernel_size=(3, 3), stride=(2, 2), padding=(1, 1), bias=False)
      (bn1): BatchNorm2d(512, eps=1e-05, momentum=0.1, affine=True, track_running_stats=True)
      (relu): ReLU(inplace=True)
      (conv2): Conv2d(512, 512, kernel_size=(3, 3), stride=(1, 1), padding=(1, 1), bias=False)
      (bn2): BatchNorm2d(512, eps=1e-05, momentum=0.1, affine=True, track_running_stats=True)
      (downsample): Sequential(
        (0): Conv2d(256, 512, kernel_size=(1, 1), stride=(2, 2), bias=False)
        (1): BatchNorm2d(512, eps=1e-05, momentum=0.1, affine=True, track_running_stats=True)
      )
    )
    (1): BasicBlock(
      (conv1): Conv2d(512, 512, kernel_size=(3, 3), stride=(1, 1), padding=(1, 1), bias=False)
      (bn1): BatchNorm2d(512, eps=1e-05, momentum=0.1, affine=True, track_running_stats=True)
      (relu): ReLU(inplace=True)
      (conv2): Conv2d(512, 512, kernel_size=(3, 3), stride=(1, 1), padding=(1, 1), bias=False)
      (bn2): BatchNorm2d(512, eps=1e-05, momentum=0.1, affine=True, track_running_stats=True)
    )
  )
  (avgpool): AdaptiveAvgPool2d(output_size=(1, 1))
  (fc): Linear(in_features=512, out_features=9, bias=True)
)

--------------------------------------------
batch_size: 128
img_size: 256
verbose: False
pretrained: True
steps_scheduler: True
data_augmentation: True
epochs: 200
optimizer: adam
output_dir: results/resnet18_adam_256to224_lr0.001_DA_pretrained/
min_learning_rate: 1e-07
validation_size: 0.15
plateau_scheduler: False
learning_rate: 0.001
model_name: resnet18
crop_size: 224
steps_best: False

-------------- START TRAINING --------------
[2019-09-21 11:47:34] Epoch: 1, LR: 0.00100000, Train Accuracy: 58.2114, Val Accuracy: 44.6713
[2019-09-21 11:52:02] Epoch: 2, LR: 0.00100000, Train Accuracy: 79.0244, Val Accuracy: 24.5640
[2019-09-21 11:56:33] Epoch: 3, LR: 0.00100000, Train Accuracy: 80.8943, Val Accuracy: 60.2176
[2019-09-21 12:01:02] Epoch: 4, LR: 0.00100000, Train Accuracy: 86.3415, Val Accuracy: 86.6746
[2019-09-21 12:05:24] Epoch: 5, LR: 0.00100000, Train Accuracy: 87.7236, Val Accuracy: 70.4874
[2019-09-21 12:09:39] Epoch: 6, LR: 0.00100000, Train Accuracy: 88.5366, Val Accuracy: 85.6312
[2019-09-21 12:13:59] Epoch: 7, LR: 0.00100000, Train Accuracy: 89.1870, Val Accuracy: 88.2397
[2019-09-21 12:18:18] Epoch: 8, LR: 0.00100000, Train Accuracy: 90.4065, Val Accuracy: 82.8588
[2019-09-21 12:22:47] Epoch: 9, LR: 0.00100000, Train Accuracy: 88.8618, Val Accuracy: 79.6542
[2019-09-21 12:27:17] Epoch: 10, LR: 0.00100000, Train Accuracy: 87.7236, Val Accuracy: 74.0498
[2019-09-21 12:31:47] Epoch: 11, LR: 0.00100000, Train Accuracy: 89.4309, Val Accuracy: 50.3503
[2019-09-21 12:36:06] Epoch: 12, LR: 0.00100000, Train Accuracy: 91.9512, Val Accuracy: 81.8006
[2019-09-21 12:40:32] Epoch: 13, LR: 0.00100000, Train Accuracy: 91.1382, Val Accuracy: 81.3683
[2019-09-21 12:44:53] Epoch: 14, LR: 0.00100000, Train Accuracy: 90.7317, Val Accuracy: 86.4212
[2019-09-21 12:49:22] Epoch: 15, LR: 0.00100000, Train Accuracy: 92.7642, Val Accuracy: 84.5432
[2019-09-21 12:53:47] Epoch: 16, LR: 0.00100000, Train Accuracy: 93.2520, Val Accuracy: 89.2681
[2019-09-21 12:58:32] Epoch: 17, LR: 0.00100000, Train Accuracy: 93.8211, Val Accuracy: 88.1353
[2019-09-21 13:03:02] Epoch: 18, LR: 0.00100000, Train Accuracy: 93.0081, Val Accuracy: 87.4646
[2019-09-21 13:07:23] Epoch: 19, LR: 0.00100000, Train Accuracy: 94.7154, Val Accuracy: 78.0146
[2019-09-21 13:11:54] Epoch: 20, LR: 0.00100000, Train Accuracy: 95.1220, Val Accuracy: 88.4633
[2019-09-21 13:16:19] Epoch: 21, LR: 0.00100000, Train Accuracy: 94.7154, Val Accuracy: 88.7465
[2019-09-21 13:20:53] Epoch: 22, LR: 0.00100000, Train Accuracy: 93.1707, Val Accuracy: 85.4971
[2019-09-21 13:25:19] Epoch: 23, LR: 0.00100000, Train Accuracy: 92.5203, Val Accuracy: 78.7152
[2019-09-21 13:29:41] Epoch: 24, LR: 0.00100000, Train Accuracy: 92.9268, Val Accuracy: 66.8505
[2019-09-21 13:34:19] Epoch: 25, LR: 0.00100000, Train Accuracy: 92.8455, Val Accuracy: 87.5987
[2019-09-21 13:38:53] Epoch: 26, LR: 0.00100000, Train Accuracy: 96.4228, Val Accuracy: 85.8995
[2019-09-21 13:43:27] Epoch: 27, LR: 0.00100000, Train Accuracy: 93.1707, Val Accuracy: 85.0052
[2019-09-21 13:47:47] Epoch: 28, LR: 0.00100000, Train Accuracy: 93.9837, Val Accuracy: 86.1082
[2019-09-21 13:52:17] Epoch: 29, LR: 0.00100000, Train Accuracy: 93.5772, Val Accuracy: 85.3629
[2019-09-21 13:56:42] Epoch: 30, LR: 0.00100000, Train Accuracy: 94.2276, Val Accuracy: 89.0297
[2019-09-21 14:01:15] Epoch: 31, LR: 0.00100000, Train Accuracy: 94.3089, Val Accuracy: 85.6163
[2019-09-21 14:05:38] Epoch: 32, LR: 0.00100000, Train Accuracy: 94.9593, Val Accuracy: 83.1122
[2019-09-21 14:10:17] Epoch: 33, LR: 0.00100000, Train Accuracy: 95.3659, Val Accuracy: 79.1921
[2019-09-21 14:14:50] Epoch: 34, LR: 0.00100000, Train Accuracy: 93.9837, Val Accuracy: 87.5540
[2019-09-21 14:19:11] Epoch: 35, LR: 0.00100000, Train Accuracy: 95.1220, Val Accuracy: 87.9118
[2019-09-21 14:23:34] Epoch: 36, LR: 0.00100000, Train Accuracy: 96.8293, Val Accuracy: 90.7736
[2019-09-21 14:27:43] Epoch: 37, LR: 0.00100000, Train Accuracy: 95.7724, Val Accuracy: 87.3901
[2019-09-21 14:32:19] Epoch: 38, LR: 0.00100000, Train Accuracy: 95.6098, Val Accuracy: 90.3860
[2019-09-21 14:36:50] Epoch: 39, LR: 0.00100000, Train Accuracy: 96.7480, Val Accuracy: 89.7898
[2019-09-21 14:41:29] Epoch: 40, LR: 0.00100000, Train Accuracy: 96.3415, Val Accuracy: 90.6394
[2019-09-21 14:46:06] Epoch: 41, LR: 0.00100000, Train Accuracy: 96.5041, Val Accuracy: 86.8982
[2019-09-21 14:50:42] Epoch: 42, LR: 0.00100000, Train Accuracy: 95.9350, Val Accuracy: 89.8495
[2019-09-21 14:54:52] Epoch: 43, LR: 0.00100000, Train Accuracy: 96.8293, Val Accuracy: 74.1690
[2019-09-21 14:59:08] Epoch: 44, LR: 0.00100000, Train Accuracy: 95.9350, Val Accuracy: 90.2072
[2019-09-21 15:03:26] Epoch: 45, LR: 0.00100000, Train Accuracy: 96.9919, Val Accuracy: 88.6719
[2019-09-21 15:07:58] Epoch: 46, LR: 0.00100000, Train Accuracy: 97.2358, Val Accuracy: 90.0283
[2019-09-21 15:12:32] Epoch: 47, LR: 0.00100000, Train Accuracy: 96.3415, Val Accuracy: 90.8183
[2019-09-21 15:17:00] Epoch: 48, LR: 0.00100000, Train Accuracy: 96.3415, Val Accuracy: 88.6570
[2019-09-21 15:21:44] Epoch: 49, LR: 0.00100000, Train Accuracy: 95.9350, Val Accuracy: 89.7153
[2019-09-21 15:26:14] Epoch: 50, LR: 0.00100000, Train Accuracy: 96.9919, Val Accuracy: 90.3711
[2019-09-21 15:30:37] Epoch: 51, LR: 0.00100000, Train Accuracy: 97.4797, Val Accuracy: 90.6842
[2019-09-21 15:34:55] Epoch: 52, LR: 0.00100000, Train Accuracy: 96.8293, Val Accuracy: 90.7289
[2019-09-21 15:39:23] Epoch: 53, LR: 0.00100000, Train Accuracy: 97.1545, Val Accuracy: 84.8860
[2019-09-21 15:43:59] Epoch: 54, LR: 0.00100000, Train Accuracy: 98.0488, Val Accuracy: 86.2722
[2019-09-21 15:48:40] Epoch: 55, LR: 0.00100000, Train Accuracy: 98.0488, Val Accuracy: 93.0839
[2019-09-21 15:53:13] Epoch: 56, LR: 0.00100000, Train Accuracy: 98.2927, Val Accuracy: 90.2668
[2019-09-21 15:57:32] Epoch: 57, LR: 0.00100000, Train Accuracy: 97.8862, Val Accuracy: 91.3549
[2019-09-21 16:01:56] Epoch: 58, LR: 0.00100000, Train Accuracy: 98.6179, Val Accuracy: 92.3088
[2019-09-21 16:06:10] Epoch: 59, LR: 0.00100000, Train Accuracy: 98.4553, Val Accuracy: 91.8319
[2019-09-21 16:10:29] Epoch: 60, LR: 0.00100000, Train Accuracy: 98.2114, Val Accuracy: 90.2668
[2019-09-21 16:14:56] Epoch: 61, LR: 0.00100000, Train Accuracy: 98.3740, Val Accuracy: 90.8779
[2019-09-21 16:19:30] Epoch: 62, LR: 0.00100000, Train Accuracy: 97.6423, Val Accuracy: 91.8021
[2019-09-21 16:23:59] Epoch: 63, LR: 0.00100000, Train Accuracy: 97.6423, Val Accuracy: 90.5798
[2019-09-21 16:28:34] Epoch: 64, LR: 0.00100000, Train Accuracy: 97.7236, Val Accuracy: 89.6706
[2019-09-21 16:32:54] Epoch: 65, LR: 0.00100000, Train Accuracy: 96.5041, Val Accuracy: 86.0784
[2019-09-21 16:37:16] Epoch: 66, LR: 0.00100000, Train Accuracy: 97.8049, Val Accuracy: 91.0419
[2019-09-21 16:41:48] Epoch: 67, LR: 0.00100000, Train Accuracy: 96.6667, Val Accuracy: 90.1923
[2019-09-21 16:46:16] Epoch: 68, LR: 0.00100000, Train Accuracy: 97.1545, Val Accuracy: 89.5066
[2019-09-21 16:50:43] Epoch: 69, LR: 0.00100000, Train Accuracy: 96.8293, Val Accuracy: 85.7654
[2019-09-21 16:55:21] Epoch: 70, LR: 0.00100000, Train Accuracy: 96.8293, Val Accuracy: 87.5540
[2019-09-21 16:59:40] Epoch: 71, LR: 0.00010000, Train Accuracy: 98.6179, Val Accuracy: 90.9077
[2019-09-21 17:04:11] Epoch: 72, LR: 0.00010000, Train Accuracy: 98.0488, Val Accuracy: 91.7573
[2019-09-21 17:08:30] Epoch: 73, LR: 0.00010000, Train Accuracy: 98.1301, Val Accuracy: 92.4728
[2019-09-21 17:12:53] Epoch: 74, LR: 0.00010000, Train Accuracy: 98.4553, Val Accuracy: 92.8305
[2019-09-21 17:17:23] Epoch: 75, LR: 0.00010000, Train Accuracy: 99.1870, Val Accuracy: 92.9498
[2019-09-21 17:21:53] Epoch: 76, LR: 0.00010000, Train Accuracy: 99.3496, Val Accuracy: 93.0392
[2019-09-21 17:26:28] Epoch: 77, LR: 0.00010000, Train Accuracy: 99.0244, Val Accuracy: 93.1435
[2019-09-21 17:30:47] Epoch: 78, LR: 0.00010000, Train Accuracy: 99.3496, Val Accuracy: 93.2479
[2019-09-21 17:35:08] Epoch: 79, LR: 0.00010000, Train Accuracy: 99.5122, Val Accuracy: 93.1733
[2019-09-21 17:39:29] Epoch: 80, LR: 0.00010000, Train Accuracy: 99.7561, Val Accuracy: 93.4715
[2019-09-21 17:43:47] Epoch: 81, LR: 0.00010000, Train Accuracy: 99.4309, Val Accuracy: 93.2926
[2019-09-21 17:48:11] Epoch: 82, LR: 0.00010000, Train Accuracy: 99.0244, Val Accuracy: 93.2777
[2019-09-21 17:52:42] Epoch: 83, LR: 0.00010000, Train Accuracy: 99.3496, Val Accuracy: 93.2777
[2019-09-21 17:57:04] Epoch: 84, LR: 0.00010000, Train Accuracy: 99.4309, Val Accuracy: 93.2032
[2019-09-21 18:01:34] Epoch: 85, LR: 0.00010000, Train Accuracy: 99.7561, Val Accuracy: 93.3522
[2019-09-21 18:05:58] Epoch: 86, LR: 0.00010000, Train Accuracy: 99.2683, Val Accuracy: 93.4118
[2019-09-21 18:10:22] Epoch: 87, LR: 0.00010000, Train Accuracy: 99.1870, Val Accuracy: 93.3969
[2019-09-21 18:15:00] Epoch: 88, LR: 0.00010000, Train Accuracy: 99.3496, Val Accuracy: 93.5162
[2019-09-21 18:19:20] Epoch: 89, LR: 0.00010000, Train Accuracy: 99.1870, Val Accuracy: 93.3820
[2019-09-21 18:23:47] Epoch: 90, LR: 0.00010000, Train Accuracy: 99.2683, Val Accuracy: 93.3373
[2019-09-21 18:28:33] Epoch: 91, LR: 0.00010000, Train Accuracy: 99.4309, Val Accuracy: 93.0690
[2019-09-21 18:33:11] Epoch: 92, LR: 0.00010000, Train Accuracy: 99.8374, Val Accuracy: 93.1733
[2019-09-21 18:37:32] Epoch: 93, LR: 0.00010000, Train Accuracy: 99.7561, Val Accuracy: 93.3671
[2019-09-21 18:42:00] Epoch: 94, LR: 0.00010000, Train Accuracy: 99.9187, Val Accuracy: 93.3969
[2019-09-21 18:46:18] Epoch: 95, LR: 0.00010000, Train Accuracy: 99.5122, Val Accuracy: 93.3522
[2019-09-21 18:50:44] Epoch: 96, LR: 0.00010000, Train Accuracy: 99.9187, Val Accuracy: 93.3820
[2019-09-21 18:55:19] Epoch: 97, LR: 0.00010000, Train Accuracy: 99.6748, Val Accuracy: 93.6056
[2019-09-21 18:59:52] Epoch: 98, LR: 0.00010000, Train Accuracy: 99.2683, Val Accuracy: 93.4715
[2019-09-21 19:04:28] Epoch: 99, LR: 0.00010000, Train Accuracy: 99.8374, Val Accuracy: 93.4416
[2019-09-21 19:09:18] Epoch: 100, LR: 0.00010000, Train Accuracy: 99.4309, Val Accuracy: 93.5609
[2019-09-21 19:13:37] Epoch: 101, LR: 0.00010000, Train Accuracy: 99.5935, Val Accuracy: 93.4416
[2019-09-21 19:18:05] Epoch: 102, LR: 0.00010000, Train Accuracy: 99.6748, Val Accuracy: 93.4118
[2019-09-21 19:22:39] Epoch: 103, LR: 0.00010000, Train Accuracy: 99.8374, Val Accuracy: 93.4715
[2019-09-21 19:27:01] Epoch: 104, LR: 0.00010000, Train Accuracy: 100.0000, Val Accuracy: 93.5460
[2019-09-21 19:31:22] Epoch: 105, LR: 0.00010000, Train Accuracy: 100.0000, Val Accuracy: 93.4118
[2019-09-21 19:35:49] Epoch: 106, LR: 0.00010000, Train Accuracy: 99.4309, Val Accuracy: 93.1733
[2019-09-21 19:40:22] Epoch: 107, LR: 0.00010000, Train Accuracy: 99.8374, Val Accuracy: 93.0392
[2019-09-21 19:44:54] Epoch: 108, LR: 0.00010000, Train Accuracy: 99.5935, Val Accuracy: 93.1286
[2019-09-21 19:49:06] Epoch: 109, LR: 0.00010000, Train Accuracy: 99.7561, Val Accuracy: 93.4416
[2019-09-21 19:53:38] Epoch: 110, LR: 0.00010000, Train Accuracy: 99.9187, Val Accuracy: 93.3373
[2019-09-21 19:58:01] Epoch: 111, LR: 0.00010000, Train Accuracy: 99.9187, Val Accuracy: 93.4715
[2019-09-21 20:02:23] Epoch: 112, LR: 0.00010000, Train Accuracy: 99.6748, Val Accuracy: 93.6056
[2019-09-21 20:06:58] Epoch: 113, LR: 0.00010000, Train Accuracy: 99.7561, Val Accuracy: 93.3075
[2019-09-21 20:11:29] Epoch: 114, LR: 0.00010000, Train Accuracy: 99.5122, Val Accuracy: 93.2479
[2019-09-21 20:16:00] Epoch: 115, LR: 0.00010000, Train Accuracy: 99.8374, Val Accuracy: 93.3820
[2019-09-21 20:20:28] Epoch: 116, LR: 0.00010000, Train Accuracy: 99.7561, Val Accuracy: 93.5609
[2019-09-21 20:24:47] Epoch: 117, LR: 0.00010000, Train Accuracy: 99.8374, Val Accuracy: 93.5907
[2019-09-21 20:29:28] Epoch: 118, LR: 0.00010000, Train Accuracy: 99.8374, Val Accuracy: 93.7248
[2019-09-21 20:33:44] Epoch: 119, LR: 0.00010000, Train Accuracy: 99.7561, Val Accuracy: 93.5460
[2019-09-21 20:38:08] Epoch: 120, LR: 0.00010000, Train Accuracy: 100.0000, Val Accuracy: 93.5460
[2019-09-21 20:42:45] Epoch: 121, LR: 0.00010000, Train Accuracy: 99.9187, Val Accuracy: 93.5758
[2019-09-21 20:47:21] Epoch: 122, LR: 0.00010000, Train Accuracy: 99.9187, Val Accuracy: 93.4416
[2019-09-21 20:51:56] Epoch: 123, LR: 0.00010000, Train Accuracy: 99.6748, Val Accuracy: 93.4416
[2019-09-21 20:56:19] Epoch: 124, LR: 0.00010000, Train Accuracy: 99.9187, Val Accuracy: 93.4416
[2019-09-21 21:00:51] Epoch: 125, LR: 0.00010000, Train Accuracy: 99.7561, Val Accuracy: 93.4267
[2019-09-21 21:05:11] Epoch: 126, LR: 0.00010000, Train Accuracy: 99.9187, Val Accuracy: 93.5162
[2019-09-21 21:09:33] Epoch: 127, LR: 0.00010000, Train Accuracy: 99.5122, Val Accuracy: 93.7845
[2019-09-21 21:14:04] Epoch: 128, LR: 0.00010000, Train Accuracy: 99.7561, Val Accuracy: 93.2330
[2019-09-21 21:18:30] Epoch: 129, LR: 0.00010000, Train Accuracy: 99.8374, Val Accuracy: 93.4715
[2019-09-21 21:22:49] Epoch: 130, LR: 0.00010000, Train Accuracy: 99.9187, Val Accuracy: 93.8292
[2019-09-21 21:27:19] Epoch: 131, LR: 0.00001000, Train Accuracy: 99.8374, Val Accuracy: 93.9037
[2019-09-21 21:31:52] Epoch: 132, LR: 0.00001000, Train Accuracy: 99.8374, Val Accuracy: 93.9782
[2019-09-21 21:36:13] Epoch: 133, LR: 0.00001000, Train Accuracy: 99.7561, Val Accuracy: 93.8888
[2019-09-21 21:40:27] Epoch: 134, LR: 0.00001000, Train Accuracy: 99.7561, Val Accuracy: 93.9633
[2019-09-21 21:45:09] Epoch: 135, LR: 0.00001000, Train Accuracy: 99.8374, Val Accuracy: 93.9633
[2019-09-21 21:49:47] Epoch: 136, LR: 0.00001000, Train Accuracy: 99.7561, Val Accuracy: 93.9037
[2019-09-21 21:54:18] Epoch: 137, LR: 0.00001000, Train Accuracy: 99.8374, Val Accuracy: 93.9633
[2019-09-21 21:58:56] Epoch: 138, LR: 0.00001000, Train Accuracy: 99.8374, Val Accuracy: 94.0080
[2019-09-21 22:03:16] Epoch: 139, LR: 0.00001000, Train Accuracy: 99.7561, Val Accuracy: 93.9782
[2019-09-21 22:07:41] Epoch: 140, LR: 0.00001000, Train Accuracy: 99.9187, Val Accuracy: 93.8441
[2019-09-21 22:12:03] Epoch: 141, LR: 0.00001000, Train Accuracy: 99.8374, Val Accuracy: 93.9335
[2019-09-21 22:16:26] Epoch: 142, LR: 0.00001000, Train Accuracy: 99.9187, Val Accuracy: 93.9931
[2019-09-21 22:20:59] Epoch: 143, LR: 0.00001000, Train Accuracy: 99.9187, Val Accuracy: 93.8590
[2019-09-21 22:25:30] Epoch: 144, LR: 0.00001000, Train Accuracy: 99.7561, Val Accuracy: 93.8292
[2019-09-21 22:30:04] Epoch: 145, LR: 0.00001000, Train Accuracy: 99.8374, Val Accuracy: 93.8590
[2019-09-21 22:32:12] Epoch: 146, LR: 0.00001000, Train Accuracy: 100.0000, Val Accuracy: 93.9633
[2019-09-21 22:33:39] Epoch: 147, LR: 0.00001000, Train Accuracy: 100.0000, Val Accuracy: 93.8739
[2019-09-21 22:35:04] Epoch: 148, LR: 0.00001000, Train Accuracy: 99.9187, Val Accuracy: 93.8590
[2019-09-21 22:36:29] Epoch: 149, LR: 0.00001000, Train Accuracy: 99.9187, Val Accuracy: 93.8888
[2019-09-21 22:37:53] Epoch: 150, LR: 0.00001000, Train Accuracy: 99.8374, Val Accuracy: 93.8590
[2019-09-21 22:39:18] Epoch: 151, LR: 0.00001000, Train Accuracy: 100.0000, Val Accuracy: 93.8292
[2019-09-21 22:40:43] Epoch: 152, LR: 0.00001000, Train Accuracy: 99.8374, Val Accuracy: 93.8441
[2019-09-21 22:42:09] Epoch: 153, LR: 0.00001000, Train Accuracy: 99.8374, Val Accuracy: 93.8739
[2019-09-21 22:43:36] Epoch: 154, LR: 0.00001000, Train Accuracy: 100.0000, Val Accuracy: 93.8143
[2019-09-21 22:45:00] Epoch: 155, LR: 0.00001000, Train Accuracy: 99.8374, Val Accuracy: 93.8590
[2019-09-21 22:46:28] Epoch: 156, LR: 0.00001000, Train Accuracy: 99.7561, Val Accuracy: 93.8441
[2019-09-21 22:47:54] Epoch: 157, LR: 0.00001000, Train Accuracy: 99.9187, Val Accuracy: 93.8143
[2019-09-21 22:49:19] Epoch: 158, LR: 0.00001000, Train Accuracy: 99.8374, Val Accuracy: 93.8441
[2019-09-21 22:50:43] Epoch: 159, LR: 0.00001000, Train Accuracy: 99.8374, Val Accuracy: 93.9037
[2019-09-21 22:52:08] Epoch: 160, LR: 0.00001000, Train Accuracy: 99.9187, Val Accuracy: 93.7845
[2019-09-21 22:53:34] Epoch: 161, LR: 0.00001000, Train Accuracy: 99.8374, Val Accuracy: 93.8143
[2019-09-21 22:54:59] Epoch: 162, LR: 0.00001000, Train Accuracy: 100.0000, Val Accuracy: 93.7845
[2019-09-21 22:56:23] Epoch: 163, LR: 0.00001000, Train Accuracy: 99.9187, Val Accuracy: 93.8888
[2019-09-21 22:57:50] Epoch: 164, LR: 0.00001000, Train Accuracy: 99.8374, Val Accuracy: 93.8441
[2019-09-21 22:59:13] Epoch: 165, LR: 0.00001000, Train Accuracy: 99.8374, Val Accuracy: 93.9186
[2019-09-21 23:00:42] Epoch: 166, LR: 0.00001000, Train Accuracy: 99.9187, Val Accuracy: 93.8590
[2019-09-21 23:02:11] Epoch: 167, LR: 0.00001000, Train Accuracy: 99.8374, Val Accuracy: 93.8143
[2019-09-21 23:03:37] Epoch: 168, LR: 0.00001000, Train Accuracy: 99.8374, Val Accuracy: 93.8739
[2019-09-21 23:05:02] Epoch: 169, LR: 0.00001000, Train Accuracy: 99.9187, Val Accuracy: 93.8441
[2019-09-21 23:06:31] Epoch: 170, LR: 0.00001000, Train Accuracy: 99.6748, Val Accuracy: 93.7994
[2019-09-21 23:07:55] Epoch: 171, LR: 0.00000100, Train Accuracy: 99.9187, Val Accuracy: 93.7248
[2019-09-21 23:09:21] Epoch: 172, LR: 0.00000100, Train Accuracy: 99.9187, Val Accuracy: 93.8292
[2019-09-21 23:10:46] Epoch: 173, LR: 0.00000100, Train Accuracy: 100.0000, Val Accuracy: 93.8739
[2019-09-21 23:12:11] Epoch: 174, LR: 0.00000100, Train Accuracy: 99.6748, Val Accuracy: 93.8590
[2019-09-21 23:13:37] Epoch: 175, LR: 0.00000100, Train Accuracy: 99.7561, Val Accuracy: 93.8143
[2019-09-21 23:15:05] Epoch: 176, LR: 0.00000100, Train Accuracy: 99.9187, Val Accuracy: 93.7994
[2019-09-21 23:16:29] Epoch: 177, LR: 0.00000100, Train Accuracy: 100.0000, Val Accuracy: 93.7994
[2019-09-21 23:17:58] Epoch: 178, LR: 0.00000100, Train Accuracy: 99.9187, Val Accuracy: 93.7994
[2019-09-21 23:19:25] Epoch: 179, LR: 0.00000100, Train Accuracy: 99.9187, Val Accuracy: 93.8292
[2019-09-21 23:20:48] Epoch: 180, LR: 0.00000100, Train Accuracy: 99.7561, Val Accuracy: 93.7845
[2019-09-21 23:22:10] Epoch: 181, LR: 0.00000100, Train Accuracy: 100.0000, Val Accuracy: 93.7845
[2019-09-21 23:23:39] Epoch: 182, LR: 0.00000100, Train Accuracy: 99.8374, Val Accuracy: 93.7845
[2019-09-21 23:25:05] Epoch: 183, LR: 0.00000100, Train Accuracy: 99.9187, Val Accuracy: 93.7994
[2019-09-21 23:26:29] Epoch: 184, LR: 0.00000100, Train Accuracy: 99.9187, Val Accuracy: 93.6056
[2019-09-21 23:27:57] Epoch: 185, LR: 0.00000100, Train Accuracy: 99.9187, Val Accuracy: 93.7398
[2019-09-21 23:29:20] Epoch: 186, LR: 0.00000100, Train Accuracy: 99.8374, Val Accuracy: 93.6950
[2019-09-21 23:30:45] Epoch: 187, LR: 0.00000100, Train Accuracy: 99.9187, Val Accuracy: 93.7845
[2019-09-21 23:32:08] Epoch: 188, LR: 0.00000100, Train Accuracy: 99.6748, Val Accuracy: 93.7398
[2019-09-21 23:33:33] Epoch: 189, LR: 0.00000100, Train Accuracy: 99.9187, Val Accuracy: 93.8739
[2019-09-21 23:35:00] Epoch: 190, LR: 0.00000100, Train Accuracy: 100.0000, Val Accuracy: 93.7547
[2019-09-21 23:36:28] Epoch: 191, LR: 0.00000100, Train Accuracy: 99.9187, Val Accuracy: 93.7845
[2019-09-21 23:37:55] Epoch: 192, LR: 0.00000100, Train Accuracy: 99.9187, Val Accuracy: 93.7845
[2019-09-21 23:39:18] Epoch: 193, LR: 0.00000100, Train Accuracy: 99.8374, Val Accuracy: 93.7994
[2019-09-21 23:40:43] Epoch: 194, LR: 0.00000100, Train Accuracy: 99.9187, Val Accuracy: 93.7845
[2019-09-21 23:42:11] Epoch: 195, LR: 0.00000100, Train Accuracy: 99.9187, Val Accuracy: 93.7547
[2019-09-21 23:43:34] Epoch: 196, LR: 0.00000100, Train Accuracy: 99.9187, Val Accuracy: 93.7845
[2019-09-21 23:44:59] Epoch: 197, LR: 0.00000100, Train Accuracy: 99.9187, Val Accuracy: 93.7845
[2019-09-21 23:46:27] Epoch: 198, LR: 0.00000100, Train Accuracy: 99.8374, Val Accuracy: 93.7696
[2019-09-21 23:47:52] Epoch: 199, LR: 0.00000100, Train Accuracy: 99.8374, Val Accuracy: 93.7099
[2019-09-21 23:49:19] Epoch: 200, LR: 0.00000100, Train Accuracy: 99.5935, Val Accuracy: 93.6652

------------------------------------------------
Best Validation Accuracy 94.0080 at epoch 138
------------------------------------------------

---------------- Train Analysis ----------------
Accuracy of Grietas transversales : 95.73% 
Accuracy of Marca vial : 97.28% 
Accuracy of Sin daño : 97.52% 
Accuracy of Grietas en forma de piel de cocodrilo : 94.12% 
Accuracy of Parcheo : 86.71% 
Accuracy of Huecos : 77.88% 
Accuracy of Grietas longitudinales : 90.79% 
Accuracy of Alcantarillado : 94.29% 
Accuracy of Meteorización y desprendimiento : 83.27% 
