
---- Start ----


--------------------------------------------
optimizer: sgd
pretrained: False
steps_scheduler: True
model_name: resnet18
output_dir: results/resnet18_sgd_224to224_lr0.01_NoDa/
data_augmentation: False
epochs: 200
batch_size: 32
crop_size: 224
steps_best: False
learning_rate: 0.01
img_size: 224
min_learning_rate: 1e-05
plateau_scheduler: False
validation_size: 0.15
verbose: False

-------------- START TRAINING --------------
[2019-09-17 10:52:53] Epoch: 1, LR: 0.01000000, Train Accuracy: 42.9905, Val Accuracy: 44.0806
[2019-09-17 10:56:13] Epoch: 2, LR: 0.01000000, Train Accuracy: 55.9721, Val Accuracy: 51.3014
[2019-09-17 10:59:32] Epoch: 3, LR: 0.01000000, Train Accuracy: 66.8939, Val Accuracy: 61.8808
[2019-09-17 11:02:50] Epoch: 4, LR: 0.01000000, Train Accuracy: 72.3770, Val Accuracy: 70.3610
[2019-09-17 11:06:08] Epoch: 5, LR: 0.01000000, Train Accuracy: 75.5779, Val Accuracy: 74.4752
[2019-09-17 11:09:27] Epoch: 6, LR: 0.01000000, Train Accuracy: 79.2828, Val Accuracy: 77.1620
[2019-09-17 11:12:46] Epoch: 7, LR: 0.01000000, Train Accuracy: 80.6461, Val Accuracy: 79.0092
[2019-09-17 11:16:05] Epoch: 8, LR: 0.01000000, Train Accuracy: 82.3800, Val Accuracy: 29.8908
[2019-09-17 11:19:30] Epoch: 9, LR: 0.01000000, Train Accuracy: 84.4991, Val Accuracy: 76.0705
[2019-09-17 11:22:52] Epoch: 10, LR: 0.01000000, Train Accuracy: 84.9289, Val Accuracy: 76.7422
[2019-09-17 11:26:12] Epoch: 11, LR: 0.01000000, Train Accuracy: 86.1589, Val Accuracy: 82.7876
[2019-09-17 11:29:31] Epoch: 12, LR: 0.01000000, Train Accuracy: 86.8257, Val Accuracy: 70.2771
[2019-09-17 11:32:50] Epoch: 13, LR: 0.01000000, Train Accuracy: 86.5590, Val Accuracy: 66.5827
[2019-09-17 11:36:09] Epoch: 14, LR: 0.01000000, Train Accuracy: 87.1221, Val Accuracy: 87.6574
[2019-09-17 11:39:27] Epoch: 15, LR: 0.01000000, Train Accuracy: 88.6337, Val Accuracy: 85.9782
[2019-09-17 11:42:47] Epoch: 16, LR: 0.01000000, Train Accuracy: 88.9449, Val Accuracy: 65.0714
[2019-09-17 11:46:06] Epoch: 17, LR: 0.01000000, Train Accuracy: 89.8637, Val Accuracy: 29.1352
[2019-09-17 11:49:25] Epoch: 18, LR: 0.01000000, Train Accuracy: 89.9378, Val Accuracy: 76.3224
[2019-09-17 11:52:44] Epoch: 19, LR: 0.01000000, Train Accuracy: 90.0267, Val Accuracy: 89.5046
[2019-09-17 11:56:02] Epoch: 20, LR: 0.01000000, Train Accuracy: 90.0711, Val Accuracy: 79.1772
[2019-09-17 11:59:21] Epoch: 21, LR: 0.01000000, Train Accuracy: 91.6123, Val Accuracy: 75.9026
[2019-09-17 12:02:41] Epoch: 22, LR: 0.01000000, Train Accuracy: 91.1826, Val Accuracy: 86.4819
[2019-09-17 12:05:59] Epoch: 23, LR: 0.01000000, Train Accuracy: 92.3237, Val Accuracy: 91.1839
[2019-09-17 12:09:19] Epoch: 24, LR: 0.01000000, Train Accuracy: 92.2199, Val Accuracy: 88.6650
[2019-09-17 12:12:37] Epoch: 25, LR: 0.01000000, Train Accuracy: 92.3681, Val Accuracy: 92.9471
[2019-09-17 12:15:56] Epoch: 26, LR: 0.01000000, Train Accuracy: 92.6497, Val Accuracy: 92.3594
[2019-09-17 12:19:15] Epoch: 27, LR: 0.01000000, Train Accuracy: 93.4055, Val Accuracy: 89.9244
[2019-09-17 12:22:34] Epoch: 28, LR: 0.01000000, Train Accuracy: 93.6277, Val Accuracy: 76.7422
[2019-09-17 12:25:53] Epoch: 29, LR: 0.01000000, Train Accuracy: 93.5536, Val Accuracy: 88.7490
[2019-09-17 12:29:11] Epoch: 30, LR: 0.01000000, Train Accuracy: 94.1464, Val Accuracy: 93.3669
[2019-09-17 12:32:30] Epoch: 31, LR: 0.01000000, Train Accuracy: 93.8648, Val Accuracy: 86.9857
[2019-09-17 12:35:50] Epoch: 32, LR: 0.01000000, Train Accuracy: 94.4280, Val Accuracy: 94.5424
[2019-09-17 12:39:09] Epoch: 33, LR: 0.01000000, Train Accuracy: 94.2798, Val Accuracy: 92.3594
[2019-09-17 12:42:27] Epoch: 34, LR: 0.01000000, Train Accuracy: 94.8133, Val Accuracy: 84.2989
[2019-09-17 12:45:46] Epoch: 35, LR: 0.01000000, Train Accuracy: 95.0504, Val Accuracy: 94.7943
[2019-09-17 12:49:07] Epoch: 36, LR: 0.01000000, Train Accuracy: 95.1838, Val Accuracy: 95.5500
[2019-09-17 12:52:26] Epoch: 37, LR: 0.01000000, Train Accuracy: 94.6799, Val Accuracy: 96.6415
[2019-09-17 12:55:45] Epoch: 38, LR: 0.01000000, Train Accuracy: 95.1393, Val Accuracy: 78.1696
[2019-09-17 12:59:05] Epoch: 39, LR: 0.01000000, Train Accuracy: 95.7321, Val Accuracy: 95.6339
[2019-09-17 13:02:23] Epoch: 40, LR: 0.01000000, Train Accuracy: 95.9840, Val Accuracy: 92.6952
[2019-09-17 13:05:42] Epoch: 41, LR: 0.01000000, Train Accuracy: 94.9170, Val Accuracy: 88.4131
[2019-09-17 13:09:01] Epoch: 42, LR: 0.01000000, Train Accuracy: 95.7617, Val Accuracy: 95.1301
[2019-09-17 13:12:21] Epoch: 43, LR: 0.01000000, Train Accuracy: 95.8210, Val Accuracy: 93.7867
[2019-09-17 13:15:40] Epoch: 44, LR: 0.01000000, Train Accuracy: 96.4730, Val Accuracy: 96.5575
[2019-09-17 13:19:00] Epoch: 45, LR: 0.01000000, Train Accuracy: 95.7765, Val Accuracy: 95.0462
[2019-09-17 13:22:19] Epoch: 46, LR: 0.01000000, Train Accuracy: 96.7546, Val Accuracy: 98.0688
[2019-09-17 13:25:37] Epoch: 47, LR: 0.01000000, Train Accuracy: 96.6657, Val Accuracy: 95.6339
[2019-09-17 13:28:56] Epoch: 48, LR: 0.01000000, Train Accuracy: 97.0065, Val Accuracy: 96.3896
[2019-09-17 13:32:15] Epoch: 49, LR: 0.01000000, Train Accuracy: 96.2359, Val Accuracy: 95.6339
[2019-09-17 13:35:33] Epoch: 50, LR: 0.01000000, Train Accuracy: 96.7101, Val Accuracy: 95.9698
[2019-09-17 13:38:53] Epoch: 51, LR: 0.01000000, Train Accuracy: 96.9472, Val Accuracy: 95.7179
[2019-09-17 13:42:12] Epoch: 52, LR: 0.01000000, Train Accuracy: 97.4807, Val Accuracy: 96.3896
[2019-09-17 13:45:32] Epoch: 53, LR: 0.01000000, Train Accuracy: 97.0065, Val Accuracy: 95.6339
[2019-09-17 13:48:50] Epoch: 54, LR: 0.01000000, Train Accuracy: 97.2584, Val Accuracy: 96.9773
[2019-09-17 13:52:09] Epoch: 55, LR: 0.01000000, Train Accuracy: 97.3177, Val Accuracy: 98.5726
[2019-09-17 13:55:29] Epoch: 56, LR: 0.01000000, Train Accuracy: 97.7623, Val Accuracy: 94.7943
[2019-09-17 13:58:49] Epoch: 57, LR: 0.01000000, Train Accuracy: 97.9401, Val Accuracy: 95.2141
[2019-09-17 14:02:09] Epoch: 58, LR: 0.01000000, Train Accuracy: 97.6586, Val Accuracy: 94.7943
[2019-09-17 14:05:29] Epoch: 59, LR: 0.01000000, Train Accuracy: 97.9401, Val Accuracy: 97.0613
[2019-09-17 14:08:47] Epoch: 60, LR: 0.01000000, Train Accuracy: 98.1180, Val Accuracy: 89.2527
[2019-09-17 14:12:05] Epoch: 61, LR: 0.01000000, Train Accuracy: 98.0883, Val Accuracy: 96.7254
[2019-09-17 14:15:23] Epoch: 62, LR: 0.01000000, Train Accuracy: 97.3622, Val Accuracy: 95.1301
[2019-09-17 14:18:41] Epoch: 63, LR: 0.01000000, Train Accuracy: 98.1624, Val Accuracy: 98.3207
[2019-09-17 14:21:59] Epoch: 64, LR: 0.01000000, Train Accuracy: 98.0142, Val Accuracy: 79.2611
[2019-09-17 14:25:19] Epoch: 65, LR: 0.01000000, Train Accuracy: 98.2662, Val Accuracy: 97.9849
[2019-09-17 14:28:36] Epoch: 66, LR: 0.01000000, Train Accuracy: 97.6734, Val Accuracy: 98.2368
[2019-09-17 14:31:55] Epoch: 67, LR: 0.01000000, Train Accuracy: 98.4292, Val Accuracy: 88.9169
[2019-09-17 14:35:14] Epoch: 68, LR: 0.01000000, Train Accuracy: 98.2217, Val Accuracy: 95.7179
[2019-09-17 14:38:34] Epoch: 69, LR: 0.01000000, Train Accuracy: 98.5329, Val Accuracy: 96.8934
[2019-09-17 14:41:53] Epoch: 70, LR: 0.01000000, Train Accuracy: 98.9627, Val Accuracy: 97.4811
[2019-09-17 14:45:13] Epoch: 71, LR: 0.00100000, Train Accuracy: 99.4813, Val Accuracy: 99.9160
[2019-09-17 14:48:34] Epoch: 72, LR: 0.00100000, Train Accuracy: 99.5110, Val Accuracy: 100.0000
[2019-09-17 14:51:53] Epoch: 73, LR: 0.00100000, Train Accuracy: 99.7333, Val Accuracy: 100.0000
[2019-09-17 14:55:11] Epoch: 74, LR: 0.00100000, Train Accuracy: 99.8370, Val Accuracy: 100.0000
[2019-09-17 14:58:31] Epoch: 75, LR: 0.00100000, Train Accuracy: 99.7333, Val Accuracy: 100.0000
[2019-09-17 15:01:51] Epoch: 76, LR: 0.00100000, Train Accuracy: 99.5554, Val Accuracy: 100.0000
[2019-09-17 15:05:11] Epoch: 77, LR: 0.00100000, Train Accuracy: 99.7481, Val Accuracy: 100.0000
[2019-09-17 15:08:31] Epoch: 78, LR: 0.00100000, Train Accuracy: 99.8222, Val Accuracy: 100.0000
[2019-09-17 15:11:50] Epoch: 79, LR: 0.00100000, Train Accuracy: 99.7481, Val Accuracy: 99.9160
[2019-09-17 15:15:10] Epoch: 80, LR: 0.00100000, Train Accuracy: 99.7925, Val Accuracy: 100.0000
[2019-09-17 15:18:31] Epoch: 81, LR: 0.00100000, Train Accuracy: 99.7036, Val Accuracy: 100.0000
[2019-09-17 15:21:51] Epoch: 82, LR: 0.00100000, Train Accuracy: 99.6592, Val Accuracy: 100.0000
[2019-09-17 15:25:10] Epoch: 83, LR: 0.00100000, Train Accuracy: 99.8370, Val Accuracy: 100.0000
[2019-09-17 15:28:31] Epoch: 84, LR: 0.00100000, Train Accuracy: 99.7481, Val Accuracy: 100.0000
[2019-09-17 15:31:49] Epoch: 85, LR: 0.00100000, Train Accuracy: 99.7629, Val Accuracy: 100.0000
[2019-09-17 15:35:09] Epoch: 86, LR: 0.00100000, Train Accuracy: 99.7925, Val Accuracy: 100.0000
[2019-09-17 15:38:27] Epoch: 87, LR: 0.00100000, Train Accuracy: 99.7333, Val Accuracy: 100.0000
[2019-09-17 15:41:45] Epoch: 88, LR: 0.00100000, Train Accuracy: 99.6888, Val Accuracy: 100.0000
[2019-09-17 15:45:04] Epoch: 89, LR: 0.00100000, Train Accuracy: 99.8666, Val Accuracy: 100.0000
[2019-09-17 15:48:24] Epoch: 90, LR: 0.00100000, Train Accuracy: 99.8222, Val Accuracy: 100.0000
[2019-09-17 15:51:44] Epoch: 91, LR: 0.00100000, Train Accuracy: 99.8370, Val Accuracy: 100.0000
[2019-09-17 15:55:03] Epoch: 92, LR: 0.00100000, Train Accuracy: 99.7333, Val Accuracy: 100.0000
[2019-09-17 15:58:23] Epoch: 93, LR: 0.00100000, Train Accuracy: 99.7333, Val Accuracy: 100.0000
[2019-09-17 16:01:43] Epoch: 94, LR: 0.00100000, Train Accuracy: 99.7925, Val Accuracy: 100.0000
[2019-09-17 16:05:01] Epoch: 95, LR: 0.00100000, Train Accuracy: 99.8370, Val Accuracy: 100.0000
[2019-09-17 16:08:21] Epoch: 96, LR: 0.00100000, Train Accuracy: 99.7925, Val Accuracy: 100.0000
[2019-09-17 16:11:40] Epoch: 97, LR: 0.00100000, Train Accuracy: 99.7777, Val Accuracy: 100.0000
[2019-09-17 16:15:00] Epoch: 98, LR: 0.00100000, Train Accuracy: 99.8074, Val Accuracy: 99.9160
[2019-09-17 16:18:19] Epoch: 99, LR: 0.00100000, Train Accuracy: 99.8370, Val Accuracy: 100.0000
[2019-09-17 16:21:38] Epoch: 100, LR: 0.00100000, Train Accuracy: 99.7925, Val Accuracy: 100.0000
[2019-09-17 16:24:57] Epoch: 101, LR: 0.00100000, Train Accuracy: 99.8814, Val Accuracy: 100.0000
[2019-09-17 16:28:16] Epoch: 102, LR: 0.00100000, Train Accuracy: 99.8814, Val Accuracy: 100.0000
[2019-09-17 16:31:35] Epoch: 103, LR: 0.00100000, Train Accuracy: 99.7333, Val Accuracy: 100.0000
[2019-09-17 16:34:55] Epoch: 104, LR: 0.00100000, Train Accuracy: 99.8370, Val Accuracy: 100.0000
[2019-09-17 16:38:13] Epoch: 105, LR: 0.00100000, Train Accuracy: 99.8370, Val Accuracy: 100.0000
[2019-09-17 16:41:32] Epoch: 106, LR: 0.00100000, Train Accuracy: 99.8518, Val Accuracy: 100.0000
[2019-09-17 16:44:52] Epoch: 107, LR: 0.00100000, Train Accuracy: 99.8666, Val Accuracy: 100.0000
[2019-09-17 16:48:10] Epoch: 108, LR: 0.00100000, Train Accuracy: 99.8518, Val Accuracy: 100.0000
[2019-09-17 16:51:29] Epoch: 109, LR: 0.00100000, Train Accuracy: 99.8518, Val Accuracy: 100.0000
[2019-09-17 16:54:48] Epoch: 110, LR: 0.00100000, Train Accuracy: 99.8370, Val Accuracy: 100.0000
[2019-09-17 16:58:07] Epoch: 111, LR: 0.00100000, Train Accuracy: 99.8370, Val Accuracy: 100.0000
[2019-09-17 17:01:26] Epoch: 112, LR: 0.00100000, Train Accuracy: 99.8370, Val Accuracy: 100.0000
[2019-09-17 17:04:47] Epoch: 113, LR: 0.00100000, Train Accuracy: 99.8963, Val Accuracy: 100.0000
[2019-09-17 17:08:05] Epoch: 114, LR: 0.00100000, Train Accuracy: 99.8518, Val Accuracy: 100.0000
[2019-09-17 17:11:24] Epoch: 115, LR: 0.00100000, Train Accuracy: 99.8814, Val Accuracy: 99.9160
[2019-09-17 17:14:41] Epoch: 116, LR: 0.00100000, Train Accuracy: 99.8814, Val Accuracy: 100.0000
[2019-09-17 17:18:00] Epoch: 117, LR: 0.00100000, Train Accuracy: 99.8222, Val Accuracy: 100.0000
[2019-09-17 17:21:19] Epoch: 118, LR: 0.00100000, Train Accuracy: 99.8222, Val Accuracy: 100.0000
[2019-09-17 17:24:39] Epoch: 119, LR: 0.00100000, Train Accuracy: 99.8518, Val Accuracy: 100.0000
[2019-09-17 17:27:58] Epoch: 120, LR: 0.00100000, Train Accuracy: 99.8222, Val Accuracy: 100.0000
[2019-09-17 17:31:18] Epoch: 121, LR: 0.00100000, Train Accuracy: 99.8666, Val Accuracy: 100.0000
[2019-09-17 17:34:38] Epoch: 122, LR: 0.00100000, Train Accuracy: 99.8518, Val Accuracy: 100.0000
[2019-09-17 17:37:56] Epoch: 123, LR: 0.00100000, Train Accuracy: 99.8963, Val Accuracy: 100.0000
[2019-09-17 17:41:15] Epoch: 124, LR: 0.00100000, Train Accuracy: 99.7777, Val Accuracy: 100.0000
[2019-09-17 17:44:34] Epoch: 125, LR: 0.00100000, Train Accuracy: 99.8666, Val Accuracy: 100.0000
[2019-09-17 17:47:53] Epoch: 126, LR: 0.00100000, Train Accuracy: 99.7777, Val Accuracy: 100.0000
[2019-09-17 17:51:12] Epoch: 127, LR: 0.00100000, Train Accuracy: 99.9259, Val Accuracy: 100.0000
[2019-09-17 17:54:31] Epoch: 128, LR: 0.00100000, Train Accuracy: 99.8814, Val Accuracy: 100.0000
[2019-09-17 17:57:49] Epoch: 129, LR: 0.00100000, Train Accuracy: 99.8963, Val Accuracy: 100.0000
[2019-09-17 18:01:08] Epoch: 130, LR: 0.00100000, Train Accuracy: 99.8963, Val Accuracy: 100.0000
[2019-09-17 18:04:26] Epoch: 131, LR: 0.00010000, Train Accuracy: 99.8963, Val Accuracy: 100.0000
[2019-09-17 18:07:46] Epoch: 132, LR: 0.00010000, Train Accuracy: 99.8814, Val Accuracy: 100.0000
[2019-09-17 18:11:04] Epoch: 133, LR: 0.00010000, Train Accuracy: 99.9259, Val Accuracy: 100.0000
[2019-09-17 18:14:22] Epoch: 134, LR: 0.00010000, Train Accuracy: 99.9111, Val Accuracy: 100.0000
[2019-09-17 18:17:42] Epoch: 135, LR: 0.00010000, Train Accuracy: 99.8518, Val Accuracy: 100.0000
[2019-09-17 18:21:02] Epoch: 136, LR: 0.00010000, Train Accuracy: 99.9259, Val Accuracy: 100.0000
[2019-09-17 18:24:21] Epoch: 137, LR: 0.00010000, Train Accuracy: 99.8074, Val Accuracy: 100.0000
[2019-09-17 18:27:41] Epoch: 138, LR: 0.00010000, Train Accuracy: 99.8222, Val Accuracy: 100.0000
[2019-09-17 18:31:00] Epoch: 139, LR: 0.00010000, Train Accuracy: 99.8222, Val Accuracy: 100.0000
[2019-09-17 18:34:20] Epoch: 140, LR: 0.00010000, Train Accuracy: 99.9704, Val Accuracy: 100.0000
[2019-09-17 18:37:39] Epoch: 141, LR: 0.00010000, Train Accuracy: 99.9407, Val Accuracy: 100.0000
[2019-09-17 18:40:59] Epoch: 142, LR: 0.00010000, Train Accuracy: 99.9111, Val Accuracy: 100.0000
[2019-09-17 18:44:16] Epoch: 143, LR: 0.00010000, Train Accuracy: 99.8518, Val Accuracy: 100.0000
[2019-09-17 18:47:35] Epoch: 144, LR: 0.00010000, Train Accuracy: 99.9259, Val Accuracy: 100.0000
[2019-09-17 18:50:53] Epoch: 145, LR: 0.00010000, Train Accuracy: 99.8963, Val Accuracy: 100.0000
[2019-09-17 18:54:12] Epoch: 146, LR: 0.00010000, Train Accuracy: 99.9259, Val Accuracy: 100.0000
[2019-09-17 18:57:31] Epoch: 147, LR: 0.00010000, Train Accuracy: 99.9407, Val Accuracy: 100.0000
[2019-09-17 19:00:49] Epoch: 148, LR: 0.00010000, Train Accuracy: 99.8963, Val Accuracy: 100.0000
[2019-09-17 19:04:09] Epoch: 149, LR: 0.00010000, Train Accuracy: 99.9259, Val Accuracy: 100.0000
[2019-09-17 19:07:28] Epoch: 150, LR: 0.00010000, Train Accuracy: 99.8222, Val Accuracy: 100.0000
[2019-09-17 19:10:47] Epoch: 151, LR: 0.00010000, Train Accuracy: 99.9259, Val Accuracy: 100.0000
[2019-09-17 19:14:07] Epoch: 152, LR: 0.00010000, Train Accuracy: 99.8963, Val Accuracy: 100.0000
[2019-09-17 19:17:26] Epoch: 153, LR: 0.00010000, Train Accuracy: 99.8963, Val Accuracy: 100.0000
[2019-09-17 19:20:46] Epoch: 154, LR: 0.00010000, Train Accuracy: 99.8814, Val Accuracy: 100.0000
[2019-09-17 19:24:06] Epoch: 155, LR: 0.00010000, Train Accuracy: 99.8222, Val Accuracy: 100.0000
[2019-09-17 19:27:25] Epoch: 156, LR: 0.00010000, Train Accuracy: 99.8518, Val Accuracy: 100.0000
[2019-09-17 19:30:44] Epoch: 157, LR: 0.00010000, Train Accuracy: 99.8814, Val Accuracy: 100.0000
[2019-09-17 19:34:04] Epoch: 158, LR: 0.00010000, Train Accuracy: 99.9259, Val Accuracy: 100.0000
[2019-09-17 19:37:22] Epoch: 159, LR: 0.00010000, Train Accuracy: 99.9407, Val Accuracy: 100.0000
[2019-09-17 19:40:43] Epoch: 160, LR: 0.00010000, Train Accuracy: 99.9111, Val Accuracy: 100.0000
[2019-09-17 19:44:02] Epoch: 161, LR: 0.00010000, Train Accuracy: 99.9259, Val Accuracy: 100.0000
[2019-09-17 19:47:22] Epoch: 162, LR: 0.00010000, Train Accuracy: 99.9704, Val Accuracy: 100.0000
[2019-09-17 19:50:41] Epoch: 163, LR: 0.00010000, Train Accuracy: 99.8666, Val Accuracy: 100.0000
[2019-09-17 19:54:01] Epoch: 164, LR: 0.00010000, Train Accuracy: 99.9259, Val Accuracy: 100.0000
[2019-09-17 19:57:20] Epoch: 165, LR: 0.00010000, Train Accuracy: 99.9704, Val Accuracy: 100.0000
[2019-09-17 20:00:41] Epoch: 166, LR: 0.00010000, Train Accuracy: 99.8074, Val Accuracy: 100.0000
[2019-09-17 20:04:00] Epoch: 167, LR: 0.00010000, Train Accuracy: 99.8814, Val Accuracy: 100.0000
[2019-09-17 20:07:20] Epoch: 168, LR: 0.00010000, Train Accuracy: 99.9852, Val Accuracy: 100.0000
[2019-09-17 20:10:39] Epoch: 169, LR: 0.00010000, Train Accuracy: 99.9555, Val Accuracy: 100.0000
[2019-09-17 20:13:59] Epoch: 170, LR: 0.00010000, Train Accuracy: 99.8370, Val Accuracy: 100.0000
[2019-09-17 20:17:19] Epoch: 171, LR: 0.00001000, Train Accuracy: 99.8370, Val Accuracy: 100.0000
[2019-09-17 20:20:37] Epoch: 172, LR: 0.00001000, Train Accuracy: 99.8814, Val Accuracy: 100.0000
[2019-09-17 20:23:56] Epoch: 173, LR: 0.00001000, Train Accuracy: 99.9259, Val Accuracy: 100.0000
[2019-09-17 20:27:16] Epoch: 174, LR: 0.00001000, Train Accuracy: 99.8963, Val Accuracy: 100.0000
[2019-09-17 20:30:36] Epoch: 175, LR: 0.00001000, Train Accuracy: 99.9555, Val Accuracy: 100.0000
[2019-09-17 20:33:55] Epoch: 176, LR: 0.00001000, Train Accuracy: 99.9407, Val Accuracy: 100.0000
[2019-09-17 20:37:13] Epoch: 177, LR: 0.00001000, Train Accuracy: 99.8814, Val Accuracy: 100.0000
[2019-09-17 20:40:33] Epoch: 178, LR: 0.00001000, Train Accuracy: 99.8518, Val Accuracy: 100.0000
[2019-09-17 20:43:53] Epoch: 179, LR: 0.00001000, Train Accuracy: 99.8518, Val Accuracy: 100.0000
[2019-09-17 20:47:11] Epoch: 180, LR: 0.00001000, Train Accuracy: 99.9555, Val Accuracy: 100.0000
[2019-09-17 20:50:31] Epoch: 181, LR: 0.00001000, Train Accuracy: 99.9111, Val Accuracy: 100.0000
[2019-09-17 20:53:51] Epoch: 182, LR: 0.00001000, Train Accuracy: 99.8222, Val Accuracy: 100.0000
[2019-09-17 20:57:11] Epoch: 183, LR: 0.00001000, Train Accuracy: 99.8814, Val Accuracy: 100.0000
[2019-09-17 21:00:30] Epoch: 184, LR: 0.00001000, Train Accuracy: 99.9704, Val Accuracy: 100.0000
[2019-09-17 21:03:49] Epoch: 185, LR: 0.00001000, Train Accuracy: 99.9259, Val Accuracy: 100.0000
[2019-09-17 21:07:09] Epoch: 186, LR: 0.00001000, Train Accuracy: 99.9259, Val Accuracy: 100.0000
[2019-09-17 21:10:28] Epoch: 187, LR: 0.00001000, Train Accuracy: 99.9111, Val Accuracy: 100.0000
[2019-09-17 21:13:47] Epoch: 188, LR: 0.00001000, Train Accuracy: 99.9407, Val Accuracy: 100.0000
[2019-09-17 21:17:07] Epoch: 189, LR: 0.00001000, Train Accuracy: 99.8666, Val Accuracy: 100.0000
[2019-09-17 21:20:26] Epoch: 190, LR: 0.00001000, Train Accuracy: 99.8963, Val Accuracy: 100.0000
[2019-09-17 21:23:47] Epoch: 191, LR: 0.00001000, Train Accuracy: 99.9259, Val Accuracy: 100.0000
[2019-09-17 21:27:05] Epoch: 192, LR: 0.00001000, Train Accuracy: 99.8666, Val Accuracy: 100.0000
[2019-09-17 21:30:24] Epoch: 193, LR: 0.00001000, Train Accuracy: 99.8814, Val Accuracy: 100.0000
[2019-09-17 21:33:44] Epoch: 194, LR: 0.00001000, Train Accuracy: 99.9555, Val Accuracy: 100.0000
[2019-09-17 21:37:03] Epoch: 195, LR: 0.00001000, Train Accuracy: 99.9259, Val Accuracy: 100.0000
[2019-09-17 21:40:23] Epoch: 196, LR: 0.00001000, Train Accuracy: 99.8666, Val Accuracy: 100.0000
[2019-09-17 21:43:43] Epoch: 197, LR: 0.00001000, Train Accuracy: 99.9259, Val Accuracy: 100.0000
[2019-09-17 21:47:03] Epoch: 198, LR: 0.00001000, Train Accuracy: 99.9259, Val Accuracy: 100.0000
[2019-09-17 21:50:23] Epoch: 199, LR: 0.00001000, Train Accuracy: 99.9407, Val Accuracy: 100.0000
[2019-09-17 21:53:43] Epoch: 200, LR: 0.00001000, Train Accuracy: 99.8963, Val Accuracy: 100.0000

---------------
Best Validation Accuracy 100.0000 at epoch 72
---------------

