
---- Start ----


--------------------------------------------
model_name: resnet18
epochs: 200
data_augmentation: False
plateau_scheduler: False
batch_size: 32
crop_size: 224
min_learning_rate: 1e-05
verbose: False
output_dir: results/resnet18_sgd_224to224_lr0.1_NoDA/
img_size: 224
validation_size: 0.15
pretrained: False
steps_best: False
optimizer: sgd
learning_rate: 0.1
steps_scheduler: True

-------------- START TRAINING --------------
[2019-09-20 08:00:15] Epoch: 1, LR: 0.10000000, Train Accuracy: 24.3089, Val Accuracy: 16.0382
[2019-09-20 08:02:25] Epoch: 2, LR: 0.10000000, Train Accuracy: 28.0488, Val Accuracy: 32.5235
[2019-09-20 08:04:38] Epoch: 3, LR: 0.10000000, Train Accuracy: 31.8699, Val Accuracy: 20.6737
[2019-09-20 08:06:51] Epoch: 4, LR: 0.10000000, Train Accuracy: 31.1382, Val Accuracy: 34.9680
[2019-09-20 08:09:05] Epoch: 5, LR: 0.10000000, Train Accuracy: 34.7967, Val Accuracy: 29.3635
[2019-09-20 08:11:19] Epoch: 6, LR: 0.10000000, Train Accuracy: 39.0244, Val Accuracy: 20.3905
[2019-09-20 08:13:32] Epoch: 7, LR: 0.10000000, Train Accuracy: 40.7317, Val Accuracy: 38.3813
[2019-09-20 08:15:45] Epoch: 8, LR: 0.10000000, Train Accuracy: 41.2195, Val Accuracy: 15.4867
[2019-09-20 08:17:58] Epoch: 9, LR: 0.10000000, Train Accuracy: 44.6341, Val Accuracy: 35.7132
[2019-09-20 08:20:08] Epoch: 10, LR: 0.10000000, Train Accuracy: 41.7886, Val Accuracy: 36.3243
[2019-09-20 08:22:23] Epoch: 11, LR: 0.10000000, Train Accuracy: 45.2033, Val Accuracy: 15.4121
[2019-09-20 08:24:36] Epoch: 12, LR: 0.10000000, Train Accuracy: 44.8780, Val Accuracy: 29.5424
[2019-09-20 08:26:49] Epoch: 13, LR: 0.10000000, Train Accuracy: 47.2358, Val Accuracy: 42.4355
[2019-09-20 08:29:01] Epoch: 14, LR: 0.10000000, Train Accuracy: 50.4878, Val Accuracy: 27.3811
[2019-09-20 08:31:15] Epoch: 15, LR: 0.10000000, Train Accuracy: 52.4390, Val Accuracy: 26.5762
[2019-09-20 08:33:27] Epoch: 16, LR: 0.10000000, Train Accuracy: 52.1138, Val Accuracy: 33.4029
[2019-09-20 08:35:41] Epoch: 17, LR: 0.10000000, Train Accuracy: 55.8537, Val Accuracy: 23.1033
[2019-09-20 08:37:53] Epoch: 18, LR: 0.10000000, Train Accuracy: 57.8049, Val Accuracy: 23.8784
[2019-09-20 08:40:07] Epoch: 19, LR: 0.10000000, Train Accuracy: 59.6748, Val Accuracy: 30.1088
[2019-09-20 08:42:19] Epoch: 20, LR: 0.10000000, Train Accuracy: 65.1220, Val Accuracy: 36.5330
[2019-09-20 08:44:32] Epoch: 21, LR: 0.10000000, Train Accuracy: 66.5041, Val Accuracy: 19.4515
[2019-09-20 08:46:45] Epoch: 22, LR: 0.10000000, Train Accuracy: 69.1057, Val Accuracy: 17.0815
[2019-09-20 08:48:57] Epoch: 23, LR: 0.10000000, Train Accuracy: 70.1626, Val Accuracy: 51.9750
[2019-09-20 08:51:11] Epoch: 24, LR: 0.10000000, Train Accuracy: 72.4390, Val Accuracy: 64.9426
[2019-09-20 08:53:23] Epoch: 25, LR: 0.10000000, Train Accuracy: 71.3821, Val Accuracy: 18.6019
[2019-09-20 08:55:37] Epoch: 26, LR: 0.10000000, Train Accuracy: 75.0407, Val Accuracy: 12.0882
[2019-09-20 08:57:50] Epoch: 27, LR: 0.10000000, Train Accuracy: 65.9350, Val Accuracy: 34.0885
[2019-09-20 09:00:00] Epoch: 28, LR: 0.10000000, Train Accuracy: 72.9268, Val Accuracy: 24.3404
[2019-09-20 09:02:10] Epoch: 29, LR: 0.10000000, Train Accuracy: 76.5854, Val Accuracy: 70.0104
[2019-09-20 09:04:24] Epoch: 30, LR: 0.10000000, Train Accuracy: 76.4228, Val Accuracy: 41.0941
[2019-09-20 09:06:37] Epoch: 31, LR: 0.10000000, Train Accuracy: 77.1545, Val Accuracy: 19.4366
[2019-09-20 09:08:50] Epoch: 32, LR: 0.10000000, Train Accuracy: 76.2602, Val Accuracy: 55.5224
[2019-09-20 09:11:04] Epoch: 33, LR: 0.10000000, Train Accuracy: 79.5122, Val Accuracy: 64.2570
[2019-09-20 09:13:16] Epoch: 34, LR: 0.10000000, Train Accuracy: 77.6423, Val Accuracy: 44.8800
[2019-09-20 09:15:28] Epoch: 35, LR: 0.10000000, Train Accuracy: 77.9675, Val Accuracy: 59.7257
[2019-09-20 09:17:40] Epoch: 36, LR: 0.10000000, Train Accuracy: 79.2683, Val Accuracy: 53.5549
[2019-09-20 09:19:53] Epoch: 37, LR: 0.10000000, Train Accuracy: 79.6748, Val Accuracy: 78.5065
[2019-09-20 09:22:05] Epoch: 38, LR: 0.10000000, Train Accuracy: 81.6260, Val Accuracy: 63.4223
[2019-09-20 09:24:17] Epoch: 39, LR: 0.10000000, Train Accuracy: 82.6829, Val Accuracy: 76.0322
[2019-09-20 09:26:29] Epoch: 40, LR: 0.10000000, Train Accuracy: 82.1138, Val Accuracy: 70.9495
[2019-09-20 09:28:40] Epoch: 41, LR: 0.10000000, Train Accuracy: 82.6829, Val Accuracy: 68.9522
[2019-09-20 09:30:54] Epoch: 42, LR: 0.10000000, Train Accuracy: 82.4390, Val Accuracy: 65.9264
[2019-09-20 09:33:04] Epoch: 43, LR: 0.10000000, Train Accuracy: 83.6585, Val Accuracy: 50.6186
[2019-09-20 09:35:17] Epoch: 44, LR: 0.10000000, Train Accuracy: 83.6585, Val Accuracy: 71.9928
[2019-09-20 09:37:28] Epoch: 45, LR: 0.10000000, Train Accuracy: 86.7480, Val Accuracy: 62.1851
[2019-09-20 09:39:43] Epoch: 46, LR: 0.10000000, Train Accuracy: 84.4715, Val Accuracy: 72.7977
[2019-09-20 09:41:53] Epoch: 47, LR: 0.10000000, Train Accuracy: 84.9593, Val Accuracy: 48.4424
[2019-09-20 09:44:07] Epoch: 48, LR: 0.10000000, Train Accuracy: 86.1789, Val Accuracy: 71.6351
[2019-09-20 09:46:19] Epoch: 49, LR: 0.10000000, Train Accuracy: 86.8293, Val Accuracy: 79.7138
[2019-09-20 09:48:32] Epoch: 50, LR: 0.10000000, Train Accuracy: 86.4228, Val Accuracy: 43.6578
[2019-09-20 09:50:44] Epoch: 51, LR: 0.10000000, Train Accuracy: 83.9837, Val Accuracy: 15.4121
[2019-09-20 09:52:57] Epoch: 52, LR: 0.10000000, Train Accuracy: 84.1463, Val Accuracy: 71.7096
[2019-09-20 09:55:11] Epoch: 53, LR: 0.10000000, Train Accuracy: 88.2114, Val Accuracy: 46.8028
[2019-09-20 09:57:22] Epoch: 54, LR: 0.10000000, Train Accuracy: 87.3171, Val Accuracy: 66.6567
[2019-09-20 09:59:36] Epoch: 55, LR: 0.10000000, Train Accuracy: 89.1057, Val Accuracy: 35.1915
[2019-09-20 10:01:47] Epoch: 56, LR: 0.10000000, Train Accuracy: 87.7236, Val Accuracy: 76.1962
[2019-09-20 10:04:02] Epoch: 57, LR: 0.10000000, Train Accuracy: 87.9675, Val Accuracy: 60.6052
[2019-09-20 10:06:13] Epoch: 58, LR: 0.10000000, Train Accuracy: 87.7236, Val Accuracy: 61.6634
[2019-09-20 10:08:25] Epoch: 59, LR: 0.10000000, Train Accuracy: 90.0000, Val Accuracy: 61.1716
[2019-09-20 10:10:38] Epoch: 60, LR: 0.10000000, Train Accuracy: 90.7317, Val Accuracy: 69.2503
[2019-09-20 10:12:51] Epoch: 61, LR: 0.10000000, Train Accuracy: 89.5122, Val Accuracy: 40.0209
[2019-09-20 10:15:03] Epoch: 62, LR: 0.10000000, Train Accuracy: 86.9106, Val Accuracy: 37.9490
[2019-09-20 10:17:15] Epoch: 63, LR: 0.10000000, Train Accuracy: 91.7073, Val Accuracy: 69.0714
[2019-09-20 10:19:25] Epoch: 64, LR: 0.10000000, Train Accuracy: 91.2195, Val Accuracy: 76.8371
[2019-09-20 10:21:38] Epoch: 65, LR: 0.10000000, Train Accuracy: 91.9512, Val Accuracy: 81.5323
[2019-09-20 10:23:51] Epoch: 66, LR: 0.10000000, Train Accuracy: 93.7398, Val Accuracy: 62.4683
[2019-09-20 10:26:04] Epoch: 67, LR: 0.10000000, Train Accuracy: 92.1138, Val Accuracy: 64.8681
[2019-09-20 10:28:17] Epoch: 68, LR: 0.10000000, Train Accuracy: 90.1626, Val Accuracy: 77.5824
[2019-09-20 10:30:29] Epoch: 69, LR: 0.10000000, Train Accuracy: 93.8211, Val Accuracy: 84.2898
[2019-09-20 10:32:41] Epoch: 70, LR: 0.10000000, Train Accuracy: 94.0650, Val Accuracy: 78.5959
[2019-09-20 10:34:55] Epoch: 71, LR: 0.01000000, Train Accuracy: 96.4228, Val Accuracy: 88.6421
[2019-09-20 10:37:07] Epoch: 72, LR: 0.01000000, Train Accuracy: 97.7236, Val Accuracy: 89.0446
[2019-09-20 10:39:20] Epoch: 73, LR: 0.01000000, Train Accuracy: 97.6423, Val Accuracy: 89.4321
[2019-09-20 10:41:34] Epoch: 74, LR: 0.01000000, Train Accuracy: 98.2114, Val Accuracy: 88.9999
[2019-09-20 10:43:46] Epoch: 75, LR: 0.01000000, Train Accuracy: 98.5366, Val Accuracy: 89.3278
[2019-09-20 10:45:59] Epoch: 76, LR: 0.01000000, Train Accuracy: 98.6992, Val Accuracy: 87.2112
[2019-09-20 10:48:12] Epoch: 77, LR: 0.01000000, Train Accuracy: 97.8049, Val Accuracy: 89.8047
[2019-09-20 10:50:25] Epoch: 78, LR: 0.01000000, Train Accuracy: 98.4553, Val Accuracy: 89.6855
[2019-09-20 10:52:39] Epoch: 79, LR: 0.01000000, Train Accuracy: 98.1301, Val Accuracy: 88.7017
[2019-09-20 10:54:49] Epoch: 80, LR: 0.01000000, Train Accuracy: 98.6992, Val Accuracy: 88.6719
[2019-09-20 10:57:01] Epoch: 81, LR: 0.01000000, Train Accuracy: 98.6992, Val Accuracy: 89.5066
[2019-09-20 10:59:14] Epoch: 82, LR: 0.01000000, Train Accuracy: 99.2683, Val Accuracy: 89.3278
[2019-09-20 11:01:25] Epoch: 83, LR: 0.01000000, Train Accuracy: 99.3496, Val Accuracy: 89.3278
[2019-09-20 11:03:38] Epoch: 84, LR: 0.01000000, Train Accuracy: 98.9431, Val Accuracy: 89.1191
[2019-09-20 11:05:49] Epoch: 85, LR: 0.01000000, Train Accuracy: 99.2683, Val Accuracy: 89.6259
[2019-09-20 11:08:02] Epoch: 86, LR: 0.01000000, Train Accuracy: 98.9431, Val Accuracy: 88.9253
[2019-09-20 11:10:14] Epoch: 87, LR: 0.01000000, Train Accuracy: 99.5935, Val Accuracy: 89.4470
[2019-09-20 11:12:28] Epoch: 88, LR: 0.01000000, Train Accuracy: 99.4309, Val Accuracy: 88.9700
[2019-09-20 11:14:42] Epoch: 89, LR: 0.01000000, Train Accuracy: 99.5122, Val Accuracy: 89.0893
[2019-09-20 11:16:56] Epoch: 90, LR: 0.01000000, Train Accuracy: 99.2683, Val Accuracy: 89.6110
[2019-09-20 11:19:08] Epoch: 91, LR: 0.01000000, Train Accuracy: 99.1057, Val Accuracy: 88.6570
[2019-09-20 11:21:20] Epoch: 92, LR: 0.01000000, Train Accuracy: 99.3496, Val Accuracy: 89.6557
[2019-09-20 11:23:31] Epoch: 93, LR: 0.01000000, Train Accuracy: 99.4309, Val Accuracy: 89.0148
[2019-09-20 11:25:43] Epoch: 94, LR: 0.01000000, Train Accuracy: 99.2683, Val Accuracy: 89.2980
[2019-09-20 11:27:55] Epoch: 95, LR: 0.01000000, Train Accuracy: 99.4309, Val Accuracy: 89.1042
[2019-09-20 11:30:07] Epoch: 96, LR: 0.01000000, Train Accuracy: 99.2683, Val Accuracy: 89.6259
[2019-09-20 11:32:20] Epoch: 97, LR: 0.01000000, Train Accuracy: 99.6748, Val Accuracy: 89.3278
[2019-09-20 11:34:32] Epoch: 98, LR: 0.01000000, Train Accuracy: 99.4309, Val Accuracy: 89.1787
[2019-09-20 11:36:44] Epoch: 99, LR: 0.01000000, Train Accuracy: 99.1057, Val Accuracy: 89.7302
[2019-09-20 11:38:58] Epoch: 100, LR: 0.01000000, Train Accuracy: 99.9187, Val Accuracy: 89.4917
[2019-09-20 11:41:10] Epoch: 101, LR: 0.01000000, Train Accuracy: 99.2683, Val Accuracy: 89.7749
[2019-09-20 11:43:23] Epoch: 102, LR: 0.01000000, Train Accuracy: 99.5122, Val Accuracy: 89.6855
[2019-09-20 11:45:36] Epoch: 103, LR: 0.01000000, Train Accuracy: 99.3496, Val Accuracy: 89.8047
[2019-09-20 11:47:47] Epoch: 104, LR: 0.01000000, Train Accuracy: 99.7561, Val Accuracy: 89.9091
[2019-09-20 11:50:00] Epoch: 105, LR: 0.01000000, Train Accuracy: 99.8374, Val Accuracy: 89.6557
[2019-09-20 11:52:13] Epoch: 106, LR: 0.01000000, Train Accuracy: 99.5935, Val Accuracy: 89.7153
[2019-09-20 11:54:27] Epoch: 107, LR: 0.01000000, Train Accuracy: 99.2683, Val Accuracy: 89.2681
[2019-09-20 11:56:39] Epoch: 108, LR: 0.01000000, Train Accuracy: 99.5935, Val Accuracy: 89.2085
[2019-09-20 11:58:53] Epoch: 109, LR: 0.01000000, Train Accuracy: 99.3496, Val Accuracy: 89.6259
[2019-09-20 12:01:07] Epoch: 110, LR: 0.01000000, Train Accuracy: 99.3496, Val Accuracy: 90.0283
[2019-09-20 12:03:20] Epoch: 111, LR: 0.01000000, Train Accuracy: 99.1057, Val Accuracy: 89.2085
[2019-09-20 12:05:32] Epoch: 112, LR: 0.01000000, Train Accuracy: 99.6748, Val Accuracy: 89.4768
[2019-09-20 12:07:46] Epoch: 113, LR: 0.01000000, Train Accuracy: 99.4309, Val Accuracy: 89.5812
[2019-09-20 12:10:00] Epoch: 114, LR: 0.01000000, Train Accuracy: 99.5935, Val Accuracy: 89.6259
[2019-09-20 12:12:13] Epoch: 115, LR: 0.01000000, Train Accuracy: 99.7561, Val Accuracy: 89.3278
[2019-09-20 12:14:25] Epoch: 116, LR: 0.01000000, Train Accuracy: 99.7561, Val Accuracy: 89.5513
[2019-09-20 12:16:39] Epoch: 117, LR: 0.01000000, Train Accuracy: 99.3496, Val Accuracy: 88.9999
[2019-09-20 12:18:49] Epoch: 118, LR: 0.01000000, Train Accuracy: 99.5122, Val Accuracy: 89.6855
[2019-09-20 12:21:03] Epoch: 119, LR: 0.01000000, Train Accuracy: 99.6748, Val Accuracy: 89.7451
[2019-09-20 12:23:17] Epoch: 120, LR: 0.01000000, Train Accuracy: 99.4309, Val Accuracy: 88.0608
[2019-09-20 12:25:30] Epoch: 121, LR: 0.01000000, Train Accuracy: 99.6748, Val Accuracy: 89.8644
[2019-09-20 12:27:43] Epoch: 122, LR: 0.01000000, Train Accuracy: 99.2683, Val Accuracy: 89.1787
[2019-09-20 12:29:56] Epoch: 123, LR: 0.01000000, Train Accuracy: 99.9187, Val Accuracy: 89.3427
[2019-09-20 12:32:07] Epoch: 124, LR: 0.01000000, Train Accuracy: 99.6748, Val Accuracy: 89.5812
[2019-09-20 12:34:15] Epoch: 125, LR: 0.01000000, Train Accuracy: 99.5935, Val Accuracy: 89.8495
[2019-09-20 12:36:26] Epoch: 126, LR: 0.01000000, Train Accuracy: 99.6748, Val Accuracy: 89.3427
[2019-09-20 12:38:41] Epoch: 127, LR: 0.01000000, Train Accuracy: 99.7561, Val Accuracy: 89.6557
[2019-09-20 12:40:54] Epoch: 128, LR: 0.01000000, Train Accuracy: 99.9187, Val Accuracy: 89.2831
[2019-09-20 12:43:09] Epoch: 129, LR: 0.01000000, Train Accuracy: 99.9187, Val Accuracy: 89.4321
[2019-09-20 12:45:19] Epoch: 130, LR: 0.01000000, Train Accuracy: 99.5935, Val Accuracy: 89.7749
[2019-09-20 12:47:31] Epoch: 131, LR: 0.00100000, Train Accuracy: 99.5935, Val Accuracy: 89.8793
[2019-09-20 12:49:46] Epoch: 132, LR: 0.00100000, Train Accuracy: 99.7561, Val Accuracy: 89.9240
[2019-09-20 12:51:58] Epoch: 133, LR: 0.00100000, Train Accuracy: 99.6748, Val Accuracy: 89.7451
[2019-09-20 12:54:12] Epoch: 134, LR: 0.00100000, Train Accuracy: 99.9187, Val Accuracy: 89.7898
[2019-09-20 12:56:22] Epoch: 135, LR: 0.00100000, Train Accuracy: 99.8374, Val Accuracy: 89.9091
[2019-09-20 12:58:36] Epoch: 136, LR: 0.00100000, Train Accuracy: 99.5935, Val Accuracy: 89.6110
[2019-09-20 13:00:51] Epoch: 137, LR: 0.00100000, Train Accuracy: 99.9187, Val Accuracy: 89.4321
[2019-09-20 13:03:05] Epoch: 138, LR: 0.00100000, Train Accuracy: 99.8374, Val Accuracy: 89.6557
[2019-09-20 13:05:16] Epoch: 139, LR: 0.00100000, Train Accuracy: 99.8374, Val Accuracy: 89.7898
[2019-09-20 13:07:29] Epoch: 140, LR: 0.00100000, Train Accuracy: 100.0000, Val Accuracy: 89.6706
[2019-09-20 13:09:43] Epoch: 141, LR: 0.00100000, Train Accuracy: 99.7561, Val Accuracy: 89.4470
[2019-09-20 13:11:54] Epoch: 142, LR: 0.00100000, Train Accuracy: 99.8374, Val Accuracy: 89.7451
[2019-09-20 13:14:06] Epoch: 143, LR: 0.00100000, Train Accuracy: 99.5935, Val Accuracy: 89.5066
[2019-09-20 13:16:17] Epoch: 144, LR: 0.00100000, Train Accuracy: 99.7561, Val Accuracy: 89.9389
[2019-09-20 13:18:28] Epoch: 145, LR: 0.00100000, Train Accuracy: 99.6748, Val Accuracy: 89.4619
[2019-09-20 13:20:41] Epoch: 146, LR: 0.00100000, Train Accuracy: 99.9187, Val Accuracy: 89.5066
[2019-09-20 13:22:53] Epoch: 147, LR: 0.00100000, Train Accuracy: 99.7561, Val Accuracy: 89.5513
[2019-09-20 13:25:05] Epoch: 148, LR: 0.00100000, Train Accuracy: 99.9187, Val Accuracy: 89.8346
[2019-09-20 13:27:18] Epoch: 149, LR: 0.00100000, Train Accuracy: 100.0000, Val Accuracy: 89.8644
[2019-09-20 13:29:29] Epoch: 150, LR: 0.00100000, Train Accuracy: 100.0000, Val Accuracy: 89.7600
[2019-09-20 13:31:41] Epoch: 151, LR: 0.00100000, Train Accuracy: 99.6748, Val Accuracy: 89.7451
[2019-09-20 13:33:56] Epoch: 152, LR: 0.00100000, Train Accuracy: 99.9187, Val Accuracy: 89.9389
[2019-09-20 13:36:06] Epoch: 153, LR: 0.00100000, Train Accuracy: 99.7561, Val Accuracy: 89.6557
[2019-09-20 13:38:16] Epoch: 154, LR: 0.00100000, Train Accuracy: 99.6748, Val Accuracy: 89.7749
[2019-09-20 13:40:28] Epoch: 155, LR: 0.00100000, Train Accuracy: 99.7561, Val Accuracy: 89.7153
[2019-09-20 13:42:42] Epoch: 156, LR: 0.00100000, Train Accuracy: 99.7561, Val Accuracy: 89.7898
[2019-09-20 13:44:54] Epoch: 157, LR: 0.00100000, Train Accuracy: 99.8374, Val Accuracy: 89.5812
[2019-09-20 13:47:06] Epoch: 158, LR: 0.00100000, Train Accuracy: 100.0000, Val Accuracy: 89.9985
[2019-09-20 13:49:20] Epoch: 159, LR: 0.00100000, Train Accuracy: 99.7561, Val Accuracy: 89.7153
[2019-09-20 13:51:29] Epoch: 160, LR: 0.00100000, Train Accuracy: 100.0000, Val Accuracy: 89.6706
[2019-09-20 13:53:41] Epoch: 161, LR: 0.00100000, Train Accuracy: 99.6748, Val Accuracy: 89.8793
[2019-09-20 13:55:55] Epoch: 162, LR: 0.00100000, Train Accuracy: 99.6748, Val Accuracy: 89.9985
[2019-09-20 13:58:08] Epoch: 163, LR: 0.00100000, Train Accuracy: 99.7561, Val Accuracy: 89.6110
[2019-09-20 14:00:21] Epoch: 164, LR: 0.00100000, Train Accuracy: 99.8374, Val Accuracy: 89.8793
[2019-09-20 14:02:36] Epoch: 165, LR: 0.00100000, Train Accuracy: 99.8374, Val Accuracy: 89.7898
[2019-09-20 14:04:48] Epoch: 166, LR: 0.00100000, Train Accuracy: 99.9187, Val Accuracy: 89.7898
[2019-09-20 14:07:02] Epoch: 167, LR: 0.00100000, Train Accuracy: 99.7561, Val Accuracy: 89.6259
[2019-09-20 14:09:16] Epoch: 168, LR: 0.00100000, Train Accuracy: 100.0000, Val Accuracy: 89.9836
[2019-09-20 14:11:26] Epoch: 169, LR: 0.00100000, Train Accuracy: 99.9187, Val Accuracy: 89.7749
[2019-09-20 14:13:39] Epoch: 170, LR: 0.00100000, Train Accuracy: 99.8374, Val Accuracy: 89.6259
[2019-09-20 14:15:53] Epoch: 171, LR: 0.00010000, Train Accuracy: 99.7561, Val Accuracy: 89.6855
[2019-09-20 14:18:06] Epoch: 172, LR: 0.00010000, Train Accuracy: 99.2683, Val Accuracy: 89.7153
[2019-09-20 14:20:20] Epoch: 173, LR: 0.00010000, Train Accuracy: 100.0000, Val Accuracy: 89.7004
[2019-09-20 14:22:33] Epoch: 174, LR: 0.00010000, Train Accuracy: 99.5935, Val Accuracy: 90.0581
[2019-09-20 14:24:42] Epoch: 175, LR: 0.00010000, Train Accuracy: 99.6748, Val Accuracy: 89.9538
[2019-09-20 14:26:56] Epoch: 176, LR: 0.00010000, Train Accuracy: 100.0000, Val Accuracy: 89.3129
[2019-09-20 14:29:10] Epoch: 177, LR: 0.00010000, Train Accuracy: 99.9187, Val Accuracy: 89.5812
[2019-09-20 14:31:22] Epoch: 178, LR: 0.00010000, Train Accuracy: 99.9187, Val Accuracy: 89.5663
[2019-09-20 14:33:37] Epoch: 179, LR: 0.00010000, Train Accuracy: 99.7561, Val Accuracy: 90.0283
[2019-09-20 14:35:49] Epoch: 180, LR: 0.00010000, Train Accuracy: 99.8374, Val Accuracy: 89.7451
[2019-09-20 14:37:59] Epoch: 181, LR: 0.00010000, Train Accuracy: 99.8374, Val Accuracy: 89.6706
[2019-09-20 14:40:14] Epoch: 182, LR: 0.00010000, Train Accuracy: 99.9187, Val Accuracy: 89.7600
[2019-09-20 14:42:25] Epoch: 183, LR: 0.00010000, Train Accuracy: 99.6748, Val Accuracy: 89.5812
[2019-09-20 14:44:38] Epoch: 184, LR: 0.00010000, Train Accuracy: 99.7561, Val Accuracy: 89.6259
[2019-09-20 14:46:51] Epoch: 185, LR: 0.00010000, Train Accuracy: 99.9187, Val Accuracy: 89.5513
[2019-09-20 14:49:04] Epoch: 186, LR: 0.00010000, Train Accuracy: 99.7561, Val Accuracy: 89.7600
[2019-09-20 14:51:15] Epoch: 187, LR: 0.00010000, Train Accuracy: 99.9187, Val Accuracy: 89.4619
[2019-09-20 14:53:26] Epoch: 188, LR: 0.00010000, Train Accuracy: 99.8374, Val Accuracy: 89.4470
[2019-09-20 14:55:38] Epoch: 189, LR: 0.00010000, Train Accuracy: 99.7561, Val Accuracy: 89.7898
[2019-09-20 14:57:50] Epoch: 190, LR: 0.00010000, Train Accuracy: 99.7561, Val Accuracy: 89.6706
[2019-09-20 14:59:59] Epoch: 191, LR: 0.00010000, Train Accuracy: 99.9187, Val Accuracy: 89.8196
[2019-09-20 15:02:09] Epoch: 192, LR: 0.00010000, Train Accuracy: 99.6748, Val Accuracy: 89.8346
[2019-09-20 15:04:20] Epoch: 193, LR: 0.00010000, Train Accuracy: 99.7561, Val Accuracy: 89.5215
[2019-09-20 15:06:34] Epoch: 194, LR: 0.00010000, Train Accuracy: 99.7561, Val Accuracy: 89.8346
[2019-09-20 15:08:44] Epoch: 195, LR: 0.00010000, Train Accuracy: 99.7561, Val Accuracy: 89.8047
[2019-09-20 15:10:58] Epoch: 196, LR: 0.00010000, Train Accuracy: 99.8374, Val Accuracy: 89.5066
[2019-09-20 15:13:08] Epoch: 197, LR: 0.00010000, Train Accuracy: 99.9187, Val Accuracy: 89.6557
[2019-09-20 15:15:19] Epoch: 198, LR: 0.00010000, Train Accuracy: 99.9187, Val Accuracy: 89.9687
[2019-09-20 15:17:30] Epoch: 199, LR: 0.00010000, Train Accuracy: 99.9187, Val Accuracy: 89.9240
[2019-09-20 15:19:44] Epoch: 200, LR: 0.00010000, Train Accuracy: 100.0000, Val Accuracy: 89.8644

------------------------------------------------
Best Validation Accuracy 90.0581 at epoch 174
------------------------------------------------

---------------- Train Analysis ----------------
Accuracy of Grietas transversales : 92.45% 
Accuracy of Marca vial : 94.37% 
Accuracy of Sin daño : 98.26% 
Accuracy of Grietas en forma de piel de cocodrilo : 88.89% 
Accuracy of Parcheo : 74.02% 
Accuracy of Huecos : 60.10% 
Accuracy of Grietas longitudinales : 87.37% 
Accuracy of Alcantarillado : 80.63% 
Accuracy of Meteorización y desprendimiento : 80.93% 
