
---- Start ----

2020-01-16 23:49:17.438238: W tensorflow/stream_executor/platform/default/dso_loader.cc:55] Could not load dynamic library 'libnvinfer.so.6'; dlerror: libnvinfer.so.6: cannot open shared object file: No such file or directory; LD_LIBRARY_PATH: /usr/local/cudnn/cuda10/dnn7.6.5/lib64:LD_LIBRARY_PATH:/usr/local/cuda-10.1/lib64:
2020-01-16 23:49:17.438326: W tensorflow/stream_executor/platform/default/dso_loader.cc:55] Could not load dynamic library 'libnvinfer_plugin.so.6'; dlerror: libnvinfer_plugin.so.6: cannot open shared object file: No such file or directory; LD_LIBRARY_PATH: /usr/local/cudnn/cuda10/dnn7.6.5/lib64:LD_LIBRARY_PATH:/usr/local/cuda-10.1/lib64:
2020-01-16 23:49:17.438785: W tensorflow/compiler/tf2tensorrt/utils/py_utils.cc:30] Cannot dlopen some TensorRT libraries. If you would like to use Nvidia GPU with TensorRT, please make sure the missing libraries mentioned above are installed properly.
Hay 6 clases!
[Train] 3189 muestras
[Validacion] 586 muestras
Pretrained-> Remember at end: transforms.Normalize(mean=[0.485, 0.456, 0.406], std=[0.229, 0.224, 0.225])

--------------------------------------------
verbose: False
optimizer: adam
epochs: 200
batch_size: 128
learning_rate: 0.0001
min_learning_rate: 1e-07
get_path: False
weighted_loss: False
plateau_scheduler: False
steps_best: False
steps_scheduler: True
binary_problem: False
damaged_problem: True
cutmix: False
img_size: 256
crop_size: 224
model_name: resnet50
pretrained: True
validation_size: 0.15
output_dir: results/resnet50_adam_256to224_lr0.0001_DA_pretrained_Cutmix_OnlyDamaged/
data_augmentation: True

-------------- START TRAINING --------------
[2020-01-16 22:49:56] Epoch: 1, LR: 0.00010000, Train Accuracy: 68.1405%, Val Accuracy: 87.7133%
[2020-01-16 22:50:34] Epoch: 2, LR: 0.00010000, Train Accuracy: 88.3976%, Val Accuracy: 93.6860%
[2020-01-16 22:51:11] Epoch: 3, LR: 0.00010000, Train Accuracy: 92.0038%, Val Accuracy: 91.9795%
[2020-01-16 22:51:48] Epoch: 4, LR: 0.00010000, Train Accuracy: 92.8191%, Val Accuracy: 93.6860%
[2020-01-16 22:52:25] Epoch: 5, LR: 0.00010000, Train Accuracy: 94.3242%, Val Accuracy: 95.7338%
[2020-01-16 22:53:03] Epoch: 6, LR: 0.00010000, Train Accuracy: 95.8608%, Val Accuracy: 95.7338%
[2020-01-16 22:53:40] Epoch: 7, LR: 0.00010000, Train Accuracy: 95.1709%, Val Accuracy: 95.3925%
[2020-01-16 22:54:18] Epoch: 8, LR: 0.00010000, Train Accuracy: 96.5193%, Val Accuracy: 97.4403%
[2020-01-16 22:54:55] Epoch: 9, LR: 0.00010000, Train Accuracy: 96.4252%, Val Accuracy: 96.7577%
[2020-01-16 22:55:32] Epoch: 10, LR: 0.00010000, Train Accuracy: 96.9897%, Val Accuracy: 95.7338%
[2020-01-16 22:56:10] Epoch: 11, LR: 0.00010000, Train Accuracy: 97.3659%, Val Accuracy: 96.7577%
[2020-01-16 22:56:47] Epoch: 12, LR: 0.00010000, Train Accuracy: 97.3032%, Val Accuracy: 96.9283%
[2020-01-16 22:57:24] Epoch: 13, LR: 0.00010000, Train Accuracy: 97.8990%, Val Accuracy: 96.5870%
[2020-01-16 22:58:02] Epoch: 14, LR: 0.00010000, Train Accuracy: 97.7736%, Val Accuracy: 96.4164%
[2020-01-16 22:58:39] Epoch: 15, LR: 0.00010000, Train Accuracy: 97.6482%, Val Accuracy: 94.3686%
[2020-01-16 22:59:17] Epoch: 16, LR: 0.00010000, Train Accuracy: 98.2126%, Val Accuracy: 96.7577%
[2020-01-16 22:59:54] Epoch: 17, LR: 0.00010000, Train Accuracy: 98.3694%, Val Accuracy: 96.7577%
[2020-01-16 23:00:31] Epoch: 18, LR: 0.00010000, Train Accuracy: 98.2440%, Val Accuracy: 96.5870%
[2020-01-16 23:01:09] Epoch: 19, LR: 0.00010000, Train Accuracy: 98.6516%, Val Accuracy: 96.9283%
[2020-01-16 23:01:46] Epoch: 20, LR: 0.00010000, Train Accuracy: 98.7143%, Val Accuracy: 96.9283%
[2020-01-16 23:02:24] Epoch: 21, LR: 0.00010000, Train Accuracy: 98.5262%, Val Accuracy: 97.6109%
[2020-01-16 23:03:02] Epoch: 22, LR: 0.00010000, Train Accuracy: 98.4948%, Val Accuracy: 97.6109%
[2020-01-16 23:03:39] Epoch: 23, LR: 0.00010000, Train Accuracy: 98.5575%, Val Accuracy: 96.2457%
[2020-01-16 23:04:17] Epoch: 24, LR: 0.00010000, Train Accuracy: 98.4321%, Val Accuracy: 95.9044%
[2020-01-16 23:04:54] Epoch: 25, LR: 0.00010000, Train Accuracy: 98.4008%, Val Accuracy: 97.0990%
[2020-01-16 23:05:32] Epoch: 26, LR: 0.00010000, Train Accuracy: 98.6203%, Val Accuracy: 96.4164%
[2020-01-16 23:06:10] Epoch: 27, LR: 0.00010000, Train Accuracy: 98.8084%, Val Accuracy: 98.6348%
[2020-01-16 23:06:47] Epoch: 28, LR: 0.00010000, Train Accuracy: 98.9966%, Val Accuracy: 98.4642%
[2020-01-16 23:07:24] Epoch: 29, LR: 0.00010000, Train Accuracy: 98.9652%, Val Accuracy: 97.2696%
[2020-01-16 23:08:02] Epoch: 30, LR: 0.00010000, Train Accuracy: 99.3415%, Val Accuracy: 97.4403%
[2020-01-16 23:08:39] Epoch: 31, LR: 0.00010000, Train Accuracy: 99.4356%, Val Accuracy: 97.2696%
[2020-01-16 23:09:17] Epoch: 32, LR: 0.00010000, Train Accuracy: 99.1533%, Val Accuracy: 97.6109%
[2020-01-16 23:09:54] Epoch: 33, LR: 0.00010000, Train Accuracy: 98.7143%, Val Accuracy: 96.9283%
[2020-01-16 23:10:32] Epoch: 34, LR: 0.00010000, Train Accuracy: 98.7143%, Val Accuracy: 97.6109%
[2020-01-16 23:11:09] Epoch: 35, LR: 0.00010000, Train Accuracy: 98.9966%, Val Accuracy: 97.9522%
[2020-01-16 23:11:47] Epoch: 36, LR: 0.00010000, Train Accuracy: 98.7143%, Val Accuracy: 96.9283%
[2020-01-16 23:12:24] Epoch: 37, LR: 0.00010000, Train Accuracy: 99.1220%, Val Accuracy: 98.2935%
[2020-01-16 23:13:02] Epoch: 38, LR: 0.00010000, Train Accuracy: 99.1220%, Val Accuracy: 97.0990%
[2020-01-16 23:13:39] Epoch: 39, LR: 0.00010000, Train Accuracy: 99.0593%, Val Accuracy: 97.2696%
[2020-01-16 23:14:17] Epoch: 40, LR: 0.00010000, Train Accuracy: 99.0279%, Val Accuracy: 96.9283%
[2020-01-16 23:14:54] Epoch: 41, LR: 0.00010000, Train Accuracy: 99.0906%, Val Accuracy: 97.2696%
[2020-01-16 23:15:31] Epoch: 42, LR: 0.00010000, Train Accuracy: 98.9025%, Val Accuracy: 96.4164%
[2020-01-16 23:16:09] Epoch: 43, LR: 0.00010000, Train Accuracy: 99.2161%, Val Accuracy: 96.7577%
[2020-01-16 23:16:46] Epoch: 44, LR: 0.00010000, Train Accuracy: 99.1533%, Val Accuracy: 97.7816%
[2020-01-16 23:17:24] Epoch: 45, LR: 0.00010000, Train Accuracy: 98.8711%, Val Accuracy: 97.9522%
[2020-01-16 23:18:01] Epoch: 46, LR: 0.00010000, Train Accuracy: 99.2474%, Val Accuracy: 97.6109%
[2020-01-16 23:18:39] Epoch: 47, LR: 0.00010000, Train Accuracy: 99.2161%, Val Accuracy: 97.4403%
[2020-01-16 23:19:17] Epoch: 48, LR: 0.00010000, Train Accuracy: 98.8084%, Val Accuracy: 96.9283%
[2020-01-16 23:19:54] Epoch: 49, LR: 0.00010000, Train Accuracy: 99.0906%, Val Accuracy: 96.9283%
[2020-01-16 23:20:32] Epoch: 50, LR: 0.00010000, Train Accuracy: 99.2474%, Val Accuracy: 97.9522%
[2020-01-16 23:21:09] Epoch: 51, LR: 0.00010000, Train Accuracy: 99.2474%, Val Accuracy: 98.1229%
[2020-01-16 23:21:46] Epoch: 52, LR: 0.00010000, Train Accuracy: 99.1533%, Val Accuracy: 96.7577%
[2020-01-16 23:22:24] Epoch: 53, LR: 0.00010000, Train Accuracy: 99.0279%, Val Accuracy: 97.6109%
[2020-01-16 23:23:02] Epoch: 54, LR: 0.00010000, Train Accuracy: 99.4042%, Val Accuracy: 97.6109%
[2020-01-16 23:23:39] Epoch: 55, LR: 0.00010000, Train Accuracy: 99.2161%, Val Accuracy: 98.1229%
[2020-01-16 23:24:17] Epoch: 56, LR: 0.00010000, Train Accuracy: 99.4669%, Val Accuracy: 97.9522%
[2020-01-16 23:24:54] Epoch: 57, LR: 0.00010000, Train Accuracy: 99.7178%, Val Accuracy: 98.1229%
[2020-01-16 23:25:32] Epoch: 58, LR: 0.00010000, Train Accuracy: 99.4669%, Val Accuracy: 97.0990%
[2020-01-16 23:26:09] Epoch: 59, LR: 0.00010000, Train Accuracy: 99.5296%, Val Accuracy: 97.4403%
[2020-01-16 23:26:47] Epoch: 60, LR: 0.00010000, Train Accuracy: 99.3415%, Val Accuracy: 97.4403%
[2020-01-16 23:27:24] Epoch: 61, LR: 0.00010000, Train Accuracy: 99.7178%, Val Accuracy: 97.9522%
[2020-01-16 23:28:02] Epoch: 62, LR: 0.00010000, Train Accuracy: 99.1533%, Val Accuracy: 96.5870%
[2020-01-16 23:28:39] Epoch: 63, LR: 0.00010000, Train Accuracy: 99.5296%, Val Accuracy: 97.9522%
[2020-01-16 23:29:17] Epoch: 64, LR: 0.00010000, Train Accuracy: 99.5610%, Val Accuracy: 97.6109%
[2020-01-16 23:29:54] Epoch: 65, LR: 0.00010000, Train Accuracy: 99.3415%, Val Accuracy: 97.7816%
[2020-01-16 23:30:32] Epoch: 66, LR: 0.00010000, Train Accuracy: 99.5610%, Val Accuracy: 96.9283%
[2020-01-16 23:31:09] Epoch: 67, LR: 0.00010000, Train Accuracy: 99.1847%, Val Accuracy: 97.9522%
[2020-01-16 23:31:47] Epoch: 68, LR: 0.00010000, Train Accuracy: 99.3728%, Val Accuracy: 97.6109%
[2020-01-16 23:32:24] Epoch: 69, LR: 0.00010000, Train Accuracy: 99.3101%, Val Accuracy: 97.4403%
[2020-01-16 23:33:02] Epoch: 70, LR: 0.00010000, Train Accuracy: 99.2161%, Val Accuracy: 96.9283%
[2020-01-16 23:33:40] Epoch: 71, LR: 0.00010000, Train Accuracy: 99.1220%, Val Accuracy: 97.7816%
[2020-01-16 23:34:17] Epoch: 72, LR: 0.00010000, Train Accuracy: 99.1220%, Val Accuracy: 98.2935%
[2020-01-16 23:34:55] Epoch: 73, LR: 0.00010000, Train Accuracy: 99.2161%, Val Accuracy: 95.7338%
[2020-01-16 23:35:32] Epoch: 74, LR: 0.00010000, Train Accuracy: 99.3415%, Val Accuracy: 97.7816%
[2020-01-16 23:36:10] Epoch: 75, LR: 0.00010000, Train Accuracy: 99.6237%, Val Accuracy: 98.6348%
[2020-01-16 23:36:48] Epoch: 76, LR: 0.00010000, Train Accuracy: 99.6237%, Val Accuracy: 98.1229%
[2020-01-16 23:37:25] Epoch: 77, LR: 0.00010000, Train Accuracy: 99.7491%, Val Accuracy: 98.4642%
[2020-01-16 23:38:02] Epoch: 78, LR: 0.00010000, Train Accuracy: 99.7178%, Val Accuracy: 98.1229%
[2020-01-16 23:38:40] Epoch: 79, LR: 0.00010000, Train Accuracy: 99.2788%, Val Accuracy: 97.6109%
[2020-01-16 23:39:17] Epoch: 80, LR: 0.00010000, Train Accuracy: 99.7178%, Val Accuracy: 97.4403%
[2020-01-16 23:39:55] Epoch: 81, LR: 0.00001000, Train Accuracy: 99.6551%, Val Accuracy: 98.1229%
[2020-01-16 23:40:33] Epoch: 82, LR: 0.00001000, Train Accuracy: 99.7178%, Val Accuracy: 98.2935%
[2020-01-16 23:41:10] Epoch: 83, LR: 0.00001000, Train Accuracy: 99.8119%, Val Accuracy: 98.4642%
[2020-01-16 23:41:48] Epoch: 84, LR: 0.00001000, Train Accuracy: 99.8432%, Val Accuracy: 98.2935%
[2020-01-16 23:42:25] Epoch: 85, LR: 0.00001000, Train Accuracy: 99.8746%, Val Accuracy: 98.1229%
[2020-01-16 23:43:03] Epoch: 86, LR: 0.00001000, Train Accuracy: 99.8119%, Val Accuracy: 98.4642%
[2020-01-16 23:43:40] Epoch: 87, LR: 0.00001000, Train Accuracy: 99.8746%, Val Accuracy: 98.2935%
[2020-01-16 23:44:18] Epoch: 88, LR: 0.00001000, Train Accuracy: 99.8432%, Val Accuracy: 98.2935%
[2020-01-16 23:44:56] Epoch: 89, LR: 0.00001000, Train Accuracy: 99.9686%, Val Accuracy: 98.6348%
[2020-01-16 23:45:33] Epoch: 90, LR: 0.00001000, Train Accuracy: 99.9059%, Val Accuracy: 98.1229%
[2020-01-16 23:46:11] Epoch: 91, LR: 0.00001000, Train Accuracy: 99.9059%, Val Accuracy: 98.2935%
[2020-01-16 23:46:48] Epoch: 92, LR: 0.00001000, Train Accuracy: 99.9059%, Val Accuracy: 98.4642%
[2020-01-16 23:47:25] Epoch: 93, LR: 0.00001000, Train Accuracy: 99.8746%, Val Accuracy: 98.4642%
[2020-01-16 23:48:03] Epoch: 94, LR: 0.00001000, Train Accuracy: 99.9373%, Val Accuracy: 98.4642%
[2020-01-16 23:48:41] Epoch: 95, LR: 0.00001000, Train Accuracy: 99.9373%, Val Accuracy: 98.4642%
[2020-01-16 23:49:18] Epoch: 96, LR: 0.00001000, Train Accuracy: 99.8746%, Val Accuracy: 98.4642%
[2020-01-16 23:49:56] Epoch: 97, LR: 0.00001000, Train Accuracy: 99.9373%, Val Accuracy: 98.4642%
[2020-01-16 23:50:33] Epoch: 98, LR: 0.00001000, Train Accuracy: 99.9373%, Val Accuracy: 98.6348%
[2020-01-16 23:51:11] Epoch: 99, LR: 0.00001000, Train Accuracy: 99.9686%, Val Accuracy: 98.4642%
[2020-01-16 23:51:48] Epoch: 100, LR: 0.00001000, Train Accuracy: 99.9686%, Val Accuracy: 98.4642%
[2020-01-16 23:52:26] Epoch: 101, LR: 0.00001000, Train Accuracy: 99.9059%, Val Accuracy: 98.6348%
[2020-01-16 23:53:04] Epoch: 102, LR: 0.00001000, Train Accuracy: 99.8432%, Val Accuracy: 98.6348%
[2020-01-16 23:53:42] Epoch: 103, LR: 0.00001000, Train Accuracy: 99.9373%, Val Accuracy: 98.8055%
[2020-01-16 23:54:19] Epoch: 104, LR: 0.00001000, Train Accuracy: 99.9686%, Val Accuracy: 98.8055%
[2020-01-16 23:54:57] Epoch: 105, LR: 0.00001000, Train Accuracy: 99.8746%, Val Accuracy: 98.8055%
[2020-01-16 23:55:35] Epoch: 106, LR: 0.00001000, Train Accuracy: 99.9686%, Val Accuracy: 98.6348%
[2020-01-16 23:56:12] Epoch: 107, LR: 0.00001000, Train Accuracy: 99.9686%, Val Accuracy: 98.8055%
[2020-01-16 23:56:50] Epoch: 108, LR: 0.00001000, Train Accuracy: 99.8432%, Val Accuracy: 98.8055%
[2020-01-16 23:57:28] Epoch: 109, LR: 0.00001000, Train Accuracy: 99.9373%, Val Accuracy: 98.6348%
[2020-01-16 23:58:06] Epoch: 110, LR: 0.00001000, Train Accuracy: 99.9686%, Val Accuracy: 98.8055%
[2020-01-16 23:58:43] Epoch: 111, LR: 0.00001000, Train Accuracy: 99.9373%, Val Accuracy: 98.8055%
[2020-01-16 23:59:21] Epoch: 112, LR: 0.00001000, Train Accuracy: 99.9373%, Val Accuracy: 98.8055%
[2020-01-16 23:59:59] Epoch: 113, LR: 0.00001000, Train Accuracy: 100.0000%, Val Accuracy: 98.8055%
[2020-01-17 00:00:36] Epoch: 114, LR: 0.00001000, Train Accuracy: 99.9373%, Val Accuracy: 98.4642%
[2020-01-17 00:01:14] Epoch: 115, LR: 0.00001000, Train Accuracy: 99.9059%, Val Accuracy: 98.8055%
[2020-01-17 00:01:52] Epoch: 116, LR: 0.00001000, Train Accuracy: 99.9059%, Val Accuracy: 98.9761%
[2020-01-17 00:02:30] Epoch: 117, LR: 0.00001000, Train Accuracy: 99.9686%, Val Accuracy: 98.9761%
[2020-01-17 00:03:07] Epoch: 118, LR: 0.00001000, Train Accuracy: 100.0000%, Val Accuracy: 98.6348%
[2020-01-17 00:03:45] Epoch: 119, LR: 0.00001000, Train Accuracy: 100.0000%, Val Accuracy: 98.8055%
[2020-01-17 00:04:22] Epoch: 120, LR: 0.00001000, Train Accuracy: 99.9686%, Val Accuracy: 98.6348%
[2020-01-17 00:05:00] Epoch: 121, LR: 0.00001000, Train Accuracy: 100.0000%, Val Accuracy: 98.6348%
[2020-01-17 00:05:38] Epoch: 122, LR: 0.00001000, Train Accuracy: 99.9373%, Val Accuracy: 98.9761%
[2020-01-17 00:06:15] Epoch: 123, LR: 0.00001000, Train Accuracy: 99.9059%, Val Accuracy: 98.8055%
[2020-01-17 00:06:53] Epoch: 124, LR: 0.00001000, Train Accuracy: 99.9686%, Val Accuracy: 98.8055%
[2020-01-17 00:07:30] Epoch: 125, LR: 0.00001000, Train Accuracy: 99.9059%, Val Accuracy: 98.8055%
[2020-01-17 00:08:08] Epoch: 126, LR: 0.00001000, Train Accuracy: 99.9686%, Val Accuracy: 98.6348%
[2020-01-17 00:08:45] Epoch: 127, LR: 0.00001000, Train Accuracy: 99.8432%, Val Accuracy: 98.6348%
[2020-01-17 00:09:23] Epoch: 128, LR: 0.00001000, Train Accuracy: 99.9059%, Val Accuracy: 98.8055%
[2020-01-17 00:10:01] Epoch: 129, LR: 0.00001000, Train Accuracy: 99.9373%, Val Accuracy: 98.9761%
[2020-01-17 00:10:38] Epoch: 130, LR: 0.00001000, Train Accuracy: 100.0000%, Val Accuracy: 98.9761%
[2020-01-17 00:11:16] Epoch: 131, LR: 0.00001000, Train Accuracy: 100.0000%, Val Accuracy: 98.9761%
[2020-01-17 00:11:54] Epoch: 132, LR: 0.00001000, Train Accuracy: 99.9686%, Val Accuracy: 98.9761%
[2020-01-17 00:12:32] Epoch: 133, LR: 0.00001000, Train Accuracy: 100.0000%, Val Accuracy: 98.9761%
[2020-01-17 00:13:09] Epoch: 134, LR: 0.00001000, Train Accuracy: 99.9373%, Val Accuracy: 98.9761%
[2020-01-17 00:13:47] Epoch: 135, LR: 0.00001000, Train Accuracy: 99.9059%, Val Accuracy: 99.1468%
[2020-01-17 00:14:25] Epoch: 136, LR: 0.00001000, Train Accuracy: 99.9373%, Val Accuracy: 98.9761%
[2020-01-17 00:15:02] Epoch: 137, LR: 0.00001000, Train Accuracy: 100.0000%, Val Accuracy: 98.8055%
[2020-01-17 00:15:40] Epoch: 138, LR: 0.00001000, Train Accuracy: 99.9373%, Val Accuracy: 98.8055%
[2020-01-17 00:16:17] Epoch: 139, LR: 0.00001000, Train Accuracy: 100.0000%, Val Accuracy: 98.6348%
[2020-01-17 00:16:55] Epoch: 140, LR: 0.00001000, Train Accuracy: 99.9373%, Val Accuracy: 98.6348%
[2020-01-17 00:17:32] Epoch: 141, LR: 0.00001000, Train Accuracy: 99.9686%, Val Accuracy: 98.6348%
[2020-01-17 00:18:10] Epoch: 142, LR: 0.00001000, Train Accuracy: 99.9686%, Val Accuracy: 98.6348%
[2020-01-17 00:18:47] Epoch: 143, LR: 0.00001000, Train Accuracy: 99.9373%, Val Accuracy: 98.8055%
[2020-01-17 00:19:25] Epoch: 144, LR: 0.00001000, Train Accuracy: 100.0000%, Val Accuracy: 98.4642%
[2020-01-17 00:20:02] Epoch: 145, LR: 0.00001000, Train Accuracy: 100.0000%, Val Accuracy: 98.6348%
[2020-01-17 00:20:40] Epoch: 146, LR: 0.00000100, Train Accuracy: 99.8746%, Val Accuracy: 98.4642%
[2020-01-17 00:21:18] Epoch: 147, LR: 0.00000100, Train Accuracy: 100.0000%, Val Accuracy: 98.4642%
[2020-01-17 00:21:55] Epoch: 148, LR: 0.00000100, Train Accuracy: 99.8746%, Val Accuracy: 98.4642%
[2020-01-17 00:22:33] Epoch: 149, LR: 0.00000100, Train Accuracy: 100.0000%, Val Accuracy: 98.4642%
[2020-01-17 00:23:11] Epoch: 150, LR: 0.00000100, Train Accuracy: 99.9686%, Val Accuracy: 98.6348%
[2020-01-17 00:23:48] Epoch: 151, LR: 0.00000100, Train Accuracy: 100.0000%, Val Accuracy: 98.6348%
[2020-01-17 00:24:26] Epoch: 152, LR: 0.00000100, Train Accuracy: 100.0000%, Val Accuracy: 98.4642%
[2020-01-17 00:25:03] Epoch: 153, LR: 0.00000100, Train Accuracy: 99.9373%, Val Accuracy: 98.2935%
[2020-01-17 00:25:41] Epoch: 154, LR: 0.00000100, Train Accuracy: 100.0000%, Val Accuracy: 98.6348%
[2020-01-17 00:26:18] Epoch: 155, LR: 0.00000100, Train Accuracy: 99.9686%, Val Accuracy: 98.4642%
[2020-01-17 00:26:56] Epoch: 156, LR: 0.00000100, Train Accuracy: 100.0000%, Val Accuracy: 98.6348%
[2020-01-17 00:27:33] Epoch: 157, LR: 0.00000100, Train Accuracy: 100.0000%, Val Accuracy: 98.6348%
[2020-01-17 00:28:11] Epoch: 158, LR: 0.00000100, Train Accuracy: 99.9686%, Val Accuracy: 98.4642%
[2020-01-17 00:28:48] Epoch: 159, LR: 0.00000100, Train Accuracy: 99.9373%, Val Accuracy: 98.6348%
[2020-01-17 00:29:26] Epoch: 160, LR: 0.00000100, Train Accuracy: 99.9686%, Val Accuracy: 98.6348%
[2020-01-17 00:30:04] Epoch: 161, LR: 0.00000100, Train Accuracy: 99.9373%, Val Accuracy: 98.4642%
[2020-01-17 00:30:41] Epoch: 162, LR: 0.00000100, Train Accuracy: 99.9686%, Val Accuracy: 98.8055%
[2020-01-17 00:31:19] Epoch: 163, LR: 0.00000100, Train Accuracy: 99.9686%, Val Accuracy: 98.4642%
[2020-01-17 00:31:56] Epoch: 164, LR: 0.00000100, Train Accuracy: 99.9373%, Val Accuracy: 98.6348%
[2020-01-17 00:32:34] Epoch: 165, LR: 0.00000100, Train Accuracy: 99.9373%, Val Accuracy: 98.4642%
[2020-01-17 00:33:11] Epoch: 166, LR: 0.00000100, Train Accuracy: 100.0000%, Val Accuracy: 98.6348%
[2020-01-17 00:33:49] Epoch: 167, LR: 0.00000100, Train Accuracy: 100.0000%, Val Accuracy: 98.6348%
[2020-01-17 00:34:26] Epoch: 168, LR: 0.00000100, Train Accuracy: 100.0000%, Val Accuracy: 98.6348%
[2020-01-17 00:35:04] Epoch: 169, LR: 0.00000100, Train Accuracy: 100.0000%, Val Accuracy: 98.8055%
[2020-01-17 00:35:41] Epoch: 170, LR: 0.00000100, Train Accuracy: 100.0000%, Val Accuracy: 98.4642%
[2020-01-17 00:36:19] Epoch: 171, LR: 0.00000100, Train Accuracy: 99.9686%, Val Accuracy: 98.4642%
[2020-01-17 00:36:57] Epoch: 172, LR: 0.00000100, Train Accuracy: 99.9686%, Val Accuracy: 98.4642%
[2020-01-17 00:37:34] Epoch: 173, LR: 0.00000100, Train Accuracy: 100.0000%, Val Accuracy: 98.4642%
[2020-01-17 00:38:12] Epoch: 174, LR: 0.00000100, Train Accuracy: 100.0000%, Val Accuracy: 98.6348%
[2020-01-17 00:38:49] Epoch: 175, LR: 0.00000100, Train Accuracy: 99.9686%, Val Accuracy: 98.4642%
[2020-01-17 00:39:27] Epoch: 176, LR: 0.00000100, Train Accuracy: 100.0000%, Val Accuracy: 98.6348%
[2020-01-17 00:40:04] Epoch: 177, LR: 0.00000100, Train Accuracy: 100.0000%, Val Accuracy: 98.6348%
[2020-01-17 00:40:42] Epoch: 178, LR: 0.00000100, Train Accuracy: 100.0000%, Val Accuracy: 98.4642%
[2020-01-17 00:41:19] Epoch: 179, LR: 0.00000100, Train Accuracy: 100.0000%, Val Accuracy: 98.6348%
[2020-01-17 00:41:57] Epoch: 180, LR: 0.00000100, Train Accuracy: 100.0000%, Val Accuracy: 98.4642%
[2020-01-17 00:42:35] Epoch: 181, LR: 0.00000010, Train Accuracy: 99.9373%, Val Accuracy: 98.6348%
[2020-01-17 00:43:12] Epoch: 182, LR: 0.00000010, Train Accuracy: 99.9686%, Val Accuracy: 98.4642%
[2020-01-17 00:43:50] Epoch: 183, LR: 0.00000010, Train Accuracy: 99.9373%, Val Accuracy: 98.4642%
[2020-01-17 00:44:27] Epoch: 184, LR: 0.00000010, Train Accuracy: 99.9686%, Val Accuracy: 98.6348%
[2020-01-17 00:45:05] Epoch: 185, LR: 0.00000010, Train Accuracy: 100.0000%, Val Accuracy: 98.4642%
[2020-01-17 00:45:42] Epoch: 186, LR: 0.00000010, Train Accuracy: 99.9373%, Val Accuracy: 98.6348%
[2020-01-17 00:46:20] Epoch: 187, LR: 0.00000010, Train Accuracy: 100.0000%, Val Accuracy: 98.6348%
[2020-01-17 00:46:57] Epoch: 188, LR: 0.00000010, Train Accuracy: 99.9373%, Val Accuracy: 98.6348%
[2020-01-17 00:47:35] Epoch: 189, LR: 0.00000010, Train Accuracy: 100.0000%, Val Accuracy: 98.2935%
[2020-01-17 00:48:12] Epoch: 190, LR: 0.00000010, Train Accuracy: 100.0000%, Val Accuracy: 98.4642%
[2020-01-17 00:48:50] Epoch: 191, LR: 0.00000010, Train Accuracy: 99.9686%, Val Accuracy: 98.4642%
[2020-01-17 00:49:27] Epoch: 192, LR: 0.00000010, Train Accuracy: 99.9373%, Val Accuracy: 98.6348%
[2020-01-17 00:50:05] Epoch: 193, LR: 0.00000010, Train Accuracy: 99.9686%, Val Accuracy: 98.6348%
[2020-01-17 00:50:43] Epoch: 194, LR: 0.00000010, Train Accuracy: 99.9373%, Val Accuracy: 98.6348%
[2020-01-17 00:51:20] Epoch: 195, LR: 0.00000010, Train Accuracy: 100.0000%, Val Accuracy: 98.4642%
[2020-01-17 00:51:58] Epoch: 196, LR: 0.00000010, Train Accuracy: 99.9686%, Val Accuracy: 98.8055%
[2020-01-17 00:52:35] Epoch: 197, LR: 0.00000010, Train Accuracy: 100.0000%, Val Accuracy: 98.8055%
[2020-01-17 00:53:13] Epoch: 198, LR: 0.00000010, Train Accuracy: 99.9686%, Val Accuracy: 98.4642%
[2020-01-17 00:53:50] Epoch: 199, LR: 0.00000010, Train Accuracy: 99.9686%, Val Accuracy: 98.4642%
[2020-01-17 00:54:28] Epoch: 200, LR: 0.00000010, Train Accuracy: 99.9373%, Val Accuracy: 98.8055%

------------------------------------------------
Best Validation Accuracy 99.1468 at epoch 135
------------------------------------------------

---------------- Train Analysis ----------------
Accuracy of Parcheo : 98.48% 
Accuracy of Grietas transversales : 98.39% 
Accuracy of Huecos : 97.59% 
Accuracy of Grietas longitudinales : 99.46% 
Accuracy of Meteorización y desprendimiento : 100.00% 
Accuracy of Grietas en forma de piel de cocodrilo : 100.00% 



Hay 1 clases!
[Train] 6709 muestras
[Validacion] 1230 muestras
Pretrained-> Remember at end: transforms.Normalize(mean=[0.485, 0.456, 0.406], std=[0.229, 0.224, 0.225])

--------------------------------------------
verbose: False
optimizer: adam
epochs: 200
batch_size: 128
learning_rate: 0.0001
min_learning_rate: 1e-07
get_path: False
weighted_loss: False
plateau_scheduler: False
steps_best: False
steps_scheduler: True
binary_problem: True
damaged_problem: False
cutmix: False
img_size: 256
crop_size: 224
model_name: resnet50
pretrained: True
validation_size: 0.15
output_dir: results/resnet50_adam_256to224_lr0.0001_DA_pretrained_Cutmix_Binary/
data_augmentation: True

-------------- START TRAINING --------------
[2020-01-17 00:56:03] Epoch: 1, LR: 0.00010000, Train Accuracy: 6664.3911%, Val Accuracy: 95.6098%
[2020-01-17 00:57:22] Epoch: 2, LR: 0.00010000, Train Accuracy: 6678.9238%, Val Accuracy: 97.7236%
[2020-01-17 00:58:41] Epoch: 3, LR: 0.00010000, Train Accuracy: 6677.8059%, Val Accuracy: 98.1301%
[2020-01-17 01:00:00] Epoch: 4, LR: 0.00010000, Train Accuracy: 6674.4522%, Val Accuracy: 98.2114%
[2020-01-17 01:01:18] Epoch: 5, LR: 0.00010000, Train Accuracy: 6667.7448%, Val Accuracy: 98.2114%
[2020-01-17 01:02:37] Epoch: 6, LR: 0.00010000, Train Accuracy: 6675.5701%, Val Accuracy: 98.0488%
[2020-01-17 01:03:56] Epoch: 7, LR: 0.00010000, Train Accuracy: 6671.0985%, Val Accuracy: 97.8862%
[2020-01-17 01:05:15] Epoch: 8, LR: 0.00010000, Train Accuracy: 6672.2164%, Val Accuracy: 97.8862%
[2020-01-17 01:06:33] Epoch: 9, LR: 0.00010000, Train Accuracy: 6675.5701%, Val Accuracy: 98.9431%
[2020-01-17 01:07:52] Epoch: 10, LR: 0.00010000, Train Accuracy: 6671.0985%, Val Accuracy: 97.4797%
[2020-01-17 01:09:11] Epoch: 11, LR: 0.00010000, Train Accuracy: 6667.7448%, Val Accuracy: 99.1057%
[2020-01-17 01:10:30] Epoch: 12, LR: 0.00010000, Train Accuracy: 6672.2164%, Val Accuracy: 98.2114%
[2020-01-17 01:11:48] Epoch: 13, LR: 0.00010000, Train Accuracy: 6666.6269%, Val Accuracy: 97.4797%
[2020-01-17 01:13:07] Epoch: 14, LR: 0.00010000, Train Accuracy: 6666.6269%, Val Accuracy: 98.3740%
[2020-01-17 01:14:26] Epoch: 15, LR: 0.00010000, Train Accuracy: 6673.3343%, Val Accuracy: 98.6992%
[2020-01-17 01:15:44] Epoch: 16, LR: 0.00010000, Train Accuracy: 6673.3343%, Val Accuracy: 98.4553%
[2020-01-17 01:17:03] Epoch: 17, LR: 0.00010000, Train Accuracy: 6668.8627%, Val Accuracy: 98.1301%
[2020-01-17 01:18:22] Epoch: 18, LR: 0.00010000, Train Accuracy: 6671.0985%, Val Accuracy: 98.6992%
[2020-01-17 01:19:40] Epoch: 19, LR: 0.00010000, Train Accuracy: 6674.4522%, Val Accuracy: 98.3740%
[2020-01-17 01:20:59] Epoch: 20, LR: 0.00010000, Train Accuracy: 6669.9806%, Val Accuracy: 98.1301%
[2020-01-17 01:22:17] Epoch: 21, LR: 0.00010000, Train Accuracy: 6673.3343%, Val Accuracy: 98.2114%
[2020-01-17 01:23:36] Epoch: 22, LR: 0.00010000, Train Accuracy: 6677.8059%, Val Accuracy: 98.2927%
[2020-01-17 01:24:55] Epoch: 23, LR: 0.00010000, Train Accuracy: 6667.7448%, Val Accuracy: 98.6179%
[2020-01-17 01:26:13] Epoch: 24, LR: 0.00010000, Train Accuracy: 6673.3343%, Val Accuracy: 98.2927%
[2020-01-17 01:27:32] Epoch: 25, LR: 0.00010000, Train Accuracy: 6668.8627%, Val Accuracy: 98.6992%
[2020-01-17 01:28:50] Epoch: 26, LR: 0.00010000, Train Accuracy: 6671.0985%, Val Accuracy: 98.8618%
[2020-01-17 01:30:09] Epoch: 27, LR: 0.00010000, Train Accuracy: 6671.0985%, Val Accuracy: 98.6179%
[2020-01-17 01:31:27] Epoch: 28, LR: 0.00010000, Train Accuracy: 6675.5701%, Val Accuracy: 96.7480%
[2020-01-17 01:32:46] Epoch: 29, LR: 0.00010000, Train Accuracy: 6664.3911%, Val Accuracy: 98.4553%
[2020-01-17 01:34:05] Epoch: 30, LR: 0.00010000, Train Accuracy: 6671.0985%, Val Accuracy: 98.2927%
[2020-01-17 01:35:23] Epoch: 31, LR: 0.00010000, Train Accuracy: 6678.9238%, Val Accuracy: 98.4553%
[2020-01-17 01:36:42] Epoch: 32, LR: 0.00010000, Train Accuracy: 6666.6269%, Val Accuracy: 99.1057%
[2020-01-17 01:38:00] Epoch: 33, LR: 0.00010000, Train Accuracy: 6666.6269%, Val Accuracy: 98.5366%
[2020-01-17 01:39:19] Epoch: 34, LR: 0.00010000, Train Accuracy: 6669.9806%, Val Accuracy: 98.9431%
[2020-01-17 01:40:37] Epoch: 35, LR: 0.00010000, Train Accuracy: 6674.4522%, Val Accuracy: 98.6992%
[2020-01-17 01:41:56] Epoch: 36, LR: 0.00010000, Train Accuracy: 6664.3911%, Val Accuracy: 98.7805%
[2020-01-17 01:43:14] Epoch: 37, LR: 0.00010000, Train Accuracy: 6668.8627%, Val Accuracy: 98.6992%
[2020-01-17 01:44:33] Epoch: 38, LR: 0.00010000, Train Accuracy: 6674.4522%, Val Accuracy: 98.6992%
[2020-01-17 01:45:52] Epoch: 39, LR: 0.00010000, Train Accuracy: 6672.2164%, Val Accuracy: 99.1057%
[2020-01-17 01:47:10] Epoch: 40, LR: 0.00010000, Train Accuracy: 6675.5701%, Val Accuracy: 98.8618%
[2020-01-17 01:48:29] Epoch: 41, LR: 0.00010000, Train Accuracy: 6669.9806%, Val Accuracy: 98.7805%
[2020-01-17 01:49:47] Epoch: 42, LR: 0.00010000, Train Accuracy: 6671.0985%, Val Accuracy: 98.2114%
[2020-01-17 01:51:06] Epoch: 43, LR: 0.00010000, Train Accuracy: 6671.0985%, Val Accuracy: 98.3740%
[2020-01-17 01:52:24] Epoch: 44, LR: 0.00010000, Train Accuracy: 6678.9238%, Val Accuracy: 98.7805%
[2020-01-17 01:53:42] Epoch: 45, LR: 0.00010000, Train Accuracy: 6674.4522%, Val Accuracy: 98.2114%
[2020-01-17 01:55:01] Epoch: 46, LR: 0.00010000, Train Accuracy: 6667.7448%, Val Accuracy: 98.7805%
[2020-01-17 01:56:20] Epoch: 47, LR: 0.00010000, Train Accuracy: 6676.6880%, Val Accuracy: 98.6179%
[2020-01-17 01:57:38] Epoch: 48, LR: 0.00010000, Train Accuracy: 6668.8627%, Val Accuracy: 99.0244%
[2020-01-17 01:58:57] Epoch: 49, LR: 0.00010000, Train Accuracy: 6675.5701%, Val Accuracy: 99.1057%
[2020-01-17 02:00:15] Epoch: 50, LR: 0.00010000, Train Accuracy: 6673.3343%, Val Accuracy: 99.0244%
[2020-01-17 02:01:34] Epoch: 51, LR: 0.00010000, Train Accuracy: 6672.2164%, Val Accuracy: 98.4553%
[2020-01-17 02:02:52] Epoch: 52, LR: 0.00010000, Train Accuracy: 6673.3343%, Val Accuracy: 98.8618%
[2020-01-17 02:04:11] Epoch: 53, LR: 0.00010000, Train Accuracy: 6663.2732%, Val Accuracy: 98.3740%
[2020-01-17 02:05:29] Epoch: 54, LR: 0.00010000, Train Accuracy: 6675.5701%, Val Accuracy: 98.3740%
[2020-01-17 02:06:48] Epoch: 55, LR: 0.00010000, Train Accuracy: 6662.1553%, Val Accuracy: 98.7805%
[2020-01-17 02:08:06] Epoch: 56, LR: 0.00010000, Train Accuracy: 6667.7448%, Val Accuracy: 98.7805%
[2020-01-17 02:09:25] Epoch: 57, LR: 0.00010000, Train Accuracy: 6668.8627%, Val Accuracy: 98.5366%
[2020-01-17 02:10:43] Epoch: 58, LR: 0.00010000, Train Accuracy: 6665.5090%, Val Accuracy: 98.2927%
[2020-01-17 02:12:02] Epoch: 59, LR: 0.00010000, Train Accuracy: 6666.6269%, Val Accuracy: 98.5366%
[2020-01-17 02:13:20] Epoch: 60, LR: 0.00010000, Train Accuracy: 6669.9806%, Val Accuracy: 98.6992%
[2020-01-17 02:14:39] Epoch: 61, LR: 0.00010000, Train Accuracy: 6672.2164%, Val Accuracy: 97.8862%
[2020-01-17 02:15:57] Epoch: 62, LR: 0.00010000, Train Accuracy: 6672.2164%, Val Accuracy: 98.2927%
[2020-01-17 02:17:16] Epoch: 63, LR: 0.00010000, Train Accuracy: 6669.9806%, Val Accuracy: 99.0244%
[2020-01-17 02:18:34] Epoch: 64, LR: 0.00010000, Train Accuracy: 6674.4522%, Val Accuracy: 98.7805%
[2020-01-17 02:19:53] Epoch: 65, LR: 0.00010000, Train Accuracy: 6675.5701%, Val Accuracy: 98.6992%
[2020-01-17 02:21:11] Epoch: 66, LR: 0.00010000, Train Accuracy: 6675.5701%, Val Accuracy: 98.6992%
[2020-01-17 02:22:30] Epoch: 67, LR: 0.00010000, Train Accuracy: 6669.9806%, Val Accuracy: 99.1870%
[2020-01-17 02:23:48] Epoch: 68, LR: 0.00010000, Train Accuracy: 6669.9806%, Val Accuracy: 98.1301%
[2020-01-17 02:25:07] Epoch: 69, LR: 0.00010000, Train Accuracy: 6667.7448%, Val Accuracy: 98.4553%
[2020-01-17 02:26:26] Epoch: 70, LR: 0.00010000, Train Accuracy: 6671.0985%, Val Accuracy: 99.1057%
[2020-01-17 02:27:44] Epoch: 71, LR: 0.00010000, Train Accuracy: 6667.7448%, Val Accuracy: 99.0244%
[2020-01-17 02:29:03] Epoch: 72, LR: 0.00010000, Train Accuracy: 6668.8627%, Val Accuracy: 98.5366%
[2020-01-17 02:30:21] Epoch: 73, LR: 0.00010000, Train Accuracy: 6667.7448%, Val Accuracy: 98.9431%
[2020-01-17 02:31:40] Epoch: 74, LR: 0.00010000, Train Accuracy: 6673.3343%, Val Accuracy: 98.8618%
[2020-01-17 02:32:58] Epoch: 75, LR: 0.00010000, Train Accuracy: 6665.5090%, Val Accuracy: 97.8862%
[2020-01-17 02:34:17] Epoch: 76, LR: 0.00010000, Train Accuracy: 6672.2164%, Val Accuracy: 98.6992%
[2020-01-17 02:35:35] Epoch: 77, LR: 0.00010000, Train Accuracy: 6672.2164%, Val Accuracy: 98.5366%
[2020-01-17 02:36:54] Epoch: 78, LR: 0.00010000, Train Accuracy: 6667.7448%, Val Accuracy: 98.3740%
[2020-01-17 02:38:12] Epoch: 79, LR: 0.00010000, Train Accuracy: 6673.3343%, Val Accuracy: 98.6992%
[2020-01-17 02:39:31] Epoch: 80, LR: 0.00010000, Train Accuracy: 6673.3343%, Val Accuracy: 99.1057%
[2020-01-17 02:40:49] Epoch: 81, LR: 0.00001000, Train Accuracy: 6664.3911%, Val Accuracy: 99.0244%
[2020-01-17 02:42:08] Epoch: 82, LR: 0.00001000, Train Accuracy: 6681.1596%, Val Accuracy: 98.9431%
[2020-01-17 02:43:27] Epoch: 83, LR: 0.00001000, Train Accuracy: 6666.6269%, Val Accuracy: 99.0244%
[2020-01-17 02:44:45] Epoch: 84, LR: 0.00001000, Train Accuracy: 6667.7448%, Val Accuracy: 99.1057%
[2020-01-17 02:46:04] Epoch: 85, LR: 0.00001000, Train Accuracy: 6673.3343%, Val Accuracy: 98.9431%
[2020-01-17 02:47:22] Epoch: 86, LR: 0.00001000, Train Accuracy: 6676.6880%, Val Accuracy: 98.7805%
[2020-01-17 02:48:41] Epoch: 87, LR: 0.00001000, Train Accuracy: 6680.0417%, Val Accuracy: 98.7805%
[2020-01-17 02:49:59] Epoch: 88, LR: 0.00001000, Train Accuracy: 6674.4522%, Val Accuracy: 99.0244%
[2020-01-17 02:51:18] Epoch: 89, LR: 0.00001000, Train Accuracy: 6675.5701%, Val Accuracy: 99.1870%
[2020-01-17 02:52:37] Epoch: 90, LR: 0.00001000, Train Accuracy: 6667.7448%, Val Accuracy: 99.1057%
[2020-01-17 02:53:56] Epoch: 91, LR: 0.00001000, Train Accuracy: 6669.9806%, Val Accuracy: 99.1870%
[2020-01-17 02:55:14] Epoch: 92, LR: 0.00001000, Train Accuracy: 6673.3343%, Val Accuracy: 99.0244%
[2020-01-17 02:56:33] Epoch: 93, LR: 0.00001000, Train Accuracy: 6677.8059%, Val Accuracy: 98.9431%
[2020-01-17 02:57:51] Epoch: 94, LR: 0.00001000, Train Accuracy: 6669.9806%, Val Accuracy: 98.9431%
[2020-01-17 02:59:10] Epoch: 95, LR: 0.00001000, Train Accuracy: 6676.6880%, Val Accuracy: 98.8618%
[2020-01-17 03:00:29] Epoch: 96, LR: 0.00001000, Train Accuracy: 6676.6880%, Val Accuracy: 98.9431%
[2020-01-17 03:01:47] Epoch: 97, LR: 0.00001000, Train Accuracy: 6673.3343%, Val Accuracy: 99.1870%
[2020-01-17 03:03:06] Epoch: 98, LR: 0.00001000, Train Accuracy: 6671.0985%, Val Accuracy: 99.1057%
[2020-01-17 03:04:25] Epoch: 99, LR: 0.00001000, Train Accuracy: 6673.3343%, Val Accuracy: 99.1057%
[2020-01-17 03:05:44] Epoch: 100, LR: 0.00001000, Train Accuracy: 6666.6269%, Val Accuracy: 99.1057%
[2020-01-17 03:07:03] Epoch: 101, LR: 0.00001000, Train Accuracy: 6668.8627%, Val Accuracy: 99.1870%
[2020-01-17 03:08:21] Epoch: 102, LR: 0.00001000, Train Accuracy: 6667.7448%, Val Accuracy: 99.2683%
[2020-01-17 03:09:40] Epoch: 103, LR: 0.00001000, Train Accuracy: 6669.9806%, Val Accuracy: 99.0244%
[2020-01-17 03:10:59] Epoch: 104, LR: 0.00001000, Train Accuracy: 6668.8627%, Val Accuracy: 99.0244%
[2020-01-17 03:12:18] Epoch: 105, LR: 0.00001000, Train Accuracy: 6680.0417%, Val Accuracy: 99.2683%
[2020-01-17 03:13:37] Epoch: 106, LR: 0.00001000, Train Accuracy: 6669.9806%, Val Accuracy: 99.3496%
[2020-01-17 03:14:56] Epoch: 107, LR: 0.00001000, Train Accuracy: 6666.6269%, Val Accuracy: 99.0244%
[2020-01-17 03:16:14] Epoch: 108, LR: 0.00001000, Train Accuracy: 6677.8059%, Val Accuracy: 99.1870%
[2020-01-17 03:17:33] Epoch: 109, LR: 0.00001000, Train Accuracy: 6666.6269%, Val Accuracy: 98.9431%
[2020-01-17 03:18:51] Epoch: 110, LR: 0.00001000, Train Accuracy: 6668.8627%, Val Accuracy: 99.0244%
[2020-01-17 03:20:10] Epoch: 111, LR: 0.00001000, Train Accuracy: 6667.7448%, Val Accuracy: 99.0244%
[2020-01-17 03:21:29] Epoch: 112, LR: 0.00001000, Train Accuracy: 6667.7448%, Val Accuracy: 99.1057%
[2020-01-17 03:22:47] Epoch: 113, LR: 0.00001000, Train Accuracy: 6674.4522%, Val Accuracy: 99.2683%
[2020-01-17 03:24:06] Epoch: 114, LR: 0.00001000, Train Accuracy: 6666.6269%, Val Accuracy: 99.1057%
[2020-01-17 03:25:25] Epoch: 115, LR: 0.00001000, Train Accuracy: 6669.9806%, Val Accuracy: 98.9431%
[2020-01-17 03:26:43] Epoch: 116, LR: 0.00001000, Train Accuracy: 6671.0985%, Val Accuracy: 98.8618%
[2020-01-17 03:28:02] Epoch: 117, LR: 0.00001000, Train Accuracy: 6671.0985%, Val Accuracy: 98.8618%
[2020-01-17 03:29:21] Epoch: 118, LR: 0.00001000, Train Accuracy: 6673.3343%, Val Accuracy: 99.0244%
[2020-01-17 03:30:39] Epoch: 119, LR: 0.00001000, Train Accuracy: 6676.6880%, Val Accuracy: 99.0244%
[2020-01-17 03:31:58] Epoch: 120, LR: 0.00001000, Train Accuracy: 6678.9238%, Val Accuracy: 99.1870%
[2020-01-17 03:33:17] Epoch: 121, LR: 0.00001000, Train Accuracy: 6676.6880%, Val Accuracy: 98.9431%
[2020-01-17 03:34:35] Epoch: 122, LR: 0.00001000, Train Accuracy: 6673.3343%, Val Accuracy: 98.7805%
[2020-01-17 03:35:54] Epoch: 123, LR: 0.00001000, Train Accuracy: 6673.3343%, Val Accuracy: 98.9431%
[2020-01-17 03:37:13] Epoch: 124, LR: 0.00001000, Train Accuracy: 6674.4522%, Val Accuracy: 98.8618%
[2020-01-17 03:38:32] Epoch: 125, LR: 0.00001000, Train Accuracy: 6668.8627%, Val Accuracy: 98.9431%
[2020-01-17 03:39:51] Epoch: 126, LR: 0.00001000, Train Accuracy: 6675.5701%, Val Accuracy: 98.8618%
[2020-01-17 03:41:10] Epoch: 127, LR: 0.00001000, Train Accuracy: 6669.9806%, Val Accuracy: 98.7805%
[2020-01-17 03:42:28] Epoch: 128, LR: 0.00001000, Train Accuracy: 6674.4522%, Val Accuracy: 98.9431%
[2020-01-17 03:43:47] Epoch: 129, LR: 0.00001000, Train Accuracy: 6672.2164%, Val Accuracy: 99.0244%
[2020-01-17 03:45:06] Epoch: 130, LR: 0.00001000, Train Accuracy: 6668.8627%, Val Accuracy: 98.9431%
[2020-01-17 03:46:25] Epoch: 131, LR: 0.00001000, Train Accuracy: 6666.6269%, Val Accuracy: 99.0244%
[2020-01-17 03:47:43] Epoch: 132, LR: 0.00001000, Train Accuracy: 6672.2164%, Val Accuracy: 99.0244%
[2020-01-17 03:49:02] Epoch: 133, LR: 0.00001000, Train Accuracy: 6677.8059%, Val Accuracy: 99.0244%
[2020-01-17 03:50:21] Epoch: 134, LR: 0.00001000, Train Accuracy: 6676.6880%, Val Accuracy: 99.0244%
[2020-01-17 03:51:40] Epoch: 135, LR: 0.00001000, Train Accuracy: 6676.6880%, Val Accuracy: 98.9431%
[2020-01-17 03:52:59] Epoch: 136, LR: 0.00001000, Train Accuracy: 6668.8627%, Val Accuracy: 99.1057%
[2020-01-17 03:54:18] Epoch: 137, LR: 0.00001000, Train Accuracy: 6675.5701%, Val Accuracy: 98.8618%
[2020-01-17 03:55:36] Epoch: 138, LR: 0.00001000, Train Accuracy: 6672.2164%, Val Accuracy: 98.9431%
[2020-01-17 03:56:55] Epoch: 139, LR: 0.00001000, Train Accuracy: 6673.3343%, Val Accuracy: 98.9431%
[2020-01-17 03:58:14] Epoch: 140, LR: 0.00001000, Train Accuracy: 6669.9806%, Val Accuracy: 98.9431%
[2020-01-17 03:59:33] Epoch: 141, LR: 0.00001000, Train Accuracy: 6674.4522%, Val Accuracy: 99.0244%
[2020-01-17 04:00:51] Epoch: 142, LR: 0.00001000, Train Accuracy: 6673.3343%, Val Accuracy: 98.8618%
[2020-01-17 04:02:10] Epoch: 143, LR: 0.00001000, Train Accuracy: 6672.2164%, Val Accuracy: 98.6992%
[2020-01-17 04:03:29] Epoch: 144, LR: 0.00001000, Train Accuracy: 6668.8627%, Val Accuracy: 98.8618%
[2020-01-17 04:04:48] Epoch: 145, LR: 0.00001000, Train Accuracy: 6665.5090%, Val Accuracy: 98.6179%
[2020-01-17 04:06:06] Epoch: 146, LR: 0.00000100, Train Accuracy: 6673.3343%, Val Accuracy: 98.6179%
[2020-01-17 04:07:25] Epoch: 147, LR: 0.00000100, Train Accuracy: 6666.6269%, Val Accuracy: 98.7805%
[2020-01-17 04:08:44] Epoch: 148, LR: 0.00000100, Train Accuracy: 6672.2164%, Val Accuracy: 98.7805%
[2020-01-17 04:10:03] Epoch: 149, LR: 0.00000100, Train Accuracy: 6674.4522%, Val Accuracy: 98.7805%
[2020-01-17 04:11:22] Epoch: 150, LR: 0.00000100, Train Accuracy: 6669.9806%, Val Accuracy: 98.7805%
[2020-01-17 04:12:41] Epoch: 151, LR: 0.00000100, Train Accuracy: 6676.6880%, Val Accuracy: 98.7805%
[2020-01-17 04:14:00] Epoch: 152, LR: 0.00000100, Train Accuracy: 6673.3343%, Val Accuracy: 98.7805%
[2020-01-17 04:15:18] Epoch: 153, LR: 0.00000100, Train Accuracy: 6667.7448%, Val Accuracy: 98.8618%
[2020-01-17 04:16:37] Epoch: 154, LR: 0.00000100, Train Accuracy: 6671.0985%, Val Accuracy: 98.9431%
[2020-01-17 04:17:56] Epoch: 155, LR: 0.00000100, Train Accuracy: 6675.5701%, Val Accuracy: 98.8618%
[2020-01-17 04:19:15] Epoch: 156, LR: 0.00000100, Train Accuracy: 6674.4522%, Val Accuracy: 98.7805%
[2020-01-17 04:20:34] Epoch: 157, LR: 0.00000100, Train Accuracy: 6669.9806%, Val Accuracy: 98.6992%
[2020-01-17 04:21:52] Epoch: 158, LR: 0.00000100, Train Accuracy: 6666.6269%, Val Accuracy: 98.9431%
[2020-01-17 04:23:11] Epoch: 159, LR: 0.00000100, Train Accuracy: 6675.5701%, Val Accuracy: 98.7805%
[2020-01-17 04:24:30] Epoch: 160, LR: 0.00000100, Train Accuracy: 6672.2164%, Val Accuracy: 98.8618%
[2020-01-17 04:25:49] Epoch: 161, LR: 0.00000100, Train Accuracy: 6671.0985%, Val Accuracy: 98.9431%
[2020-01-17 04:27:08] Epoch: 162, LR: 0.00000100, Train Accuracy: 6677.8059%, Val Accuracy: 98.8618%
[2020-01-17 04:28:26] Epoch: 163, LR: 0.00000100, Train Accuracy: 6673.3343%, Val Accuracy: 98.7805%
[2020-01-17 04:29:45] Epoch: 164, LR: 0.00000100, Train Accuracy: 6673.3343%, Val Accuracy: 98.9431%
[2020-01-17 04:31:04] Epoch: 165, LR: 0.00000100, Train Accuracy: 6677.8059%, Val Accuracy: 98.9431%
[2020-01-17 04:32:23] Epoch: 166, LR: 0.00000100, Train Accuracy: 6666.6269%, Val Accuracy: 98.9431%
[2020-01-17 04:33:42] Epoch: 167, LR: 0.00000100, Train Accuracy: 6671.0985%, Val Accuracy: 98.9431%
[2020-01-17 04:35:00] Epoch: 168, LR: 0.00000100, Train Accuracy: 6675.5701%, Val Accuracy: 98.9431%
[2020-01-17 04:36:19] Epoch: 169, LR: 0.00000100, Train Accuracy: 6673.3343%, Val Accuracy: 98.9431%
[2020-01-17 04:37:38] Epoch: 170, LR: 0.00000100, Train Accuracy: 6666.6269%, Val Accuracy: 98.8618%
[2020-01-17 04:38:57] Epoch: 171, LR: 0.00000100, Train Accuracy: 6667.7448%, Val Accuracy: 98.9431%
[2020-01-17 04:40:16] Epoch: 172, LR: 0.00000100, Train Accuracy: 6662.1553%, Val Accuracy: 98.7805%
[2020-01-17 04:41:34] Epoch: 173, LR: 0.00000100, Train Accuracy: 6674.4522%, Val Accuracy: 99.0244%
[2020-01-17 04:42:53] Epoch: 174, LR: 0.00000100, Train Accuracy: 6671.0985%, Val Accuracy: 99.0244%
[2020-01-17 04:44:12] Epoch: 175, LR: 0.00000100, Train Accuracy: 6668.8627%, Val Accuracy: 99.0244%
[2020-01-17 04:45:31] Epoch: 176, LR: 0.00000100, Train Accuracy: 6682.2775%, Val Accuracy: 98.9431%
[2020-01-17 04:46:50] Epoch: 177, LR: 0.00000100, Train Accuracy: 6674.4522%, Val Accuracy: 98.9431%
[2020-01-17 04:48:08] Epoch: 178, LR: 0.00000100, Train Accuracy: 6666.6269%, Val Accuracy: 98.9431%
[2020-01-17 04:49:27] Epoch: 179, LR: 0.00000100, Train Accuracy: 6667.7448%, Val Accuracy: 99.0244%
[2020-01-17 04:50:46] Epoch: 180, LR: 0.00000100, Train Accuracy: 6669.9806%, Val Accuracy: 98.9431%
[2020-01-17 04:52:05] Epoch: 181, LR: 0.00000010, Train Accuracy: 6674.4522%, Val Accuracy: 98.9431%
[2020-01-17 04:53:23] Epoch: 182, LR: 0.00000010, Train Accuracy: 6669.9806%, Val Accuracy: 98.9431%
[2020-01-17 04:54:42] Epoch: 183, LR: 0.00000010, Train Accuracy: 6675.5701%, Val Accuracy: 98.9431%
[2020-01-17 04:56:01] Epoch: 184, LR: 0.00000010, Train Accuracy: 6663.2732%, Val Accuracy: 98.8618%
[2020-01-17 04:57:20] Epoch: 185, LR: 0.00000010, Train Accuracy: 6669.9806%, Val Accuracy: 98.9431%
[2020-01-17 04:58:39] Epoch: 186, LR: 0.00000010, Train Accuracy: 6668.8627%, Val Accuracy: 98.9431%
[2020-01-17 04:59:57] Epoch: 187, LR: 0.00000010, Train Accuracy: 6675.5701%, Val Accuracy: 98.9431%
[2020-01-17 05:01:16] Epoch: 188, LR: 0.00000010, Train Accuracy: 6676.6880%, Val Accuracy: 98.9431%
[2020-01-17 05:02:35] Epoch: 189, LR: 0.00000010, Train Accuracy: 6669.9806%, Val Accuracy: 98.9431%
[2020-01-17 05:03:54] Epoch: 190, LR: 0.00000010, Train Accuracy: 6675.5701%, Val Accuracy: 98.9431%
[2020-01-17 05:05:13] Epoch: 191, LR: 0.00000010, Train Accuracy: 6672.2164%, Val Accuracy: 98.9431%
[2020-01-17 05:06:31] Epoch: 192, LR: 0.00000010, Train Accuracy: 6671.0985%, Val Accuracy: 98.9431%
[2020-01-17 05:07:50] Epoch: 193, LR: 0.00000010, Train Accuracy: 6680.0417%, Val Accuracy: 98.9431%
[2020-01-17 05:09:09] Epoch: 194, LR: 0.00000010, Train Accuracy: 6671.0985%, Val Accuracy: 98.9431%
[2020-01-17 05:10:28] Epoch: 195, LR: 0.00000010, Train Accuracy: 6669.9806%, Val Accuracy: 98.9431%
[2020-01-17 05:11:47] Epoch: 196, LR: 0.00000010, Train Accuracy: 6667.7448%, Val Accuracy: 98.8618%
[2020-01-17 05:13:06] Epoch: 197, LR: 0.00000010, Train Accuracy: 6666.6269%, Val Accuracy: 98.9431%
[2020-01-17 05:14:24] Epoch: 198, LR: 0.00000010, Train Accuracy: 6663.2732%, Val Accuracy: 98.8618%
[2020-01-17 05:15:43] Epoch: 199, LR: 0.00000010, Train Accuracy: 6675.5701%, Val Accuracy: 99.0244%
[2020-01-17 05:17:02] Epoch: 200, LR: 0.00000010, Train Accuracy: 6680.0417%, Val Accuracy: 98.9431%

------------------------------------------------
Best Validation Accuracy 99.3496 at epoch 106
------------------------------------------------


Hay 9 clases!
[Train] 6709 muestras
[Validacion] 1230 muestras
Pretrained-> Remember at end: transforms.Normalize(mean=[0.485, 0.456, 0.406], std=[0.229, 0.224, 0.225])

--------------------------------------------
verbose: False
optimizer: adam
epochs: 200
batch_size: 128
learning_rate: 0.0001
min_learning_rate: 1e-07
get_path: False
weighted_loss: False
plateau_scheduler: False
steps_best: False
steps_scheduler: True
binary_problem: False
damaged_problem: False
cutmix: False
img_size: 256
crop_size: 224
model_name: resnet50
pretrained: True
validation_size: 0.15
output_dir: results/resnet50_adam_256to224_lr0.0001_DA_pretrained_Cutmix_Full/
data_augmentation: True

-------------- START TRAINING --------------
[2020-01-17 05:18:28] Epoch: 1, LR: 0.00010000, Train Accuracy: 77.1352%, Val Accuracy: 90.9756%
[2020-01-17 05:19:46] Epoch: 2, LR: 0.00010000, Train Accuracy: 91.7573%, Val Accuracy: 94.5528%
[2020-01-17 05:21:04] Epoch: 3, LR: 0.00010000, Train Accuracy: 93.4416%, Val Accuracy: 95.2033%
[2020-01-17 05:22:23] Epoch: 4, LR: 0.00010000, Train Accuracy: 94.1124%, Val Accuracy: 95.2846%
[2020-01-17 05:23:41] Epoch: 5, LR: 0.00010000, Train Accuracy: 95.2154%, Val Accuracy: 96.0976%
[2020-01-17 05:24:59] Epoch: 6, LR: 0.00010000, Train Accuracy: 95.5433%, Val Accuracy: 96.1789%
[2020-01-17 05:26:17] Epoch: 7, LR: 0.00010000, Train Accuracy: 96.8252%, Val Accuracy: 96.4228%
[2020-01-17 05:27:35] Epoch: 8, LR: 0.00010000, Train Accuracy: 96.5121%, Val Accuracy: 95.5285%
[2020-01-17 05:28:54] Epoch: 9, LR: 0.00010000, Train Accuracy: 96.2886%, Val Accuracy: 96.7480%
[2020-01-17 05:30:12] Epoch: 10, LR: 0.00010000, Train Accuracy: 96.6761%, Val Accuracy: 96.5041%
[2020-01-17 05:31:30] Epoch: 11, LR: 0.00010000, Train Accuracy: 97.0338%, Val Accuracy: 95.8537%
[2020-01-17 05:32:48] Epoch: 12, LR: 0.00010000, Train Accuracy: 97.3618%, Val Accuracy: 95.9350%
[2020-01-17 05:34:06] Epoch: 13, LR: 0.00010000, Train Accuracy: 97.4363%, Val Accuracy: 95.5285%
[2020-01-17 05:35:24] Epoch: 14, LR: 0.00010000, Train Accuracy: 97.2723%, Val Accuracy: 96.3415%
[2020-01-17 05:36:42] Epoch: 15, LR: 0.00010000, Train Accuracy: 97.4065%, Val Accuracy: 96.8293%
[2020-01-17 05:38:00] Epoch: 16, LR: 0.00010000, Train Accuracy: 97.9878%, Val Accuracy: 96.0976%
[2020-01-17 05:39:17] Epoch: 17, LR: 0.00010000, Train Accuracy: 97.8238%, Val Accuracy: 96.7480%
[2020-01-17 05:40:35] Epoch: 18, LR: 0.00010000, Train Accuracy: 97.8685%, Val Accuracy: 96.7480%
[2020-01-17 05:41:53] Epoch: 19, LR: 0.00010000, Train Accuracy: 97.9580%, Val Accuracy: 95.9350%
[2020-01-17 05:43:11] Epoch: 20, LR: 0.00010000, Train Accuracy: 97.5704%, Val Accuracy: 96.9919%
[2020-01-17 05:44:29] Epoch: 21, LR: 0.00010000, Train Accuracy: 97.8238%, Val Accuracy: 95.1220%
[2020-01-17 05:45:47] Epoch: 22, LR: 0.00010000, Train Accuracy: 97.7940%, Val Accuracy: 96.5041%
[2020-01-17 05:47:05] Epoch: 23, LR: 0.00010000, Train Accuracy: 97.7940%, Val Accuracy: 95.2033%
[2020-01-17 05:48:23] Epoch: 24, LR: 0.00010000, Train Accuracy: 97.9133%, Val Accuracy: 96.8293%
[2020-01-17 05:49:41] Epoch: 25, LR: 0.00010000, Train Accuracy: 98.3157%, Val Accuracy: 97.3171%
[2020-01-17 05:50:59] Epoch: 26, LR: 0.00010000, Train Accuracy: 98.3455%, Val Accuracy: 97.5610%
[2020-01-17 05:52:18] Epoch: 27, LR: 0.00010000, Train Accuracy: 98.3008%, Val Accuracy: 97.5610%
[2020-01-17 05:53:36] Epoch: 28, LR: 0.00010000, Train Accuracy: 98.7927%, Val Accuracy: 96.9106%
[2020-01-17 05:54:54] Epoch: 29, LR: 0.00010000, Train Accuracy: 98.2263%, Val Accuracy: 96.4228%
[2020-01-17 05:56:11] Epoch: 30, LR: 0.00010000, Train Accuracy: 98.3753%, Val Accuracy: 97.4797%
[2020-01-17 05:57:29] Epoch: 31, LR: 0.00010000, Train Accuracy: 98.2710%, Val Accuracy: 97.2358%
[2020-01-17 05:58:47] Epoch: 32, LR: 0.00010000, Train Accuracy: 98.5393%, Val Accuracy: 96.2602%
[2020-01-17 06:00:05] Epoch: 33, LR: 0.00010000, Train Accuracy: 98.7032%, Val Accuracy: 97.7236%
[2020-01-17 06:01:23] Epoch: 34, LR: 0.00010000, Train Accuracy: 98.6287%, Val Accuracy: 97.0732%
[2020-01-17 06:02:41] Epoch: 35, LR: 0.00010000, Train Accuracy: 98.6585%, Val Accuracy: 97.0732%
[2020-01-17 06:03:59] Epoch: 36, LR: 0.00010000, Train Accuracy: 98.6436%, Val Accuracy: 97.2358%
[2020-01-17 06:05:17] Epoch: 37, LR: 0.00010000, Train Accuracy: 98.6734%, Val Accuracy: 96.7480%
[2020-01-17 06:06:35] Epoch: 38, LR: 0.00010000, Train Accuracy: 98.5542%, Val Accuracy: 97.7236%
[2020-01-17 06:07:53] Epoch: 39, LR: 0.00010000, Train Accuracy: 99.0759%, Val Accuracy: 96.7480%
[2020-01-17 06:09:11] Epoch: 40, LR: 0.00010000, Train Accuracy: 98.9566%, Val Accuracy: 97.3984%
[2020-01-17 06:10:29] Epoch: 41, LR: 0.00010000, Train Accuracy: 99.0610%, Val Accuracy: 96.4228%
[2020-01-17 06:11:47] Epoch: 42, LR: 0.00010000, Train Accuracy: 99.0162%, Val Accuracy: 96.8293%
[2020-01-17 06:13:04] Epoch: 43, LR: 0.00010000, Train Accuracy: 98.4797%, Val Accuracy: 96.4228%
[2020-01-17 06:14:22] Epoch: 44, LR: 0.00010000, Train Accuracy: 98.7330%, Val Accuracy: 97.2358%
[2020-01-17 06:15:40] Epoch: 45, LR: 0.00010000, Train Accuracy: 98.3157%, Val Accuracy: 95.5285%
[2020-01-17 06:16:58] Epoch: 46, LR: 0.00010000, Train Accuracy: 98.3008%, Val Accuracy: 96.9919%
[2020-01-17 06:18:16] Epoch: 47, LR: 0.00010000, Train Accuracy: 98.5989%, Val Accuracy: 96.9106%
[2020-01-17 06:19:34] Epoch: 48, LR: 0.00010000, Train Accuracy: 98.7927%, Val Accuracy: 96.8293%
[2020-01-17 06:20:52] Epoch: 49, LR: 0.00010000, Train Accuracy: 98.6883%, Val Accuracy: 96.5041%
[2020-01-17 06:22:09] Epoch: 50, LR: 0.00010000, Train Accuracy: 98.8672%, Val Accuracy: 96.9106%
[2020-01-17 06:23:27] Epoch: 51, LR: 0.00010000, Train Accuracy: 98.8523%, Val Accuracy: 96.7480%
[2020-01-17 06:24:45] Epoch: 52, LR: 0.00010000, Train Accuracy: 99.0312%, Val Accuracy: 96.9106%
[2020-01-17 06:26:03] Epoch: 53, LR: 0.00010000, Train Accuracy: 98.8225%, Val Accuracy: 96.8293%
[2020-01-17 06:27:21] Epoch: 54, LR: 0.00010000, Train Accuracy: 99.0013%, Val Accuracy: 96.9919%
[2020-01-17 06:28:39] Epoch: 55, LR: 0.00010000, Train Accuracy: 98.7032%, Val Accuracy: 96.5854%
[2020-01-17 06:29:57] Epoch: 56, LR: 0.00010000, Train Accuracy: 98.7629%, Val Accuracy: 96.9919%
[2020-01-17 06:31:15] Epoch: 57, LR: 0.00010000, Train Accuracy: 99.1802%, Val Accuracy: 96.9106%
[2020-01-17 06:32:32] Epoch: 58, LR: 0.00010000, Train Accuracy: 99.0908%, Val Accuracy: 97.5610%
[2020-01-17 06:33:50] Epoch: 59, LR: 0.00010000, Train Accuracy: 99.2249%, Val Accuracy: 97.1545%
[2020-01-17 06:35:08] Epoch: 60, LR: 0.00010000, Train Accuracy: 98.8225%, Val Accuracy: 96.9919%
[2020-01-17 06:36:26] Epoch: 61, LR: 0.00010000, Train Accuracy: 99.0908%, Val Accuracy: 96.9106%
[2020-01-17 06:37:44] Epoch: 62, LR: 0.00010000, Train Accuracy: 98.9566%, Val Accuracy: 97.3984%
[2020-01-17 06:39:02] Epoch: 63, LR: 0.00010000, Train Accuracy: 98.8523%, Val Accuracy: 97.3171%
[2020-01-17 06:40:20] Epoch: 64, LR: 0.00010000, Train Accuracy: 98.8523%, Val Accuracy: 97.0732%
[2020-01-17 06:41:38] Epoch: 65, LR: 0.00010000, Train Accuracy: 98.9864%, Val Accuracy: 97.1545%
[2020-01-17 06:42:56] Epoch: 66, LR: 0.00010000, Train Accuracy: 99.2249%, Val Accuracy: 97.5610%
[2020-01-17 06:44:14] Epoch: 67, LR: 0.00010000, Train Accuracy: 99.2398%, Val Accuracy: 97.3984%
[2020-01-17 06:45:32] Epoch: 68, LR: 0.00010000, Train Accuracy: 99.3293%, Val Accuracy: 96.1789%
[2020-01-17 06:46:50] Epoch: 69, LR: 0.00010000, Train Accuracy: 98.5840%, Val Accuracy: 96.5041%
[2020-01-17 06:48:07] Epoch: 70, LR: 0.00010000, Train Accuracy: 98.5840%, Val Accuracy: 96.4228%
[2020-01-17 06:49:25] Epoch: 71, LR: 0.00010000, Train Accuracy: 99.1057%, Val Accuracy: 95.6098%
[2020-01-17 06:50:43] Epoch: 72, LR: 0.00010000, Train Accuracy: 98.8374%, Val Accuracy: 96.6667%
[2020-01-17 06:52:01] Epoch: 73, LR: 0.00010000, Train Accuracy: 98.9864%, Val Accuracy: 96.9919%
[2020-01-17 06:53:19] Epoch: 74, LR: 0.00010000, Train Accuracy: 99.0610%, Val Accuracy: 96.7480%
[2020-01-17 06:54:37] Epoch: 75, LR: 0.00010000, Train Accuracy: 98.9268%, Val Accuracy: 97.1545%
[2020-01-17 06:55:54] Epoch: 76, LR: 0.00010000, Train Accuracy: 98.9417%, Val Accuracy: 96.9106%
[2020-01-17 06:57:12] Epoch: 77, LR: 0.00010000, Train Accuracy: 98.9864%, Val Accuracy: 96.9106%
[2020-01-17 06:58:30] Epoch: 78, LR: 0.00010000, Train Accuracy: 98.9715%, Val Accuracy: 97.0732%
[2020-01-17 06:59:48] Epoch: 79, LR: 0.00010000, Train Accuracy: 99.0610%, Val Accuracy: 97.4797%
[2020-01-17 07:01:06] Epoch: 80, LR: 0.00010000, Train Accuracy: 99.0908%, Val Accuracy: 97.5610%
[2020-01-17 07:02:24] Epoch: 81, LR: 0.00001000, Train Accuracy: 99.3591%, Val Accuracy: 97.8049%
[2020-01-17 07:03:42] Epoch: 82, LR: 0.00001000, Train Accuracy: 99.5528%, Val Accuracy: 97.9675%
[2020-01-17 07:05:00] Epoch: 83, LR: 0.00001000, Train Accuracy: 99.5528%, Val Accuracy: 97.8049%
[2020-01-17 07:06:18] Epoch: 84, LR: 0.00001000, Train Accuracy: 99.4336%, Val Accuracy: 97.9675%
[2020-01-17 07:07:36] Epoch: 85, LR: 0.00001000, Train Accuracy: 99.6125%, Val Accuracy: 97.8049%
[2020-01-17 07:08:54] Epoch: 86, LR: 0.00001000, Train Accuracy: 99.6423%, Val Accuracy: 97.6423%
[2020-01-17 07:10:12] Epoch: 87, LR: 0.00001000, Train Accuracy: 99.7317%, Val Accuracy: 97.6423%
[2020-01-17 07:11:30] Epoch: 88, LR: 0.00001000, Train Accuracy: 99.7764%, Val Accuracy: 97.8862%
[2020-01-17 07:12:48] Epoch: 89, LR: 0.00001000, Train Accuracy: 99.6721%, Val Accuracy: 97.8049%
[2020-01-17 07:14:06] Epoch: 90, LR: 0.00001000, Train Accuracy: 99.6870%, Val Accuracy: 97.7236%
[2020-01-17 07:15:24] Epoch: 91, LR: 0.00001000, Train Accuracy: 99.7168%, Val Accuracy: 97.8049%
[2020-01-17 07:16:41] Epoch: 92, LR: 0.00001000, Train Accuracy: 99.6721%, Val Accuracy: 97.8862%
[2020-01-17 07:17:59] Epoch: 93, LR: 0.00001000, Train Accuracy: 99.7913%, Val Accuracy: 97.8049%
[2020-01-17 07:19:17] Epoch: 94, LR: 0.00001000, Train Accuracy: 99.8211%, Val Accuracy: 97.8049%
[2020-01-17 07:20:35] Epoch: 95, LR: 0.00001000, Train Accuracy: 99.8211%, Val Accuracy: 97.8862%
[2020-01-17 07:21:53] Epoch: 96, LR: 0.00001000, Train Accuracy: 99.9106%, Val Accuracy: 97.6423%
[2020-01-17 07:23:11] Epoch: 97, LR: 0.00001000, Train Accuracy: 99.7913%, Val Accuracy: 97.8049%
[2020-01-17 07:24:29] Epoch: 98, LR: 0.00001000, Train Accuracy: 99.7019%, Val Accuracy: 97.6423%
[2020-01-17 07:25:47] Epoch: 99, LR: 0.00001000, Train Accuracy: 99.7466%, Val Accuracy: 97.9675%
[2020-01-17 07:27:05] Epoch: 100, LR: 0.00001000, Train Accuracy: 99.7317%, Val Accuracy: 97.9675%
[2020-01-17 07:28:23] Epoch: 101, LR: 0.00001000, Train Accuracy: 99.8211%, Val Accuracy: 98.0488%
[2020-01-17 07:29:41] Epoch: 102, LR: 0.00001000, Train Accuracy: 99.7019%, Val Accuracy: 98.2114%
[2020-01-17 07:30:59] Epoch: 103, LR: 0.00001000, Train Accuracy: 99.7168%, Val Accuracy: 97.9675%
[2020-01-17 07:32:17] Epoch: 104, LR: 0.00001000, Train Accuracy: 99.8957%, Val Accuracy: 97.9675%
[2020-01-17 07:33:35] Epoch: 105, LR: 0.00001000, Train Accuracy: 99.8957%, Val Accuracy: 97.8862%
[2020-01-17 07:34:53] Epoch: 106, LR: 0.00001000, Train Accuracy: 99.8360%, Val Accuracy: 97.9675%
[2020-01-17 07:36:11] Epoch: 107, LR: 0.00001000, Train Accuracy: 99.8509%, Val Accuracy: 97.9675%
[2020-01-17 07:37:29] Epoch: 108, LR: 0.00001000, Train Accuracy: 99.8957%, Val Accuracy: 98.2114%
[2020-01-17 07:38:46] Epoch: 109, LR: 0.00001000, Train Accuracy: 99.8509%, Val Accuracy: 98.0488%
[2020-01-17 07:40:04] Epoch: 110, LR: 0.00001000, Train Accuracy: 99.7913%, Val Accuracy: 97.9675%
[2020-01-17 07:41:22] Epoch: 111, LR: 0.00001000, Train Accuracy: 99.8509%, Val Accuracy: 98.0488%
[2020-01-17 07:42:40] Epoch: 112, LR: 0.00001000, Train Accuracy: 99.8360%, Val Accuracy: 98.0488%
[2020-01-17 07:43:58] Epoch: 113, LR: 0.00001000, Train Accuracy: 99.8062%, Val Accuracy: 97.8862%
[2020-01-17 07:45:16] Epoch: 114, LR: 0.00001000, Train Accuracy: 99.9255%, Val Accuracy: 97.8862%
[2020-01-17 07:46:34] Epoch: 115, LR: 0.00001000, Train Accuracy: 99.8957%, Val Accuracy: 97.8862%
[2020-01-17 07:47:52] Epoch: 116, LR: 0.00001000, Train Accuracy: 99.8062%, Val Accuracy: 97.9675%
[2020-01-17 07:49:09] Epoch: 117, LR: 0.00001000, Train Accuracy: 99.8360%, Val Accuracy: 97.9675%
[2020-01-17 07:50:27] Epoch: 118, LR: 0.00001000, Train Accuracy: 99.8509%, Val Accuracy: 97.9675%
[2020-01-17 07:51:45] Epoch: 119, LR: 0.00001000, Train Accuracy: 99.8211%, Val Accuracy: 97.8049%
[2020-01-17 07:53:03] Epoch: 120, LR: 0.00001000, Train Accuracy: 99.8062%, Val Accuracy: 97.8049%
[2020-01-17 07:54:21] Epoch: 121, LR: 0.00001000, Train Accuracy: 99.8509%, Val Accuracy: 97.8049%
[2020-01-17 07:55:39] Epoch: 122, LR: 0.00001000, Train Accuracy: 99.8659%, Val Accuracy: 98.0488%
[2020-01-17 07:56:57] Epoch: 123, LR: 0.00001000, Train Accuracy: 99.9255%, Val Accuracy: 98.0488%
[2020-01-17 07:58:15] Epoch: 124, LR: 0.00001000, Train Accuracy: 99.8659%, Val Accuracy: 98.2114%
[2020-01-17 07:59:33] Epoch: 125, LR: 0.00001000, Train Accuracy: 99.8957%, Val Accuracy: 98.2114%
[2020-01-17 08:00:51] Epoch: 126, LR: 0.00001000, Train Accuracy: 99.8957%, Val Accuracy: 98.0488%
[2020-01-17 08:02:09] Epoch: 127, LR: 0.00001000, Train Accuracy: 99.8808%, Val Accuracy: 97.8862%
[2020-01-17 08:03:27] Epoch: 128, LR: 0.00001000, Train Accuracy: 99.9255%, Val Accuracy: 98.1301%
[2020-01-17 08:04:45] Epoch: 129, LR: 0.00001000, Train Accuracy: 99.8360%, Val Accuracy: 97.8049%
[2020-01-17 08:06:03] Epoch: 130, LR: 0.00001000, Train Accuracy: 99.8659%, Val Accuracy: 97.8049%
[2020-01-17 08:07:20] Epoch: 131, LR: 0.00001000, Train Accuracy: 99.9106%, Val Accuracy: 98.0488%
[2020-01-17 08:08:38] Epoch: 132, LR: 0.00001000, Train Accuracy: 99.8509%, Val Accuracy: 97.8862%
[2020-01-17 08:09:56] Epoch: 133, LR: 0.00001000, Train Accuracy: 99.8808%, Val Accuracy: 98.0488%
[2020-01-17 08:11:14] Epoch: 134, LR: 0.00001000, Train Accuracy: 99.9404%, Val Accuracy: 97.9675%
[2020-01-17 08:12:32] Epoch: 135, LR: 0.00001000, Train Accuracy: 99.9106%, Val Accuracy: 98.0488%
[2020-01-17 08:13:50] Epoch: 136, LR: 0.00001000, Train Accuracy: 99.9255%, Val Accuracy: 98.0488%
[2020-01-17 08:15:07] Epoch: 137, LR: 0.00001000, Train Accuracy: 99.8360%, Val Accuracy: 97.8862%
[2020-01-17 08:16:25] Epoch: 138, LR: 0.00001000, Train Accuracy: 99.8957%, Val Accuracy: 98.1301%
[2020-01-17 08:17:43] Epoch: 139, LR: 0.00001000, Train Accuracy: 99.8957%, Val Accuracy: 98.1301%
[2020-01-17 08:19:01] Epoch: 140, LR: 0.00001000, Train Accuracy: 99.8957%, Val Accuracy: 98.2114%
[2020-01-17 08:20:19] Epoch: 141, LR: 0.00001000, Train Accuracy: 99.9553%, Val Accuracy: 98.1301%
[2020-01-17 08:21:37] Epoch: 142, LR: 0.00001000, Train Accuracy: 99.9106%, Val Accuracy: 97.9675%
[2020-01-17 08:22:55] Epoch: 143, LR: 0.00001000, Train Accuracy: 99.8808%, Val Accuracy: 97.7236%
[2020-01-17 08:24:13] Epoch: 144, LR: 0.00001000, Train Accuracy: 99.8659%, Val Accuracy: 97.8862%
[2020-01-17 08:25:31] Epoch: 145, LR: 0.00001000, Train Accuracy: 99.8659%, Val Accuracy: 98.0488%
[2020-01-17 08:26:49] Epoch: 146, LR: 0.00000100, Train Accuracy: 99.8957%, Val Accuracy: 98.0488%
[2020-01-17 08:28:06] Epoch: 147, LR: 0.00000100, Train Accuracy: 99.8957%, Val Accuracy: 97.9675%
[2020-01-17 08:29:24] Epoch: 148, LR: 0.00000100, Train Accuracy: 99.9404%, Val Accuracy: 98.1301%
[2020-01-17 08:30:42] Epoch: 149, LR: 0.00000100, Train Accuracy: 99.9255%, Val Accuracy: 97.9675%
[2020-01-17 08:32:00] Epoch: 150, LR: 0.00000100, Train Accuracy: 99.8957%, Val Accuracy: 98.0488%
[2020-01-17 08:33:18] Epoch: 151, LR: 0.00000100, Train Accuracy: 99.8957%, Val Accuracy: 97.8862%
[2020-01-17 08:34:36] Epoch: 152, LR: 0.00000100, Train Accuracy: 99.9255%, Val Accuracy: 98.0488%
[2020-01-17 08:35:54] Epoch: 153, LR: 0.00000100, Train Accuracy: 99.9106%, Val Accuracy: 98.0488%
[2020-01-17 08:37:11] Epoch: 154, LR: 0.00000100, Train Accuracy: 99.9255%, Val Accuracy: 97.9675%
[2020-01-17 08:38:29] Epoch: 155, LR: 0.00000100, Train Accuracy: 99.8957%, Val Accuracy: 97.8049%
[2020-01-17 08:39:47] Epoch: 156, LR: 0.00000100, Train Accuracy: 99.9404%, Val Accuracy: 97.9675%
[2020-01-17 08:41:05] Epoch: 157, LR: 0.00000100, Train Accuracy: 99.9553%, Val Accuracy: 97.8862%
[2020-01-17 08:42:23] Epoch: 158, LR: 0.00000100, Train Accuracy: 99.9404%, Val Accuracy: 97.8862%
[2020-01-17 08:43:41] Epoch: 159, LR: 0.00000100, Train Accuracy: 99.9404%, Val Accuracy: 98.0488%
[2020-01-17 08:44:59] Epoch: 160, LR: 0.00000100, Train Accuracy: 99.8957%, Val Accuracy: 98.0488%
[2020-01-17 08:46:17] Epoch: 161, LR: 0.00000100, Train Accuracy: 99.9106%, Val Accuracy: 98.2114%
[2020-01-17 08:47:35] Epoch: 162, LR: 0.00000100, Train Accuracy: 99.9404%, Val Accuracy: 97.8862%
[2020-01-17 08:48:52] Epoch: 163, LR: 0.00000100, Train Accuracy: 99.9553%, Val Accuracy: 98.1301%
[2020-01-17 08:50:10] Epoch: 164, LR: 0.00000100, Train Accuracy: 99.9106%, Val Accuracy: 97.8862%
[2020-01-17 08:51:28] Epoch: 165, LR: 0.00000100, Train Accuracy: 99.9553%, Val Accuracy: 98.1301%
[2020-01-17 08:52:46] Epoch: 166, LR: 0.00000100, Train Accuracy: 99.9851%, Val Accuracy: 98.1301%
[2020-01-17 08:54:03] Epoch: 167, LR: 0.00000100, Train Accuracy: 99.9702%, Val Accuracy: 97.9675%
[2020-01-17 08:55:21] Epoch: 168, LR: 0.00000100, Train Accuracy: 99.8211%, Val Accuracy: 97.8862%
[2020-01-17 08:56:39] Epoch: 169, LR: 0.00000100, Train Accuracy: 99.9851%, Val Accuracy: 98.1301%
[2020-01-17 08:57:57] Epoch: 170, LR: 0.00000100, Train Accuracy: 99.8808%, Val Accuracy: 98.1301%
[2020-01-17 08:59:15] Epoch: 171, LR: 0.00000100, Train Accuracy: 99.9404%, Val Accuracy: 98.1301%
[2020-01-17 09:00:33] Epoch: 172, LR: 0.00000100, Train Accuracy: 99.8957%, Val Accuracy: 97.9675%
[2020-01-17 09:01:50] Epoch: 173, LR: 0.00000100, Train Accuracy: 99.9404%, Val Accuracy: 97.8862%
[2020-01-17 09:03:08] Epoch: 174, LR: 0.00000100, Train Accuracy: 99.9553%, Val Accuracy: 98.0488%
[2020-01-17 09:04:26] Epoch: 175, LR: 0.00000100, Train Accuracy: 99.9553%, Val Accuracy: 98.0488%
[2020-01-17 09:05:44] Epoch: 176, LR: 0.00000100, Train Accuracy: 99.9553%, Val Accuracy: 98.0488%
[2020-01-17 09:07:02] Epoch: 177, LR: 0.00000100, Train Accuracy: 99.9255%, Val Accuracy: 98.0488%
[2020-01-17 09:08:20] Epoch: 178, LR: 0.00000100, Train Accuracy: 99.9553%, Val Accuracy: 98.1301%
[2020-01-17 09:09:38] Epoch: 179, LR: 0.00000100, Train Accuracy: 99.9255%, Val Accuracy: 97.9675%
[2020-01-17 09:10:55] Epoch: 180, LR: 0.00000100, Train Accuracy: 99.8808%, Val Accuracy: 97.9675%
[2020-01-17 09:12:13] Epoch: 181, LR: 0.00000010, Train Accuracy: 99.9255%, Val Accuracy: 97.9675%
[2020-01-17 09:13:31] Epoch: 182, LR: 0.00000010, Train Accuracy: 99.9106%, Val Accuracy: 97.8862%
[2020-01-17 09:14:49] Epoch: 183, LR: 0.00000010, Train Accuracy: 99.9404%, Val Accuracy: 97.9675%
[2020-01-17 09:16:07] Epoch: 184, LR: 0.00000010, Train Accuracy: 99.9255%, Val Accuracy: 98.0488%
[2020-01-17 09:17:24] Epoch: 185, LR: 0.00000010, Train Accuracy: 99.9553%, Val Accuracy: 98.0488%
[2020-01-17 09:18:42] Epoch: 186, LR: 0.00000010, Train Accuracy: 99.9404%, Val Accuracy: 98.0488%
[2020-01-17 09:20:00] Epoch: 187, LR: 0.00000010, Train Accuracy: 99.9404%, Val Accuracy: 97.9675%
[2020-01-17 09:21:18] Epoch: 188, LR: 0.00000010, Train Accuracy: 99.9106%, Val Accuracy: 98.1301%
[2020-01-17 09:22:36] Epoch: 189, LR: 0.00000010, Train Accuracy: 99.9255%, Val Accuracy: 98.0488%
[2020-01-17 09:23:54] Epoch: 190, LR: 0.00000010, Train Accuracy: 99.9702%, Val Accuracy: 98.0488%
[2020-01-17 09:25:11] Epoch: 191, LR: 0.00000010, Train Accuracy: 99.8808%, Val Accuracy: 98.0488%
[2020-01-17 09:26:30] Epoch: 192, LR: 0.00000010, Train Accuracy: 99.9106%, Val Accuracy: 98.2114%
[2020-01-17 09:27:47] Epoch: 193, LR: 0.00000010, Train Accuracy: 99.9255%, Val Accuracy: 97.8862%
[2020-01-17 09:29:05] Epoch: 194, LR: 0.00000010, Train Accuracy: 99.8808%, Val Accuracy: 97.8862%
[2020-01-17 09:30:23] Epoch: 195, LR: 0.00000010, Train Accuracy: 99.9851%, Val Accuracy: 98.0488%
[2020-01-17 09:31:41] Epoch: 196, LR: 0.00000010, Train Accuracy: 99.9702%, Val Accuracy: 98.1301%
[2020-01-17 09:32:59] Epoch: 197, LR: 0.00000010, Train Accuracy: 99.9255%, Val Accuracy: 98.1301%
[2020-01-17 09:34:17] Epoch: 198, LR: 0.00000010, Train Accuracy: 99.9255%, Val Accuracy: 98.0488%
[2020-01-17 09:35:34] Epoch: 199, LR: 0.00000010, Train Accuracy: 99.9553%, Val Accuracy: 97.9675%
[2020-01-17 09:36:52] Epoch: 200, LR: 0.00000010, Train Accuracy: 99.8957%, Val Accuracy: 97.9675%

------------------------------------------------
Best Validation Accuracy 98.2114 at epoch 102
------------------------------------------------

---------------- Train Analysis ----------------
Accuracy of Parcheo : 100.00% 
Accuracy of Marca vial : 100.00% 
Accuracy of Sin daño : 98.47% 
Accuracy of Grietas transversales : 98.32% 
Accuracy of Huecos : 90.00% 
Accuracy of Grietas longitudinales : 97.75% 
Accuracy of Meteorización y desprendimiento : 91.84% 
Accuracy of Grietas en forma de piel de cocodrilo : 100.00% 
Accuracy of Alcantarillado : 100.00% 
