
---- Start ----

[Train] 3189 muestras
[Validacion] 586 muestras
Hay 6 clases!
Pretrained-> Remember at end: transforms.Normalize(mean=[0.485, 0.456, 0.406], std=[0.229, 0.224, 0.225])

--------------------------------------------
verbose: False
optimizer: adam
epochs: 200
batch_size: 128
learning_rate: 0.0001
min_learning_rate: 1e-07
get_path: False
weighted_loss: False
plateau_scheduler: False
steps_best: False
steps_scheduler: True
binary_problem: False
damaged_problem: True
img_size: 256
crop_size: 224
model_name: resnet34
pretrained: True
validation_size: 0.15
output_dir: results/resnet34_adam_256to224_lr0.0001_DA_pretrained_OnlyDamaged/
data_augmentation: True

-------------- START TRAINING --------------
[2020-01-14 11:15:49] Epoch: 1, LR: 0.00010000, Train Accuracy: 67.6701%, Val Accuracy: 84.9829%
[2020-01-14 11:16:30] Epoch: 2, LR: 0.00010000, Train Accuracy: 87.3315%, Val Accuracy: 91.6382%
[2020-01-14 11:17:11] Epoch: 3, LR: 0.00010000, Train Accuracy: 91.2198%, Val Accuracy: 92.8328%
[2020-01-14 11:17:53] Epoch: 4, LR: 0.00010000, Train Accuracy: 93.4462%, Val Accuracy: 93.1741%
[2020-01-14 11:18:34] Epoch: 5, LR: 0.00010000, Train Accuracy: 95.3590%, Val Accuracy: 96.2457%
[2020-01-14 11:19:15] Epoch: 6, LR: 0.00010000, Train Accuracy: 95.2336%, Val Accuracy: 95.7338%
[2020-01-14 11:19:56] Epoch: 7, LR: 0.00010000, Train Accuracy: 95.9235%, Val Accuracy: 96.0751%
[2020-01-14 11:20:37] Epoch: 8, LR: 0.00010000, Train Accuracy: 97.2092%, Val Accuracy: 96.2457%
[2020-01-14 11:21:18] Epoch: 9, LR: 0.00010000, Train Accuracy: 97.6482%, Val Accuracy: 96.5870%
[2020-01-14 11:21:59] Epoch: 10, LR: 0.00010000, Train Accuracy: 96.7074%, Val Accuracy: 96.0751%
[2020-01-14 11:22:40] Epoch: 11, LR: 0.00010000, Train Accuracy: 97.1151%, Val Accuracy: 94.7099%
[2020-01-14 11:23:25] Epoch: 12, LR: 0.00010000, Train Accuracy: 98.0245%, Val Accuracy: 96.5870%
[2020-01-14 11:24:06] Epoch: 13, LR: 0.00010000, Train Accuracy: 98.2440%, Val Accuracy: 97.0990%
[2020-01-14 11:24:47] Epoch: 14, LR: 0.00010000, Train Accuracy: 98.2440%, Val Accuracy: 96.2457%
[2020-01-14 11:25:28] Epoch: 15, LR: 0.00010000, Train Accuracy: 98.6516%, Val Accuracy: 97.6109%
[2020-01-14 11:26:09] Epoch: 16, LR: 0.00010000, Train Accuracy: 98.2126%, Val Accuracy: 96.9283%
[2020-01-14 11:26:50] Epoch: 17, LR: 0.00010000, Train Accuracy: 97.4914%, Val Accuracy: 94.3686%
[2020-01-14 11:27:31] Epoch: 18, LR: 0.00010000, Train Accuracy: 98.2440%, Val Accuracy: 94.7099%
[2020-01-14 11:28:12] Epoch: 19, LR: 0.00010000, Train Accuracy: 97.8990%, Val Accuracy: 97.2696%
[2020-01-14 11:28:53] Epoch: 20, LR: 0.00010000, Train Accuracy: 98.4321%, Val Accuracy: 96.9283%
[2020-01-14 11:29:34] Epoch: 21, LR: 0.00010000, Train Accuracy: 99.0279%, Val Accuracy: 97.6109%
[2020-01-14 11:30:15] Epoch: 22, LR: 0.00010000, Train Accuracy: 98.7143%, Val Accuracy: 96.7577%
[2020-01-14 11:30:56] Epoch: 23, LR: 0.00010000, Train Accuracy: 98.8711%, Val Accuracy: 97.6109%
[2020-01-14 11:31:38] Epoch: 24, LR: 0.00010000, Train Accuracy: 98.7457%, Val Accuracy: 97.6109%
[2020-01-14 11:32:19] Epoch: 25, LR: 0.00010000, Train Accuracy: 98.9025%, Val Accuracy: 96.5870%
[2020-01-14 11:32:59] Epoch: 26, LR: 0.00010000, Train Accuracy: 98.9025%, Val Accuracy: 97.2696%
[2020-01-14 11:33:40] Epoch: 27, LR: 0.00010000, Train Accuracy: 98.9338%, Val Accuracy: 97.2696%
[2020-01-14 11:34:21] Epoch: 28, LR: 0.00010000, Train Accuracy: 98.9966%, Val Accuracy: 96.9283%
[2020-01-14 11:35:02] Epoch: 29, LR: 0.00010000, Train Accuracy: 98.9966%, Val Accuracy: 97.4403%
[2020-01-14 11:35:43] Epoch: 30, LR: 0.00010000, Train Accuracy: 99.2474%, Val Accuracy: 96.7577%
[2020-01-14 11:36:24] Epoch: 31, LR: 0.00010000, Train Accuracy: 98.8398%, Val Accuracy: 96.2457%
[2020-01-14 11:37:05] Epoch: 32, LR: 0.00010000, Train Accuracy: 99.3728%, Val Accuracy: 97.7816%
[2020-01-14 11:37:47] Epoch: 33, LR: 0.00010000, Train Accuracy: 99.0593%, Val Accuracy: 97.7816%
[2020-01-14 11:38:28] Epoch: 34, LR: 0.00010000, Train Accuracy: 99.4983%, Val Accuracy: 97.7816%
[2020-01-14 11:39:09] Epoch: 35, LR: 0.00010000, Train Accuracy: 99.6237%, Val Accuracy: 96.9283%
[2020-01-14 11:39:50] Epoch: 36, LR: 0.00010000, Train Accuracy: 99.2788%, Val Accuracy: 98.6348%
[2020-01-14 11:40:31] Epoch: 37, LR: 0.00010000, Train Accuracy: 99.5296%, Val Accuracy: 97.4403%
[2020-01-14 11:41:12] Epoch: 38, LR: 0.00010000, Train Accuracy: 99.2474%, Val Accuracy: 97.2696%
[2020-01-14 11:41:53] Epoch: 39, LR: 0.00010000, Train Accuracy: 99.1847%, Val Accuracy: 97.0990%
[2020-01-14 11:42:34] Epoch: 40, LR: 0.00010000, Train Accuracy: 99.0279%, Val Accuracy: 96.7577%
[2020-01-14 11:43:15] Epoch: 41, LR: 0.00010000, Train Accuracy: 98.8711%, Val Accuracy: 97.6109%
[2020-01-14 11:43:56] Epoch: 42, LR: 0.00010000, Train Accuracy: 99.5296%, Val Accuracy: 97.6109%
[2020-01-14 11:44:37] Epoch: 43, LR: 0.00010000, Train Accuracy: 99.5610%, Val Accuracy: 97.7816%
[2020-01-14 11:45:17] Epoch: 44, LR: 0.00010000, Train Accuracy: 99.3101%, Val Accuracy: 97.9522%
[2020-01-14 11:45:58] Epoch: 45, LR: 0.00010000, Train Accuracy: 98.7770%, Val Accuracy: 96.2457%
[2020-01-14 11:46:39] Epoch: 46, LR: 0.00010000, Train Accuracy: 99.0279%, Val Accuracy: 96.0751%
[2020-01-14 11:47:20] Epoch: 47, LR: 0.00010000, Train Accuracy: 99.1533%, Val Accuracy: 97.4403%
[2020-01-14 11:48:01] Epoch: 48, LR: 0.00010000, Train Accuracy: 99.0279%, Val Accuracy: 94.3686%
[2020-01-14 11:48:42] Epoch: 49, LR: 0.00010000, Train Accuracy: 99.2161%, Val Accuracy: 98.2935%
[2020-01-14 11:49:23] Epoch: 50, LR: 0.00010000, Train Accuracy: 99.2161%, Val Accuracy: 97.9522%
[2020-01-14 11:50:04] Epoch: 51, LR: 0.00010000, Train Accuracy: 98.8711%, Val Accuracy: 97.0990%
[2020-01-14 11:50:45] Epoch: 52, LR: 0.00010000, Train Accuracy: 99.3415%, Val Accuracy: 97.6109%
[2020-01-14 11:51:26] Epoch: 53, LR: 0.00010000, Train Accuracy: 99.2788%, Val Accuracy: 97.4403%
[2020-01-14 11:52:07] Epoch: 54, LR: 0.00010000, Train Accuracy: 99.3728%, Val Accuracy: 97.9522%
[2020-01-14 11:52:48] Epoch: 55, LR: 0.00010000, Train Accuracy: 99.6237%, Val Accuracy: 98.4642%
[2020-01-14 11:53:29] Epoch: 56, LR: 0.00010000, Train Accuracy: 99.5610%, Val Accuracy: 96.7577%
[2020-01-14 11:54:10] Epoch: 57, LR: 0.00010000, Train Accuracy: 99.4983%, Val Accuracy: 98.1229%
[2020-01-14 11:54:51] Epoch: 58, LR: 0.00010000, Train Accuracy: 99.5296%, Val Accuracy: 98.2935%
[2020-01-14 11:55:31] Epoch: 59, LR: 0.00010000, Train Accuracy: 99.4669%, Val Accuracy: 97.0990%
[2020-01-14 11:56:12] Epoch: 60, LR: 0.00010000, Train Accuracy: 99.4669%, Val Accuracy: 97.9522%
[2020-01-14 11:56:53] Epoch: 61, LR: 0.00010000, Train Accuracy: 99.2474%, Val Accuracy: 96.4164%
[2020-01-14 11:57:34] Epoch: 62, LR: 0.00010000, Train Accuracy: 99.2474%, Val Accuracy: 97.2696%
[2020-01-14 11:58:15] Epoch: 63, LR: 0.00010000, Train Accuracy: 98.9338%, Val Accuracy: 96.4164%
[2020-01-14 11:58:56] Epoch: 64, LR: 0.00010000, Train Accuracy: 99.1533%, Val Accuracy: 95.2218%
[2020-01-14 11:59:37] Epoch: 65, LR: 0.00010000, Train Accuracy: 99.0906%, Val Accuracy: 95.3925%
[2020-01-14 12:00:18] Epoch: 66, LR: 0.00010000, Train Accuracy: 99.4042%, Val Accuracy: 97.9522%
[2020-01-14 12:00:59] Epoch: 67, LR: 0.00010000, Train Accuracy: 99.4356%, Val Accuracy: 96.9283%
[2020-01-14 12:01:40] Epoch: 68, LR: 0.00010000, Train Accuracy: 99.3728%, Val Accuracy: 97.7816%
[2020-01-14 12:02:21] Epoch: 69, LR: 0.00010000, Train Accuracy: 99.4669%, Val Accuracy: 96.5870%
[2020-01-14 12:03:02] Epoch: 70, LR: 0.00010000, Train Accuracy: 99.5610%, Val Accuracy: 97.9522%
[2020-01-14 12:03:43] Epoch: 71, LR: 0.00010000, Train Accuracy: 99.7805%, Val Accuracy: 97.9522%
[2020-01-14 12:04:24] Epoch: 72, LR: 0.00010000, Train Accuracy: 99.7178%, Val Accuracy: 98.4642%
[2020-01-14 12:05:05] Epoch: 73, LR: 0.00010000, Train Accuracy: 99.7178%, Val Accuracy: 98.6348%
[2020-01-14 12:05:46] Epoch: 74, LR: 0.00010000, Train Accuracy: 99.7178%, Val Accuracy: 98.2935%
[2020-01-14 12:06:27] Epoch: 75, LR: 0.00010000, Train Accuracy: 99.6864%, Val Accuracy: 97.7816%
[2020-01-14 12:07:08] Epoch: 76, LR: 0.00010000, Train Accuracy: 99.5296%, Val Accuracy: 97.6109%
[2020-01-14 12:07:49] Epoch: 77, LR: 0.00010000, Train Accuracy: 99.3728%, Val Accuracy: 97.6109%
[2020-01-14 12:08:30] Epoch: 78, LR: 0.00010000, Train Accuracy: 99.6864%, Val Accuracy: 98.4642%
[2020-01-14 12:09:11] Epoch: 79, LR: 0.00010000, Train Accuracy: 99.4042%, Val Accuracy: 97.6109%
[2020-01-14 12:09:52] Epoch: 80, LR: 0.00010000, Train Accuracy: 99.5296%, Val Accuracy: 97.6109%
[2020-01-14 12:10:33] Epoch: 81, LR: 0.00010000, Train Accuracy: 99.3415%, Val Accuracy: 97.6109%
[2020-01-14 12:11:14] Epoch: 82, LR: 0.00010000, Train Accuracy: 99.6551%, Val Accuracy: 98.4642%
[2020-01-14 12:11:55] Epoch: 83, LR: 0.00010000, Train Accuracy: 99.6237%, Val Accuracy: 97.9522%
[2020-01-14 12:12:36] Epoch: 84, LR: 0.00010000, Train Accuracy: 99.6551%, Val Accuracy: 97.7816%
[2020-01-14 12:13:17] Epoch: 85, LR: 0.00010000, Train Accuracy: 99.5610%, Val Accuracy: 97.4403%
[2020-01-14 12:13:58] Epoch: 86, LR: 0.00010000, Train Accuracy: 99.6864%, Val Accuracy: 97.0990%
[2020-01-14 12:14:39] Epoch: 87, LR: 0.00010000, Train Accuracy: 99.4042%, Val Accuracy: 97.2696%
[2020-01-14 12:15:20] Epoch: 88, LR: 0.00010000, Train Accuracy: 99.3101%, Val Accuracy: 96.4164%
[2020-01-14 12:16:01] Epoch: 89, LR: 0.00010000, Train Accuracy: 99.6237%, Val Accuracy: 97.6109%
[2020-01-14 12:16:42] Epoch: 90, LR: 0.00010000, Train Accuracy: 99.4042%, Val Accuracy: 98.1229%
[2020-01-14 12:17:23] Epoch: 91, LR: 0.00010000, Train Accuracy: 99.2474%, Val Accuracy: 97.6109%
[2020-01-14 12:18:04] Epoch: 92, LR: 0.00010000, Train Accuracy: 99.2474%, Val Accuracy: 96.5870%
[2020-01-14 12:18:45] Epoch: 93, LR: 0.00010000, Train Accuracy: 99.5296%, Val Accuracy: 97.4403%
[2020-01-14 12:19:26] Epoch: 94, LR: 0.00010000, Train Accuracy: 99.4356%, Val Accuracy: 97.9522%
[2020-01-14 12:20:07] Epoch: 95, LR: 0.00010000, Train Accuracy: 99.5923%, Val Accuracy: 98.4642%
[2020-01-14 12:20:48] Epoch: 96, LR: 0.00010000, Train Accuracy: 99.6551%, Val Accuracy: 98.1229%
[2020-01-14 12:21:29] Epoch: 97, LR: 0.00010000, Train Accuracy: 99.5610%, Val Accuracy: 98.1229%
[2020-01-14 12:22:10] Epoch: 98, LR: 0.00010000, Train Accuracy: 99.8119%, Val Accuracy: 98.4642%
[2020-01-14 12:22:51] Epoch: 99, LR: 0.00010000, Train Accuracy: 99.7805%, Val Accuracy: 97.6109%
[2020-01-14 12:23:32] Epoch: 100, LR: 0.00010000, Train Accuracy: 99.6864%, Val Accuracy: 98.1229%
[2020-01-14 12:24:13] Epoch: 101, LR: 0.00001000, Train Accuracy: 99.8746%, Val Accuracy: 98.1229%
[2020-01-14 12:24:54] Epoch: 102, LR: 0.00001000, Train Accuracy: 99.8432%, Val Accuracy: 98.4642%
[2020-01-14 12:25:35] Epoch: 103, LR: 0.00001000, Train Accuracy: 99.8746%, Val Accuracy: 98.4642%
[2020-01-14 12:26:16] Epoch: 104, LR: 0.00001000, Train Accuracy: 99.9059%, Val Accuracy: 98.1229%
[2020-01-14 12:26:57] Epoch: 105, LR: 0.00001000, Train Accuracy: 99.9373%, Val Accuracy: 98.1229%
[2020-01-14 12:27:38] Epoch: 106, LR: 0.00001000, Train Accuracy: 99.9373%, Val Accuracy: 98.1229%
[2020-01-14 12:28:19] Epoch: 107, LR: 0.00001000, Train Accuracy: 99.9059%, Val Accuracy: 98.2935%
[2020-01-14 12:29:00] Epoch: 108, LR: 0.00001000, Train Accuracy: 99.9373%, Val Accuracy: 98.1229%
[2020-01-14 12:29:41] Epoch: 109, LR: 0.00001000, Train Accuracy: 99.9686%, Val Accuracy: 98.1229%
[2020-01-14 12:30:22] Epoch: 110, LR: 0.00001000, Train Accuracy: 99.9686%, Val Accuracy: 98.1229%
[2020-01-14 12:31:03] Epoch: 111, LR: 0.00001000, Train Accuracy: 99.8746%, Val Accuracy: 98.4642%
[2020-01-14 12:31:44] Epoch: 112, LR: 0.00001000, Train Accuracy: 99.9686%, Val Accuracy: 98.4642%
[2020-01-14 12:32:25] Epoch: 113, LR: 0.00001000, Train Accuracy: 99.9059%, Val Accuracy: 98.2935%
[2020-01-14 12:33:06] Epoch: 114, LR: 0.00001000, Train Accuracy: 99.9373%, Val Accuracy: 98.2935%
[2020-01-14 12:33:47] Epoch: 115, LR: 0.00001000, Train Accuracy: 99.9686%, Val Accuracy: 98.4642%
[2020-01-14 12:34:28] Epoch: 116, LR: 0.00001000, Train Accuracy: 100.0000%, Val Accuracy: 98.4642%
[2020-01-14 12:35:09] Epoch: 117, LR: 0.00001000, Train Accuracy: 99.9686%, Val Accuracy: 98.4642%
[2020-01-14 12:35:50] Epoch: 118, LR: 0.00001000, Train Accuracy: 99.9059%, Val Accuracy: 98.4642%
[2020-01-14 12:36:31] Epoch: 119, LR: 0.00001000, Train Accuracy: 100.0000%, Val Accuracy: 98.4642%
[2020-01-14 12:37:12] Epoch: 120, LR: 0.00001000, Train Accuracy: 99.9686%, Val Accuracy: 98.2935%
[2020-01-14 12:37:53] Epoch: 121, LR: 0.00001000, Train Accuracy: 99.9686%, Val Accuracy: 98.6348%
[2020-01-14 12:38:34] Epoch: 122, LR: 0.00001000, Train Accuracy: 99.9686%, Val Accuracy: 98.8055%
[2020-01-14 12:39:15] Epoch: 123, LR: 0.00001000, Train Accuracy: 99.9373%, Val Accuracy: 98.6348%
[2020-01-14 12:39:56] Epoch: 124, LR: 0.00001000, Train Accuracy: 99.9373%, Val Accuracy: 98.6348%
[2020-01-14 12:40:37] Epoch: 125, LR: 0.00001000, Train Accuracy: 99.9059%, Val Accuracy: 98.4642%
[2020-01-14 12:41:18] Epoch: 126, LR: 0.00001000, Train Accuracy: 99.9373%, Val Accuracy: 98.4642%
[2020-01-14 12:41:59] Epoch: 127, LR: 0.00001000, Train Accuracy: 99.9686%, Val Accuracy: 98.4642%
[2020-01-14 12:42:40] Epoch: 128, LR: 0.00001000, Train Accuracy: 100.0000%, Val Accuracy: 98.2935%
[2020-01-14 12:43:21] Epoch: 129, LR: 0.00001000, Train Accuracy: 99.9059%, Val Accuracy: 98.6348%
[2020-01-14 12:44:02] Epoch: 130, LR: 0.00001000, Train Accuracy: 99.9686%, Val Accuracy: 98.6348%
[2020-01-14 12:44:43] Epoch: 131, LR: 0.00001000, Train Accuracy: 99.9373%, Val Accuracy: 98.2935%
[2020-01-14 12:45:24] Epoch: 132, LR: 0.00001000, Train Accuracy: 99.9686%, Val Accuracy: 98.4642%
[2020-01-14 12:46:05] Epoch: 133, LR: 0.00001000, Train Accuracy: 99.9686%, Val Accuracy: 98.6348%
[2020-01-14 12:46:46] Epoch: 134, LR: 0.00001000, Train Accuracy: 100.0000%, Val Accuracy: 98.6348%
[2020-01-14 12:47:27] Epoch: 135, LR: 0.00001000, Train Accuracy: 100.0000%, Val Accuracy: 98.4642%
[2020-01-14 12:48:08] Epoch: 136, LR: 0.00001000, Train Accuracy: 100.0000%, Val Accuracy: 98.8055%
[2020-01-14 12:48:49] Epoch: 137, LR: 0.00001000, Train Accuracy: 99.9686%, Val Accuracy: 98.8055%
[2020-01-14 12:49:30] Epoch: 138, LR: 0.00001000, Train Accuracy: 100.0000%, Val Accuracy: 98.8055%
[2020-01-14 12:50:12] Epoch: 139, LR: 0.00001000, Train Accuracy: 100.0000%, Val Accuracy: 98.8055%
[2020-01-14 12:50:53] Epoch: 140, LR: 0.00001000, Train Accuracy: 100.0000%, Val Accuracy: 98.8055%
[2020-01-14 12:51:34] Epoch: 141, LR: 0.00001000, Train Accuracy: 100.0000%, Val Accuracy: 98.8055%
[2020-01-14 12:52:15] Epoch: 142, LR: 0.00001000, Train Accuracy: 99.9373%, Val Accuracy: 98.8055%
[2020-01-14 12:52:56] Epoch: 143, LR: 0.00001000, Train Accuracy: 100.0000%, Val Accuracy: 98.6348%
[2020-01-14 12:53:37] Epoch: 144, LR: 0.00001000, Train Accuracy: 99.9686%, Val Accuracy: 98.6348%
[2020-01-14 12:54:18] Epoch: 145, LR: 0.00001000, Train Accuracy: 99.9686%, Val Accuracy: 98.6348%
[2020-01-14 12:54:59] Epoch: 146, LR: 0.00001000, Train Accuracy: 100.0000%, Val Accuracy: 98.6348%
[2020-01-14 12:55:40] Epoch: 147, LR: 0.00001000, Train Accuracy: 100.0000%, Val Accuracy: 98.6348%
[2020-01-14 12:56:21] Epoch: 148, LR: 0.00001000, Train Accuracy: 100.0000%, Val Accuracy: 98.6348%
[2020-01-14 12:57:02] Epoch: 149, LR: 0.00001000, Train Accuracy: 100.0000%, Val Accuracy: 98.6348%
[2020-01-14 12:57:43] Epoch: 150, LR: 0.00001000, Train Accuracy: 100.0000%, Val Accuracy: 98.6348%
[2020-01-14 12:58:24] Epoch: 151, LR: 0.00001000, Train Accuracy: 99.9686%, Val Accuracy: 98.6348%
[2020-01-14 12:59:05] Epoch: 152, LR: 0.00001000, Train Accuracy: 100.0000%, Val Accuracy: 98.6348%
[2020-01-14 12:59:46] Epoch: 153, LR: 0.00001000, Train Accuracy: 100.0000%, Val Accuracy: 98.6348%
[2020-01-14 13:00:27] Epoch: 154, LR: 0.00001000, Train Accuracy: 99.9686%, Val Accuracy: 98.6348%
[2020-01-14 13:01:08] Epoch: 155, LR: 0.00001000, Train Accuracy: 99.9686%, Val Accuracy: 98.4642%
[2020-01-14 13:01:49] Epoch: 156, LR: 0.00000100, Train Accuracy: 99.9686%, Val Accuracy: 98.4642%
[2020-01-14 13:02:30] Epoch: 157, LR: 0.00000100, Train Accuracy: 100.0000%, Val Accuracy: 98.4642%
[2020-01-14 13:03:11] Epoch: 158, LR: 0.00000100, Train Accuracy: 99.9686%, Val Accuracy: 98.2935%
[2020-01-14 13:03:52] Epoch: 159, LR: 0.00000100, Train Accuracy: 100.0000%, Val Accuracy: 98.4642%
[2020-01-14 13:04:33] Epoch: 160, LR: 0.00000100, Train Accuracy: 100.0000%, Val Accuracy: 98.4642%
[2020-01-14 13:05:14] Epoch: 161, LR: 0.00000100, Train Accuracy: 99.9373%, Val Accuracy: 98.4642%
[2020-01-14 13:05:55] Epoch: 162, LR: 0.00000100, Train Accuracy: 100.0000%, Val Accuracy: 98.4642%
[2020-01-14 13:06:36] Epoch: 163, LR: 0.00000100, Train Accuracy: 99.9686%, Val Accuracy: 98.4642%
[2020-01-14 13:07:17] Epoch: 164, LR: 0.00000100, Train Accuracy: 100.0000%, Val Accuracy: 98.4642%
[2020-01-14 13:07:57] Epoch: 165, LR: 0.00000100, Train Accuracy: 99.9686%, Val Accuracy: 98.2935%
[2020-01-14 13:08:38] Epoch: 166, LR: 0.00000100, Train Accuracy: 100.0000%, Val Accuracy: 98.4642%
[2020-01-14 13:09:19] Epoch: 167, LR: 0.00000100, Train Accuracy: 100.0000%, Val Accuracy: 98.2935%
[2020-01-14 13:10:00] Epoch: 168, LR: 0.00000100, Train Accuracy: 100.0000%, Val Accuracy: 98.4642%
[2020-01-14 13:10:41] Epoch: 169, LR: 0.00000100, Train Accuracy: 100.0000%, Val Accuracy: 98.4642%
[2020-01-14 13:11:22] Epoch: 170, LR: 0.00000100, Train Accuracy: 100.0000%, Val Accuracy: 98.4642%
[2020-01-14 13:12:03] Epoch: 171, LR: 0.00000100, Train Accuracy: 100.0000%, Val Accuracy: 98.4642%
[2020-01-14 13:12:44] Epoch: 172, LR: 0.00000100, Train Accuracy: 100.0000%, Val Accuracy: 98.4642%
[2020-01-14 13:13:25] Epoch: 173, LR: 0.00000100, Train Accuracy: 99.9686%, Val Accuracy: 98.4642%
[2020-01-14 13:14:06] Epoch: 174, LR: 0.00000100, Train Accuracy: 99.9373%, Val Accuracy: 98.4642%
[2020-01-14 13:14:47] Epoch: 175, LR: 0.00000100, Train Accuracy: 100.0000%, Val Accuracy: 98.4642%
[2020-01-14 13:15:28] Epoch: 176, LR: 0.00000100, Train Accuracy: 99.9686%, Val Accuracy: 98.6348%
[2020-01-14 13:16:09] Epoch: 177, LR: 0.00000100, Train Accuracy: 100.0000%, Val Accuracy: 98.6348%
[2020-01-14 13:16:50] Epoch: 178, LR: 0.00000100, Train Accuracy: 99.9686%, Val Accuracy: 98.6348%
[2020-01-14 13:17:31] Epoch: 179, LR: 0.00000100, Train Accuracy: 100.0000%, Val Accuracy: 98.4642%
[2020-01-14 13:18:12] Epoch: 180, LR: 0.00000100, Train Accuracy: 99.9686%, Val Accuracy: 98.4642%
[2020-01-14 13:18:52] Epoch: 181, LR: 0.00000100, Train Accuracy: 100.0000%, Val Accuracy: 98.4642%
[2020-01-14 13:19:33] Epoch: 182, LR: 0.00000100, Train Accuracy: 100.0000%, Val Accuracy: 98.4642%
[2020-01-14 13:20:14] Epoch: 183, LR: 0.00000100, Train Accuracy: 100.0000%, Val Accuracy: 98.6348%
[2020-01-14 13:20:55] Epoch: 184, LR: 0.00000100, Train Accuracy: 99.9686%, Val Accuracy: 98.6348%
[2020-01-14 13:21:36] Epoch: 185, LR: 0.00000100, Train Accuracy: 100.0000%, Val Accuracy: 98.4642%
[2020-01-14 13:22:17] Epoch: 186, LR: 0.00000100, Train Accuracy: 100.0000%, Val Accuracy: 98.6348%
[2020-01-14 13:22:58] Epoch: 187, LR: 0.00000100, Train Accuracy: 100.0000%, Val Accuracy: 98.2935%
[2020-01-14 13:23:39] Epoch: 188, LR: 0.00000100, Train Accuracy: 100.0000%, Val Accuracy: 98.6348%
[2020-01-14 13:24:20] Epoch: 189, LR: 0.00000100, Train Accuracy: 99.9686%, Val Accuracy: 98.6348%
[2020-01-14 13:25:01] Epoch: 190, LR: 0.00000100, Train Accuracy: 100.0000%, Val Accuracy: 98.6348%
[2020-01-14 13:25:42] Epoch: 191, LR: 0.00000010, Train Accuracy: 99.9686%, Val Accuracy: 98.4642%
[2020-01-14 13:26:23] Epoch: 192, LR: 0.00000010, Train Accuracy: 99.9686%, Val Accuracy: 98.4642%
[2020-01-14 13:27:03] Epoch: 193, LR: 0.00000010, Train Accuracy: 100.0000%, Val Accuracy: 98.6348%
[2020-01-14 13:27:44] Epoch: 194, LR: 0.00000010, Train Accuracy: 99.9373%, Val Accuracy: 98.4642%
[2020-01-14 13:28:26] Epoch: 195, LR: 0.00000010, Train Accuracy: 99.9686%, Val Accuracy: 98.4642%
[2020-01-14 13:29:06] Epoch: 196, LR: 0.00000010, Train Accuracy: 99.9686%, Val Accuracy: 98.4642%
[2020-01-14 13:29:47] Epoch: 197, LR: 0.00000010, Train Accuracy: 100.0000%, Val Accuracy: 98.6348%
[2020-01-14 13:30:28] Epoch: 198, LR: 0.00000010, Train Accuracy: 100.0000%, Val Accuracy: 98.6348%
[2020-01-14 13:31:09] Epoch: 199, LR: 0.00000010, Train Accuracy: 99.9059%, Val Accuracy: 98.4642%
[2020-01-14 13:31:50] Epoch: 200, LR: 0.00000010, Train Accuracy: 100.0000%, Val Accuracy: 98.6348%

------------------------------------------------
Best Validation Accuracy 98.8055 at epoch 122
------------------------------------------------

---------------- Train Analysis ----------------
Accuracy of Parcheo : 100.00% 
Accuracy of Grietas transversales : 97.85% 
Accuracy of Huecos : 95.18% 
Accuracy of Grietas longitudinales : 100.00% 
Accuracy of Meteorización y desprendimiento : 100.00% 
Accuracy of Grietas en forma de piel de cocodrilo : 100.00% 
