
---- Start ----

There are 1 classes!
[Train fold] 355 samples
[Validation fold] 89 samples

--------------------------------------------
verbose: False
optimizer: adam
epochs: 120
batch_size: 32
learning_rate: 0.01
min_learning_rate: 1e-07
get_path: False
weighted_loss: False
plateau_scheduler: False
steps_best: False
steps_scheduler: True
binary_problem: False
multilabel_problem: False
damaged_problem: False
segmentation_problem: True
masks_overlays: 0
selected_class: Hueco
img_size: 512
crop_size: 512
model_name: unet_extra_small
checkpoint: 
data_mod: 
pretrained: False
fold: 0
output_dir: results/segmentation/fold0/Hueco/unet_extra_small_adam_512to512_lr0.01/
data_augmentation: True
histogram_matching: False

-------------- START TRAINING --------------
[2021-02-04 08:56:19] Epoch: 1, LR: 0.01000000, Train IOU: 0.0167, Val IOU: 0.1119, Val DICE: 0.1912
[2021-02-04 08:56:53] Epoch: 2, LR: 0.01000000, Train IOU: 0.0000, Val IOU: 0.1420, Val DICE: 0.2100
[2021-02-04 08:57:27] Epoch: 3, LR: 0.01000000, Train IOU: 0.0324, Val IOU: 0.2708, Val DICE: 0.3846
[2021-02-04 08:57:59] Epoch: 4, LR: 0.01000000, Train IOU: 0.1123, Val IOU: 0.3247, Val DICE: 0.4581
[2021-02-04 08:58:34] Epoch: 5, LR: 0.01000000, Train IOU: 0.1187, Val IOU: 0.4112, Val DICE: 0.5427
[2021-02-04 08:59:07] Epoch: 6, LR: 0.01000000, Train IOU: 0.1179, Val IOU: 0.3056, Val DICE: 0.4252
[2021-02-04 08:59:42] Epoch: 7, LR: 0.01000000, Train IOU: 0.1036, Val IOU: 0.1855, Val DICE: 0.2866
[2021-02-04 09:00:15] Epoch: 8, LR: 0.01000000, Train IOU: 0.1170, Val IOU: 0.1770, Val DICE: 0.2453
[2021-02-04 09:00:49] Epoch: 9, LR: 0.01000000, Train IOU: 0.1132, Val IOU: 0.3698, Val DICE: 0.4863
[2021-02-04 09:01:23] Epoch: 10, LR: 0.01000000, Train IOU: 0.1313, Val IOU: 0.2714, Val DICE: 0.3676
[2021-02-04 09:01:57] Epoch: 11, LR: 0.01000000, Train IOU: 0.1229, Val IOU: 0.3281, Val DICE: 0.4255
[2021-02-04 09:02:31] Epoch: 12, LR: 0.01000000, Train IOU: 0.1099, Val IOU: 0.2545, Val DICE: 0.3413
[2021-02-04 09:03:06] Epoch: 13, LR: 0.01000000, Train IOU: 0.1346, Val IOU: 0.4822, Val DICE: 0.6134
[2021-02-04 09:03:40] Epoch: 14, LR: 0.01000000, Train IOU: 0.1197, Val IOU: 0.0962, Val DICE: 0.1493
[2021-02-04 09:04:14] Epoch: 15, LR: 0.01000000, Train IOU: 0.1271, Val IOU: 0.4562, Val DICE: 0.5796
[2021-02-04 09:04:47] Epoch: 16, LR: 0.01000000, Train IOU: 0.1249, Val IOU: 0.3928, Val DICE: 0.5071
[2021-02-04 09:05:21] Epoch: 17, LR: 0.01000000, Train IOU: 0.1146, Val IOU: 0.0306, Val DICE: 0.0424
[2021-02-04 09:05:55] Epoch: 18, LR: 0.01000000, Train IOU: 0.1183, Val IOU: 0.5018, Val DICE: 0.6366
[2021-02-04 09:06:29] Epoch: 19, LR: 0.01000000, Train IOU: 0.1325, Val IOU: 0.4259, Val DICE: 0.5523
[2021-02-04 09:07:03] Epoch: 20, LR: 0.01000000, Train IOU: 0.1401, Val IOU: 0.4108, Val DICE: 0.5330
[2021-02-04 09:07:38] Epoch: 21, LR: 0.01000000, Train IOU: 0.1346, Val IOU: 0.3418, Val DICE: 0.4571
[2021-02-04 09:08:10] Epoch: 22, LR: 0.01000000, Train IOU: 0.1354, Val IOU: 0.4485, Val DICE: 0.5699
[2021-02-04 09:08:44] Epoch: 23, LR: 0.01000000, Train IOU: 0.1444, Val IOU: 0.3809, Val DICE: 0.4936
[2021-02-04 09:09:16] Epoch: 24, LR: 0.01000000, Train IOU: 0.1454, Val IOU: 0.2835, Val DICE: 0.3777
[2021-02-04 09:09:49] Epoch: 25, LR: 0.01000000, Train IOU: 0.1266, Val IOU: 0.3845, Val DICE: 0.4997
[2021-02-04 09:10:23] Epoch: 26, LR: 0.01000000, Train IOU: 0.1459, Val IOU: 0.4768, Val DICE: 0.5993
[2021-02-04 09:10:56] Epoch: 27, LR: 0.01000000, Train IOU: 0.1427, Val IOU: 0.4253, Val DICE: 0.5474
[2021-02-04 09:11:30] Epoch: 28, LR: 0.01000000, Train IOU: 0.1507, Val IOU: 0.2059, Val DICE: 0.2803
[2021-02-04 09:12:04] Epoch: 29, LR: 0.01000000, Train IOU: 0.1467, Val IOU: 0.2822, Val DICE: 0.3715
[2021-02-04 09:12:37] Epoch: 30, LR: 0.01000000, Train IOU: 0.1528, Val IOU: 0.5147, Val DICE: 0.6431
[2021-02-04 09:13:10] Epoch: 31, LR: 0.01000000, Train IOU: 0.1241, Val IOU: 0.5024, Val DICE: 0.6295
[2021-02-04 09:13:44] Epoch: 32, LR: 0.01000000, Train IOU: 0.1511, Val IOU: 0.4837, Val DICE: 0.6057
[2021-02-04 09:14:17] Epoch: 33, LR: 0.01000000, Train IOU: 0.1529, Val IOU: 0.4746, Val DICE: 0.6074
[2021-02-04 09:14:50] Epoch: 34, LR: 0.01000000, Train IOU: 0.1463, Val IOU: 0.4026, Val DICE: 0.5230
[2021-02-04 09:15:24] Epoch: 35, LR: 0.01000000, Train IOU: 0.1358, Val IOU: 0.2828, Val DICE: 0.3854
[2021-02-04 09:15:59] Epoch: 36, LR: 0.01000000, Train IOU: 0.1400, Val IOU: 0.3886, Val DICE: 0.4967
[2021-02-04 09:16:32] Epoch: 37, LR: 0.01000000, Train IOU: 0.1564, Val IOU: 0.4296, Val DICE: 0.5436
[2021-02-04 09:17:05] Epoch: 38, LR: 0.01000000, Train IOU: 0.1276, Val IOU: 0.5191, Val DICE: 0.6457
[2021-02-04 09:17:39] Epoch: 39, LR: 0.01000000, Train IOU: 0.1554, Val IOU: 0.3620, Val DICE: 0.4733
[2021-02-04 09:18:12] Epoch: 40, LR: 0.01000000, Train IOU: 0.1537, Val IOU: 0.4022, Val DICE: 0.5156
[2021-02-04 09:18:45] Epoch: 41, LR: 0.01000000, Train IOU: 0.1588, Val IOU: 0.5328, Val DICE: 0.6657
[2021-02-04 09:19:18] Epoch: 42, LR: 0.01000000, Train IOU: 0.1634, Val IOU: 0.4861, Val DICE: 0.6118
[2021-02-04 09:19:52] Epoch: 43, LR: 0.01000000, Train IOU: 0.1498, Val IOU: 0.4630, Val DICE: 0.5822
[2021-02-04 09:20:25] Epoch: 44, LR: 0.01000000, Train IOU: 0.1613, Val IOU: 0.4252, Val DICE: 0.5491
[2021-02-04 09:20:57] Epoch: 45, LR: 0.01000000, Train IOU: 0.1291, Val IOU: 0.4709, Val DICE: 0.5970
[2021-02-04 09:21:32] Epoch: 46, LR: 0.01000000, Train IOU: 0.1387, Val IOU: 0.3862, Val DICE: 0.5039
[2021-02-04 09:22:04] Epoch: 47, LR: 0.01000000, Train IOU: 0.1669, Val IOU: 0.1697, Val DICE: 0.2277
[2021-02-04 09:22:37] Epoch: 48, LR: 0.01000000, Train IOU: 0.1354, Val IOU: 0.5405, Val DICE: 0.6685
[2021-02-04 09:23:12] Epoch: 49, LR: 0.01000000, Train IOU: 0.1621, Val IOU: 0.4218, Val DICE: 0.5392
[2021-02-04 09:23:45] Epoch: 50, LR: 0.01000000, Train IOU: 0.1324, Val IOU: 0.4628, Val DICE: 0.5953
[2021-02-04 09:24:19] Epoch: 51, LR: 0.01000000, Train IOU: 0.1401, Val IOU: 0.5054, Val DICE: 0.6366
[2021-02-04 09:24:51] Epoch: 52, LR: 0.01000000, Train IOU: 0.1562, Val IOU: 0.5138, Val DICE: 0.6404
[2021-02-04 09:25:25] Epoch: 53, LR: 0.01000000, Train IOU: 0.1622, Val IOU: 0.4883, Val DICE: 0.6118
[2021-02-04 09:25:59] Epoch: 54, LR: 0.01000000, Train IOU: 0.1451, Val IOU: 0.4450, Val DICE: 0.5631
[2021-02-04 09:26:33] Epoch: 55, LR: 0.01000000, Train IOU: 0.1542, Val IOU: 0.4820, Val DICE: 0.6122
[2021-02-04 09:27:05] Epoch: 56, LR: 0.01000000, Train IOU: 0.1722, Val IOU: 0.4408, Val DICE: 0.5589
[2021-02-04 09:27:39] Epoch: 57, LR: 0.01000000, Train IOU: 0.1621, Val IOU: 0.5116, Val DICE: 0.6380
[2021-02-04 09:28:13] Epoch: 58, LR: 0.01000000, Train IOU: 0.1396, Val IOU: 0.3732, Val DICE: 0.4898
[2021-02-04 09:28:47] Epoch: 59, LR: 0.01000000, Train IOU: 0.1661, Val IOU: 0.4669, Val DICE: 0.5914
[2021-02-04 09:29:21] Epoch: 60, LR: 0.01000000, Train IOU: 0.1332, Val IOU: 0.4321, Val DICE: 0.5584
[2021-02-04 09:29:55] Epoch: 61, LR: 0.00100000, Train IOU: 0.1631, Val IOU: 0.5230, Val DICE: 0.6518
[2021-02-04 09:30:27] Epoch: 62, LR: 0.00100000, Train IOU: 0.1569, Val IOU: 0.5598, Val DICE: 0.6887
[2021-02-04 09:31:00] Epoch: 63, LR: 0.00100000, Train IOU: 0.1667, Val IOU: 0.5685, Val DICE: 0.6996
[2021-02-04 09:31:33] Epoch: 64, LR: 0.00100000, Train IOU: 0.1539, Val IOU: 0.5610, Val DICE: 0.6932
[2021-02-04 09:32:05] Epoch: 65, LR: 0.00100000, Train IOU: 0.1715, Val IOU: 0.5703, Val DICE: 0.7036
[2021-02-04 09:32:38] Epoch: 66, LR: 0.00100000, Train IOU: 0.1492, Val IOU: 0.5437, Val DICE: 0.6763
[2021-02-04 09:33:13] Epoch: 67, LR: 0.00100000, Train IOU: 0.1843, Val IOU: 0.5635, Val DICE: 0.6967
[2021-02-04 09:33:47] Epoch: 68, LR: 0.00100000, Train IOU: 0.1673, Val IOU: 0.5808, Val DICE: 0.7115
[2021-02-04 09:34:22] Epoch: 69, LR: 0.00100000, Train IOU: 0.1530, Val IOU: 0.5781, Val DICE: 0.7078
[2021-02-04 09:34:55] Epoch: 70, LR: 0.00100000, Train IOU: 0.1839, Val IOU: 0.5708, Val DICE: 0.7014
[2021-02-04 09:35:29] Epoch: 71, LR: 0.00100000, Train IOU: 0.1685, Val IOU: 0.5629, Val DICE: 0.6955
[2021-02-04 09:36:02] Epoch: 72, LR: 0.00100000, Train IOU: 0.1888, Val IOU: 0.5726, Val DICE: 0.7043
[2021-02-04 09:36:35] Epoch: 73, LR: 0.00100000, Train IOU: 0.1770, Val IOU: 0.5641, Val DICE: 0.6968
[2021-02-04 09:37:10] Epoch: 74, LR: 0.00100000, Train IOU: 0.1781, Val IOU: 0.5736, Val DICE: 0.7045
[2021-02-04 09:37:44] Epoch: 75, LR: 0.00100000, Train IOU: 0.1637, Val IOU: 0.5367, Val DICE: 0.6666
[2021-02-04 09:38:17] Epoch: 76, LR: 0.00100000, Train IOU: 0.1551, Val IOU: 0.5621, Val DICE: 0.6934
[2021-02-04 09:38:51] Epoch: 77, LR: 0.00100000, Train IOU: 0.1859, Val IOU: 0.5691, Val DICE: 0.7005
[2021-02-04 09:39:25] Epoch: 78, LR: 0.00100000, Train IOU: 0.1841, Val IOU: 0.5565, Val DICE: 0.6891
[2021-02-04 09:39:59] Epoch: 79, LR: 0.00100000, Train IOU: 0.1694, Val IOU: 0.5775, Val DICE: 0.7095
[2021-02-04 09:40:33] Epoch: 80, LR: 0.00100000, Train IOU: 0.1709, Val IOU: 0.5714, Val DICE: 0.7027
[2021-02-04 09:41:07] Epoch: 81, LR: 0.00010000, Train IOU: 0.1800, Val IOU: 0.5783, Val DICE: 0.7085
[2021-02-04 09:41:40] Epoch: 82, LR: 0.00010000, Train IOU: 0.1735, Val IOU: 0.5716, Val DICE: 0.7021
[2021-02-04 09:42:12] Epoch: 83, LR: 0.00010000, Train IOU: 0.1796, Val IOU: 0.5691, Val DICE: 0.6992
[2021-02-04 09:42:46] Epoch: 84, LR: 0.00010000, Train IOU: 0.1863, Val IOU: 0.5818, Val DICE: 0.7117
[2021-02-04 09:43:20] Epoch: 85, LR: 0.00010000, Train IOU: 0.1703, Val IOU: 0.5769, Val DICE: 0.7076
[2021-02-04 09:43:53] Epoch: 86, LR: 0.00010000, Train IOU: 0.1974, Val IOU: 0.5782, Val DICE: 0.7077
[2021-02-04 09:44:28] Epoch: 87, LR: 0.00010000, Train IOU: 0.1635, Val IOU: 0.5690, Val DICE: 0.7012
[2021-02-04 09:45:01] Epoch: 88, LR: 0.00010000, Train IOU: 0.1713, Val IOU: 0.5799, Val DICE: 0.7113
[2021-02-04 09:45:34] Epoch: 89, LR: 0.00010000, Train IOU: 0.1749, Val IOU: 0.5815, Val DICE: 0.7127
[2021-02-04 09:46:06] Epoch: 90, LR: 0.00010000, Train IOU: 0.1565, Val IOU: 0.5921, Val DICE: 0.7218
[2021-02-04 09:46:41] Epoch: 91, LR: 0.00010000, Train IOU: 0.1744, Val IOU: 0.5811, Val DICE: 0.7111
[2021-02-04 09:47:14] Epoch: 92, LR: 0.00010000, Train IOU: 0.1948, Val IOU: 0.5795, Val DICE: 0.7119
[2021-02-04 09:47:46] Epoch: 93, LR: 0.00010000, Train IOU: 0.1816, Val IOU: 0.5827, Val DICE: 0.7144
[2021-02-04 09:48:18] Epoch: 94, LR: 0.00010000, Train IOU: 0.1817, Val IOU: 0.5761, Val DICE: 0.7065
[2021-02-04 09:48:50] Epoch: 95, LR: 0.00010000, Train IOU: 0.1844, Val IOU: 0.5871, Val DICE: 0.7190
[2021-02-04 09:49:24] Epoch: 96, LR: 0.00010000, Train IOU: 0.1801, Val IOU: 0.5771, Val DICE: 0.7093
[2021-02-04 09:49:58] Epoch: 97, LR: 0.00010000, Train IOU: 0.1772, Val IOU: 0.5870, Val DICE: 0.7178
[2021-02-04 09:50:31] Epoch: 98, LR: 0.00010000, Train IOU: 0.1869, Val IOU: 0.5742, Val DICE: 0.7059
[2021-02-04 09:51:05] Epoch: 99, LR: 0.00010000, Train IOU: 0.1783, Val IOU: 0.5666, Val DICE: 0.6984
[2021-02-04 09:51:38] Epoch: 100, LR: 0.00010000, Train IOU: 0.1659, Val IOU: 0.5593, Val DICE: 0.6924
[2021-02-04 09:52:11] Epoch: 101, LR: 0.00010000, Train IOU: 0.1787, Val IOU: 0.5728, Val DICE: 0.7038
[2021-02-04 09:52:45] Epoch: 102, LR: 0.00010000, Train IOU: 0.1726, Val IOU: 0.5785, Val DICE: 0.7105
[2021-02-04 09:53:18] Epoch: 103, LR: 0.00010000, Train IOU: 0.1824, Val IOU: 0.5785, Val DICE: 0.7108
[2021-02-04 09:53:52] Epoch: 104, LR: 0.00010000, Train IOU: 0.1707, Val IOU: 0.5861, Val DICE: 0.7180
[2021-02-04 09:54:25] Epoch: 105, LR: 0.00010000, Train IOU: 0.1632, Val IOU: 0.5813, Val DICE: 0.7123
[2021-02-04 09:54:58] Epoch: 106, LR: 0.00010000, Train IOU: 0.1841, Val IOU: 0.5820, Val DICE: 0.7122
[2021-02-04 09:55:31] Epoch: 107, LR: 0.00010000, Train IOU: 0.1842, Val IOU: 0.5772, Val DICE: 0.7085
[2021-02-04 09:56:04] Epoch: 108, LR: 0.00010000, Train IOU: 0.1997, Val IOU: 0.5757, Val DICE: 0.7066
[2021-02-04 09:56:36] Epoch: 109, LR: 0.00010000, Train IOU: 0.1594, Val IOU: 0.5704, Val DICE: 0.7017
[2021-02-04 09:57:08] Epoch: 110, LR: 0.00010000, Train IOU: 0.1674, Val IOU: 0.5641, Val DICE: 0.6953
[2021-02-04 09:57:41] Epoch: 111, LR: 0.00010000, Train IOU: 0.1817, Val IOU: 0.5802, Val DICE: 0.7109
[2021-02-04 09:58:16] Epoch: 112, LR: 0.00010000, Train IOU: 0.1860, Val IOU: 0.5802, Val DICE: 0.7110
[2021-02-04 09:58:48] Epoch: 113, LR: 0.00010000, Train IOU: 0.1734, Val IOU: 0.5769, Val DICE: 0.7090
[2021-02-04 09:59:21] Epoch: 114, LR: 0.00010000, Train IOU: 0.1849, Val IOU: 0.5783, Val DICE: 0.7096
[2021-02-04 09:59:54] Epoch: 115, LR: 0.00010000, Train IOU: 0.1681, Val IOU: 0.5842, Val DICE: 0.7150
[2021-02-04 10:00:29] Epoch: 116, LR: 0.00010000, Train IOU: 0.1930, Val IOU: 0.5779, Val DICE: 0.7078
[2021-02-04 10:01:03] Epoch: 117, LR: 0.00010000, Train IOU: 0.1739, Val IOU: 0.5856, Val DICE: 0.7167
[2021-02-04 10:01:35] Epoch: 118, LR: 0.00010000, Train IOU: 0.1654, Val IOU: 0.5967, Val DICE: 0.7257
[2021-02-04 10:02:08] Epoch: 119, LR: 0.00010000, Train IOU: 0.1773, Val IOU: 0.5783, Val DICE: 0.7094
[2021-02-04 10:02:42] Epoch: 120, LR: 0.00010000, Train IOU: 0.1685, Val IOU: 0.5769, Val DICE: 0.7080

------------------------------------------------
Best Validation:
	[2021-02-04 10:01:35] Epoch: 118, LR: 0.00010000, Train IOU: 0.1654, Val IOU: 0.5967, Val DICE: 0.7257
------------------------------------------------

There are 1 classes!
[Train fold] 355 samples
[Validation fold] 89 samples

--------------------------------------------
verbose: False
optimizer: adam
epochs: 120
batch_size: 32
learning_rate: 0.01
min_learning_rate: 1e-07
get_path: False
weighted_loss: False
plateau_scheduler: False
steps_best: False
steps_scheduler: True
binary_problem: False
multilabel_problem: False
damaged_problem: False
segmentation_problem: True
masks_overlays: 0
selected_class: Hueco
img_size: 512
crop_size: 512
model_name: unet_extra_small
checkpoint: 
data_mod: 
pretrained: False
fold: 1
output_dir: results/segmentation/fold1/Hueco/unet_extra_small_adam_512to512_lr0.01/
data_augmentation: True
histogram_matching: False

-------------- START TRAINING --------------
[2021-02-04 10:03:24] Epoch: 1, LR: 0.01000000, Train IOU: 0.0461, Val IOU: 0.0003, Val DICE: 0.0006
[2021-02-04 10:03:56] Epoch: 2, LR: 0.01000000, Train IOU: 0.0045, Val IOU: 0.0000, Val DICE: 0.0000
[2021-02-04 10:04:29] Epoch: 3, LR: 0.01000000, Train IOU: 0.0256, Val IOU: 0.2635, Val DICE: 0.3820
[2021-02-04 10:05:03] Epoch: 4, LR: 0.01000000, Train IOU: 0.1005, Val IOU: 0.3340, Val DICE: 0.4580
[2021-02-04 10:05:36] Epoch: 5, LR: 0.01000000, Train IOU: 0.1244, Val IOU: 0.1637, Val DICE: 0.2629
[2021-02-04 10:06:09] Epoch: 6, LR: 0.01000000, Train IOU: 0.1217, Val IOU: 0.3608, Val DICE: 0.4814
[2021-02-04 10:06:43] Epoch: 7, LR: 0.01000000, Train IOU: 0.1158, Val IOU: 0.4397, Val DICE: 0.5799
[2021-02-04 10:07:16] Epoch: 8, LR: 0.01000000, Train IOU: 0.1429, Val IOU: 0.4306, Val DICE: 0.5623
[2021-02-04 10:07:49] Epoch: 9, LR: 0.01000000, Train IOU: 0.1104, Val IOU: 0.2933, Val DICE: 0.3943
[2021-02-04 10:08:23] Epoch: 10, LR: 0.01000000, Train IOU: 0.1103, Val IOU: 0.2085, Val DICE: 0.2917
[2021-02-04 10:08:57] Epoch: 11, LR: 0.01000000, Train IOU: 0.1236, Val IOU: 0.3081, Val DICE: 0.4101
[2021-02-04 10:09:30] Epoch: 12, LR: 0.01000000, Train IOU: 0.1330, Val IOU: 0.2935, Val DICE: 0.4044
[2021-02-04 10:10:02] Epoch: 13, LR: 0.01000000, Train IOU: 0.1270, Val IOU: 0.1275, Val DICE: 0.1948
[2021-02-04 10:10:35] Epoch: 14, LR: 0.01000000, Train IOU: 0.1356, Val IOU: 0.4982, Val DICE: 0.6342
[2021-02-04 10:11:08] Epoch: 15, LR: 0.01000000, Train IOU: 0.1240, Val IOU: 0.3950, Val DICE: 0.5331
[2021-02-04 10:11:41] Epoch: 16, LR: 0.01000000, Train IOU: 0.1481, Val IOU: 0.4817, Val DICE: 0.6166
[2021-02-04 10:12:14] Epoch: 17, LR: 0.01000000, Train IOU: 0.1413, Val IOU: 0.3808, Val DICE: 0.4970
[2021-02-04 10:12:47] Epoch: 18, LR: 0.01000000, Train IOU: 0.1342, Val IOU: 0.3558, Val DICE: 0.4739
[2021-02-04 10:13:20] Epoch: 19, LR: 0.01000000, Train IOU: 0.1505, Val IOU: 0.0223, Val DICE: 0.0367
[2021-02-04 10:13:53] Epoch: 20, LR: 0.01000000, Train IOU: 0.1499, Val IOU: 0.0432, Val DICE: 0.0657
[2021-02-04 10:14:27] Epoch: 21, LR: 0.01000000, Train IOU: 0.1325, Val IOU: 0.2303, Val DICE: 0.3038
[2021-02-04 10:15:02] Epoch: 22, LR: 0.01000000, Train IOU: 0.1124, Val IOU: 0.3341, Val DICE: 0.4421
[2021-02-04 10:15:34] Epoch: 23, LR: 0.01000000, Train IOU: 0.1307, Val IOU: 0.3731, Val DICE: 0.4822
[2021-02-04 10:16:07] Epoch: 24, LR: 0.01000000, Train IOU: 0.1424, Val IOU: 0.4305, Val DICE: 0.5572
[2021-02-04 10:16:40] Epoch: 25, LR: 0.01000000, Train IOU: 0.1479, Val IOU: 0.4570, Val DICE: 0.5897
[2021-02-04 10:17:13] Epoch: 26, LR: 0.01000000, Train IOU: 0.1369, Val IOU: 0.4113, Val DICE: 0.5397
[2021-02-04 10:17:46] Epoch: 27, LR: 0.01000000, Train IOU: 0.1328, Val IOU: 0.3132, Val DICE: 0.4346
[2021-02-04 10:18:20] Epoch: 28, LR: 0.01000000, Train IOU: 0.1265, Val IOU: 0.3939, Val DICE: 0.5249
[2021-02-04 10:18:53] Epoch: 29, LR: 0.01000000, Train IOU: 0.1410, Val IOU: 0.4250, Val DICE: 0.5532
[2021-02-04 10:19:28] Epoch: 30, LR: 0.01000000, Train IOU: 0.1321, Val IOU: 0.3875, Val DICE: 0.5206
[2021-02-04 10:20:00] Epoch: 31, LR: 0.01000000, Train IOU: 0.1434, Val IOU: 0.4555, Val DICE: 0.5758
[2021-02-04 10:20:32] Epoch: 32, LR: 0.01000000, Train IOU: 0.1384, Val IOU: 0.4964, Val DICE: 0.6255
[2021-02-04 10:21:06] Epoch: 33, LR: 0.01000000, Train IOU: 0.1465, Val IOU: 0.4654, Val DICE: 0.5944
[2021-02-04 10:21:39] Epoch: 34, LR: 0.01000000, Train IOU: 0.1361, Val IOU: 0.3815, Val DICE: 0.5022
[2021-02-04 10:22:12] Epoch: 35, LR: 0.01000000, Train IOU: 0.1503, Val IOU: 0.4937, Val DICE: 0.6253
[2021-02-04 10:22:46] Epoch: 36, LR: 0.01000000, Train IOU: 0.1543, Val IOU: 0.4031, Val DICE: 0.5200
[2021-02-04 10:23:20] Epoch: 37, LR: 0.01000000, Train IOU: 0.1395, Val IOU: 0.2420, Val DICE: 0.3439
[2021-02-04 10:23:53] Epoch: 38, LR: 0.01000000, Train IOU: 0.1351, Val IOU: 0.3704, Val DICE: 0.5000
[2021-02-04 10:24:25] Epoch: 39, LR: 0.01000000, Train IOU: 0.1441, Val IOU: 0.3671, Val DICE: 0.4909
[2021-02-04 10:24:58] Epoch: 40, LR: 0.01000000, Train IOU: 0.1529, Val IOU: 0.4482, Val DICE: 0.5733
[2021-02-04 10:25:32] Epoch: 41, LR: 0.01000000, Train IOU: 0.1524, Val IOU: 0.4496, Val DICE: 0.5830
[2021-02-04 10:26:06] Epoch: 42, LR: 0.01000000, Train IOU: 0.1221, Val IOU: 0.3444, Val DICE: 0.4643
[2021-02-04 10:26:39] Epoch: 43, LR: 0.01000000, Train IOU: 0.1344, Val IOU: 0.3400, Val DICE: 0.4678
[2021-02-04 10:27:12] Epoch: 44, LR: 0.01000000, Train IOU: 0.1470, Val IOU: 0.4104, Val DICE: 0.5374
[2021-02-04 10:27:45] Epoch: 45, LR: 0.01000000, Train IOU: 0.1574, Val IOU: 0.4705, Val DICE: 0.6034
[2021-02-04 10:28:18] Epoch: 46, LR: 0.01000000, Train IOU: 0.1475, Val IOU: 0.4724, Val DICE: 0.6006
[2021-02-04 10:28:51] Epoch: 47, LR: 0.01000000, Train IOU: 0.1487, Val IOU: 0.5043, Val DICE: 0.6424
[2021-02-04 10:29:25] Epoch: 48, LR: 0.01000000, Train IOU: 0.1392, Val IOU: 0.4352, Val DICE: 0.5565
[2021-02-04 10:29:58] Epoch: 49, LR: 0.01000000, Train IOU: 0.1653, Val IOU: 0.3214, Val DICE: 0.4354
[2021-02-04 10:30:33] Epoch: 50, LR: 0.01000000, Train IOU: 0.1685, Val IOU: 0.3806, Val DICE: 0.5096
[2021-02-04 10:31:05] Epoch: 51, LR: 0.01000000, Train IOU: 0.1580, Val IOU: 0.4881, Val DICE: 0.6179
[2021-02-04 10:31:40] Epoch: 52, LR: 0.01000000, Train IOU: 0.1420, Val IOU: 0.4642, Val DICE: 0.6002
[2021-02-04 10:32:12] Epoch: 53, LR: 0.01000000, Train IOU: 0.1632, Val IOU: 0.4780, Val DICE: 0.6065
[2021-02-04 10:32:47] Epoch: 54, LR: 0.01000000, Train IOU: 0.1489, Val IOU: 0.5461, Val DICE: 0.6766
[2021-02-04 10:33:21] Epoch: 55, LR: 0.01000000, Train IOU: 0.1541, Val IOU: 0.5251, Val DICE: 0.6574
[2021-02-04 10:33:53] Epoch: 56, LR: 0.01000000, Train IOU: 0.1425, Val IOU: 0.5026, Val DICE: 0.6349
[2021-02-04 10:34:27] Epoch: 57, LR: 0.01000000, Train IOU: 0.1745, Val IOU: 0.5666, Val DICE: 0.6910
[2021-02-04 10:35:00] Epoch: 58, LR: 0.01000000, Train IOU: 0.1564, Val IOU: 0.4182, Val DICE: 0.5466
[2021-02-04 10:35:33] Epoch: 59, LR: 0.01000000, Train IOU: 0.1779, Val IOU: 0.5111, Val DICE: 0.6386
[2021-02-04 10:36:06] Epoch: 60, LR: 0.01000000, Train IOU: 0.1325, Val IOU: 0.4685, Val DICE: 0.5993
[2021-02-04 10:36:39] Epoch: 61, LR: 0.00100000, Train IOU: 0.1626, Val IOU: 0.5061, Val DICE: 0.6381
[2021-02-04 10:37:13] Epoch: 62, LR: 0.00100000, Train IOU: 0.1590, Val IOU: 0.5438, Val DICE: 0.6711
[2021-02-04 10:37:46] Epoch: 63, LR: 0.00100000, Train IOU: 0.1848, Val IOU: 0.5593, Val DICE: 0.6855
[2021-02-04 10:38:19] Epoch: 64, LR: 0.00100000, Train IOU: 0.1766, Val IOU: 0.5622, Val DICE: 0.6887
[2021-02-04 10:38:51] Epoch: 65, LR: 0.00100000, Train IOU: 0.1754, Val IOU: 0.5368, Val DICE: 0.6657
[2021-02-04 10:39:25] Epoch: 66, LR: 0.00100000, Train IOU: 0.1706, Val IOU: 0.5592, Val DICE: 0.6867
[2021-02-04 10:39:59] Epoch: 67, LR: 0.00100000, Train IOU: 0.1644, Val IOU: 0.5419, Val DICE: 0.6725
[2021-02-04 10:40:32] Epoch: 68, LR: 0.00100000, Train IOU: 0.1716, Val IOU: 0.5455, Val DICE: 0.6732
[2021-02-04 10:41:05] Epoch: 69, LR: 0.00100000, Train IOU: 0.1734, Val IOU: 0.5618, Val DICE: 0.6855
[2021-02-04 10:41:37] Epoch: 70, LR: 0.00100000, Train IOU: 0.1356, Val IOU: 0.5630, Val DICE: 0.6894
[2021-02-04 10:42:12] Epoch: 71, LR: 0.00100000, Train IOU: 0.1572, Val IOU: 0.5647, Val DICE: 0.6899
[2021-02-04 10:42:47] Epoch: 72, LR: 0.00100000, Train IOU: 0.1885, Val IOU: 0.5595, Val DICE: 0.6860
[2021-02-04 10:43:22] Epoch: 73, LR: 0.00100000, Train IOU: 0.1650, Val IOU: 0.5755, Val DICE: 0.7003
[2021-02-04 10:43:56] Epoch: 74, LR: 0.00100000, Train IOU: 0.1527, Val IOU: 0.5656, Val DICE: 0.6915
[2021-02-04 10:44:28] Epoch: 75, LR: 0.00100000, Train IOU: 0.1715, Val IOU: 0.5644, Val DICE: 0.6896
[2021-02-04 10:45:01] Epoch: 76, LR: 0.00100000, Train IOU: 0.1730, Val IOU: 0.5716, Val DICE: 0.6974
[2021-02-04 10:45:34] Epoch: 77, LR: 0.00100000, Train IOU: 0.1761, Val IOU: 0.5838, Val DICE: 0.7110
[2021-02-04 10:46:08] Epoch: 78, LR: 0.00100000, Train IOU: 0.1850, Val IOU: 0.5880, Val DICE: 0.7142
[2021-02-04 10:46:40] Epoch: 79, LR: 0.00100000, Train IOU: 0.1741, Val IOU: 0.5675, Val DICE: 0.6937
[2021-02-04 10:47:13] Epoch: 80, LR: 0.00100000, Train IOU: 0.1646, Val IOU: 0.5590, Val DICE: 0.6854
[2021-02-04 10:47:47] Epoch: 81, LR: 0.00010000, Train IOU: 0.1712, Val IOU: 0.5589, Val DICE: 0.6856
[2021-02-04 10:48:21] Epoch: 82, LR: 0.00010000, Train IOU: 0.1806, Val IOU: 0.5625, Val DICE: 0.6890
[2021-02-04 10:48:55] Epoch: 83, LR: 0.00010000, Train IOU: 0.1454, Val IOU: 0.5495, Val DICE: 0.6785
[2021-02-04 10:49:29] Epoch: 84, LR: 0.00010000, Train IOU: 0.1741, Val IOU: 0.5492, Val DICE: 0.6794
[2021-02-04 10:50:03] Epoch: 85, LR: 0.00010000, Train IOU: 0.1555, Val IOU: 0.5589, Val DICE: 0.6860
[2021-02-04 10:50:36] Epoch: 86, LR: 0.00010000, Train IOU: 0.1804, Val IOU: 0.5661, Val DICE: 0.6924
[2021-02-04 10:51:08] Epoch: 87, LR: 0.00010000, Train IOU: 0.1846, Val IOU: 0.5678, Val DICE: 0.6947
[2021-02-04 10:51:41] Epoch: 88, LR: 0.00010000, Train IOU: 0.1882, Val IOU: 0.5692, Val DICE: 0.6967
[2021-02-04 10:52:15] Epoch: 89, LR: 0.00010000, Train IOU: 0.1578, Val IOU: 0.5610, Val DICE: 0.6892
[2021-02-04 10:52:48] Epoch: 90, LR: 0.00010000, Train IOU: 0.1772, Val IOU: 0.5681, Val DICE: 0.6947
[2021-02-04 10:53:22] Epoch: 91, LR: 0.00010000, Train IOU: 0.1865, Val IOU: 0.5528, Val DICE: 0.6812
[2021-02-04 10:53:55] Epoch: 92, LR: 0.00010000, Train IOU: 0.1792, Val IOU: 0.5626, Val DICE: 0.6892
[2021-02-04 10:54:28] Epoch: 93, LR: 0.00010000, Train IOU: 0.1807, Val IOU: 0.5518, Val DICE: 0.6782
[2021-02-04 10:55:01] Epoch: 94, LR: 0.00010000, Train IOU: 0.1585, Val IOU: 0.5563, Val DICE: 0.6835
[2021-02-04 10:55:34] Epoch: 95, LR: 0.00010000, Train IOU: 0.1683, Val IOU: 0.5600, Val DICE: 0.6851
[2021-02-04 10:56:07] Epoch: 96, LR: 0.00010000, Train IOU: 0.1861, Val IOU: 0.5751, Val DICE: 0.6985
[2021-02-04 10:56:40] Epoch: 97, LR: 0.00010000, Train IOU: 0.1839, Val IOU: 0.5764, Val DICE: 0.7004
[2021-02-04 10:57:14] Epoch: 98, LR: 0.00010000, Train IOU: 0.1743, Val IOU: 0.5754, Val DICE: 0.7005
[2021-02-04 10:57:48] Epoch: 99, LR: 0.00010000, Train IOU: 0.1741, Val IOU: 0.5721, Val DICE: 0.6972
[2021-02-04 10:58:22] Epoch: 100, LR: 0.00010000, Train IOU: 0.1605, Val IOU: 0.5733, Val DICE: 0.6979
[2021-02-04 10:58:56] Epoch: 101, LR: 0.00010000, Train IOU: 0.1780, Val IOU: 0.5714, Val DICE: 0.6963
[2021-02-04 10:59:29] Epoch: 102, LR: 0.00010000, Train IOU: 0.1855, Val IOU: 0.5526, Val DICE: 0.6806
[2021-02-04 11:00:04] Epoch: 103, LR: 0.00010000, Train IOU: 0.1846, Val IOU: 0.5623, Val DICE: 0.6892
[2021-02-04 11:00:36] Epoch: 104, LR: 0.00010000, Train IOU: 0.1826, Val IOU: 0.5734, Val DICE: 0.6973
[2021-02-04 11:01:09] Epoch: 105, LR: 0.00010000, Train IOU: 0.1646, Val IOU: 0.5786, Val DICE: 0.7022
[2021-02-04 11:01:43] Epoch: 106, LR: 0.00010000, Train IOU: 0.1736, Val IOU: 0.5640, Val DICE: 0.6896
[2021-02-04 11:02:16] Epoch: 107, LR: 0.00010000, Train IOU: 0.1731, Val IOU: 0.5642, Val DICE: 0.6892
[2021-02-04 11:02:50] Epoch: 108, LR: 0.00010000, Train IOU: 0.1741, Val IOU: 0.5654, Val DICE: 0.6903
[2021-02-04 11:03:25] Epoch: 109, LR: 0.00010000, Train IOU: 0.1653, Val IOU: 0.5672, Val DICE: 0.6930
[2021-02-04 11:03:59] Epoch: 110, LR: 0.00010000, Train IOU: 0.1676, Val IOU: 0.5568, Val DICE: 0.6837
[2021-02-04 11:04:32] Epoch: 111, LR: 0.00010000, Train IOU: 0.1825, Val IOU: 0.5887, Val DICE: 0.7128
[2021-02-04 11:05:06] Epoch: 112, LR: 0.00010000, Train IOU: 0.1552, Val IOU: 0.5776, Val DICE: 0.7020
[2021-02-04 11:05:38] Epoch: 113, LR: 0.00010000, Train IOU: 0.1689, Val IOU: 0.5695, Val DICE: 0.6949
[2021-02-04 11:06:11] Epoch: 114, LR: 0.00010000, Train IOU: 0.1764, Val IOU: 0.5815, Val DICE: 0.7054
[2021-02-04 11:06:44] Epoch: 115, LR: 0.00010000, Train IOU: 0.1610, Val IOU: 0.5821, Val DICE: 0.7057
[2021-02-04 11:07:17] Epoch: 116, LR: 0.00010000, Train IOU: 0.1755, Val IOU: 0.5776, Val DICE: 0.7021
[2021-02-04 11:07:51] Epoch: 117, LR: 0.00010000, Train IOU: 0.1620, Val IOU: 0.5797, Val DICE: 0.7039
[2021-02-04 11:08:24] Epoch: 118, LR: 0.00010000, Train IOU: 0.1820, Val IOU: 0.5859, Val DICE: 0.7079
[2021-02-04 11:08:58] Epoch: 119, LR: 0.00010000, Train IOU: 0.1608, Val IOU: 0.5724, Val DICE: 0.6972
[2021-02-04 11:09:31] Epoch: 120, LR: 0.00010000, Train IOU: 0.1856, Val IOU: 0.5724, Val DICE: 0.6966

------------------------------------------------
Best Validation:
	[2021-02-04 11:04:32] Epoch: 111, LR: 0.00010000, Train IOU: 0.1825, Val IOU: 0.5887, Val DICE: 0.7128
------------------------------------------------

There are 1 classes!
[Train fold] 355 samples
[Validation fold] 89 samples

--------------------------------------------
verbose: False
optimizer: adam
epochs: 120
batch_size: 32
learning_rate: 0.01
min_learning_rate: 1e-07
get_path: False
weighted_loss: False
plateau_scheduler: False
steps_best: False
steps_scheduler: True
binary_problem: False
multilabel_problem: False
damaged_problem: False
segmentation_problem: True
masks_overlays: 0
selected_class: Hueco
img_size: 512
crop_size: 512
model_name: unet_extra_small
checkpoint: 
data_mod: 
pretrained: False
fold: 2
output_dir: results/segmentation/fold2/Hueco/unet_extra_small_adam_512to512_lr0.01/
data_augmentation: True
histogram_matching: False

-------------- START TRAINING --------------
[2021-02-04 11:10:11] Epoch: 1, LR: 0.01000000, Train IOU: 0.0210, Val IOU: 0.0000, Val DICE: 0.0000
[2021-02-04 11:10:45] Epoch: 2, LR: 0.01000000, Train IOU: 0.0000, Val IOU: 0.0000, Val DICE: 0.0000
[2021-02-04 11:11:19] Epoch: 3, LR: 0.01000000, Train IOU: 0.0000, Val IOU: 0.0000, Val DICE: 0.0000
[2021-02-04 11:11:53] Epoch: 4, LR: 0.01000000, Train IOU: 0.0001, Val IOU: 0.0534, Val DICE: 0.0896
[2021-02-04 11:12:26] Epoch: 5, LR: 0.01000000, Train IOU: 0.0150, Val IOU: 0.0987, Val DICE: 0.1437
[2021-02-04 11:13:00] Epoch: 6, LR: 0.01000000, Train IOU: 0.0540, Val IOU: 0.3607, Val DICE: 0.4834
[2021-02-04 11:13:33] Epoch: 7, LR: 0.01000000, Train IOU: 0.1109, Val IOU: 0.3444, Val DICE: 0.4322
[2021-02-04 11:14:06] Epoch: 8, LR: 0.01000000, Train IOU: 0.1026, Val IOU: 0.4301, Val DICE: 0.5554
[2021-02-04 11:14:40] Epoch: 9, LR: 0.01000000, Train IOU: 0.1314, Val IOU: 0.4608, Val DICE: 0.5995
[2021-02-04 11:15:14] Epoch: 10, LR: 0.01000000, Train IOU: 0.1216, Val IOU: 0.2517, Val DICE: 0.3411
[2021-02-04 11:15:45] Epoch: 11, LR: 0.01000000, Train IOU: 0.0994, Val IOU: 0.3234, Val DICE: 0.4228
[2021-02-04 11:16:18] Epoch: 12, LR: 0.01000000, Train IOU: 0.1399, Val IOU: 0.4230, Val DICE: 0.5578
[2021-02-04 11:16:52] Epoch: 13, LR: 0.01000000, Train IOU: 0.1243, Val IOU: 0.3948, Val DICE: 0.5324
[2021-02-04 11:17:27] Epoch: 14, LR: 0.01000000, Train IOU: 0.1107, Val IOU: 0.1079, Val DICE: 0.1522
[2021-02-04 11:18:01] Epoch: 15, LR: 0.01000000, Train IOU: 0.1157, Val IOU: 0.3324, Val DICE: 0.4616
[2021-02-04 11:18:34] Epoch: 16, LR: 0.01000000, Train IOU: 0.1153, Val IOU: 0.3170, Val DICE: 0.4506
[2021-02-04 11:19:07] Epoch: 17, LR: 0.01000000, Train IOU: 0.1299, Val IOU: 0.3911, Val DICE: 0.5177
[2021-02-04 11:19:39] Epoch: 18, LR: 0.01000000, Train IOU: 0.1361, Val IOU: 0.3224, Val DICE: 0.4521
[2021-02-04 11:20:13] Epoch: 19, LR: 0.01000000, Train IOU: 0.1200, Val IOU: 0.4494, Val DICE: 0.5969
[2021-02-04 11:20:47] Epoch: 20, LR: 0.01000000, Train IOU: 0.1187, Val IOU: 0.1249, Val DICE: 0.1750
[2021-02-04 11:21:20] Epoch: 21, LR: 0.01000000, Train IOU: 0.1348, Val IOU: 0.1640, Val DICE: 0.2182
[2021-02-04 11:21:53] Epoch: 22, LR: 0.01000000, Train IOU: 0.1600, Val IOU: 0.2380, Val DICE: 0.3208
[2021-02-04 11:22:27] Epoch: 23, LR: 0.01000000, Train IOU: 0.1362, Val IOU: 0.4127, Val DICE: 0.5371
[2021-02-04 11:23:01] Epoch: 24, LR: 0.01000000, Train IOU: 0.1343, Val IOU: 0.4999, Val DICE: 0.6329
[2021-02-04 11:23:35] Epoch: 25, LR: 0.01000000, Train IOU: 0.1395, Val IOU: 0.4079, Val DICE: 0.5401
[2021-02-04 11:24:09] Epoch: 26, LR: 0.01000000, Train IOU: 0.1326, Val IOU: 0.4254, Val DICE: 0.5395
[2021-02-04 11:24:42] Epoch: 27, LR: 0.01000000, Train IOU: 0.1454, Val IOU: 0.5353, Val DICE: 0.6635
[2021-02-04 11:25:17] Epoch: 28, LR: 0.01000000, Train IOU: 0.1356, Val IOU: 0.4256, Val DICE: 0.5479
[2021-02-04 11:25:49] Epoch: 29, LR: 0.01000000, Train IOU: 0.1543, Val IOU: 0.3887, Val DICE: 0.5126
[2021-02-04 11:26:24] Epoch: 30, LR: 0.01000000, Train IOU: 0.1398, Val IOU: 0.3569, Val DICE: 0.4775
[2021-02-04 11:26:57] Epoch: 31, LR: 0.01000000, Train IOU: 0.1024, Val IOU: 0.3709, Val DICE: 0.4997
[2021-02-04 11:27:30] Epoch: 32, LR: 0.01000000, Train IOU: 0.1349, Val IOU: 0.4091, Val DICE: 0.5296
[2021-02-04 11:28:04] Epoch: 33, LR: 0.01000000, Train IOU: 0.1271, Val IOU: 0.2588, Val DICE: 0.3593
[2021-02-04 11:28:37] Epoch: 34, LR: 0.01000000, Train IOU: 0.1213, Val IOU: 0.3784, Val DICE: 0.5011
[2021-02-04 11:29:11] Epoch: 35, LR: 0.01000000, Train IOU: 0.1472, Val IOU: 0.4619, Val DICE: 0.5943
[2021-02-04 11:29:44] Epoch: 36, LR: 0.01000000, Train IOU: 0.1418, Val IOU: 0.3599, Val DICE: 0.4822
[2021-02-04 11:30:18] Epoch: 37, LR: 0.01000000, Train IOU: 0.1499, Val IOU: 0.3985, Val DICE: 0.5226
[2021-02-04 11:30:51] Epoch: 38, LR: 0.01000000, Train IOU: 0.1459, Val IOU: 0.3997, Val DICE: 0.5162
[2021-02-04 11:31:25] Epoch: 39, LR: 0.01000000, Train IOU: 0.1396, Val IOU: 0.2147, Val DICE: 0.2991
[2021-02-04 11:32:00] Epoch: 40, LR: 0.01000000, Train IOU: 0.1418, Val IOU: 0.5076, Val DICE: 0.6383
[2021-02-04 11:32:33] Epoch: 41, LR: 0.01000000, Train IOU: 0.1464, Val IOU: 0.3691, Val DICE: 0.4801
[2021-02-04 11:33:06] Epoch: 42, LR: 0.01000000, Train IOU: 0.1522, Val IOU: 0.4928, Val DICE: 0.6220
[2021-02-04 11:33:39] Epoch: 43, LR: 0.01000000, Train IOU: 0.1602, Val IOU: 0.5457, Val DICE: 0.6787
[2021-02-04 11:34:12] Epoch: 44, LR: 0.01000000, Train IOU: 0.1477, Val IOU: 0.4952, Val DICE: 0.6191
[2021-02-04 11:34:47] Epoch: 45, LR: 0.01000000, Train IOU: 0.1457, Val IOU: 0.3243, Val DICE: 0.4327
[2021-02-04 11:35:21] Epoch: 46, LR: 0.01000000, Train IOU: 0.1507, Val IOU: 0.2938, Val DICE: 0.4006
[2021-02-04 11:35:55] Epoch: 47, LR: 0.01000000, Train IOU: 0.1267, Val IOU: 0.1242, Val DICE: 0.1727
[2021-02-04 11:36:27] Epoch: 48, LR: 0.01000000, Train IOU: 0.1520, Val IOU: 0.4746, Val DICE: 0.6029
[2021-02-04 11:37:00] Epoch: 49, LR: 0.01000000, Train IOU: 0.1375, Val IOU: 0.3694, Val DICE: 0.4883
[2021-02-04 11:37:33] Epoch: 50, LR: 0.01000000, Train IOU: 0.1406, Val IOU: 0.3557, Val DICE: 0.4702
[2021-02-04 11:38:05] Epoch: 51, LR: 0.01000000, Train IOU: 0.1371, Val IOU: 0.4810, Val DICE: 0.6044
[2021-02-04 11:38:39] Epoch: 52, LR: 0.01000000, Train IOU: 0.1348, Val IOU: 0.3029, Val DICE: 0.4003
[2021-02-04 11:39:12] Epoch: 53, LR: 0.01000000, Train IOU: 0.1291, Val IOU: 0.4626, Val DICE: 0.5915
[2021-02-04 11:39:45] Epoch: 54, LR: 0.01000000, Train IOU: 0.1466, Val IOU: 0.5252, Val DICE: 0.6619
[2021-02-04 11:40:19] Epoch: 55, LR: 0.01000000, Train IOU: 0.1640, Val IOU: 0.4565, Val DICE: 0.5870
[2021-02-04 11:40:53] Epoch: 56, LR: 0.01000000, Train IOU: 0.1290, Val IOU: 0.4971, Val DICE: 0.6337
[2021-02-04 11:41:27] Epoch: 57, LR: 0.01000000, Train IOU: 0.1335, Val IOU: 0.4787, Val DICE: 0.6118
[2021-02-04 11:41:59] Epoch: 58, LR: 0.01000000, Train IOU: 0.1353, Val IOU: 0.5261, Val DICE: 0.6574
[2021-02-04 11:42:34] Epoch: 59, LR: 0.01000000, Train IOU: 0.1612, Val IOU: 0.4592, Val DICE: 0.5846
[2021-02-04 11:43:08] Epoch: 60, LR: 0.01000000, Train IOU: 0.1393, Val IOU: 0.4148, Val DICE: 0.5445
[2021-02-04 11:43:41] Epoch: 61, LR: 0.00100000, Train IOU: 0.1580, Val IOU: 0.5352, Val DICE: 0.6681
[2021-02-04 11:44:14] Epoch: 62, LR: 0.00100000, Train IOU: 0.1274, Val IOU: 0.5529, Val DICE: 0.6861
[2021-02-04 11:44:48] Epoch: 63, LR: 0.00100000, Train IOU: 0.1464, Val IOU: 0.5469, Val DICE: 0.6786
[2021-02-04 11:45:22] Epoch: 64, LR: 0.00100000, Train IOU: 0.1659, Val IOU: 0.5125, Val DICE: 0.6428
[2021-02-04 11:45:55] Epoch: 65, LR: 0.00100000, Train IOU: 0.1478, Val IOU: 0.4873, Val DICE: 0.6167
[2021-02-04 11:46:28] Epoch: 66, LR: 0.00100000, Train IOU: 0.1561, Val IOU: 0.5388, Val DICE: 0.6707
[2021-02-04 11:47:01] Epoch: 67, LR: 0.00100000, Train IOU: 0.1770, Val IOU: 0.5424, Val DICE: 0.6736
[2021-02-04 11:47:35] Epoch: 68, LR: 0.00100000, Train IOU: 0.1431, Val IOU: 0.5221, Val DICE: 0.6550
[2021-02-04 11:48:07] Epoch: 69, LR: 0.00100000, Train IOU: 0.1828, Val IOU: 0.5133, Val DICE: 0.6442
[2021-02-04 11:48:40] Epoch: 70, LR: 0.00100000, Train IOU: 0.1680, Val IOU: 0.5414, Val DICE: 0.6720
[2021-02-04 11:49:14] Epoch: 71, LR: 0.00100000, Train IOU: 0.1674, Val IOU: 0.5355, Val DICE: 0.6671
[2021-02-04 11:49:49] Epoch: 72, LR: 0.00100000, Train IOU: 0.1769, Val IOU: 0.5348, Val DICE: 0.6639
[2021-02-04 11:50:23] Epoch: 73, LR: 0.00100000, Train IOU: 0.1666, Val IOU: 0.5390, Val DICE: 0.6665
[2021-02-04 11:50:57] Epoch: 74, LR: 0.00100000, Train IOU: 0.1877, Val IOU: 0.5059, Val DICE: 0.6352
[2021-02-04 11:51:29] Epoch: 75, LR: 0.00100000, Train IOU: 0.1699, Val IOU: 0.5124, Val DICE: 0.6436
[2021-02-04 11:52:05] Epoch: 76, LR: 0.00100000, Train IOU: 0.1788, Val IOU: 0.5224, Val DICE: 0.6541
[2021-02-04 11:52:38] Epoch: 77, LR: 0.00100000, Train IOU: 0.1712, Val IOU: 0.5204, Val DICE: 0.6535
[2021-02-04 11:53:11] Epoch: 78, LR: 0.00100000, Train IOU: 0.1703, Val IOU: 0.5398, Val DICE: 0.6710
[2021-02-04 11:53:44] Epoch: 79, LR: 0.00100000, Train IOU: 0.1624, Val IOU: 0.5394, Val DICE: 0.6693
[2021-02-04 11:54:17] Epoch: 80, LR: 0.00100000, Train IOU: 0.1679, Val IOU: 0.5477, Val DICE: 0.6769
[2021-02-04 11:54:51] Epoch: 81, LR: 0.00010000, Train IOU: 0.1779, Val IOU: 0.5417, Val DICE: 0.6725
[2021-02-04 11:55:25] Epoch: 82, LR: 0.00010000, Train IOU: 0.1712, Val IOU: 0.5564, Val DICE: 0.6861
[2021-02-04 11:55:57] Epoch: 83, LR: 0.00010000, Train IOU: 0.1650, Val IOU: 0.5515, Val DICE: 0.6815
[2021-02-04 11:56:30] Epoch: 84, LR: 0.00010000, Train IOU: 0.1722, Val IOU: 0.5471, Val DICE: 0.6771
[2021-02-04 11:57:03] Epoch: 85, LR: 0.00010000, Train IOU: 0.1713, Val IOU: 0.5497, Val DICE: 0.6789
[2021-02-04 11:57:38] Epoch: 86, LR: 0.00010000, Train IOU: 0.1562, Val IOU: 0.5559, Val DICE: 0.6863
[2021-02-04 11:58:12] Epoch: 87, LR: 0.00010000, Train IOU: 0.1681, Val IOU: 0.5478, Val DICE: 0.6765
[2021-02-04 11:58:44] Epoch: 88, LR: 0.00010000, Train IOU: 0.1851, Val IOU: 0.5330, Val DICE: 0.6639
[2021-02-04 11:59:16] Epoch: 89, LR: 0.00010000, Train IOU: 0.1565, Val IOU: 0.5490, Val DICE: 0.6783
[2021-02-04 11:59:49] Epoch: 90, LR: 0.00010000, Train IOU: 0.1616, Val IOU: 0.5551, Val DICE: 0.6850
[2021-02-04 12:00:23] Epoch: 91, LR: 0.00010000, Train IOU: 0.1805, Val IOU: 0.5449, Val DICE: 0.6755
[2021-02-04 12:00:57] Epoch: 92, LR: 0.00010000, Train IOU: 0.1606, Val IOU: 0.5305, Val DICE: 0.6611
[2021-02-04 12:01:29] Epoch: 93, LR: 0.00010000, Train IOU: 0.1739, Val IOU: 0.5258, Val DICE: 0.6560
[2021-02-04 12:02:03] Epoch: 94, LR: 0.00010000, Train IOU: 0.1680, Val IOU: 0.5372, Val DICE: 0.6669
[2021-02-04 12:02:36] Epoch: 95, LR: 0.00010000, Train IOU: 0.1481, Val IOU: 0.5573, Val DICE: 0.6866
[2021-02-04 12:03:10] Epoch: 96, LR: 0.00010000, Train IOU: 0.1473, Val IOU: 0.5450, Val DICE: 0.6742
[2021-02-04 12:03:43] Epoch: 97, LR: 0.00010000, Train IOU: 0.1724, Val IOU: 0.5312, Val DICE: 0.6603
[2021-02-04 12:04:15] Epoch: 98, LR: 0.00010000, Train IOU: 0.1584, Val IOU: 0.5438, Val DICE: 0.6739
[2021-02-04 12:04:48] Epoch: 99, LR: 0.00010000, Train IOU: 0.1606, Val IOU: 0.5586, Val DICE: 0.6885
[2021-02-04 12:05:22] Epoch: 100, LR: 0.00010000, Train IOU: 0.1651, Val IOU: 0.5596, Val DICE: 0.6882
[2021-02-04 12:05:56] Epoch: 101, LR: 0.00010000, Train IOU: 0.1679, Val IOU: 0.5590, Val DICE: 0.6889
[2021-02-04 12:06:29] Epoch: 102, LR: 0.00010000, Train IOU: 0.1718, Val IOU: 0.5611, Val DICE: 0.6906
[2021-02-04 12:07:03] Epoch: 103, LR: 0.00010000, Train IOU: 0.1718, Val IOU: 0.5597, Val DICE: 0.6887
[2021-02-04 12:07:38] Epoch: 104, LR: 0.00010000, Train IOU: 0.1655, Val IOU: 0.5412, Val DICE: 0.6709
[2021-02-04 12:08:11] Epoch: 105, LR: 0.00010000, Train IOU: 0.1568, Val IOU: 0.5429, Val DICE: 0.6721
[2021-02-04 12:08:44] Epoch: 106, LR: 0.00010000, Train IOU: 0.1724, Val IOU: 0.5518, Val DICE: 0.6813
[2021-02-04 12:09:18] Epoch: 107, LR: 0.00010000, Train IOU: 0.1667, Val IOU: 0.5406, Val DICE: 0.6696
[2021-02-04 12:09:52] Epoch: 108, LR: 0.00010000, Train IOU: 0.1567, Val IOU: 0.5419, Val DICE: 0.6710
[2021-02-04 12:10:25] Epoch: 109, LR: 0.00010000, Train IOU: 0.1599, Val IOU: 0.5434, Val DICE: 0.6719
[2021-02-04 12:10:58] Epoch: 110, LR: 0.00010000, Train IOU: 0.1439, Val IOU: 0.5510, Val DICE: 0.6816
[2021-02-04 12:11:30] Epoch: 111, LR: 0.00010000, Train IOU: 0.1574, Val IOU: 0.5471, Val DICE: 0.6774
[2021-02-04 12:12:03] Epoch: 112, LR: 0.00010000, Train IOU: 0.1575, Val IOU: 0.5583, Val DICE: 0.6890
[2021-02-04 12:12:36] Epoch: 113, LR: 0.00010000, Train IOU: 0.1544, Val IOU: 0.5526, Val DICE: 0.6822
[2021-02-04 12:13:10] Epoch: 114, LR: 0.00010000, Train IOU: 0.1636, Val IOU: 0.5467, Val DICE: 0.6767
[2021-02-04 12:13:43] Epoch: 115, LR: 0.00010000, Train IOU: 0.1602, Val IOU: 0.5268, Val DICE: 0.6566
[2021-02-04 12:14:17] Epoch: 116, LR: 0.00010000, Train IOU: 0.1928, Val IOU: 0.5474, Val DICE: 0.6777
[2021-02-04 12:14:49] Epoch: 117, LR: 0.00010000, Train IOU: 0.1722, Val IOU: 0.5510, Val DICE: 0.6803
[2021-02-04 12:15:23] Epoch: 118, LR: 0.00010000, Train IOU: 0.2016, Val IOU: 0.5543, Val DICE: 0.6843
[2021-02-04 12:15:57] Epoch: 119, LR: 0.00010000, Train IOU: 0.1801, Val IOU: 0.5478, Val DICE: 0.6778
[2021-02-04 12:16:30] Epoch: 120, LR: 0.00010000, Train IOU: 0.1710, Val IOU: 0.5587, Val DICE: 0.6883

------------------------------------------------
Best Validation:
	[2021-02-04 12:06:29] Epoch: 102, LR: 0.00010000, Train IOU: 0.1718, Val IOU: 0.5611, Val DICE: 0.6906
------------------------------------------------

There are 1 classes!
[Train fold] 355 samples
[Validation fold] 89 samples

--------------------------------------------
verbose: False
optimizer: adam
epochs: 120
batch_size: 32
learning_rate: 0.01
min_learning_rate: 1e-07
get_path: False
weighted_loss: False
plateau_scheduler: False
steps_best: False
steps_scheduler: True
binary_problem: False
multilabel_problem: False
damaged_problem: False
segmentation_problem: True
masks_overlays: 0
selected_class: Hueco
img_size: 512
crop_size: 512
model_name: unet_extra_small
checkpoint: 
data_mod: 
pretrained: False
fold: 3
output_dir: results/segmentation/fold3/Hueco/unet_extra_small_adam_512to512_lr0.01/
data_augmentation: True
histogram_matching: False

-------------- START TRAINING --------------
[2021-02-04 12:17:11] Epoch: 1, LR: 0.01000000, Train IOU: 0.0287, Val IOU: 0.0001, Val DICE: 0.0002
[2021-02-04 12:17:45] Epoch: 2, LR: 0.01000000, Train IOU: 0.0000, Val IOU: 0.0000, Val DICE: 0.0000
[2021-02-04 12:18:18] Epoch: 3, LR: 0.01000000, Train IOU: 0.0000, Val IOU: 0.0000, Val DICE: 0.0000
[2021-02-04 12:18:53] Epoch: 4, LR: 0.01000000, Train IOU: 0.0026, Val IOU: 0.2069, Val DICE: 0.2907
[2021-02-04 12:19:26] Epoch: 5, LR: 0.01000000, Train IOU: 0.0540, Val IOU: 0.3697, Val DICE: 0.4970
[2021-02-04 12:20:00] Epoch: 6, LR: 0.01000000, Train IOU: 0.1049, Val IOU: 0.2986, Val DICE: 0.4158
[2021-02-04 12:20:34] Epoch: 7, LR: 0.01000000, Train IOU: 0.1269, Val IOU: 0.3644, Val DICE: 0.4936
[2021-02-04 12:21:08] Epoch: 8, LR: 0.01000000, Train IOU: 0.1088, Val IOU: 0.3922, Val DICE: 0.5168
[2021-02-04 12:21:40] Epoch: 9, LR: 0.01000000, Train IOU: 0.1296, Val IOU: 0.3036, Val DICE: 0.4069
[2021-02-04 12:22:12] Epoch: 10, LR: 0.01000000, Train IOU: 0.1269, Val IOU: 0.0377, Val DICE: 0.0576
[2021-02-04 12:22:46] Epoch: 11, LR: 0.01000000, Train IOU: 0.1198, Val IOU: 0.3727, Val DICE: 0.4946
[2021-02-04 12:23:20] Epoch: 12, LR: 0.01000000, Train IOU: 0.1234, Val IOU: 0.2626, Val DICE: 0.3652
[2021-02-04 12:23:53] Epoch: 13, LR: 0.01000000, Train IOU: 0.1359, Val IOU: 0.4678, Val DICE: 0.6023
[2021-02-04 12:24:28] Epoch: 14, LR: 0.01000000, Train IOU: 0.1359, Val IOU: 0.4720, Val DICE: 0.5975
[2021-02-04 12:25:00] Epoch: 15, LR: 0.01000000, Train IOU: 0.1309, Val IOU: 0.3551, Val DICE: 0.4717
[2021-02-04 12:25:34] Epoch: 16, LR: 0.01000000, Train IOU: 0.1392, Val IOU: 0.4252, Val DICE: 0.5485
[2021-02-04 12:26:07] Epoch: 17, LR: 0.01000000, Train IOU: 0.1366, Val IOU: 0.3414, Val DICE: 0.4616
[2021-02-04 12:26:40] Epoch: 18, LR: 0.01000000, Train IOU: 0.1337, Val IOU: 0.3263, Val DICE: 0.4457
[2021-02-04 12:27:13] Epoch: 19, LR: 0.01000000, Train IOU: 0.1410, Val IOU: 0.3644, Val DICE: 0.4831
[2021-02-04 12:27:48] Epoch: 20, LR: 0.01000000, Train IOU: 0.1351, Val IOU: 0.3413, Val DICE: 0.4593
[2021-02-04 12:28:20] Epoch: 21, LR: 0.01000000, Train IOU: 0.1345, Val IOU: 0.2499, Val DICE: 0.3508
[2021-02-04 12:28:54] Epoch: 22, LR: 0.01000000, Train IOU: 0.1412, Val IOU: 0.3894, Val DICE: 0.5217
[2021-02-04 12:29:26] Epoch: 23, LR: 0.01000000, Train IOU: 0.1432, Val IOU: 0.3257, Val DICE: 0.4341
[2021-02-04 12:29:59] Epoch: 24, LR: 0.01000000, Train IOU: 0.1359, Val IOU: 0.4453, Val DICE: 0.5734
[2021-02-04 12:30:31] Epoch: 25, LR: 0.01000000, Train IOU: 0.1648, Val IOU: 0.3781, Val DICE: 0.5039
[2021-02-04 12:31:04] Epoch: 26, LR: 0.01000000, Train IOU: 0.1407, Val IOU: 0.4780, Val DICE: 0.6044
[2021-02-04 12:31:38] Epoch: 27, LR: 0.01000000, Train IOU: 0.1421, Val IOU: 0.4556, Val DICE: 0.5810
[2021-02-04 12:32:13] Epoch: 28, LR: 0.01000000, Train IOU: 0.1768, Val IOU: 0.2340, Val DICE: 0.3285
[2021-02-04 12:32:47] Epoch: 29, LR: 0.01000000, Train IOU: 0.1332, Val IOU: 0.5072, Val DICE: 0.6360
[2021-02-04 12:33:20] Epoch: 30, LR: 0.01000000, Train IOU: 0.1243, Val IOU: 0.2847, Val DICE: 0.4010
[2021-02-04 12:33:53] Epoch: 31, LR: 0.01000000, Train IOU: 0.1363, Val IOU: 0.4306, Val DICE: 0.5575
[2021-02-04 12:34:26] Epoch: 32, LR: 0.01000000, Train IOU: 0.1422, Val IOU: 0.4655, Val DICE: 0.5919
[2021-02-04 12:35:00] Epoch: 33, LR: 0.01000000, Train IOU: 0.1438, Val IOU: 0.3633, Val DICE: 0.4868
[2021-02-04 12:35:33] Epoch: 34, LR: 0.01000000, Train IOU: 0.1532, Val IOU: 0.3419, Val DICE: 0.4550
[2021-02-04 12:36:06] Epoch: 35, LR: 0.01000000, Train IOU: 0.1501, Val IOU: 0.4241, Val DICE: 0.5494
[2021-02-04 12:36:39] Epoch: 36, LR: 0.01000000, Train IOU: 0.1391, Val IOU: 0.4362, Val DICE: 0.5667
[2021-02-04 12:37:12] Epoch: 37, LR: 0.01000000, Train IOU: 0.1527, Val IOU: 0.3199, Val DICE: 0.4277
[2021-02-04 12:37:45] Epoch: 38, LR: 0.01000000, Train IOU: 0.1098, Val IOU: 0.2086, Val DICE: 0.2902
[2021-02-04 12:38:19] Epoch: 39, LR: 0.01000000, Train IOU: 0.1249, Val IOU: 0.2867, Val DICE: 0.3929
[2021-02-04 12:38:52] Epoch: 40, LR: 0.01000000, Train IOU: 0.1548, Val IOU: 0.1373, Val DICE: 0.2036
[2021-02-04 12:39:25] Epoch: 41, LR: 0.01000000, Train IOU: 0.1569, Val IOU: 0.4600, Val DICE: 0.5961
[2021-02-04 12:39:59] Epoch: 42, LR: 0.01000000, Train IOU: 0.1213, Val IOU: 0.4419, Val DICE: 0.5721
[2021-02-04 12:40:33] Epoch: 43, LR: 0.01000000, Train IOU: 0.1534, Val IOU: 0.4835, Val DICE: 0.6108
[2021-02-04 12:41:07] Epoch: 44, LR: 0.01000000, Train IOU: 0.1461, Val IOU: 0.5159, Val DICE: 0.6449
[2021-02-04 12:41:40] Epoch: 45, LR: 0.01000000, Train IOU: 0.1494, Val IOU: 0.4893, Val DICE: 0.6272
[2021-02-04 12:42:13] Epoch: 46, LR: 0.01000000, Train IOU: 0.1604, Val IOU: 0.5022, Val DICE: 0.6320
[2021-02-04 12:42:45] Epoch: 47, LR: 0.01000000, Train IOU: 0.1638, Val IOU: 0.4799, Val DICE: 0.6126
[2021-02-04 12:43:18] Epoch: 48, LR: 0.01000000, Train IOU: 0.1510, Val IOU: 0.4021, Val DICE: 0.5234
[2021-02-04 12:43:52] Epoch: 49, LR: 0.01000000, Train IOU: 0.1451, Val IOU: 0.3670, Val DICE: 0.4846
[2021-02-04 12:44:26] Epoch: 50, LR: 0.01000000, Train IOU: 0.1646, Val IOU: 0.5177, Val DICE: 0.6446
[2021-02-04 12:45:00] Epoch: 51, LR: 0.01000000, Train IOU: 0.1577, Val IOU: 0.5043, Val DICE: 0.6323
[2021-02-04 12:45:32] Epoch: 52, LR: 0.01000000, Train IOU: 0.1522, Val IOU: 0.4353, Val DICE: 0.5567
[2021-02-04 12:46:06] Epoch: 53, LR: 0.01000000, Train IOU: 0.1685, Val IOU: 0.4254, Val DICE: 0.5510
[2021-02-04 12:46:39] Epoch: 54, LR: 0.01000000, Train IOU: 0.1267, Val IOU: 0.3604, Val DICE: 0.4735
[2021-02-04 12:47:13] Epoch: 55, LR: 0.01000000, Train IOU: 0.1278, Val IOU: 0.4181, Val DICE: 0.5399
[2021-02-04 12:47:46] Epoch: 56, LR: 0.01000000, Train IOU: 0.1537, Val IOU: 0.4966, Val DICE: 0.6237
[2021-02-04 12:48:20] Epoch: 57, LR: 0.01000000, Train IOU: 0.1560, Val IOU: 0.4528, Val DICE: 0.5846
[2021-02-04 12:48:53] Epoch: 58, LR: 0.01000000, Train IOU: 0.1601, Val IOU: 0.4180, Val DICE: 0.5442
[2021-02-04 12:49:26] Epoch: 59, LR: 0.01000000, Train IOU: 0.1787, Val IOU: 0.4576, Val DICE: 0.5882
[2021-02-04 12:49:59] Epoch: 60, LR: 0.01000000, Train IOU: 0.1630, Val IOU: 0.4739, Val DICE: 0.6051
[2021-02-04 12:50:33] Epoch: 61, LR: 0.00100000, Train IOU: 0.1619, Val IOU: 0.5234, Val DICE: 0.6533
[2021-02-04 12:51:07] Epoch: 62, LR: 0.00100000, Train IOU: 0.1675, Val IOU: 0.5128, Val DICE: 0.6460
[2021-02-04 12:51:40] Epoch: 63, LR: 0.00100000, Train IOU: 0.1626, Val IOU: 0.5349, Val DICE: 0.6683
[2021-02-04 12:52:14] Epoch: 64, LR: 0.00100000, Train IOU: 0.1628, Val IOU: 0.5363, Val DICE: 0.6696
[2021-02-04 12:52:47] Epoch: 65, LR: 0.00100000, Train IOU: 0.1787, Val IOU: 0.5472, Val DICE: 0.6776
[2021-02-04 12:53:20] Epoch: 66, LR: 0.00100000, Train IOU: 0.1653, Val IOU: 0.5357, Val DICE: 0.6689
[2021-02-04 12:53:52] Epoch: 67, LR: 0.00100000, Train IOU: 0.1702, Val IOU: 0.5398, Val DICE: 0.6715
[2021-02-04 12:54:25] Epoch: 68, LR: 0.00100000, Train IOU: 0.1838, Val IOU: 0.5575, Val DICE: 0.6883
[2021-02-04 12:55:00] Epoch: 69, LR: 0.00100000, Train IOU: 0.1547, Val IOU: 0.5395, Val DICE: 0.6702
[2021-02-04 12:55:34] Epoch: 70, LR: 0.00100000, Train IOU: 0.1734, Val IOU: 0.5377, Val DICE: 0.6704
[2021-02-04 12:56:06] Epoch: 71, LR: 0.00100000, Train IOU: 0.1641, Val IOU: 0.5270, Val DICE: 0.6608
[2021-02-04 12:56:39] Epoch: 72, LR: 0.00100000, Train IOU: 0.1780, Val IOU: 0.5262, Val DICE: 0.6618
[2021-02-04 12:57:12] Epoch: 73, LR: 0.00100000, Train IOU: 0.1621, Val IOU: 0.5139, Val DICE: 0.6485
[2021-02-04 12:57:45] Epoch: 74, LR: 0.00100000, Train IOU: 0.1872, Val IOU: 0.5437, Val DICE: 0.6770
[2021-02-04 12:58:18] Epoch: 75, LR: 0.00100000, Train IOU: 0.1497, Val IOU: 0.5466, Val DICE: 0.6775
[2021-02-04 12:58:53] Epoch: 76, LR: 0.00100000, Train IOU: 0.1525, Val IOU: 0.5517, Val DICE: 0.6822
[2021-02-04 12:59:27] Epoch: 77, LR: 0.00100000, Train IOU: 0.1737, Val IOU: 0.5460, Val DICE: 0.6785
[2021-02-04 13:00:00] Epoch: 78, LR: 0.00100000, Train IOU: 0.1751, Val IOU: 0.5818, Val DICE: 0.7109
[2021-02-04 13:00:33] Epoch: 79, LR: 0.00100000, Train IOU: 0.1656, Val IOU: 0.5515, Val DICE: 0.6837
[2021-02-04 13:01:07] Epoch: 80, LR: 0.00100000, Train IOU: 0.1926, Val IOU: 0.5439, Val DICE: 0.6775
[2021-02-04 13:01:41] Epoch: 81, LR: 0.00010000, Train IOU: 0.1730, Val IOU: 0.5455, Val DICE: 0.6808
[2021-02-04 13:02:14] Epoch: 82, LR: 0.00010000, Train IOU: 0.1693, Val IOU: 0.5582, Val DICE: 0.6906
[2021-02-04 13:02:47] Epoch: 83, LR: 0.00010000, Train IOU: 0.1376, Val IOU: 0.5603, Val DICE: 0.6941
[2021-02-04 13:03:21] Epoch: 84, LR: 0.00010000, Train IOU: 0.1901, Val IOU: 0.5481, Val DICE: 0.6815
[2021-02-04 13:03:56] Epoch: 85, LR: 0.00010000, Train IOU: 0.1823, Val IOU: 0.5616, Val DICE: 0.6936
[2021-02-04 13:04:29] Epoch: 86, LR: 0.00010000, Train IOU: 0.1633, Val IOU: 0.5543, Val DICE: 0.6860
[2021-02-04 13:05:02] Epoch: 87, LR: 0.00010000, Train IOU: 0.1724, Val IOU: 0.5643, Val DICE: 0.6966
[2021-02-04 13:05:35] Epoch: 88, LR: 0.00010000, Train IOU: 0.1868, Val IOU: 0.5515, Val DICE: 0.6834
[2021-02-04 13:06:10] Epoch: 89, LR: 0.00010000, Train IOU: 0.1777, Val IOU: 0.5496, Val DICE: 0.6828
[2021-02-04 13:06:42] Epoch: 90, LR: 0.00010000, Train IOU: 0.1729, Val IOU: 0.5512, Val DICE: 0.6844
[2021-02-04 13:07:16] Epoch: 91, LR: 0.00010000, Train IOU: 0.1662, Val IOU: 0.5504, Val DICE: 0.6837
[2021-02-04 13:07:49] Epoch: 92, LR: 0.00010000, Train IOU: 0.1827, Val IOU: 0.5462, Val DICE: 0.6815
[2021-02-04 13:08:22] Epoch: 93, LR: 0.00010000, Train IOU: 0.1764, Val IOU: 0.5519, Val DICE: 0.6857
[2021-02-04 13:08:54] Epoch: 94, LR: 0.00010000, Train IOU: 0.1745, Val IOU: 0.5475, Val DICE: 0.6817
[2021-02-04 13:09:26] Epoch: 95, LR: 0.00010000, Train IOU: 0.1668, Val IOU: 0.5809, Val DICE: 0.7119
[2021-02-04 13:09:59] Epoch: 96, LR: 0.00010000, Train IOU: 0.1781, Val IOU: 0.5579, Val DICE: 0.6921
[2021-02-04 13:10:34] Epoch: 97, LR: 0.00010000, Train IOU: 0.1719, Val IOU: 0.5510, Val DICE: 0.6857
[2021-02-04 13:11:06] Epoch: 98, LR: 0.00010000, Train IOU: 0.1559, Val IOU: 0.5086, Val DICE: 0.6423
[2021-02-04 13:11:40] Epoch: 99, LR: 0.00010000, Train IOU: 0.1733, Val IOU: 0.5680, Val DICE: 0.6997
[2021-02-04 13:12:13] Epoch: 100, LR: 0.00010000, Train IOU: 0.1782, Val IOU: 0.5387, Val DICE: 0.6724
[2021-02-04 13:12:46] Epoch: 101, LR: 0.00010000, Train IOU: 0.1884, Val IOU: 0.5531, Val DICE: 0.6857
[2021-02-04 13:13:20] Epoch: 102, LR: 0.00010000, Train IOU: 0.1705, Val IOU: 0.5510, Val DICE: 0.6839
[2021-02-04 13:13:54] Epoch: 103, LR: 0.00010000, Train IOU: 0.1626, Val IOU: 0.5394, Val DICE: 0.6729
[2021-02-04 13:14:27] Epoch: 104, LR: 0.00010000, Train IOU: 0.1673, Val IOU: 0.5663, Val DICE: 0.6997
[2021-02-04 13:14:59] Epoch: 105, LR: 0.00010000, Train IOU: 0.1531, Val IOU: 0.5765, Val DICE: 0.7090
[2021-02-04 13:15:33] Epoch: 106, LR: 0.00010000, Train IOU: 0.1719, Val IOU: 0.5564, Val DICE: 0.6909
[2021-02-04 13:16:07] Epoch: 107, LR: 0.00010000, Train IOU: 0.1849, Val IOU: 0.5498, Val DICE: 0.6838
[2021-02-04 13:16:40] Epoch: 108, LR: 0.00010000, Train IOU: 0.1778, Val IOU: 0.5446, Val DICE: 0.6777
[2021-02-04 13:17:13] Epoch: 109, LR: 0.00010000, Train IOU: 0.1725, Val IOU: 0.5590, Val DICE: 0.6910
[2021-02-04 13:17:47] Epoch: 110, LR: 0.00010000, Train IOU: 0.1815, Val IOU: 0.5671, Val DICE: 0.6979
[2021-02-04 13:18:21] Epoch: 111, LR: 0.00010000, Train IOU: 0.1824, Val IOU: 0.5373, Val DICE: 0.6709
[2021-02-04 13:18:55] Epoch: 112, LR: 0.00010000, Train IOU: 0.1898, Val IOU: 0.5394, Val DICE: 0.6704
[2021-02-04 13:19:29] Epoch: 113, LR: 0.00010000, Train IOU: 0.1636, Val IOU: 0.5563, Val DICE: 0.6877
[2021-02-04 13:20:02] Epoch: 114, LR: 0.00010000, Train IOU: 0.1833, Val IOU: 0.5416, Val DICE: 0.6747
[2021-02-04 13:20:36] Epoch: 115, LR: 0.00010000, Train IOU: 0.1766, Val IOU: 0.5599, Val DICE: 0.6928
[2021-02-04 13:21:09] Epoch: 116, LR: 0.00010000, Train IOU: 0.1862, Val IOU: 0.5511, Val DICE: 0.6835
[2021-02-04 13:21:42] Epoch: 117, LR: 0.00010000, Train IOU: 0.1626, Val IOU: 0.5637, Val DICE: 0.6951
[2021-02-04 13:22:14] Epoch: 118, LR: 0.00010000, Train IOU: 0.1823, Val IOU: 0.5553, Val DICE: 0.6866
[2021-02-04 13:22:47] Epoch: 119, LR: 0.00010000, Train IOU: 0.1658, Val IOU: 0.5672, Val DICE: 0.6969
[2021-02-04 13:23:21] Epoch: 120, LR: 0.00010000, Train IOU: 0.1566, Val IOU: 0.5793, Val DICE: 0.7092

------------------------------------------------
Best Validation:
	[2021-02-04 13:00:00] Epoch: 78, LR: 0.00100000, Train IOU: 0.1751, Val IOU: 0.5818, Val DICE: 0.7109
------------------------------------------------

There are 1 classes!
[Train fold] 356 samples
[Validation fold] 88 samples

--------------------------------------------
verbose: False
optimizer: adam
epochs: 120
batch_size: 32
learning_rate: 0.01
min_learning_rate: 1e-07
get_path: False
weighted_loss: False
plateau_scheduler: False
steps_best: False
steps_scheduler: True
binary_problem: False
multilabel_problem: False
damaged_problem: False
segmentation_problem: True
masks_overlays: 0
selected_class: Hueco
img_size: 512
crop_size: 512
model_name: unet_extra_small
checkpoint: 
data_mod: 
pretrained: False
fold: 4
output_dir: results/segmentation/fold4/Hueco/unet_extra_small_adam_512to512_lr0.01/
data_augmentation: True
histogram_matching: False

-------------- START TRAINING --------------
[2021-02-04 13:24:03] Epoch: 1, LR: 0.01000000, Train IOU: 0.0168, Val IOU: 0.0000, Val DICE: 0.0000
[2021-02-04 13:24:36] Epoch: 2, LR: 0.01000000, Train IOU: 0.0000, Val IOU: 0.0000, Val DICE: 0.0000
[2021-02-04 13:25:10] Epoch: 3, LR: 0.01000000, Train IOU: 0.0000, Val IOU: 0.0255, Val DICE: 0.0367
[2021-02-04 13:25:44] Epoch: 4, LR: 0.01000000, Train IOU: 0.0338, Val IOU: 0.0950, Val DICE: 0.1478
[2021-02-04 13:26:17] Epoch: 5, LR: 0.01000000, Train IOU: 0.0974, Val IOU: 0.3705, Val DICE: 0.5061
[2021-02-04 13:26:51] Epoch: 6, LR: 0.01000000, Train IOU: 0.1307, Val IOU: 0.0913, Val DICE: 0.1379
[2021-02-04 13:27:25] Epoch: 7, LR: 0.01000000, Train IOU: 0.1126, Val IOU: 0.3279, Val DICE: 0.4473
[2021-02-04 13:27:59] Epoch: 8, LR: 0.01000000, Train IOU: 0.1216, Val IOU: 0.3172, Val DICE: 0.4244
[2021-02-04 13:28:32] Epoch: 9, LR: 0.01000000, Train IOU: 0.1218, Val IOU: 0.3944, Val DICE: 0.5214
[2021-02-04 13:29:07] Epoch: 10, LR: 0.01000000, Train IOU: 0.1202, Val IOU: 0.3447, Val DICE: 0.4582
[2021-02-04 13:29:40] Epoch: 11, LR: 0.01000000, Train IOU: 0.1204, Val IOU: 0.3368, Val DICE: 0.4553
[2021-02-04 13:30:13] Epoch: 12, LR: 0.01000000, Train IOU: 0.1038, Val IOU: 0.3425, Val DICE: 0.4516
[2021-02-04 13:30:47] Epoch: 13, LR: 0.01000000, Train IOU: 0.1326, Val IOU: 0.2352, Val DICE: 0.3199
[2021-02-04 13:31:21] Epoch: 14, LR: 0.01000000, Train IOU: 0.1290, Val IOU: 0.2295, Val DICE: 0.3369
[2021-02-04 13:31:54] Epoch: 15, LR: 0.01000000, Train IOU: 0.1231, Val IOU: 0.3358, Val DICE: 0.4678
[2021-02-04 13:32:28] Epoch: 16, LR: 0.01000000, Train IOU: 0.1307, Val IOU: 0.4207, Val DICE: 0.5449
[2021-02-04 13:33:00] Epoch: 17, LR: 0.01000000, Train IOU: 0.1248, Val IOU: 0.2420, Val DICE: 0.3353
[2021-02-04 13:33:34] Epoch: 18, LR: 0.01000000, Train IOU: 0.1336, Val IOU: 0.4490, Val DICE: 0.5794
[2021-02-04 13:34:09] Epoch: 19, LR: 0.01000000, Train IOU: 0.1545, Val IOU: 0.3611, Val DICE: 0.4717
[2021-02-04 13:34:42] Epoch: 20, LR: 0.01000000, Train IOU: 0.1586, Val IOU: 0.4776, Val DICE: 0.6092
[2021-02-04 13:35:14] Epoch: 21, LR: 0.01000000, Train IOU: 0.1088, Val IOU: 0.3753, Val DICE: 0.4967
[2021-02-04 13:35:47] Epoch: 22, LR: 0.01000000, Train IOU: 0.1375, Val IOU: 0.3492, Val DICE: 0.4708
[2021-02-04 13:36:20] Epoch: 23, LR: 0.01000000, Train IOU: 0.1420, Val IOU: 0.3995, Val DICE: 0.5230
[2021-02-04 13:36:54] Epoch: 24, LR: 0.01000000, Train IOU: 0.1459, Val IOU: 0.3640, Val DICE: 0.4811
[2021-02-04 13:37:28] Epoch: 25, LR: 0.01000000, Train IOU: 0.1434, Val IOU: 0.4277, Val DICE: 0.5528
[2021-02-04 13:38:01] Epoch: 26, LR: 0.01000000, Train IOU: 0.1560, Val IOU: 0.4125, Val DICE: 0.5386
[2021-02-04 13:38:35] Epoch: 27, LR: 0.01000000, Train IOU: 0.1539, Val IOU: 0.4355, Val DICE: 0.5741
[2021-02-04 13:39:07] Epoch: 28, LR: 0.01000000, Train IOU: 0.1650, Val IOU: 0.3468, Val DICE: 0.4546
[2021-02-04 13:39:40] Epoch: 29, LR: 0.01000000, Train IOU: 0.1448, Val IOU: 0.3891, Val DICE: 0.5039
[2021-02-04 13:40:15] Epoch: 30, LR: 0.01000000, Train IOU: 0.1317, Val IOU: 0.5142, Val DICE: 0.6444
[2021-02-04 13:40:48] Epoch: 31, LR: 0.01000000, Train IOU: 0.1504, Val IOU: 0.4278, Val DICE: 0.5663
[2021-02-04 13:41:21] Epoch: 32, LR: 0.01000000, Train IOU: 0.1600, Val IOU: 0.4497, Val DICE: 0.5872
[2021-02-04 13:41:54] Epoch: 33, LR: 0.01000000, Train IOU: 0.1468, Val IOU: 0.4934, Val DICE: 0.6294
[2021-02-04 13:42:28] Epoch: 34, LR: 0.01000000, Train IOU: 0.1360, Val IOU: 0.4032, Val DICE: 0.5227
[2021-02-04 13:43:02] Epoch: 35, LR: 0.01000000, Train IOU: 0.1404, Val IOU: 0.4636, Val DICE: 0.5977
[2021-02-04 13:43:36] Epoch: 36, LR: 0.01000000, Train IOU: 0.1385, Val IOU: 0.4321, Val DICE: 0.5700
[2021-02-04 13:44:09] Epoch: 37, LR: 0.01000000, Train IOU: 0.1348, Val IOU: 0.4180, Val DICE: 0.5449
[2021-02-04 13:44:43] Epoch: 38, LR: 0.01000000, Train IOU: 0.1509, Val IOU: 0.4391, Val DICE: 0.5648
[2021-02-04 13:45:16] Epoch: 39, LR: 0.01000000, Train IOU: 0.1362, Val IOU: 0.5370, Val DICE: 0.6732
[2021-02-04 13:45:51] Epoch: 40, LR: 0.01000000, Train IOU: 0.1430, Val IOU: 0.4813, Val DICE: 0.6098
[2021-02-04 13:46:23] Epoch: 41, LR: 0.01000000, Train IOU: 0.1649, Val IOU: 0.4901, Val DICE: 0.6214
[2021-02-04 13:46:56] Epoch: 42, LR: 0.01000000, Train IOU: 0.1653, Val IOU: 0.4762, Val DICE: 0.6110
[2021-02-04 13:47:30] Epoch: 43, LR: 0.01000000, Train IOU: 0.1435, Val IOU: 0.4022, Val DICE: 0.5286
[2021-02-04 13:48:03] Epoch: 44, LR: 0.01000000, Train IOU: 0.1637, Val IOU: 0.4895, Val DICE: 0.6208
[2021-02-04 13:48:35] Epoch: 45, LR: 0.01000000, Train IOU: 0.1411, Val IOU: 0.3604, Val DICE: 0.4699
[2021-02-04 13:49:07] Epoch: 46, LR: 0.01000000, Train IOU: 0.1566, Val IOU: 0.2059, Val DICE: 0.2857
[2021-02-04 13:49:41] Epoch: 47, LR: 0.01000000, Train IOU: 0.1364, Val IOU: 0.3391, Val DICE: 0.4619
[2021-02-04 13:50:14] Epoch: 48, LR: 0.01000000, Train IOU: 0.1211, Val IOU: 0.3745, Val DICE: 0.5014
[2021-02-04 13:50:48] Epoch: 49, LR: 0.01000000, Train IOU: 0.1536, Val IOU: 0.3357, Val DICE: 0.4572
[2021-02-04 13:51:22] Epoch: 50, LR: 0.01000000, Train IOU: 0.1486, Val IOU: 0.3767, Val DICE: 0.4925
[2021-02-04 13:51:55] Epoch: 51, LR: 0.01000000, Train IOU: 0.1450, Val IOU: 0.4289, Val DICE: 0.5581
[2021-02-04 13:52:28] Epoch: 52, LR: 0.01000000, Train IOU: 0.1562, Val IOU: 0.5062, Val DICE: 0.6384
[2021-02-04 13:53:02] Epoch: 53, LR: 0.01000000, Train IOU: 0.1581, Val IOU: 0.4513, Val DICE: 0.5829
[2021-02-04 13:53:35] Epoch: 54, LR: 0.01000000, Train IOU: 0.1633, Val IOU: 0.4829, Val DICE: 0.6128
[2021-02-04 13:54:09] Epoch: 55, LR: 0.01000000, Train IOU: 0.1500, Val IOU: 0.4445, Val DICE: 0.5641
[2021-02-04 13:54:44] Epoch: 56, LR: 0.01000000, Train IOU: 0.1752, Val IOU: 0.4492, Val DICE: 0.5843
[2021-02-04 13:55:16] Epoch: 57, LR: 0.01000000, Train IOU: 0.1449, Val IOU: 0.5057, Val DICE: 0.6337
[2021-02-04 13:55:52] Epoch: 58, LR: 0.01000000, Train IOU: 0.1487, Val IOU: 0.4457, Val DICE: 0.5754
[2021-02-04 13:56:26] Epoch: 59, LR: 0.01000000, Train IOU: 0.1574, Val IOU: 0.4810, Val DICE: 0.6171
[2021-02-04 13:57:00] Epoch: 60, LR: 0.01000000, Train IOU: 0.1603, Val IOU: 0.5002, Val DICE: 0.6268
[2021-02-04 13:57:33] Epoch: 61, LR: 0.00100000, Train IOU: 0.1645, Val IOU: 0.5386, Val DICE: 0.6630
[2021-02-04 13:58:08] Epoch: 62, LR: 0.00100000, Train IOU: 0.1642, Val IOU: 0.5334, Val DICE: 0.6595
[2021-02-04 13:58:42] Epoch: 63, LR: 0.00100000, Train IOU: 0.1583, Val IOU: 0.5713, Val DICE: 0.6977
[2021-02-04 13:59:16] Epoch: 64, LR: 0.00100000, Train IOU: 0.1518, Val IOU: 0.5793, Val DICE: 0.7063
[2021-02-04 13:59:50] Epoch: 65, LR: 0.00100000, Train IOU: 0.1872, Val IOU: 0.5915, Val DICE: 0.7176
[2021-02-04 14:00:23] Epoch: 66, LR: 0.00100000, Train IOU: 0.1819, Val IOU: 0.6039, Val DICE: 0.7316
[2021-02-04 14:00:56] Epoch: 67, LR: 0.00100000, Train IOU: 0.1778, Val IOU: 0.5836, Val DICE: 0.7120
[2021-02-04 14:01:29] Epoch: 68, LR: 0.00100000, Train IOU: 0.1587, Val IOU: 0.5813, Val DICE: 0.7090
[2021-02-04 14:02:02] Epoch: 69, LR: 0.00100000, Train IOU: 0.1531, Val IOU: 0.5826, Val DICE: 0.7105
[2021-02-04 14:02:36] Epoch: 70, LR: 0.00100000, Train IOU: 0.1544, Val IOU: 0.5851, Val DICE: 0.7127
[2021-02-04 14:03:10] Epoch: 71, LR: 0.00100000, Train IOU: 0.1565, Val IOU: 0.5897, Val DICE: 0.7163
[2021-02-04 14:03:45] Epoch: 72, LR: 0.00100000, Train IOU: 0.1725, Val IOU: 0.6038, Val DICE: 0.7300
[2021-02-04 14:04:18] Epoch: 73, LR: 0.00100000, Train IOU: 0.1663, Val IOU: 0.5753, Val DICE: 0.7039
[2021-02-04 14:04:52] Epoch: 74, LR: 0.00100000, Train IOU: 0.1659, Val IOU: 0.5788, Val DICE: 0.7066
[2021-02-04 14:05:25] Epoch: 75, LR: 0.00100000, Train IOU: 0.1792, Val IOU: 0.5830, Val DICE: 0.7098
[2021-02-04 14:05:58] Epoch: 76, LR: 0.00100000, Train IOU: 0.1942, Val IOU: 0.5925, Val DICE: 0.7179
[2021-02-04 14:06:32] Epoch: 77, LR: 0.00100000, Train IOU: 0.1797, Val IOU: 0.5923, Val DICE: 0.7194
[2021-02-04 14:07:05] Epoch: 78, LR: 0.00100000, Train IOU: 0.1719, Val IOU: 0.5949, Val DICE: 0.7205
[2021-02-04 14:07:39] Epoch: 79, LR: 0.00100000, Train IOU: 0.1797, Val IOU: 0.5984, Val DICE: 0.7227
[2021-02-04 14:08:12] Epoch: 80, LR: 0.00100000, Train IOU: 0.1777, Val IOU: 0.6081, Val DICE: 0.7325
[2021-02-04 14:08:47] Epoch: 81, LR: 0.00010000, Train IOU: 0.1665, Val IOU: 0.5957, Val DICE: 0.7212
[2021-02-04 14:09:22] Epoch: 82, LR: 0.00010000, Train IOU: 0.1621, Val IOU: 0.6138, Val DICE: 0.7379
[2021-02-04 14:09:56] Epoch: 83, LR: 0.00010000, Train IOU: 0.1586, Val IOU: 0.5964, Val DICE: 0.7216
[2021-02-04 14:10:30] Epoch: 84, LR: 0.00010000, Train IOU: 0.1492, Val IOU: 0.5995, Val DICE: 0.7253
[2021-02-04 14:11:02] Epoch: 85, LR: 0.00010000, Train IOU: 0.1686, Val IOU: 0.5954, Val DICE: 0.7205
[2021-02-04 14:11:36] Epoch: 86, LR: 0.00010000, Train IOU: 0.1745, Val IOU: 0.6104, Val DICE: 0.7348
[2021-02-04 14:12:10] Epoch: 87, LR: 0.00010000, Train IOU: 0.1731, Val IOU: 0.6016, Val DICE: 0.7250
[2021-02-04 14:12:44] Epoch: 88, LR: 0.00010000, Train IOU: 0.1891, Val IOU: 0.6073, Val DICE: 0.7319
[2021-02-04 14:13:17] Epoch: 89, LR: 0.00010000, Train IOU: 0.1687, Val IOU: 0.6093, Val DICE: 0.7351
[2021-02-04 14:13:50] Epoch: 90, LR: 0.00010000, Train IOU: 0.1668, Val IOU: 0.6084, Val DICE: 0.7339
[2021-02-04 14:14:24] Epoch: 91, LR: 0.00010000, Train IOU: 0.1802, Val IOU: 0.6156, Val DICE: 0.7387
[2021-02-04 14:14:58] Epoch: 92, LR: 0.00010000, Train IOU: 0.1810, Val IOU: 0.5997, Val DICE: 0.7247
[2021-02-04 14:15:31] Epoch: 93, LR: 0.00010000, Train IOU: 0.1614, Val IOU: 0.6068, Val DICE: 0.7314
[2021-02-04 14:16:05] Epoch: 94, LR: 0.00010000, Train IOU: 0.1792, Val IOU: 0.6162, Val DICE: 0.7397
[2021-02-04 14:16:39] Epoch: 95, LR: 0.00010000, Train IOU: 0.1885, Val IOU: 0.6030, Val DICE: 0.7275
[2021-02-04 14:17:13] Epoch: 96, LR: 0.00010000, Train IOU: 0.1668, Val IOU: 0.6017, Val DICE: 0.7261
[2021-02-04 14:17:47] Epoch: 97, LR: 0.00010000, Train IOU: 0.1763, Val IOU: 0.6008, Val DICE: 0.7258
[2021-02-04 14:18:20] Epoch: 98, LR: 0.00010000, Train IOU: 0.1667, Val IOU: 0.5947, Val DICE: 0.7205
[2021-02-04 14:18:52] Epoch: 99, LR: 0.00010000, Train IOU: 0.1675, Val IOU: 0.5960, Val DICE: 0.7202
[2021-02-04 14:19:27] Epoch: 100, LR: 0.00010000, Train IOU: 0.1636, Val IOU: 0.5951, Val DICE: 0.7201
[2021-02-04 14:20:01] Epoch: 101, LR: 0.00010000, Train IOU: 0.1723, Val IOU: 0.5768, Val DICE: 0.7016
[2021-02-04 14:20:35] Epoch: 102, LR: 0.00010000, Train IOU: 0.1754, Val IOU: 0.6071, Val DICE: 0.7325
[2021-02-04 14:21:09] Epoch: 103, LR: 0.00010000, Train IOU: 0.1725, Val IOU: 0.6058, Val DICE: 0.7314
[2021-02-04 14:21:43] Epoch: 104, LR: 0.00010000, Train IOU: 0.1696, Val IOU: 0.6105, Val DICE: 0.7350
[2021-02-04 14:22:16] Epoch: 105, LR: 0.00010000, Train IOU: 0.1826, Val IOU: 0.6091, Val DICE: 0.7336
[2021-02-04 14:22:49] Epoch: 106, LR: 0.00010000, Train IOU: 0.1804, Val IOU: 0.6108, Val DICE: 0.7354
[2021-02-04 14:23:23] Epoch: 107, LR: 0.00010000, Train IOU: 0.1741, Val IOU: 0.6023, Val DICE: 0.7272
[2021-02-04 14:23:56] Epoch: 108, LR: 0.00010000, Train IOU: 0.1665, Val IOU: 0.5641, Val DICE: 0.6921
[2021-02-04 14:24:30] Epoch: 109, LR: 0.00010000, Train IOU: 0.1891, Val IOU: 0.5968, Val DICE: 0.7215
[2021-02-04 14:25:05] Epoch: 110, LR: 0.00010000, Train IOU: 0.1646, Val IOU: 0.5920, Val DICE: 0.7165
[2021-02-04 14:25:39] Epoch: 111, LR: 0.00010000, Train IOU: 0.1695, Val IOU: 0.5906, Val DICE: 0.7169
[2021-02-04 14:26:12] Epoch: 112, LR: 0.00010000, Train IOU: 0.1558, Val IOU: 0.6034, Val DICE: 0.7278
[2021-02-04 14:26:44] Epoch: 113, LR: 0.00010000, Train IOU: 0.1771, Val IOU: 0.6058, Val DICE: 0.7298
[2021-02-04 14:27:16] Epoch: 114, LR: 0.00010000, Train IOU: 0.1639, Val IOU: 0.6157, Val DICE: 0.7388
[2021-02-04 14:27:49] Epoch: 115, LR: 0.00010000, Train IOU: 0.1586, Val IOU: 0.5937, Val DICE: 0.7192
[2021-02-04 14:28:23] Epoch: 116, LR: 0.00010000, Train IOU: 0.1725, Val IOU: 0.6048, Val DICE: 0.7294
[2021-02-04 14:28:56] Epoch: 117, LR: 0.00010000, Train IOU: 0.1618, Val IOU: 0.5869, Val DICE: 0.7126
[2021-02-04 14:29:29] Epoch: 118, LR: 0.00010000, Train IOU: 0.1733, Val IOU: 0.6003, Val DICE: 0.7260
[2021-02-04 14:30:02] Epoch: 119, LR: 0.00010000, Train IOU: 0.1757, Val IOU: 0.6090, Val DICE: 0.7335
[2021-02-04 14:30:35] Epoch: 120, LR: 0.00010000, Train IOU: 0.1719, Val IOU: 0.6092, Val DICE: 0.7335

------------------------------------------------
Best Validation:
	[2021-02-04 14:16:05] Epoch: 94, LR: 0.00010000, Train IOU: 0.1792, Val IOU: 0.6162, Val DICE: 0.7397
------------------------------------------------

