
---- Start ----

Pretrained-> Remember at end: transforms.Normalize(mean=[0.485, 0.456, 0.406], std=[0.229, 0.224, 0.225])
ResNet(
  (conv1): Conv2d(3, 64, kernel_size=(7, 7), stride=(2, 2), padding=(3, 3), bias=False)
  (bn1): BatchNorm2d(64, eps=1e-05, momentum=0.1, affine=True, track_running_stats=True)
  (relu): ReLU(inplace=True)
  (maxpool): MaxPool2d(kernel_size=3, stride=2, padding=1, dilation=1, ceil_mode=False)
  (layer1): Sequential(
    (0): Bottleneck(
      (conv1): Conv2d(64, 64, kernel_size=(1, 1), stride=(1, 1), bias=False)
      (bn1): BatchNorm2d(64, eps=1e-05, momentum=0.1, affine=True, track_running_stats=True)
      (conv2): Conv2d(64, 64, kernel_size=(3, 3), stride=(1, 1), padding=(1, 1), bias=False)
      (bn2): BatchNorm2d(64, eps=1e-05, momentum=0.1, affine=True, track_running_stats=True)
      (conv3): Conv2d(64, 256, kernel_size=(1, 1), stride=(1, 1), bias=False)
      (bn3): BatchNorm2d(256, eps=1e-05, momentum=0.1, affine=True, track_running_stats=True)
      (relu): ReLU(inplace=True)
      (downsample): Sequential(
        (0): Conv2d(64, 256, kernel_size=(1, 1), stride=(1, 1), bias=False)
        (1): BatchNorm2d(256, eps=1e-05, momentum=0.1, affine=True, track_running_stats=True)
      )
    )
    (1): Bottleneck(
      (conv1): Conv2d(256, 64, kernel_size=(1, 1), stride=(1, 1), bias=False)
      (bn1): BatchNorm2d(64, eps=1e-05, momentum=0.1, affine=True, track_running_stats=True)
      (conv2): Conv2d(64, 64, kernel_size=(3, 3), stride=(1, 1), padding=(1, 1), bias=False)
      (bn2): BatchNorm2d(64, eps=1e-05, momentum=0.1, affine=True, track_running_stats=True)
      (conv3): Conv2d(64, 256, kernel_size=(1, 1), stride=(1, 1), bias=False)
      (bn3): BatchNorm2d(256, eps=1e-05, momentum=0.1, affine=True, track_running_stats=True)
      (relu): ReLU(inplace=True)
    )
    (2): Bottleneck(
      (conv1): Conv2d(256, 64, kernel_size=(1, 1), stride=(1, 1), bias=False)
      (bn1): BatchNorm2d(64, eps=1e-05, momentum=0.1, affine=True, track_running_stats=True)
      (conv2): Conv2d(64, 64, kernel_size=(3, 3), stride=(1, 1), padding=(1, 1), bias=False)
      (bn2): BatchNorm2d(64, eps=1e-05, momentum=0.1, affine=True, track_running_stats=True)
      (conv3): Conv2d(64, 256, kernel_size=(1, 1), stride=(1, 1), bias=False)
      (bn3): BatchNorm2d(256, eps=1e-05, momentum=0.1, affine=True, track_running_stats=True)
      (relu): ReLU(inplace=True)
    )
  )
  (layer2): Sequential(
    (0): Bottleneck(
      (conv1): Conv2d(256, 128, kernel_size=(1, 1), stride=(1, 1), bias=False)
      (bn1): BatchNorm2d(128, eps=1e-05, momentum=0.1, affine=True, track_running_stats=True)
      (conv2): Conv2d(128, 128, kernel_size=(3, 3), stride=(2, 2), padding=(1, 1), bias=False)
      (bn2): BatchNorm2d(128, eps=1e-05, momentum=0.1, affine=True, track_running_stats=True)
      (conv3): Conv2d(128, 512, kernel_size=(1, 1), stride=(1, 1), bias=False)
      (bn3): BatchNorm2d(512, eps=1e-05, momentum=0.1, affine=True, track_running_stats=True)
      (relu): ReLU(inplace=True)
      (downsample): Sequential(
        (0): Conv2d(256, 512, kernel_size=(1, 1), stride=(2, 2), bias=False)
        (1): BatchNorm2d(512, eps=1e-05, momentum=0.1, affine=True, track_running_stats=True)
      )
    )
    (1): Bottleneck(
      (conv1): Conv2d(512, 128, kernel_size=(1, 1), stride=(1, 1), bias=False)
      (bn1): BatchNorm2d(128, eps=1e-05, momentum=0.1, affine=True, track_running_stats=True)
      (conv2): Conv2d(128, 128, kernel_size=(3, 3), stride=(1, 1), padding=(1, 1), bias=False)
      (bn2): BatchNorm2d(128, eps=1e-05, momentum=0.1, affine=True, track_running_stats=True)
      (conv3): Conv2d(128, 512, kernel_size=(1, 1), stride=(1, 1), bias=False)
      (bn3): BatchNorm2d(512, eps=1e-05, momentum=0.1, affine=True, track_running_stats=True)
      (relu): ReLU(inplace=True)
    )
    (2): Bottleneck(
      (conv1): Conv2d(512, 128, kernel_size=(1, 1), stride=(1, 1), bias=False)
      (bn1): BatchNorm2d(128, eps=1e-05, momentum=0.1, affine=True, track_running_stats=True)
      (conv2): Conv2d(128, 128, kernel_size=(3, 3), stride=(1, 1), padding=(1, 1), bias=False)
      (bn2): BatchNorm2d(128, eps=1e-05, momentum=0.1, affine=True, track_running_stats=True)
      (conv3): Conv2d(128, 512, kernel_size=(1, 1), stride=(1, 1), bias=False)
      (bn3): BatchNorm2d(512, eps=1e-05, momentum=0.1, affine=True, track_running_stats=True)
      (relu): ReLU(inplace=True)
    )
    (3): Bottleneck(
      (conv1): Conv2d(512, 128, kernel_size=(1, 1), stride=(1, 1), bias=False)
      (bn1): BatchNorm2d(128, eps=1e-05, momentum=0.1, affine=True, track_running_stats=True)
      (conv2): Conv2d(128, 128, kernel_size=(3, 3), stride=(1, 1), padding=(1, 1), bias=False)
      (bn2): BatchNorm2d(128, eps=1e-05, momentum=0.1, affine=True, track_running_stats=True)
      (conv3): Conv2d(128, 512, kernel_size=(1, 1), stride=(1, 1), bias=False)
      (bn3): BatchNorm2d(512, eps=1e-05, momentum=0.1, affine=True, track_running_stats=True)
      (relu): ReLU(inplace=True)
    )
  )
  (layer3): Sequential(
    (0): Bottleneck(
      (conv1): Conv2d(512, 256, kernel_size=(1, 1), stride=(1, 1), bias=False)
      (bn1): BatchNorm2d(256, eps=1e-05, momentum=0.1, affine=True, track_running_stats=True)
      (conv2): Conv2d(256, 256, kernel_size=(3, 3), stride=(2, 2), padding=(1, 1), bias=False)
      (bn2): BatchNorm2d(256, eps=1e-05, momentum=0.1, affine=True, track_running_stats=True)
      (conv3): Conv2d(256, 1024, kernel_size=(1, 1), stride=(1, 1), bias=False)
      (bn3): BatchNorm2d(1024, eps=1e-05, momentum=0.1, affine=True, track_running_stats=True)
      (relu): ReLU(inplace=True)
      (downsample): Sequential(
        (0): Conv2d(512, 1024, kernel_size=(1, 1), stride=(2, 2), bias=False)
        (1): BatchNorm2d(1024, eps=1e-05, momentum=0.1, affine=True, track_running_stats=True)
      )
    )
    (1): Bottleneck(
      (conv1): Conv2d(1024, 256, kernel_size=(1, 1), stride=(1, 1), bias=False)
      (bn1): BatchNorm2d(256, eps=1e-05, momentum=0.1, affine=True, track_running_stats=True)
      (conv2): Conv2d(256, 256, kernel_size=(3, 3), stride=(1, 1), padding=(1, 1), bias=False)
      (bn2): BatchNorm2d(256, eps=1e-05, momentum=0.1, affine=True, track_running_stats=True)
      (conv3): Conv2d(256, 1024, kernel_size=(1, 1), stride=(1, 1), bias=False)
      (bn3): BatchNorm2d(1024, eps=1e-05, momentum=0.1, affine=True, track_running_stats=True)
      (relu): ReLU(inplace=True)
    )
    (2): Bottleneck(
      (conv1): Conv2d(1024, 256, kernel_size=(1, 1), stride=(1, 1), bias=False)
      (bn1): BatchNorm2d(256, eps=1e-05, momentum=0.1, affine=True, track_running_stats=True)
      (conv2): Conv2d(256, 256, kernel_size=(3, 3), stride=(1, 1), padding=(1, 1), bias=False)
      (bn2): BatchNorm2d(256, eps=1e-05, momentum=0.1, affine=True, track_running_stats=True)
      (conv3): Conv2d(256, 1024, kernel_size=(1, 1), stride=(1, 1), bias=False)
      (bn3): BatchNorm2d(1024, eps=1e-05, momentum=0.1, affine=True, track_running_stats=True)
      (relu): ReLU(inplace=True)
    )
    (3): Bottleneck(
      (conv1): Conv2d(1024, 256, kernel_size=(1, 1), stride=(1, 1), bias=False)
      (bn1): BatchNorm2d(256, eps=1e-05, momentum=0.1, affine=True, track_running_stats=True)
      (conv2): Conv2d(256, 256, kernel_size=(3, 3), stride=(1, 1), padding=(1, 1), bias=False)
      (bn2): BatchNorm2d(256, eps=1e-05, momentum=0.1, affine=True, track_running_stats=True)
      (conv3): Conv2d(256, 1024, kernel_size=(1, 1), stride=(1, 1), bias=False)
      (bn3): BatchNorm2d(1024, eps=1e-05, momentum=0.1, affine=True, track_running_stats=True)
      (relu): ReLU(inplace=True)
    )
    (4): Bottleneck(
      (conv1): Conv2d(1024, 256, kernel_size=(1, 1), stride=(1, 1), bias=False)
      (bn1): BatchNorm2d(256, eps=1e-05, momentum=0.1, affine=True, track_running_stats=True)
      (conv2): Conv2d(256, 256, kernel_size=(3, 3), stride=(1, 1), padding=(1, 1), bias=False)
      (bn2): BatchNorm2d(256, eps=1e-05, momentum=0.1, affine=True, track_running_stats=True)
      (conv3): Conv2d(256, 1024, kernel_size=(1, 1), stride=(1, 1), bias=False)
      (bn3): BatchNorm2d(1024, eps=1e-05, momentum=0.1, affine=True, track_running_stats=True)
      (relu): ReLU(inplace=True)
    )
    (5): Bottleneck(
      (conv1): Conv2d(1024, 256, kernel_size=(1, 1), stride=(1, 1), bias=False)
      (bn1): BatchNorm2d(256, eps=1e-05, momentum=0.1, affine=True, track_running_stats=True)
      (conv2): Conv2d(256, 256, kernel_size=(3, 3), stride=(1, 1), padding=(1, 1), bias=False)
      (bn2): BatchNorm2d(256, eps=1e-05, momentum=0.1, affine=True, track_running_stats=True)
      (conv3): Conv2d(256, 1024, kernel_size=(1, 1), stride=(1, 1), bias=False)
      (bn3): BatchNorm2d(1024, eps=1e-05, momentum=0.1, affine=True, track_running_stats=True)
      (relu): ReLU(inplace=True)
    )
  )
  (layer4): Sequential(
    (0): Bottleneck(
      (conv1): Conv2d(1024, 512, kernel_size=(1, 1), stride=(1, 1), bias=False)
      (bn1): BatchNorm2d(512, eps=1e-05, momentum=0.1, affine=True, track_running_stats=True)
      (conv2): Conv2d(512, 512, kernel_size=(3, 3), stride=(2, 2), padding=(1, 1), bias=False)
      (bn2): BatchNorm2d(512, eps=1e-05, momentum=0.1, affine=True, track_running_stats=True)
      (conv3): Conv2d(512, 2048, kernel_size=(1, 1), stride=(1, 1), bias=False)
      (bn3): BatchNorm2d(2048, eps=1e-05, momentum=0.1, affine=True, track_running_stats=True)
      (relu): ReLU(inplace=True)
      (downsample): Sequential(
        (0): Conv2d(1024, 2048, kernel_size=(1, 1), stride=(2, 2), bias=False)
        (1): BatchNorm2d(2048, eps=1e-05, momentum=0.1, affine=True, track_running_stats=True)
      )
    )
    (1): Bottleneck(
      (conv1): Conv2d(2048, 512, kernel_size=(1, 1), stride=(1, 1), bias=False)
      (bn1): BatchNorm2d(512, eps=1e-05, momentum=0.1, affine=True, track_running_stats=True)
      (conv2): Conv2d(512, 512, kernel_size=(3, 3), stride=(1, 1), padding=(1, 1), bias=False)
      (bn2): BatchNorm2d(512, eps=1e-05, momentum=0.1, affine=True, track_running_stats=True)
      (conv3): Conv2d(512, 2048, kernel_size=(1, 1), stride=(1, 1), bias=False)
      (bn3): BatchNorm2d(2048, eps=1e-05, momentum=0.1, affine=True, track_running_stats=True)
      (relu): ReLU(inplace=True)
    )
    (2): Bottleneck(
      (conv1): Conv2d(2048, 512, kernel_size=(1, 1), stride=(1, 1), bias=False)
      (bn1): BatchNorm2d(512, eps=1e-05, momentum=0.1, affine=True, track_running_stats=True)
      (conv2): Conv2d(512, 512, kernel_size=(3, 3), stride=(1, 1), padding=(1, 1), bias=False)
      (bn2): BatchNorm2d(512, eps=1e-05, momentum=0.1, affine=True, track_running_stats=True)
      (conv3): Conv2d(512, 2048, kernel_size=(1, 1), stride=(1, 1), bias=False)
      (bn3): BatchNorm2d(2048, eps=1e-05, momentum=0.1, affine=True, track_running_stats=True)
      (relu): ReLU(inplace=True)
    )
  )
  (avgpool): AdaptiveAvgPool2d(output_size=(1, 1))
  (fc): Linear(in_features=2048, out_features=9, bias=True)
)
Loaded Class weights!
Weights: [6.626878130217029, 6.4439935064935066, 3.1023837436498636, 43.14673913043478, 20.567357512953368, 16.006048387096776, 6.632414369256474, 21.284182305630026, 25.28343949044586]

--------------------------------------------
min_learning_rate: 1e-07
plateau_scheduler: False
pretrained: True
data_augmentation: True
batch_size: 128
crop_size: 224
verbose: False
steps_scheduler: True
model_name: resnet50
validation_size: 0.15
optimizer: adam
steps_best: False
weighted_loss: True
epochs: 200
learning_rate: 0.001
output_dir: results/resnet50_adam_256to224_lr0.001_DA_pretrained_weightedLoss/
img_size: 256

-------------- START TRAINING --------------
[2019-09-23 11:18:59] Epoch: 1, LR: 0.00100000, Train Accuracy: 33.6585, Val Accuracy: 5.2020
[2019-09-23 11:20:40] Epoch: 2, LR: 0.00100000, Train Accuracy: 40.4878, Val Accuracy: 8.0042
[2019-09-23 11:22:21] Epoch: 3, LR: 0.00100000, Train Accuracy: 51.7073, Val Accuracy: 18.6913
[2019-09-23 11:24:01] Epoch: 4, LR: 0.00100000, Train Accuracy: 64.6341, Val Accuracy: 6.9459
[2019-09-23 11:25:42] Epoch: 5, LR: 0.00100000, Train Accuracy: 69.9187, Val Accuracy: 45.3719
[2019-09-23 11:27:22] Epoch: 6, LR: 0.00100000, Train Accuracy: 67.9675, Val Accuracy: 29.3188
[2019-09-23 11:29:04] Epoch: 7, LR: 0.00100000, Train Accuracy: 78.0488, Val Accuracy: 67.2977
[2019-09-23 11:30:44] Epoch: 8, LR: 0.00100000, Train Accuracy: 77.3171, Val Accuracy: 51.4980
[2019-09-23 11:32:25] Epoch: 9, LR: 0.00100000, Train Accuracy: 76.9919, Val Accuracy: 47.0711
[2019-09-23 11:34:05] Epoch: 10, LR: 0.00100000, Train Accuracy: 74.4715, Val Accuracy: 45.4911
[2019-09-23 11:35:46] Epoch: 11, LR: 0.00100000, Train Accuracy: 79.7561, Val Accuracy: 67.6107
[2019-09-23 11:37:27] Epoch: 12, LR: 0.00100000, Train Accuracy: 77.7236, Val Accuracy: 74.4075
[2019-09-23 11:39:08] Epoch: 13, LR: 0.00100000, Train Accuracy: 83.1707, Val Accuracy: 71.9034
[2019-09-23 11:40:49] Epoch: 14, LR: 0.00100000, Train Accuracy: 82.8455, Val Accuracy: 82.9781
[2019-09-23 11:42:29] Epoch: 15, LR: 0.00100000, Train Accuracy: 80.4065, Val Accuracy: 77.6420
[2019-09-23 11:44:10] Epoch: 16, LR: 0.00100000, Train Accuracy: 81.4634, Val Accuracy: 81.4428
[2019-09-23 11:45:50] Epoch: 17, LR: 0.00100000, Train Accuracy: 82.7642, Val Accuracy: 72.5742
[2019-09-23 11:47:31] Epoch: 18, LR: 0.00100000, Train Accuracy: 83.5772, Val Accuracy: 84.6624
[2019-09-23 11:49:12] Epoch: 19, LR: 0.00100000, Train Accuracy: 86.0976, Val Accuracy: 78.5661
[2019-09-23 11:50:52] Epoch: 20, LR: 0.00100000, Train Accuracy: 85.7724, Val Accuracy: 83.0377
[2019-09-23 11:52:33] Epoch: 21, LR: 0.00100000, Train Accuracy: 86.6667, Val Accuracy: 77.6718
[2019-09-23 11:54:13] Epoch: 22, LR: 0.00100000, Train Accuracy: 84.9593, Val Accuracy: 83.6488
[2019-09-23 11:55:54] Epoch: 23, LR: 0.00100000, Train Accuracy: 87.6423, Val Accuracy: 83.8128
[2019-09-23 11:57:35] Epoch: 24, LR: 0.00100000, Train Accuracy: 88.5366, Val Accuracy: 85.5567
[2019-09-23 11:59:15] Epoch: 25, LR: 0.00100000, Train Accuracy: 87.8049, Val Accuracy: 83.1271
[2019-09-23 12:00:56] Epoch: 26, LR: 0.00100000, Train Accuracy: 86.3415, Val Accuracy: 85.5418
[2019-09-23 12:02:36] Epoch: 27, LR: 0.00100000, Train Accuracy: 90.4065, Val Accuracy: 85.1841
[2019-09-23 12:04:17] Epoch: 28, LR: 0.00100000, Train Accuracy: 90.0000, Val Accuracy: 82.3521
[2019-09-23 12:05:57] Epoch: 29, LR: 0.00100000, Train Accuracy: 86.9919, Val Accuracy: 75.1379
[2019-09-23 12:07:38] Epoch: 30, LR: 0.00100000, Train Accuracy: 88.0488, Val Accuracy: 74.8845
[2019-09-23 12:09:18] Epoch: 31, LR: 0.00100000, Train Accuracy: 90.4065, Val Accuracy: 81.9049
[2019-09-23 12:10:59] Epoch: 32, LR: 0.00100000, Train Accuracy: 87.8862, Val Accuracy: 80.6827
[2019-09-23 12:12:39] Epoch: 33, LR: 0.00100000, Train Accuracy: 85.3659, Val Accuracy: 78.3276
[2019-09-23 12:14:20] Epoch: 34, LR: 0.00100000, Train Accuracy: 85.0407, Val Accuracy: 69.0267
[2019-09-23 12:16:00] Epoch: 35, LR: 0.00100000, Train Accuracy: 86.9106, Val Accuracy: 82.2328
[2019-09-23 12:17:41] Epoch: 36, LR: 0.00100000, Train Accuracy: 87.3171, Val Accuracy: 81.3087
[2019-09-23 12:19:22] Epoch: 37, LR: 0.00100000, Train Accuracy: 89.7561, Val Accuracy: 83.3805
[2019-09-23 12:21:02] Epoch: 38, LR: 0.00100000, Train Accuracy: 87.7236, Val Accuracy: 75.2124
[2019-09-23 12:22:43] Epoch: 39, LR: 0.00100000, Train Accuracy: 90.8130, Val Accuracy: 80.7572
[2019-09-23 12:24:24] Epoch: 40, LR: 0.00100000, Train Accuracy: 91.3008, Val Accuracy: 88.6421
[2019-09-23 12:26:04] Epoch: 41, LR: 0.00100000, Train Accuracy: 91.6260, Val Accuracy: 87.0025
[2019-09-23 12:27:45] Epoch: 42, LR: 0.00100000, Train Accuracy: 92.0325, Val Accuracy: 88.4185
[2019-09-23 12:29:26] Epoch: 43, LR: 0.00100000, Train Accuracy: 92.9268, Val Accuracy: 89.1191
[2019-09-23 12:31:07] Epoch: 44, LR: 0.00100000, Train Accuracy: 91.1382, Val Accuracy: 84.9754
[2019-09-23 12:32:47] Epoch: 45, LR: 0.00100000, Train Accuracy: 92.6016, Val Accuracy: 86.6597
[2019-09-23 12:34:28] Epoch: 46, LR: 0.00100000, Train Accuracy: 91.2195, Val Accuracy: 78.9984
[2019-09-23 12:36:08] Epoch: 47, LR: 0.00100000, Train Accuracy: 89.9187, Val Accuracy: 69.8614
[2019-09-23 12:37:49] Epoch: 48, LR: 0.00100000, Train Accuracy: 90.5691, Val Accuracy: 73.9305
[2019-09-23 12:39:29] Epoch: 49, LR: 0.00100000, Train Accuracy: 91.2195, Val Accuracy: 69.4142
[2019-09-23 12:41:09] Epoch: 50, LR: 0.00100000, Train Accuracy: 90.2439, Val Accuracy: 75.8235
[2019-09-23 12:42:50] Epoch: 51, LR: 0.00100000, Train Accuracy: 91.8699, Val Accuracy: 85.3331
[2019-09-23 12:44:31] Epoch: 52, LR: 0.00100000, Train Accuracy: 93.0081, Val Accuracy: 84.6475
[2019-09-23 12:46:11] Epoch: 53, LR: 0.00100000, Train Accuracy: 93.4959, Val Accuracy: 86.8386
[2019-09-23 12:47:52] Epoch: 54, LR: 0.00100000, Train Accuracy: 94.6341, Val Accuracy: 87.8521
[2019-09-23 12:49:33] Epoch: 55, LR: 0.00100000, Train Accuracy: 92.2764, Val Accuracy: 75.4211
[2019-09-23 12:51:13] Epoch: 56, LR: 0.00100000, Train Accuracy: 91.5447, Val Accuracy: 79.0133
[2019-09-23 12:52:54] Epoch: 57, LR: 0.00100000, Train Accuracy: 90.8943, Val Accuracy: 82.5011
[2019-09-23 12:54:19] Epoch: 58, LR: 0.00100000, Train Accuracy: 92.3577, Val Accuracy: 83.9618
[2019-09-23 12:55:44] Epoch: 59, LR: 0.00100000, Train Accuracy: 91.2195, Val Accuracy: 85.9144
[2019-09-23 12:57:09] Epoch: 60, LR: 0.00100000, Train Accuracy: 92.8455, Val Accuracy: 85.8250
[2019-09-23 12:58:33] Epoch: 61, LR: 0.00100000, Train Accuracy: 93.3333, Val Accuracy: 84.2749
[2019-09-23 12:59:58] Epoch: 62, LR: 0.00100000, Train Accuracy: 93.9024, Val Accuracy: 89.0446
[2019-09-23 13:01:23] Epoch: 63, LR: 0.00100000, Train Accuracy: 95.2033, Val Accuracy: 89.4619
[2019-09-23 13:02:50] Epoch: 64, LR: 0.00100000, Train Accuracy: 95.0407, Val Accuracy: 87.1516
[2019-09-23 13:04:15] Epoch: 65, LR: 0.00100000, Train Accuracy: 94.2276, Val Accuracy: 85.8250
[2019-09-23 13:05:42] Epoch: 66, LR: 0.00100000, Train Accuracy: 93.4959, Val Accuracy: 89.9836
[2019-09-23 13:07:07] Epoch: 67, LR: 0.00100000, Train Accuracy: 92.1951, Val Accuracy: 86.5405
[2019-09-23 13:08:33] Epoch: 68, LR: 0.00100000, Train Accuracy: 92.0325, Val Accuracy: 86.2871
[2019-09-23 13:09:58] Epoch: 69, LR: 0.00100000, Train Accuracy: 91.3821, Val Accuracy: 82.1434
[2019-09-23 13:11:24] Epoch: 70, LR: 0.00100000, Train Accuracy: 94.4715, Val Accuracy: 88.1652
[2019-09-23 13:12:51] Epoch: 71, LR: 0.00010000, Train Accuracy: 94.6341, Val Accuracy: 90.2370
[2019-09-23 13:14:17] Epoch: 72, LR: 0.00010000, Train Accuracy: 96.0976, Val Accuracy: 90.8332
[2019-09-23 13:15:43] Epoch: 73, LR: 0.00010000, Train Accuracy: 96.5854, Val Accuracy: 91.3549
[2019-09-23 13:17:08] Epoch: 74, LR: 0.00010000, Train Accuracy: 96.7480, Val Accuracy: 91.2953
[2019-09-23 13:18:33] Epoch: 75, LR: 0.00010000, Train Accuracy: 97.0732, Val Accuracy: 91.3549
[2019-09-23 13:19:59] Epoch: 76, LR: 0.00010000, Train Accuracy: 96.9106, Val Accuracy: 91.5636
[2019-09-23 13:21:25] Epoch: 77, LR: 0.00010000, Train Accuracy: 96.8293, Val Accuracy: 91.5338
[2019-09-23 13:22:50] Epoch: 78, LR: 0.00010000, Train Accuracy: 97.4797, Val Accuracy: 91.7275
[2019-09-23 13:24:16] Epoch: 79, LR: 0.00010000, Train Accuracy: 97.3984, Val Accuracy: 92.0256
[2019-09-23 13:25:42] Epoch: 80, LR: 0.00010000, Train Accuracy: 96.9106, Val Accuracy: 92.0853
[2019-09-23 13:27:08] Epoch: 81, LR: 0.00010000, Train Accuracy: 98.1301, Val Accuracy: 92.1002
[2019-09-23 13:28:34] Epoch: 82, LR: 0.00010000, Train Accuracy: 98.3740, Val Accuracy: 92.2939
[2019-09-23 13:29:59] Epoch: 83, LR: 0.00010000, Train Accuracy: 97.4797, Val Accuracy: 92.3088
[2019-09-23 13:31:24] Epoch: 84, LR: 0.00010000, Train Accuracy: 98.5366, Val Accuracy: 92.2045
[2019-09-23 13:32:50] Epoch: 85, LR: 0.00010000, Train Accuracy: 97.8049, Val Accuracy: 92.3536
[2019-09-23 13:34:15] Epoch: 86, LR: 0.00010000, Train Accuracy: 98.3740, Val Accuracy: 92.4281
[2019-09-23 13:35:40] Epoch: 87, LR: 0.00010000, Train Accuracy: 97.8049, Val Accuracy: 92.5175
[2019-09-23 13:37:05] Epoch: 88, LR: 0.00010000, Train Accuracy: 98.2927, Val Accuracy: 92.5324
[2019-09-23 13:38:31] Epoch: 89, LR: 0.00010000, Train Accuracy: 97.4797, Val Accuracy: 92.6517
[2019-09-23 13:39:56] Epoch: 90, LR: 0.00010000, Train Accuracy: 97.9675, Val Accuracy: 92.6069
[2019-09-23 13:41:21] Epoch: 91, LR: 0.00010000, Train Accuracy: 98.3740, Val Accuracy: 92.7709
[2019-09-23 13:42:46] Epoch: 92, LR: 0.00010000, Train Accuracy: 98.0488, Val Accuracy: 92.6666
[2019-09-23 13:44:12] Epoch: 93, LR: 0.00010000, Train Accuracy: 98.2927, Val Accuracy: 92.7411
[2019-09-23 13:45:38] Epoch: 94, LR: 0.00010000, Train Accuracy: 97.9675, Val Accuracy: 92.6666
[2019-09-23 13:47:03] Epoch: 95, LR: 0.00010000, Train Accuracy: 98.0488, Val Accuracy: 92.6815
[2019-09-23 13:48:29] Epoch: 96, LR: 0.00010000, Train Accuracy: 97.8049, Val Accuracy: 92.7113
[2019-09-23 13:49:54] Epoch: 97, LR: 0.00010000, Train Accuracy: 97.8862, Val Accuracy: 92.7262
[2019-09-23 13:51:21] Epoch: 98, LR: 0.00010000, Train Accuracy: 97.8862, Val Accuracy: 92.7709
[2019-09-23 13:52:47] Epoch: 99, LR: 0.00010000, Train Accuracy: 98.0488, Val Accuracy: 92.5771
[2019-09-23 13:54:12] Epoch: 100, LR: 0.00010000, Train Accuracy: 98.0488, Val Accuracy: 92.6964
[2019-09-23 13:55:37] Epoch: 101, LR: 0.00010000, Train Accuracy: 98.1301, Val Accuracy: 92.8156
[2019-09-23 13:57:02] Epoch: 102, LR: 0.00010000, Train Accuracy: 98.2927, Val Accuracy: 92.5920
[2019-09-23 13:58:28] Epoch: 103, LR: 0.00010000, Train Accuracy: 98.2114, Val Accuracy: 92.6517
[2019-09-23 13:59:54] Epoch: 104, LR: 0.00010000, Train Accuracy: 97.8862, Val Accuracy: 92.6964
[2019-09-23 14:01:19] Epoch: 105, LR: 0.00010000, Train Accuracy: 98.0488, Val Accuracy: 92.6368
[2019-09-23 14:02:45] Epoch: 106, LR: 0.00010000, Train Accuracy: 98.1301, Val Accuracy: 92.9051
[2019-09-23 14:04:10] Epoch: 107, LR: 0.00010000, Train Accuracy: 98.6992, Val Accuracy: 92.9498
[2019-09-23 14:05:35] Epoch: 108, LR: 0.00010000, Train Accuracy: 97.5610, Val Accuracy: 92.7262
[2019-09-23 14:07:00] Epoch: 109, LR: 0.00010000, Train Accuracy: 98.4553, Val Accuracy: 92.9498
[2019-09-23 14:08:26] Epoch: 110, LR: 0.00010000, Train Accuracy: 98.2927, Val Accuracy: 93.0243
[2019-09-23 14:09:51] Epoch: 111, LR: 0.00010000, Train Accuracy: 98.2927, Val Accuracy: 92.9349
[2019-09-23 14:11:16] Epoch: 112, LR: 0.00010000, Train Accuracy: 98.5366, Val Accuracy: 92.8007
[2019-09-23 14:12:41] Epoch: 113, LR: 0.00010000, Train Accuracy: 98.4553, Val Accuracy: 92.6368
[2019-09-23 14:14:07] Epoch: 114, LR: 0.00010000, Train Accuracy: 98.2114, Val Accuracy: 92.8007
[2019-09-23 14:15:33] Epoch: 115, LR: 0.00010000, Train Accuracy: 98.2114, Val Accuracy: 92.9498
[2019-09-23 14:16:58] Epoch: 116, LR: 0.00010000, Train Accuracy: 98.6992, Val Accuracy: 92.9200
[2019-09-23 14:18:23] Epoch: 117, LR: 0.00010000, Train Accuracy: 97.8049, Val Accuracy: 92.6964
[2019-09-23 14:19:48] Epoch: 118, LR: 0.00010000, Train Accuracy: 98.8618, Val Accuracy: 92.8901
[2019-09-23 14:21:13] Epoch: 119, LR: 0.00010000, Train Accuracy: 98.4553, Val Accuracy: 92.9349
[2019-09-23 14:22:38] Epoch: 120, LR: 0.00010000, Train Accuracy: 98.5366, Val Accuracy: 93.0541
[2019-09-23 14:24:03] Epoch: 121, LR: 0.00010000, Train Accuracy: 98.6179, Val Accuracy: 92.8603
[2019-09-23 14:25:31] Epoch: 122, LR: 0.00010000, Train Accuracy: 98.6992, Val Accuracy: 92.8603
[2019-09-23 14:26:58] Epoch: 123, LR: 0.00010000, Train Accuracy: 98.3740, Val Accuracy: 92.9051
[2019-09-23 14:28:25] Epoch: 124, LR: 0.00010000, Train Accuracy: 98.2927, Val Accuracy: 92.8901
[2019-09-23 14:29:51] Epoch: 125, LR: 0.00010000, Train Accuracy: 98.1301, Val Accuracy: 92.9945
[2019-09-23 14:31:18] Epoch: 126, LR: 0.00010000, Train Accuracy: 99.0244, Val Accuracy: 93.0094
[2019-09-23 14:32:44] Epoch: 127, LR: 0.00010000, Train Accuracy: 98.8618, Val Accuracy: 92.8007
[2019-09-23 14:34:10] Epoch: 128, LR: 0.00010000, Train Accuracy: 98.0488, Val Accuracy: 92.9051
[2019-09-23 14:35:38] Epoch: 129, LR: 0.00010000, Train Accuracy: 98.4553, Val Accuracy: 92.8305
[2019-09-23 14:37:04] Epoch: 130, LR: 0.00010000, Train Accuracy: 98.1301, Val Accuracy: 92.9200
[2019-09-23 14:38:30] Epoch: 131, LR: 0.00001000, Train Accuracy: 98.7805, Val Accuracy: 92.8901
[2019-09-23 14:39:56] Epoch: 132, LR: 0.00001000, Train Accuracy: 98.4553, Val Accuracy: 92.9051
[2019-09-23 14:41:23] Epoch: 133, LR: 0.00001000, Train Accuracy: 99.0244, Val Accuracy: 92.8901
[2019-09-23 14:42:47] Epoch: 134, LR: 0.00001000, Train Accuracy: 97.7236, Val Accuracy: 92.8305
[2019-09-23 14:44:12] Epoch: 135, LR: 0.00001000, Train Accuracy: 98.5366, Val Accuracy: 92.8752
[2019-09-23 14:45:37] Epoch: 136, LR: 0.00001000, Train Accuracy: 99.0244, Val Accuracy: 92.8454
[2019-09-23 14:47:02] Epoch: 137, LR: 0.00001000, Train Accuracy: 99.1057, Val Accuracy: 92.9200
[2019-09-23 14:48:27] Epoch: 138, LR: 0.00001000, Train Accuracy: 98.4553, Val Accuracy: 92.8752
[2019-09-23 14:49:52] Epoch: 139, LR: 0.00001000, Train Accuracy: 98.6992, Val Accuracy: 92.8752
[2019-09-23 14:51:17] Epoch: 140, LR: 0.00001000, Train Accuracy: 98.8618, Val Accuracy: 92.8901
[2019-09-23 14:52:42] Epoch: 141, LR: 0.00001000, Train Accuracy: 98.4553, Val Accuracy: 92.8156
[2019-09-23 14:54:07] Epoch: 142, LR: 0.00001000, Train Accuracy: 98.6179, Val Accuracy: 92.8901
[2019-09-23 14:55:32] Epoch: 143, LR: 0.00001000, Train Accuracy: 98.1301, Val Accuracy: 92.8901
[2019-09-23 14:56:57] Epoch: 144, LR: 0.00001000, Train Accuracy: 98.9431, Val Accuracy: 92.8156
[2019-09-23 14:58:21] Epoch: 145, LR: 0.00001000, Train Accuracy: 98.5366, Val Accuracy: 92.9051
[2019-09-23 14:59:46] Epoch: 146, LR: 0.00001000, Train Accuracy: 98.6179, Val Accuracy: 92.9200
[2019-09-23 15:01:11] Epoch: 147, LR: 0.00001000, Train Accuracy: 98.8618, Val Accuracy: 92.9200
[2019-09-23 15:02:36] Epoch: 148, LR: 0.00001000, Train Accuracy: 99.0244, Val Accuracy: 92.9349
[2019-09-23 15:04:01] Epoch: 149, LR: 0.00001000, Train Accuracy: 98.6992, Val Accuracy: 92.9200
[2019-09-23 15:05:25] Epoch: 150, LR: 0.00001000, Train Accuracy: 99.0244, Val Accuracy: 92.8603
[2019-09-23 15:06:50] Epoch: 151, LR: 0.00001000, Train Accuracy: 98.6179, Val Accuracy: 92.9051
[2019-09-23 15:08:15] Epoch: 152, LR: 0.00001000, Train Accuracy: 99.1057, Val Accuracy: 92.8901
[2019-09-23 15:09:40] Epoch: 153, LR: 0.00001000, Train Accuracy: 98.9431, Val Accuracy: 92.8752
[2019-09-23 15:11:04] Epoch: 154, LR: 0.00001000, Train Accuracy: 98.7805, Val Accuracy: 92.9349
[2019-09-23 15:12:29] Epoch: 155, LR: 0.00001000, Train Accuracy: 99.1870, Val Accuracy: 92.9796
[2019-09-23 15:13:54] Epoch: 156, LR: 0.00001000, Train Accuracy: 98.7805, Val Accuracy: 92.8603
[2019-09-23 15:15:19] Epoch: 157, LR: 0.00001000, Train Accuracy: 98.8618, Val Accuracy: 92.9498
[2019-09-23 15:16:44] Epoch: 158, LR: 0.00001000, Train Accuracy: 98.6992, Val Accuracy: 92.9796
[2019-09-23 15:18:09] Epoch: 159, LR: 0.00001000, Train Accuracy: 98.7805, Val Accuracy: 93.0541
[2019-09-23 15:19:34] Epoch: 160, LR: 0.00001000, Train Accuracy: 99.1057, Val Accuracy: 92.8007
[2019-09-23 15:21:01] Epoch: 161, LR: 0.00001000, Train Accuracy: 99.1870, Val Accuracy: 92.9498
[2019-09-23 15:22:26] Epoch: 162, LR: 0.00001000, Train Accuracy: 98.7805, Val Accuracy: 92.9796
[2019-09-23 15:23:53] Epoch: 163, LR: 0.00001000, Train Accuracy: 99.1057, Val Accuracy: 92.9200
[2019-09-23 15:25:18] Epoch: 164, LR: 0.00001000, Train Accuracy: 98.6992, Val Accuracy: 92.8752
[2019-09-23 15:26:43] Epoch: 165, LR: 0.00001000, Train Accuracy: 98.8618, Val Accuracy: 92.8454
[2019-09-23 15:28:08] Epoch: 166, LR: 0.00001000, Train Accuracy: 98.6179, Val Accuracy: 92.8752
[2019-09-23 15:29:34] Epoch: 167, LR: 0.00001000, Train Accuracy: 99.1870, Val Accuracy: 92.9647
[2019-09-23 15:30:58] Epoch: 168, LR: 0.00001000, Train Accuracy: 98.7805, Val Accuracy: 92.9945
[2019-09-23 15:32:23] Epoch: 169, LR: 0.00001000, Train Accuracy: 99.0244, Val Accuracy: 92.9349
[2019-09-23 15:33:48] Epoch: 170, LR: 0.00001000, Train Accuracy: 99.1057, Val Accuracy: 92.9647
[2019-09-23 15:35:13] Epoch: 171, LR: 0.00000100, Train Accuracy: 98.6992, Val Accuracy: 92.8454
[2019-09-23 15:36:38] Epoch: 172, LR: 0.00000100, Train Accuracy: 99.0244, Val Accuracy: 92.9200
[2019-09-23 15:38:03] Epoch: 173, LR: 0.00000100, Train Accuracy: 99.4309, Val Accuracy: 92.8156
[2019-09-23 15:39:28] Epoch: 174, LR: 0.00000100, Train Accuracy: 98.6179, Val Accuracy: 92.9200
[2019-09-23 15:40:53] Epoch: 175, LR: 0.00000100, Train Accuracy: 98.5366, Val Accuracy: 92.9945
[2019-09-23 15:42:17] Epoch: 176, LR: 0.00000100, Train Accuracy: 99.1057, Val Accuracy: 92.9498
[2019-09-23 15:43:42] Epoch: 177, LR: 0.00000100, Train Accuracy: 98.8618, Val Accuracy: 92.9051
[2019-09-23 15:45:07] Epoch: 178, LR: 0.00000100, Train Accuracy: 99.0244, Val Accuracy: 92.9349
[2019-09-23 15:46:32] Epoch: 179, LR: 0.00000100, Train Accuracy: 98.5366, Val Accuracy: 92.9200
[2019-09-23 15:47:57] Epoch: 180, LR: 0.00000100, Train Accuracy: 99.2683, Val Accuracy: 92.7709
[2019-09-23 15:49:21] Epoch: 181, LR: 0.00000100, Train Accuracy: 98.6992, Val Accuracy: 92.8901
[2019-09-23 15:50:46] Epoch: 182, LR: 0.00000100, Train Accuracy: 98.5366, Val Accuracy: 92.9498
[2019-09-23 15:52:11] Epoch: 183, LR: 0.00000100, Train Accuracy: 98.4553, Val Accuracy: 93.0094
[2019-09-23 15:53:37] Epoch: 184, LR: 0.00000100, Train Accuracy: 98.7805, Val Accuracy: 92.9647
[2019-09-23 15:55:03] Epoch: 185, LR: 0.00000100, Train Accuracy: 99.3496, Val Accuracy: 93.0243
[2019-09-23 15:56:28] Epoch: 186, LR: 0.00000100, Train Accuracy: 98.9431, Val Accuracy: 92.8305
[2019-09-23 15:57:53] Epoch: 187, LR: 0.00000100, Train Accuracy: 98.5366, Val Accuracy: 92.9051
[2019-09-23 15:59:17] Epoch: 188, LR: 0.00000100, Train Accuracy: 98.2114, Val Accuracy: 92.9200
[2019-09-23 16:00:42] Epoch: 189, LR: 0.00000100, Train Accuracy: 98.8618, Val Accuracy: 92.9051
[2019-09-23 16:02:08] Epoch: 190, LR: 0.00000100, Train Accuracy: 98.5366, Val Accuracy: 92.9945
[2019-09-23 16:03:33] Epoch: 191, LR: 0.00000100, Train Accuracy: 98.7805, Val Accuracy: 93.0392
[2019-09-23 16:04:58] Epoch: 192, LR: 0.00000100, Train Accuracy: 99.1870, Val Accuracy: 92.8603
[2019-09-23 16:06:24] Epoch: 193, LR: 0.00000100, Train Accuracy: 98.4553, Val Accuracy: 92.8752
[2019-09-23 16:07:50] Epoch: 194, LR: 0.00000100, Train Accuracy: 99.1870, Val Accuracy: 92.8454
[2019-09-23 16:09:15] Epoch: 195, LR: 0.00000100, Train Accuracy: 98.8618, Val Accuracy: 92.9647
[2019-09-23 16:10:40] Epoch: 196, LR: 0.00000100, Train Accuracy: 98.6179, Val Accuracy: 92.9051
[2019-09-23 16:12:05] Epoch: 197, LR: 0.00000100, Train Accuracy: 99.4309, Val Accuracy: 92.9796
[2019-09-23 16:13:31] Epoch: 198, LR: 0.00000100, Train Accuracy: 99.1870, Val Accuracy: 93.0392
[2019-09-23 16:14:56] Epoch: 199, LR: 0.00000100, Train Accuracy: 98.6179, Val Accuracy: 92.8901
[2019-09-23 16:16:22] Epoch: 200, LR: 0.00000100, Train Accuracy: 98.6992, Val Accuracy: 93.0243

------------------------------------------------
Best Validation Accuracy 93.0541 at epoch 120
------------------------------------------------

---------------- Train Analysis ----------------
Accuracy of Grietas transversales : 93.34% 
Accuracy of Marca vial : 96.89% 
Accuracy of Sin daño : 97.06% 
Accuracy of Grietas en forma de piel de cocodrilo : 95.42% 
Accuracy of Parcheo : 83.38% 
Accuracy of Huecos : 77.88% 
Accuracy of Grietas longitudinales : 89.32% 
Accuracy of Alcantarillado : 95.87% 
Accuracy of Meteorización y desprendimiento : 88.72% 
