
---- Start ----

Hay 1 clases!
[Train] 800 muestras
[Validacion] 159 muestras

--------------------------------------------
verbose: False
optimizer: adam
epochs: 120
batch_size: 32
learning_rate: 0.01
min_learning_rate: 1e-07
get_path: False
weighted_loss: False
plateau_scheduler: False
steps_best: False
steps_scheduler: True
binary_problem: False
damaged_problem: False
segmentation_problem: True
masks_overlays: 20
cutmix: False
selected_class: Grietas longitudinales
img_size: 512
crop_size: 512
model_name: unet_extra_small
pretrained: False
validation_size: 0.15
output_dir: results/segmentation/Grietas longitudinales/unet_extra_small_adam_512to512_lr0.01/
data_augmentation: True

-------------- START TRAINING --------------
[2020-09-17 15:43:27] Epoch: 1, LR: 0.01000000, Train IOU: 0.0060, Val IOU: 0.0000
[2020-09-17 15:44:43] Epoch: 2, LR: 0.01000000, Train IOU: 0.0100, Val IOU: 0.4571
[2020-09-17 15:46:00] Epoch: 3, LR: 0.01000000, Train IOU: 0.1232, Val IOU: 0.2319
[2020-09-17 15:47:17] Epoch: 4, LR: 0.01000000, Train IOU: 0.1341, Val IOU: 0.3776
[2020-09-17 15:48:34] Epoch: 5, LR: 0.01000000, Train IOU: 0.1359, Val IOU: 0.5503
[2020-09-17 15:49:53] Epoch: 6, LR: 0.01000000, Train IOU: 0.1360, Val IOU: 0.4726
[2020-09-17 15:51:11] Epoch: 7, LR: 0.01000000, Train IOU: 0.1402, Val IOU: 0.4512
[2020-09-17 15:52:29] Epoch: 8, LR: 0.01000000, Train IOU: 0.1459, Val IOU: 0.5338
[2020-09-17 15:53:45] Epoch: 9, LR: 0.01000000, Train IOU: 0.1361, Val IOU: 0.5285
[2020-09-17 15:55:01] Epoch: 10, LR: 0.01000000, Train IOU: 0.1428, Val IOU: 0.5953
[2020-09-17 15:56:18] Epoch: 11, LR: 0.01000000, Train IOU: 0.1317, Val IOU: 0.5845
[2020-09-17 15:57:35] Epoch: 12, LR: 0.01000000, Train IOU: 0.1389, Val IOU: 0.6297
[2020-09-17 15:58:54] Epoch: 13, LR: 0.01000000, Train IOU: 0.1413, Val IOU: 0.5435
[2020-09-17 16:00:11] Epoch: 14, LR: 0.01000000, Train IOU: 0.1332, Val IOU: 0.5850
[2020-09-17 16:01:28] Epoch: 15, LR: 0.01000000, Train IOU: 0.1326, Val IOU: 0.5676
[2020-09-17 16:02:44] Epoch: 16, LR: 0.01000000, Train IOU: 0.1439, Val IOU: 0.5462
[2020-09-17 16:04:01] Epoch: 17, LR: 0.01000000, Train IOU: 0.1366, Val IOU: 0.5530
[2020-09-17 16:05:17] Epoch: 18, LR: 0.01000000, Train IOU: 0.1375, Val IOU: 0.5824
[2020-09-17 16:06:36] Epoch: 19, LR: 0.01000000, Train IOU: 0.1340, Val IOU: 0.5682
[2020-09-17 16:07:54] Epoch: 20, LR: 0.01000000, Train IOU: 0.1470, Val IOU: 0.6374
[2020-09-17 16:09:10] Epoch: 21, LR: 0.01000000, Train IOU: 0.1392, Val IOU: 0.6159
[2020-09-17 16:10:27] Epoch: 22, LR: 0.01000000, Train IOU: 0.1413, Val IOU: 0.5900
[2020-09-17 16:11:43] Epoch: 23, LR: 0.01000000, Train IOU: 0.1447, Val IOU: 0.6180
[2020-09-17 16:13:01] Epoch: 24, LR: 0.01000000, Train IOU: 0.1362, Val IOU: 0.6610
[2020-09-17 16:14:19] Epoch: 25, LR: 0.01000000, Train IOU: 0.1386, Val IOU: 0.4802
[2020-09-17 16:15:36] Epoch: 26, LR: 0.01000000, Train IOU: 0.1376, Val IOU: 0.6362
[2020-09-17 16:16:53] Epoch: 27, LR: 0.01000000, Train IOU: 0.1397, Val IOU: 0.6195
[2020-09-17 16:18:11] Epoch: 28, LR: 0.01000000, Train IOU: 0.1347, Val IOU: 0.5591
[2020-09-17 16:19:28] Epoch: 29, LR: 0.01000000, Train IOU: 0.1482, Val IOU: 0.5891
[2020-09-17 16:20:44] Epoch: 30, LR: 0.01000000, Train IOU: 0.1410, Val IOU: 0.6366
[2020-09-17 16:22:01] Epoch: 31, LR: 0.01000000, Train IOU: 0.1446, Val IOU: 0.6472
[2020-09-17 16:23:19] Epoch: 32, LR: 0.01000000, Train IOU: 0.1547, Val IOU: 0.6356
[2020-09-17 16:24:34] Epoch: 33, LR: 0.01000000, Train IOU: 0.1315, Val IOU: 0.6695
[2020-09-17 16:25:49] Epoch: 34, LR: 0.01000000, Train IOU: 0.1487, Val IOU: 0.6129
[2020-09-17 16:27:07] Epoch: 35, LR: 0.01000000, Train IOU: 0.1419, Val IOU: 0.6230
[2020-09-17 16:28:22] Epoch: 36, LR: 0.01000000, Train IOU: 0.1535, Val IOU: 0.6551
[2020-09-17 16:29:41] Epoch: 37, LR: 0.01000000, Train IOU: 0.1448, Val IOU: 0.6382
[2020-09-17 16:30:58] Epoch: 38, LR: 0.01000000, Train IOU: 0.1528, Val IOU: 0.6439
[2020-09-17 16:32:16] Epoch: 39, LR: 0.01000000, Train IOU: 0.1449, Val IOU: 0.6660
[2020-09-17 16:33:34] Epoch: 40, LR: 0.01000000, Train IOU: 0.1478, Val IOU: 0.6596
[2020-09-17 16:34:52] Epoch: 41, LR: 0.01000000, Train IOU: 0.1586, Val IOU: 0.6442
[2020-09-17 16:36:09] Epoch: 42, LR: 0.01000000, Train IOU: 0.1381, Val IOU: 0.6732
[2020-09-17 16:37:27] Epoch: 43, LR: 0.01000000, Train IOU: 0.1475, Val IOU: 0.6507
[2020-09-17 16:38:45] Epoch: 44, LR: 0.01000000, Train IOU: 0.1397, Val IOU: 0.6482
[2020-09-17 16:40:03] Epoch: 45, LR: 0.01000000, Train IOU: 0.1508, Val IOU: 0.6713
[2020-09-17 16:41:20] Epoch: 46, LR: 0.01000000, Train IOU: 0.1425, Val IOU: 0.6560
[2020-09-17 16:42:38] Epoch: 47, LR: 0.01000000, Train IOU: 0.1604, Val IOU: 0.6625
[2020-09-17 16:43:55] Epoch: 48, LR: 0.01000000, Train IOU: 0.1399, Val IOU: 0.6589
[2020-09-17 16:45:13] Epoch: 49, LR: 0.01000000, Train IOU: 0.1533, Val IOU: 0.6597
[2020-09-17 16:46:29] Epoch: 50, LR: 0.01000000, Train IOU: 0.1473, Val IOU: 0.6546
[2020-09-17 16:47:49] Epoch: 51, LR: 0.00100000, Train IOU: 0.1422, Val IOU: 0.6790
[2020-09-17 16:49:07] Epoch: 52, LR: 0.00100000, Train IOU: 0.1526, Val IOU: 0.6793
[2020-09-17 16:50:25] Epoch: 53, LR: 0.00100000, Train IOU: 0.1521, Val IOU: 0.6811
[2020-09-17 16:51:41] Epoch: 54, LR: 0.00100000, Train IOU: 0.1509, Val IOU: 0.6792
[2020-09-17 16:52:57] Epoch: 55, LR: 0.00100000, Train IOU: 0.1487, Val IOU: 0.6823
[2020-09-17 16:54:15] Epoch: 56, LR: 0.00100000, Train IOU: 0.1524, Val IOU: 0.6767
[2020-09-17 16:55:32] Epoch: 57, LR: 0.00100000, Train IOU: 0.1520, Val IOU: 0.6811
[2020-09-17 16:56:49] Epoch: 58, LR: 0.00100000, Train IOU: 0.1517, Val IOU: 0.6778
[2020-09-17 16:58:06] Epoch: 59, LR: 0.00100000, Train IOU: 0.1544, Val IOU: 0.6829
[2020-09-17 16:59:22] Epoch: 60, LR: 0.00100000, Train IOU: 0.1468, Val IOU: 0.6840
[2020-09-17 17:00:40] Epoch: 61, LR: 0.00100000, Train IOU: 0.1413, Val IOU: 0.6832
[2020-09-17 17:01:56] Epoch: 62, LR: 0.00100000, Train IOU: 0.1488, Val IOU: 0.6786
[2020-09-17 17:03:13] Epoch: 63, LR: 0.00100000, Train IOU: 0.1340, Val IOU: 0.6829
[2020-09-17 17:04:30] Epoch: 64, LR: 0.00100000, Train IOU: 0.1444, Val IOU: 0.6813
[2020-09-17 17:05:47] Epoch: 65, LR: 0.00100000, Train IOU: 0.1517, Val IOU: 0.6854
[2020-09-17 17:07:05] Epoch: 66, LR: 0.00100000, Train IOU: 0.1444, Val IOU: 0.6716
[2020-09-17 17:08:21] Epoch: 67, LR: 0.00100000, Train IOU: 0.1453, Val IOU: 0.6823
[2020-09-17 17:09:39] Epoch: 68, LR: 0.00100000, Train IOU: 0.1355, Val IOU: 0.6742
[2020-09-17 17:10:57] Epoch: 69, LR: 0.00100000, Train IOU: 0.1444, Val IOU: 0.6834
[2020-09-17 17:12:14] Epoch: 70, LR: 0.00100000, Train IOU: 0.1528, Val IOU: 0.6860
[2020-09-17 17:13:29] Epoch: 71, LR: 0.00100000, Train IOU: 0.1649, Val IOU: 0.6767
[2020-09-17 17:14:46] Epoch: 72, LR: 0.00100000, Train IOU: 0.1491, Val IOU: 0.6873
[2020-09-17 17:16:04] Epoch: 73, LR: 0.00100000, Train IOU: 0.1417, Val IOU: 0.6835
[2020-09-17 17:17:21] Epoch: 74, LR: 0.00100000, Train IOU: 0.1454, Val IOU: 0.6873
[2020-09-17 17:18:39] Epoch: 75, LR: 0.00100000, Train IOU: 0.1337, Val IOU: 0.6794
[2020-09-17 17:19:57] Epoch: 76, LR: 0.00100000, Train IOU: 0.1540, Val IOU: 0.6776
[2020-09-17 17:21:14] Epoch: 77, LR: 0.00100000, Train IOU: 0.1694, Val IOU: 0.6829
[2020-09-17 17:22:32] Epoch: 78, LR: 0.00100000, Train IOU: 0.1545, Val IOU: 0.6905
[2020-09-17 17:23:48] Epoch: 79, LR: 0.00100000, Train IOU: 0.1629, Val IOU: 0.6828
[2020-09-17 17:25:05] Epoch: 80, LR: 0.00100000, Train IOU: 0.1526, Val IOU: 0.6847
[2020-09-17 17:26:20] Epoch: 81, LR: 0.00010000, Train IOU: 0.1550, Val IOU: 0.6821
[2020-09-17 17:27:37] Epoch: 82, LR: 0.00010000, Train IOU: 0.1370, Val IOU: 0.6811
[2020-09-17 17:28:56] Epoch: 83, LR: 0.00010000, Train IOU: 0.1461, Val IOU: 0.6849
[2020-09-17 17:30:12] Epoch: 84, LR: 0.00010000, Train IOU: 0.1499, Val IOU: 0.6845
[2020-09-17 17:31:29] Epoch: 85, LR: 0.00010000, Train IOU: 0.1428, Val IOU: 0.6851
[2020-09-17 17:32:47] Epoch: 86, LR: 0.00010000, Train IOU: 0.1505, Val IOU: 0.6868
[2020-09-17 17:34:06] Epoch: 87, LR: 0.00010000, Train IOU: 0.1562, Val IOU: 0.6832
[2020-09-17 17:35:24] Epoch: 88, LR: 0.00010000, Train IOU: 0.1429, Val IOU: 0.6841
[2020-09-17 17:36:40] Epoch: 89, LR: 0.00010000, Train IOU: 0.1441, Val IOU: 0.6806
[2020-09-17 17:37:57] Epoch: 90, LR: 0.00010000, Train IOU: 0.1398, Val IOU: 0.6847/home/maparla/venv/lib/python3.8/site-packages/matplotlib/image.py:452: UserWarning: Warning: converting a masked element to nan.
  dv = np.float64(self.norm.vmax) - np.float64(self.norm.vmin)
/home/maparla/venv/lib/python3.8/site-packages/matplotlib/image.py:459: UserWarning: Warning: converting a masked element to nan.
  a_min = np.float64(newmin)
/home/maparla/venv/lib/python3.8/site-packages/matplotlib/image.py:464: UserWarning: Warning: converting a masked element to nan.
  a_max = np.float64(newmax)
<__array_function__ internals>:5: UserWarning: Warning: converting a masked element to nan.
/home/maparla/venv/lib/python3.8/site-packages/numpy/core/_asarray.py:83: UserWarning: Warning: converting a masked element to nan.
  return array(a, dtype, copy=False, order=order)

[2020-09-17 17:39:14] Epoch: 91, LR: 0.00010000, Train IOU: 0.1482, Val IOU: 0.6859
[2020-09-17 17:40:29] Epoch: 92, LR: 0.00010000, Train IOU: 0.1517, Val IOU: 0.6825
[2020-09-17 17:41:46] Epoch: 93, LR: 0.00010000, Train IOU: 0.1497, Val IOU: 0.6851
[2020-09-17 17:43:02] Epoch: 94, LR: 0.00010000, Train IOU: 0.1473, Val IOU: 0.6845
[2020-09-17 17:44:20] Epoch: 95, LR: 0.00010000, Train IOU: 0.1422, Val IOU: 0.6825
[2020-09-17 17:45:38] Epoch: 96, LR: 0.00010000, Train IOU: 0.1455, Val IOU: 0.6878
[2020-09-17 17:46:55] Epoch: 97, LR: 0.00010000, Train IOU: 0.1455, Val IOU: 0.6860
[2020-09-17 17:48:13] Epoch: 98, LR: 0.00010000, Train IOU: 0.1448, Val IOU: 0.6839
[2020-09-17 17:49:31] Epoch: 99, LR: 0.00010000, Train IOU: 0.1515, Val IOU: 0.6850
[2020-09-17 17:50:48] Epoch: 100, LR: 0.00010000, Train IOU: 0.1457, Val IOU: 0.6873
[2020-09-17 17:52:06] Epoch: 101, LR: 0.00010000, Train IOU: 0.1600, Val IOU: 0.6848
[2020-09-17 17:53:25] Epoch: 102, LR: 0.00010000, Train IOU: 0.1595, Val IOU: 0.6842
[2020-09-17 17:54:43] Epoch: 103, LR: 0.00010000, Train IOU: 0.1518, Val IOU: 0.6859
[2020-09-17 17:56:00] Epoch: 104, LR: 0.00010000, Train IOU: 0.1424, Val IOU: 0.6854
[2020-09-17 17:57:18] Epoch: 105, LR: 0.00010000, Train IOU: 0.1449, Val IOU: 0.6827
[2020-09-17 17:58:36] Epoch: 106, LR: 0.00010000, Train IOU: 0.1631, Val IOU: 0.6867
[2020-09-17 17:59:54] Epoch: 107, LR: 0.00010000, Train IOU: 0.1576, Val IOU: 0.6821
[2020-09-17 18:01:12] Epoch: 108, LR: 0.00010000, Train IOU: 0.1492, Val IOU: 0.6855
[2020-09-17 18:02:27] Epoch: 109, LR: 0.00010000, Train IOU: 0.1386, Val IOU: 0.6861
[2020-09-17 18:03:45] Epoch: 110, LR: 0.00010000, Train IOU: 0.1458, Val IOU: 0.6824
[2020-09-17 18:05:01] Epoch: 111, LR: 0.00001000, Train IOU: 0.1464, Val IOU: 0.6837
[2020-09-17 18:06:19] Epoch: 112, LR: 0.00001000, Train IOU: 0.1462, Val IOU: 0.6826
[2020-09-17 18:07:38] Epoch: 113, LR: 0.00001000, Train IOU: 0.1494, Val IOU: 0.6831
[2020-09-17 18:08:54] Epoch: 114, LR: 0.00001000, Train IOU: 0.1530, Val IOU: 0.6836
[2020-09-17 18:10:11] Epoch: 115, LR: 0.00001000, Train IOU: 0.1725, Val IOU: 0.6843
[2020-09-17 18:11:27] Epoch: 116, LR: 0.00001000, Train IOU: 0.1533, Val IOU: 0.6839
[2020-09-17 18:12:45] Epoch: 117, LR: 0.00001000, Train IOU: 0.1486, Val IOU: 0.6823
[2020-09-17 18:14:01] Epoch: 118, LR: 0.00001000, Train IOU: 0.1712, Val IOU: 0.6848
[2020-09-17 18:15:21] Epoch: 119, LR: 0.00001000, Train IOU: 0.1590, Val IOU: 0.6852
[2020-09-17 18:16:40] Epoch: 120, LR: 0.00001000, Train IOU: 0.1449, Val IOU: 0.6843

------------------------------------------------
Best Validation IOU 0.6905 at epoch 78
------------------------------------------------

---------------- Train Analysis ----------------
Traceback (most recent call last):
  File "train.py", line 150, in <module>
    train_analysis(model, val_loader, args.output_dir, LABELS2TARGETS, TARGETS2LABELS, 9)
  File "/home/maparla/SegPUv2/SegPU/SIMEPU_CV/utils/utils_training.py", line 261, in train_analysis
    for images, labels in val_loader:
ValueError: too many values to unpack (expected 2)
Hay 1 clases!
[Train] 800 muestras
[Validacion] 159 muestras

--------------------------------------------
verbose: False
optimizer: adam
epochs: 120
batch_size: 32
learning_rate: 0.001
min_learning_rate: 1e-07
get_path: False
weighted_loss: False
plateau_scheduler: False
steps_best: False
steps_scheduler: True
binary_problem: False
damaged_problem: False
segmentation_problem: True
masks_overlays: 20
cutmix: False
selected_class: Grietas longitudinales
img_size: 512
crop_size: 512
model_name: unet_extra_small
pretrained: False
validation_size: 0.15
output_dir: results/segmentation/Grietas longitudinales/unet_extra_small_adam_512to512_lr0.001/
data_augmentation: True

-------------- START TRAINING --------------
[2020-09-17 18:18:04] Epoch: 1, LR: 0.00100000, Train IOU: 0.0991, Val IOU: 0.0132
[2020-09-17 18:19:23] Epoch: 2, LR: 0.00100000, Train IOU: 0.1433, Val IOU: 0.4236
[2020-09-17 18:20:40] Epoch: 3, LR: 0.00100000, Train IOU: 0.1442, Val IOU: 0.5420
[2020-09-17 18:21:58] Epoch: 4, LR: 0.00100000, Train IOU: 0.1453, Val IOU: 0.5750
[2020-09-17 18:23:17] Epoch: 5, LR: 0.00100000, Train IOU: 0.1460, Val IOU: 0.6024
[2020-09-17 18:24:36] Epoch: 6, LR: 0.00100000, Train IOU: 0.1389, Val IOU: 0.5662
[2020-09-17 18:25:53] Epoch: 7, LR: 0.00100000, Train IOU: 0.1497, Val IOU: 0.6072
[2020-09-17 18:27:10] Epoch: 8, LR: 0.00100000, Train IOU: 0.1474, Val IOU: 0.4991
[2020-09-17 18:28:28] Epoch: 9, LR: 0.00100000, Train IOU: 0.1526, Val IOU: 0.6355
[2020-09-17 18:29:45] Epoch: 10, LR: 0.00100000, Train IOU: 0.1440, Val IOU: 0.4888
[2020-09-17 18:31:03] Epoch: 11, LR: 0.00100000, Train IOU: 0.1419, Val IOU: 0.5653
[2020-09-17 18:32:18] Epoch: 12, LR: 0.00100000, Train IOU: 0.1489, Val IOU: 0.6275
[2020-09-17 18:33:36] Epoch: 13, LR: 0.00100000, Train IOU: 0.1524, Val IOU: 0.6302
[2020-09-17 18:34:54] Epoch: 14, LR: 0.00100000, Train IOU: 0.1484, Val IOU: 0.6442
[2020-09-17 18:36:13] Epoch: 15, LR: 0.00100000, Train IOU: 0.1504, Val IOU: 0.5571
[2020-09-17 18:37:31] Epoch: 16, LR: 0.00100000, Train IOU: 0.1342, Val IOU: 0.5896
[2020-09-17 18:38:48] Epoch: 17, LR: 0.00100000, Train IOU: 0.1336, Val IOU: 0.6628
[2020-09-17 18:40:05] Epoch: 18, LR: 0.00100000, Train IOU: 0.1392, Val IOU: 0.6618
[2020-09-17 18:41:21] Epoch: 19, LR: 0.00100000, Train IOU: 0.1405, Val IOU: 0.6286
[2020-09-17 18:42:38] Epoch: 20, LR: 0.00100000, Train IOU: 0.1594, Val IOU: 0.6574
[2020-09-17 18:43:56] Epoch: 21, LR: 0.00100000, Train IOU: 0.1394, Val IOU: 0.6368
[2020-09-17 18:45:13] Epoch: 22, LR: 0.00100000, Train IOU: 0.1365, Val IOU: 0.6532
[2020-09-17 18:46:30] Epoch: 23, LR: 0.00100000, Train IOU: 0.1385, Val IOU: 0.6567
[2020-09-17 18:47:49] Epoch: 24, LR: 0.00100000, Train IOU: 0.1568, Val IOU: 0.6340
[2020-09-17 18:49:05] Epoch: 25, LR: 0.00100000, Train IOU: 0.1431, Val IOU: 0.6347
[2020-09-17 18:50:22] Epoch: 26, LR: 0.00100000, Train IOU: 0.1437, Val IOU: 0.6589
[2020-09-17 18:51:39] Epoch: 27, LR: 0.00100000, Train IOU: 0.1308, Val IOU: 0.6483
[2020-09-17 18:52:56] Epoch: 28, LR: 0.00100000, Train IOU: 0.1552, Val IOU: 0.6738
[2020-09-17 18:54:11] Epoch: 29, LR: 0.00100000, Train IOU: 0.1486, Val IOU: 0.6341
[2020-09-17 18:55:27] Epoch: 30, LR: 0.00100000, Train IOU: 0.1556, Val IOU: 0.6657
[2020-09-17 18:56:44] Epoch: 31, LR: 0.00100000, Train IOU: 0.1603, Val IOU: 0.6624
[2020-09-17 18:58:01] Epoch: 32, LR: 0.00100000, Train IOU: 0.1427, Val IOU: 0.6093
[2020-09-17 18:59:20] Epoch: 33, LR: 0.00100000, Train IOU: 0.1491, Val IOU: 0.6602
[2020-09-17 19:00:37] Epoch: 34, LR: 0.00100000, Train IOU: 0.1480, Val IOU: 0.6643
[2020-09-17 19:01:52] Epoch: 35, LR: 0.00100000, Train IOU: 0.1454, Val IOU: 0.6672
[2020-09-17 19:03:09] Epoch: 36, LR: 0.00100000, Train IOU: 0.1481, Val IOU: 0.6046
[2020-09-17 19:04:25] Epoch: 37, LR: 0.00100000, Train IOU: 0.1323, Val IOU: 0.6806
[2020-09-17 19:05:42] Epoch: 38, LR: 0.00100000, Train IOU: 0.1628, Val IOU: 0.6515
[2020-09-17 19:06:59] Epoch: 39, LR: 0.00100000, Train IOU: 0.1560, Val IOU: 0.6807
[2020-09-17 19:08:14] Epoch: 40, LR: 0.00100000, Train IOU: 0.1498, Val IOU: 0.6577
[2020-09-17 19:09:31] Epoch: 41, LR: 0.00100000, Train IOU: 0.1386, Val IOU: 0.6422
[2020-09-17 19:10:48] Epoch: 42, LR: 0.00100000, Train IOU: 0.1542, Val IOU: 0.6288
[2020-09-17 19:12:03] Epoch: 43, LR: 0.00100000, Train IOU: 0.1437, Val IOU: 0.6519
[2020-09-17 19:13:21] Epoch: 44, LR: 0.00100000, Train IOU: 0.1446, Val IOU: 0.6349
[2020-09-17 19:14:36] Epoch: 45, LR: 0.00100000, Train IOU: 0.1470, Val IOU: 0.6439
[2020-09-17 19:15:51] Epoch: 46, LR: 0.00100000, Train IOU: 0.1444, Val IOU: 0.6728
[2020-09-17 19:17:09] Epoch: 47, LR: 0.00100000, Train IOU: 0.1508, Val IOU: 0.6534
[2020-09-17 19:18:26] Epoch: 48, LR: 0.00100000, Train IOU: 0.1548, Val IOU: 0.6522
[2020-09-17 19:19:42] Epoch: 49, LR: 0.00100000, Train IOU: 0.1446, Val IOU: 0.6548
[2020-09-17 19:20:58] Epoch: 50, LR: 0.00100000, Train IOU: 0.1355, Val IOU: 0.6767
[2020-09-17 19:22:16] Epoch: 51, LR: 0.00010000, Train IOU: 0.1455, Val IOU: 0.6708
[2020-09-17 19:23:34] Epoch: 52, LR: 0.00010000, Train IOU: 0.1504, Val IOU: 0.6766
[2020-09-17 19:24:50] Epoch: 53, LR: 0.00010000, Train IOU: 0.1442, Val IOU: 0.6839
[2020-09-17 19:26:07] Epoch: 54, LR: 0.00010000, Train IOU: 0.1464, Val IOU: 0.6832
[2020-09-17 19:27:25] Epoch: 55, LR: 0.00010000, Train IOU: 0.1549, Val IOU: 0.6817
[2020-09-17 19:28:43] Epoch: 56, LR: 0.00010000, Train IOU: 0.1563, Val IOU: 0.6833
[2020-09-17 19:30:01] Epoch: 57, LR: 0.00010000, Train IOU: 0.1445, Val IOU: 0.6841
[2020-09-17 19:31:18] Epoch: 58, LR: 0.00010000, Train IOU: 0.1360, Val IOU: 0.6831
[2020-09-17 19:32:36] Epoch: 59, LR: 0.00010000, Train IOU: 0.1390, Val IOU: 0.6883
[2020-09-17 19:33:52] Epoch: 60, LR: 0.00010000, Train IOU: 0.1499, Val IOU: 0.6831
[2020-09-17 19:35:11] Epoch: 61, LR: 0.00010000, Train IOU: 0.1584, Val IOU: 0.6837
[2020-09-17 19:36:27] Epoch: 62, LR: 0.00010000, Train IOU: 0.1604, Val IOU: 0.6838
[2020-09-17 19:37:45] Epoch: 63, LR: 0.00010000, Train IOU: 0.1533, Val IOU: 0.6796
[2020-09-17 19:39:02] Epoch: 64, LR: 0.00010000, Train IOU: 0.1458, Val IOU: 0.6848
[2020-09-17 19:40:19] Epoch: 65, LR: 0.00010000, Train IOU: 0.1320, Val IOU: 0.6859
[2020-09-17 19:41:36] Epoch: 66, LR: 0.00010000, Train IOU: 0.1462, Val IOU: 0.6852
[2020-09-17 19:42:53] Epoch: 67, LR: 0.00010000, Train IOU: 0.1602, Val IOU: 0.6870
[2020-09-17 19:44:10] Epoch: 68, LR: 0.00010000, Train IOU: 0.1340, Val IOU: 0.6881
[2020-09-17 19:45:28] Epoch: 69, LR: 0.00010000, Train IOU: 0.1440, Val IOU: 0.6830
[2020-09-17 19:46:46] Epoch: 70, LR: 0.00010000, Train IOU: 0.1659, Val IOU: 0.6845
[2020-09-17 19:48:01] Epoch: 71, LR: 0.00010000, Train IOU: 0.1530, Val IOU: 0.6845
[2020-09-17 19:49:19] Epoch: 72, LR: 0.00010000, Train IOU: 0.1532, Val IOU: 0.6867
[2020-09-17 19:50:36] Epoch: 73, LR: 0.00010000, Train IOU: 0.1552, Val IOU: 0.6833
[2020-09-17 19:51:50] Epoch: 74, LR: 0.00010000, Train IOU: 0.1558, Val IOU: 0.6869
[2020-09-17 19:53:08] Epoch: 75, LR: 0.00010000, Train IOU: 0.1573, Val IOU: 0.6817
[2020-09-17 19:54:23] Epoch: 76, LR: 0.00010000, Train IOU: 0.1684, Val IOU: 0.6882
[2020-09-17 19:55:40] Epoch: 77, LR: 0.00010000, Train IOU: 0.1510, Val IOU: 0.6886
[2020-09-17 19:56:57] Epoch: 78, LR: 0.00010000, Train IOU: 0.1595, Val IOU: 0.6764
[2020-09-17 19:58:13] Epoch: 79, LR: 0.00010000, Train IOU: 0.1480, Val IOU: 0.6896
[2020-09-17 19:59:31] Epoch: 80, LR: 0.00010000, Train IOU: 0.1475, Val IOU: 0.6882
[2020-09-17 20:00:47] Epoch: 81, LR: 0.00001000, Train IOU: 0.1515, Val IOU: 0.6887
[2020-09-17 20:02:03] Epoch: 82, LR: 0.00001000, Train IOU: 0.1549, Val IOU: 0.6893
[2020-09-17 20:03:19] Epoch: 83, LR: 0.00001000, Train IOU: 0.1385, Val IOU: 0.6872
[2020-09-17 20:04:38] Epoch: 84, LR: 0.00001000, Train IOU: 0.1446, Val IOU: 0.6840
[2020-09-17 20:05:54] Epoch: 85, LR: 0.00001000, Train IOU: 0.1466, Val IOU: 0.6884
[2020-09-17 20:07:14] Epoch: 86, LR: 0.00001000, Train IOU: 0.1502, Val IOU: 0.6888
[2020-09-17 20:08:30] Epoch: 87, LR: 0.00001000, Train IOU: 0.1483, Val IOU: 0.6892
[2020-09-17 20:09:47] Epoch: 88, LR: 0.00001000, Train IOU: 0.1352, Val IOU: 0.6873
[2020-09-17 20:11:05] Epoch: 89, LR: 0.00001000, Train IOU: 0.1393, Val IOU: 0.6853
[2020-09-17 20:12:21] Epoch: 90, LR: 0.00001000, Train IOU: 0.1460, Val IOU: 0.6858/home/maparla/venv/lib/python3.8/site-packages/matplotlib/image.py:452: UserWarning: Warning: converting a masked element to nan.
  dv = np.float64(self.norm.vmax) - np.float64(self.norm.vmin)
/home/maparla/venv/lib/python3.8/site-packages/matplotlib/image.py:459: UserWarning: Warning: converting a masked element to nan.
  a_min = np.float64(newmin)
/home/maparla/venv/lib/python3.8/site-packages/matplotlib/image.py:464: UserWarning: Warning: converting a masked element to nan.
  a_max = np.float64(newmax)
<__array_function__ internals>:5: UserWarning: Warning: converting a masked element to nan.
/home/maparla/venv/lib/python3.8/site-packages/numpy/core/_asarray.py:83: UserWarning: Warning: converting a masked element to nan.
  return array(a, dtype, copy=False, order=order)

[2020-09-17 20:13:39] Epoch: 91, LR: 0.00001000, Train IOU: 0.1417, Val IOU: 0.6897
[2020-09-17 20:14:56] Epoch: 92, LR: 0.00001000, Train IOU: 0.1417, Val IOU: 0.6856
[2020-09-17 20:16:11] Epoch: 93, LR: 0.00001000, Train IOU: 0.1503, Val IOU: 0.6888
[2020-09-17 20:17:27] Epoch: 94, LR: 0.00001000, Train IOU: 0.1419, Val IOU: 0.6887
[2020-09-17 20:18:45] Epoch: 95, LR: 0.00001000, Train IOU: 0.1447, Val IOU: 0.6866
[2020-09-17 20:20:03] Epoch: 96, LR: 0.00001000, Train IOU: 0.1579, Val IOU: 0.6862
[2020-09-17 20:21:19] Epoch: 97, LR: 0.00001000, Train IOU: 0.1536, Val IOU: 0.6862
[2020-09-17 20:22:34] Epoch: 98, LR: 0.00001000, Train IOU: 0.1513, Val IOU: 0.6861
[2020-09-17 20:23:51] Epoch: 99, LR: 0.00001000, Train IOU: 0.1376, Val IOU: 0.6877
[2020-09-17 20:25:07] Epoch: 100, LR: 0.00001000, Train IOU: 0.1544, Val IOU: 0.6870
[2020-09-17 20:26:24] Epoch: 101, LR: 0.00001000, Train IOU: 0.1546, Val IOU: 0.6868
[2020-09-17 20:27:39] Epoch: 102, LR: 0.00001000, Train IOU: 0.1534, Val IOU: 0.6848
[2020-09-17 20:28:57] Epoch: 103, LR: 0.00001000, Train IOU: 0.1386, Val IOU: 0.6865
[2020-09-17 20:30:15] Epoch: 104, LR: 0.00001000, Train IOU: 0.1485, Val IOU: 0.6873
[2020-09-17 20:31:30] Epoch: 105, LR: 0.00001000, Train IOU: 0.1559, Val IOU: 0.6873
[2020-09-17 20:32:49] Epoch: 106, LR: 0.00001000, Train IOU: 0.1577, Val IOU: 0.6875
[2020-09-17 20:34:05] Epoch: 107, LR: 0.00001000, Train IOU: 0.1494, Val IOU: 0.6862
[2020-09-17 20:35:23] Epoch: 108, LR: 0.00001000, Train IOU: 0.1458, Val IOU: 0.6860
[2020-09-17 20:36:41] Epoch: 109, LR: 0.00001000, Train IOU: 0.1572, Val IOU: 0.6859
[2020-09-17 20:37:58] Epoch: 110, LR: 0.00001000, Train IOU: 0.1525, Val IOU: 0.6874
[2020-09-17 20:39:16] Epoch: 111, LR: 0.00000100, Train IOU: 0.1556, Val IOU: 0.6867
[2020-09-17 20:40:33] Epoch: 112, LR: 0.00000100, Train IOU: 0.1581, Val IOU: 0.6871
[2020-09-17 20:41:49] Epoch: 113, LR: 0.00000100, Train IOU: 0.1502, Val IOU: 0.6886
[2020-09-17 20:43:06] Epoch: 114, LR: 0.00000100, Train IOU: 0.1519, Val IOU: 0.6873
[2020-09-17 20:44:22] Epoch: 115, LR: 0.00000100, Train IOU: 0.1537, Val IOU: 0.6874
[2020-09-17 20:45:39] Epoch: 116, LR: 0.00000100, Train IOU: 0.1458, Val IOU: 0.6864
[2020-09-17 20:46:57] Epoch: 117, LR: 0.00000100, Train IOU: 0.1518, Val IOU: 0.6858
[2020-09-17 20:48:13] Epoch: 118, LR: 0.00000100, Train IOU: 0.1661, Val IOU: 0.6855
[2020-09-17 20:49:30] Epoch: 119, LR: 0.00000100, Train IOU: 0.1507, Val IOU: 0.6867
[2020-09-17 20:50:45] Epoch: 120, LR: 0.00000100, Train IOU: 0.1358, Val IOU: 0.6871

------------------------------------------------
Best Validation IOU 0.6897 at epoch 91
------------------------------------------------

---------------- Train Analysis ----------------
Traceback (most recent call last):
  File "train.py", line 150, in <module>
    train_analysis(model, val_loader, args.output_dir, LABELS2TARGETS, TARGETS2LABELS, 9)
  File "/home/maparla/SegPUv2/SegPU/SIMEPU_CV/utils/utils_training.py", line 261, in train_analysis
    for images, labels in val_loader:
ValueError: too many values to unpack (expected 2)
